{"app/actions/callback.js":{"path":"app/actions/callback.js","s":{"1":1,"2":1,"3":0,"4":0,"5":0,"6":0,"7":0,"8":0,"9":0,"10":0,"11":0,"12":1},"b":{},"f":{"1":0,"2":0,"3":0},"fnMap":{"1":{"name":"callback","line":7,"loc":{"start":{"line":7,"column":0},"end":{"line":7,"column":24}}},"2":{"name":"(anonymous_2)","line":22,"loc":{"start":{"line":22,"column":16},"end":{"line":22,"column":38}}},"3":{"name":"(anonymous_3)","line":39,"loc":{"start":{"line":39,"column":85},"end":{"line":39,"column":98}}}},"statementMap":{"1":{"start":{"line":1,"column":0},"end":{"line":5,"column":40}},"2":{"start":{"line":7,"column":0},"end":{"line":82,"column":1}},"3":{"start":{"line":8,"column":5},"end":{"line":8,"column":54}},"4":{"start":{"line":10,"column":5},"end":{"line":20,"column":8}},"5":{"start":{"line":22,"column":5},"end":{"line":24,"column":8}},"6":{"start":{"line":23,"column":10},"end":{"line":23,"column":38}},"7":{"start":{"line":26,"column":5},"end":{"line":35,"column":8}},"8":{"start":{"line":37,"column":5},"end":{"line":37,"column":39}},"9":{"start":{"line":39,"column":5},"end":{"line":41,"column":8}},"10":{"start":{"line":40,"column":10},"end":{"line":40,"column":71}},"11":{"start":{"line":43,"column":5},"end":{"line":43,"column":11}},"12":{"start":{"line":84,"column":0},"end":{"line":84,"column":26}}},"branchMap":{}},"app/amqp-connections/publisher.js":{"path":"app/amqp-connections/publisher.js","s":{"1":1,"2":1,"3":1,"4":1,"5":1,"6":1,"7":0,"8":0,"9":0,"10":0,"11":0,"12":0,"13":0,"14":0,"15":0,"16":0,"17":0,"18":0,"19":0,"20":1,"21":0,"22":0,"23":0,"24":0,"25":0,"26":0,"27":0,"28":0,"29":0,"30":0,"31":0,"32":0,"33":0,"34":0,"35":0,"36":1},"b":{"1":[0,0],"2":[0,0],"3":[0,0],"4":[0,0]},"f":{"1":0,"2":0,"3":0,"4":0,"5":0,"6":0},"fnMap":{"1":{"name":"(anonymous_1)","line":10,"loc":{"start":{"line":10,"column":23},"end":{"line":10,"column":43}}},"2":{"name":"(anonymous_2)","line":11,"loc":{"start":{"line":11,"column":35},"end":{"line":11,"column":54}}},"3":{"name":"(anonymous_3)","line":15,"loc":{"start":{"line":15,"column":25},"end":{"line":15,"column":40}}},"4":{"name":"(anonymous_4)","line":18,"loc":{"start":{"line":18,"column":25},"end":{"line":18,"column":37}}},"5":{"name":"publish","line":41,"loc":{"start":{"line":41,"column":0},"end":{"line":41,"column":57}}},"6":{"name":"(anonymous_6)","line":46,"loc":{"start":{"line":46,"column":66},"end":{"line":46,"column":85}}}},"statementMap":{"1":{"start":{"line":1,"column":0},"end":{"line":1,"column":22}},"2":{"start":{"line":2,"column":0},"end":{"line":2,"column":25}},"3":{"start":{"line":3,"column":0},"end":{"line":3,"column":55}},"4":{"start":{"line":4,"column":0},"end":{"line":4,"column":21}},"5":{"start":{"line":5,"column":0},"end":{"line":5,"column":30}},"6":{"start":{"line":10,"column":0},"end":{"line":31,"column":1}},"7":{"start":{"line":11,"column":5},"end":{"line":30,"column":8}},"8":{"start":{"line":12,"column":10},"end":{"line":14,"column":11}},"9":{"start":{"line":13,"column":15},"end":{"line":13,"column":22}},"10":{"start":{"line":15,"column":10},"end":{"line":17,"column":13}},"11":{"start":{"line":16,"column":15},"end":{"line":16,"column":66}},"12":{"start":{"line":18,"column":10},"end":{"line":20,"column":13}},"13":{"start":{"line":19,"column":15},"end":{"line":19,"column":52}},"14":{"start":{"line":22,"column":10},"end":{"line":22,"column":26}},"15":{"start":{"line":23,"column":10},"end":{"line":29,"column":11}},"16":{"start":{"line":24,"column":15},"end":{"line":24,"column":47}},"17":{"start":{"line":25,"column":15},"end":{"line":27,"column":16}},"18":{"start":{"line":26,"column":20},"end":{"line":26,"column":26}},"19":{"start":{"line":28,"column":15},"end":{"line":28,"column":41}},"20":{"start":{"line":41,"column":0},"end":{"line":70,"column":1}},"21":{"start":{"line":42,"column":5},"end":{"line":42,"column":29}},"22":{"start":{"line":43,"column":5},"end":{"line":43,"column":64}},"23":{"start":{"line":44,"column":5},"end":{"line":44,"column":28}},"24":{"start":{"line":45,"column":5},"end":{"line":68,"column":6}},"25":{"start":{"line":46,"column":10},"end":{"line":59,"column":13}},"26":{"start":{"line":47,"column":15},"end":{"line":58,"column":16}},"27":{"start":{"line":48,"column":20},"end":{"line":48,"column":57}},"28":{"start":{"line":49,"column":20},"end":{"line":49,"column":74}},"29":{"start":{"line":50,"column":20},"end":{"line":50,"column":50}},"30":{"start":{"line":51,"column":20},"end":{"line":55,"column":22}},"31":{"start":{"line":57,"column":20},"end":{"line":57,"column":38}},"32":{"start":{"line":61,"column":10},"end":{"line":61,"column":53}},"33":{"start":{"line":62,"column":10},"end":{"line":66,"column":13}},"34":{"start":{"line":67,"column":10},"end":{"line":67,"column":64}},"35":{"start":{"line":69,"column":5},"end":{"line":69,"column":28}},"36":{"start":{"line":72,"column":0},"end":{"line":72,"column":33}}},"branchMap":{"1":{"line":12,"type":"if","locations":[{"start":{"line":12,"column":10},"end":{"line":12,"column":10}},{"start":{"line":12,"column":10},"end":{"line":12,"column":10}}]},"2":{"line":25,"type":"if","locations":[{"start":{"line":25,"column":15},"end":{"line":25,"column":15}},{"start":{"line":25,"column":15},"end":{"line":25,"column":15}}]},"3":{"line":43,"type":"cond-expr","locations":[{"start":{"line":43,"column":51},"end":{"line":43,"column":58}},{"start":{"line":43,"column":61},"end":{"line":43,"column":63}}]},"4":{"line":47,"type":"if","locations":[{"start":{"line":47,"column":15},"end":{"line":47,"column":15}},{"start":{"line":47,"column":15},"end":{"line":47,"column":15}}]}}},"app/settings/errorHandler.js":{"path":"app/settings/errorHandler.js","s":{"1":1,"2":0,"3":0,"4":0,"5":0},"b":{"1":[0,0]},"f":{"1":0},"fnMap":{"1":{"name":"closeOnErr","line":1,"loc":{"start":{"line":1,"column":17},"end":{"line":1,"column":52}}}},"statementMap":{"1":{"start":{"line":1,"column":0},"end":{"line":7,"column":1}},"2":{"start":{"line":2,"column":5},"end":{"line":4,"column":6}},"3":{"start":{"line":3,"column":10},"end":{"line":3,"column":23}},"4":{"start":{"line":5,"column":5},"end":{"line":5,"column":22}},"5":{"start":{"line":6,"column":5},"end":{"line":6,"column":17}}},"branchMap":{"1":{"line":2,"type":"if","locations":[{"start":{"line":2,"column":5},"end":{"line":2,"column":5}},{"start":{"line":2,"column":5},"end":{"line":2,"column":5}}]}}},"app/models/alert.js":{"path":"app/models/alert.js","s":{"1":1,"2":1,"3":1},"b":{},"f":{},"fnMap":{},"statementMap":{"1":{"start":{"line":1,"column":0},"end":{"line":1,"column":37}},"2":{"start":{"line":3,"column":0},"end":{"line":40,"column":3}},"3":{"start":{"line":42,"column":0},"end":{"line":42,"column":55}}},"branchMap":{}},"app/actions/logError.js":{"path":"app/actions/logError.js","s":{"1":1,"2":0,"3":1},"b":{},"f":{"1":0},"fnMap":{"1":{"name":"log","line":1,"loc":{"start":{"line":1,"column":0},"end":{"line":1,"column":18}}}},"statementMap":{"1":{"start":{"line":1,"column":0},"end":{"line":3,"column":1}},"2":{"start":{"line":2,"column":4},"end":{"line":2,"column":82}},"3":{"start":{"line":4,"column":0},"end":{"line":4,"column":21}}},"branchMap":{}},"app/actions/minifyCheck/index.js":{"path":"app/actions/minifyCheck/index.js","s":{},"b":{},"f":{},"fnMap":{},"statementMap":{},"branchMap":{}},"app/actions/mobileCaptures/index.js":{"path":"app/actions/mobileCaptures/index.js","s":{"1":1,"2":1,"3":1,"4":1,"5":1,"6":1,"7":1,"8":0,"9":0,"10":0,"11":0,"12":0,"13":0,"14":0,"15":0,"16":0,"17":0,"18":1,"19":0,"20":0,"21":0,"22":0,"23":0,"24":0,"25":0,"26":0,"27":0,"28":1,"29":0,"30":0,"31":0,"32":0,"33":0,"34":0,"35":0,"36":0,"37":0,"38":0,"39":0,"40":0,"41":0,"42":0,"43":0,"44":0,"45":0,"46":0,"47":0,"48":0,"49":0,"50":0,"51":1},"b":{"1":[0,0],"2":[0,0],"3":[0,0],"4":[0,0],"5":[0,0],"6":[0,0]},"f":{"1":0,"2":0,"3":0,"4":0,"5":0,"6":0,"7":0,"8":0,"9":0,"10":0,"11":0,"12":0,"13":0,"14":0},"fnMap":{"1":{"name":"saveImage","line":19,"loc":{"start":{"line":19,"column":0},"end":{"line":19,"column":60}}},"2":{"name":"(anonymous_2)","line":23,"loc":{"start":{"line":23,"column":28},"end":{"line":23,"column":40}}},"3":{"name":"(anonymous_3)","line":26,"loc":{"start":{"line":26,"column":34},"end":{"line":26,"column":55}}},"4":{"name":"(anonymous_4)","line":27,"loc":{"start":{"line":27,"column":46},"end":{"line":27,"column":66}}},"5":{"name":"doit","line":39,"loc":{"start":{"line":39,"column":0},"end":{"line":39,"column":42}}},"6":{"name":"scrot","line":51,"loc":{"start":{"line":51,"column":5},"end":{"line":51,"column":38}}},"7":{"name":"(anonymous_7)","line":53,"loc":{"start":{"line":53,"column":32},"end":{"line":53,"column":46}}},"8":{"name":"(anonymous_8)","line":54,"loc":{"start":{"line":54,"column":53},"end":{"line":54,"column":69}}},"9":{"name":"(anonymous_9)","line":60,"loc":{"start":{"line":60,"column":39},"end":{"line":60,"column":57}}},"10":{"name":"(anonymous_10)","line":63,"loc":{"start":{"line":63,"column":51},"end":{"line":63,"column":66}}},"11":{"name":"(anonymous_11)","line":70,"loc":{"start":{"line":70,"column":28},"end":{"line":70,"column":43}}},"12":{"name":"(anonymous_12)","line":78,"loc":{"start":{"line":78,"column":23},"end":{"line":78,"column":35}}},"13":{"name":"(anonymous_13)","line":81,"loc":{"start":{"line":81,"column":26},"end":{"line":81,"column":38}}},"14":{"name":"(anonymous_14)","line":87,"loc":{"start":{"line":87,"column":36},"end":{"line":87,"column":51}}}},"statementMap":{"1":{"start":{"line":1,"column":0},"end":{"line":1,"column":29}},"2":{"start":{"line":3,"column":0},"end":{"line":3,"column":29}},"3":{"start":{"line":4,"column":0},"end":{"line":4,"column":21}},"4":{"start":{"line":5,"column":0},"end":{"line":5,"column":45}},"5":{"start":{"line":7,"column":0},"end":{"line":7,"column":38}},"6":{"start":{"line":8,"column":0},"end":{"line":8,"column":46}},"7":{"start":{"line":19,"column":0},"end":{"line":37,"column":1}},"8":{"start":{"line":20,"column":5},"end":{"line":20,"column":32}},"9":{"start":{"line":21,"column":5},"end":{"line":21,"column":41}},"10":{"start":{"line":22,"column":5},"end":{"line":22,"column":53}},"11":{"start":{"line":23,"column":5},"end":{"line":36,"column":8}},"12":{"start":{"line":24,"column":10},"end":{"line":35,"column":18}},"13":{"start":{"line":27,"column":20},"end":{"line":34,"column":23}},"14":{"start":{"line":28,"column":25},"end":{"line":32,"column":26}},"15":{"start":{"line":29,"column":30},"end":{"line":29,"column":44}},"16":{"start":{"line":31,"column":30},"end":{"line":31,"column":48}},"17":{"start":{"line":33,"column":25},"end":{"line":33,"column":38}},"18":{"start":{"line":39,"column":0},"end":{"line":109,"column":1}},"19":{"start":{"line":40,"column":5},"end":{"line":40,"column":29}},"20":{"start":{"line":41,"column":5},"end":{"line":41,"column":30}},"21":{"start":{"line":42,"column":5},"end":{"line":42,"column":90}},"22":{"start":{"line":43,"column":5},"end":{"line":45,"column":6}},"23":{"start":{"line":44,"column":10},"end":{"line":44,"column":29}},"24":{"start":{"line":46,"column":5},"end":{"line":46,"column":23}},"25":{"start":{"line":47,"column":5},"end":{"line":47,"column":51}},"26":{"start":{"line":48,"column":5},"end":{"line":48,"column":49}},"27":{"start":{"line":49,"column":5},"end":{"line":49,"column":32}},"28":{"start":{"line":51,"column":5},"end":{"line":85,"column":6}},"29":{"start":{"line":52,"column":10},"end":{"line":52,"column":35}},"30":{"start":{"line":53,"column":10},"end":{"line":84,"column":12}},"31":{"start":{"line":54,"column":15},"end":{"line":83,"column":17}},"32":{"start":{"line":55,"column":20},"end":{"line":58,"column":23}},"33":{"start":{"line":59,"column":20},"end":{"line":59,"column":46}},"34":{"start":{"line":60,"column":20},"end":{"line":77,"column":23}},"35":{"start":{"line":61,"column":25},"end":{"line":61,"column":48}},"36":{"start":{"line":62,"column":25},"end":{"line":62,"column":84}},"37":{"start":{"line":63,"column":25},"end":{"line":76,"column":28}},"38":{"start":{"line":64,"column":30},"end":{"line":69,"column":33}},"39":{"start":{"line":71,"column":30},"end":{"line":75,"column":33}},"40":{"start":{"line":79,"column":20},"end":{"line":79,"column":42}},"41":{"start":{"line":82,"column":20},"end":{"line":82,"column":40}},"42":{"start":{"line":87,"column":5},"end":{"line":107,"column":8}},"43":{"start":{"line":88,"column":10},"end":{"line":88,"column":35}},"44":{"start":{"line":89,"column":10},"end":{"line":96,"column":11}},"45":{"start":{"line":90,"column":15},"end":{"line":93,"column":18}},"46":{"start":{"line":95,"column":15},"end":{"line":95,"column":45}},"47":{"start":{"line":97,"column":10},"end":{"line":103,"column":13}},"48":{"start":{"line":104,"column":10},"end":{"line":106,"column":11}},"49":{"start":{"line":105,"column":15},"end":{"line":105,"column":29}},"50":{"start":{"line":108,"column":5},"end":{"line":108,"column":28}},"51":{"start":{"line":111,"column":0},"end":{"line":114,"column":1}}},"branchMap":{"1":{"line":28,"type":"if","locations":[{"start":{"line":28,"column":25},"end":{"line":28,"column":25}},{"start":{"line":28,"column":25},"end":{"line":28,"column":25}}]},"2":{"line":43,"type":"if","locations":[{"start":{"line":43,"column":5},"end":{"line":43,"column":5}},{"start":{"line":43,"column":5},"end":{"line":43,"column":5}}]},"3":{"line":89,"type":"if","locations":[{"start":{"line":89,"column":10},"end":{"line":89,"column":10}},{"start":{"line":89,"column":10},"end":{"line":89,"column":10}}]},"4":{"line":89,"type":"binary-expr","locations":[{"start":{"line":89,"column":14},"end":{"line":89,"column":17}},{"start":{"line":89,"column":21},"end":{"line":89,"column":28}}]},"5":{"line":104,"type":"if","locations":[{"start":{"line":104,"column":10},"end":{"line":104,"column":10}},{"start":{"line":104,"column":10},"end":{"line":104,"column":10}}]},"6":{"line":104,"type":"binary-expr","locations":[{"start":{"line":104,"column":14},"end":{"line":104,"column":43}},{"start":{"line":104,"column":47},"end":{"line":104,"column":80}}]}}},"app/actions/sniff/utils.js":{"path":"app/actions/sniff/utils.js","s":{"1":1,"2":1,"3":0,"4":0,"5":0,"6":0,"7":0,"8":0,"9":0,"10":0,"11":0,"12":1,"13":0,"14":0,"15":0,"16":0,"17":0,"18":0,"19":0,"20":0,"21":0,"22":0,"23":0,"24":0,"25":0,"26":0,"27":0,"28":0,"29":0,"30":0,"31":0,"32":0,"33":0,"34":0,"35":0,"36":0,"37":0,"38":0,"39":1,"40":0,"41":0,"42":0,"43":0,"44":0,"45":0,"46":0,"47":0,"48":0},"b":{"1":[0,0],"2":[0,0],"3":[0,0],"4":[0,0],"5":[0,0],"6":[0,0],"7":[0,0],"8":[0,0],"9":[0,0],"10":[0,0],"11":[0,0],"12":[0,0,0,0],"13":[0,0],"14":[0,0],"15":[0,0],"16":[0,0],"17":[0,0],"18":[0,0,0,0,0,0,0,0]},"f":{"1":0,"2":0,"3":0,"4":0,"5":0,"6":0},"fnMap":{"1":{"name":"(anonymous_1)","line":3,"loc":{"start":{"line":3,"column":27},"end":{"line":3,"column":43}}},"2":{"name":"(anonymous_2)","line":9,"loc":{"start":{"line":9,"column":12},"end":{"line":9,"column":24}}},"3":{"name":"(anonymous_3)","line":12,"loc":{"start":{"line":12,"column":26},"end":{"line":12,"column":53}}},"4":{"name":"(anonymous_4)","line":13,"loc":{"start":{"line":13,"column":42},"end":{"line":13,"column":64}}},"5":{"name":"(anonymous_5)","line":24,"loc":{"start":{"line":24,"column":25},"end":{"line":24,"column":44}}},"6":{"name":"(anonymous_6)","line":68,"loc":{"start":{"line":68,"column":32},"end":{"line":68,"column":49}}}},"statementMap":{"1":{"start":{"line":1,"column":0},"end":{"line":1,"column":42}},"2":{"start":{"line":3,"column":0},"end":{"line":22,"column":2}},"3":{"start":{"line":5,"column":5},"end":{"line":7,"column":6}},"4":{"start":{"line":6,"column":10},"end":{"line":6,"column":22}},"5":{"start":{"line":9,"column":5},"end":{"line":21,"column":7}},"6":{"start":{"line":10,"column":10},"end":{"line":10,"column":60}},"7":{"start":{"line":12,"column":10},"end":{"line":20,"column":13}},"8":{"start":{"line":13,"column":15},"end":{"line":19,"column":19}},"9":{"start":{"line":14,"column":20},"end":{"line":18,"column":21}},"10":{"start":{"line":15,"column":25},"end":{"line":15,"column":37}},"11":{"start":{"line":17,"column":25},"end":{"line":17,"column":40}},"12":{"start":{"line":24,"column":0},"end":{"line":66,"column":2}},"13":{"start":{"line":25,"column":5},"end":{"line":25,"column":27}},"14":{"start":{"line":26,"column":5},"end":{"line":28,"column":6}},"15":{"start":{"line":27,"column":10},"end":{"line":27,"column":23}},"16":{"start":{"line":29,"column":5},"end":{"line":31,"column":6}},"17":{"start":{"line":30,"column":10},"end":{"line":30,"column":22}},"18":{"start":{"line":32,"column":5},"end":{"line":34,"column":6}},"19":{"start":{"line":33,"column":10},"end":{"line":33,"column":24}},"20":{"start":{"line":35,"column":5},"end":{"line":37,"column":6}},"21":{"start":{"line":36,"column":10},"end":{"line":36,"column":25}},"22":{"start":{"line":38,"column":5},"end":{"line":40,"column":6}},"23":{"start":{"line":39,"column":10},"end":{"line":39,"column":28}},"24":{"start":{"line":41,"column":5},"end":{"line":43,"column":6}},"25":{"start":{"line":42,"column":10},"end":{"line":42,"column":25}},"26":{"start":{"line":44,"column":5},"end":{"line":46,"column":6}},"27":{"start":{"line":45,"column":10},"end":{"line":45,"column":25}},"28":{"start":{"line":47,"column":5},"end":{"line":51,"column":6}},"29":{"start":{"line":50,"column":10},"end":{"line":50,"column":24}},"30":{"start":{"line":52,"column":5},"end":{"line":54,"column":6}},"31":{"start":{"line":53,"column":10},"end":{"line":53,"column":28}},"32":{"start":{"line":55,"column":5},"end":{"line":57,"column":6}},"33":{"start":{"line":56,"column":10},"end":{"line":56,"column":25}},"34":{"start":{"line":58,"column":5},"end":{"line":60,"column":6}},"35":{"start":{"line":59,"column":10},"end":{"line":59,"column":25}},"36":{"start":{"line":61,"column":5},"end":{"line":64,"column":6}},"37":{"start":{"line":63,"column":10},"end":{"line":63,"column":23}},"38":{"start":{"line":65,"column":5},"end":{"line":65,"column":17}},"39":{"start":{"line":68,"column":0},"end":{"line":88,"column":2}},"40":{"start":{"line":70,"column":5},"end":{"line":87,"column":6}},"41":{"start":{"line":72,"column":10},"end":{"line":72,"column":29}},"42":{"start":{"line":74,"column":10},"end":{"line":74,"column":28}},"43":{"start":{"line":76,"column":10},"end":{"line":76,"column":36}},"44":{"start":{"line":78,"column":10},"end":{"line":78,"column":29}},"45":{"start":{"line":80,"column":10},"end":{"line":80,"column":30}},"46":{"start":{"line":82,"column":10},"end":{"line":82,"column":33}},"47":{"start":{"line":84,"column":10},"end":{"line":84,"column":33}},"48":{"start":{"line":86,"column":10},"end":{"line":86,"column":35}}},"branchMap":{"1":{"line":5,"type":"if","locations":[{"start":{"line":5,"column":5},"end":{"line":5,"column":5}},{"start":{"line":5,"column":5},"end":{"line":5,"column":5}}]},"2":{"line":5,"type":"binary-expr","locations":[{"start":{"line":5,"column":9},"end":{"line":5,"column":13}},{"start":{"line":5,"column":17},"end":{"line":5,"column":48}}]},"3":{"line":14,"type":"if","locations":[{"start":{"line":14,"column":20},"end":{"line":14,"column":20}},{"start":{"line":14,"column":20},"end":{"line":14,"column":20}}]},"4":{"line":26,"type":"if","locations":[{"start":{"line":26,"column":5},"end":{"line":26,"column":5}},{"start":{"line":26,"column":5},"end":{"line":26,"column":5}}]},"5":{"line":29,"type":"if","locations":[{"start":{"line":29,"column":5},"end":{"line":29,"column":5}},{"start":{"line":29,"column":5},"end":{"line":29,"column":5}}]},"6":{"line":32,"type":"if","locations":[{"start":{"line":32,"column":5},"end":{"line":32,"column":5}},{"start":{"line":32,"column":5},"end":{"line":32,"column":5}}]},"7":{"line":35,"type":"if","locations":[{"start":{"line":35,"column":5},"end":{"line":35,"column":5}},{"start":{"line":35,"column":5},"end":{"line":35,"column":5}}]},"8":{"line":38,"type":"if","locations":[{"start":{"line":38,"column":5},"end":{"line":38,"column":5}},{"start":{"line":38,"column":5},"end":{"line":38,"column":5}}]},"9":{"line":41,"type":"if","locations":[{"start":{"line":41,"column":5},"end":{"line":41,"column":5}},{"start":{"line":41,"column":5},"end":{"line":41,"column":5}}]},"10":{"line":44,"type":"if","locations":[{"start":{"line":44,"column":5},"end":{"line":44,"column":5}},{"start":{"line":44,"column":5},"end":{"line":44,"column":5}}]},"11":{"line":47,"type":"if","locations":[{"start":{"line":47,"column":5},"end":{"line":47,"column":5}},{"start":{"line":47,"column":5},"end":{"line":47,"column":5}}]},"12":{"line":47,"type":"binary-expr","locations":[{"start":{"line":47,"column":9},"end":{"line":47,"column":31}},{"start":{"line":47,"column":35},"end":{"line":47,"column":52}},{"start":{"line":48,"column":10},"end":{"line":48,"column":37}},{"start":{"line":49,"column":10},"end":{"line":49,"column":57}}]},"13":{"line":52,"type":"if","locations":[{"start":{"line":52,"column":5},"end":{"line":52,"column":5}},{"start":{"line":52,"column":5},"end":{"line":52,"column":5}}]},"14":{"line":55,"type":"if","locations":[{"start":{"line":55,"column":5},"end":{"line":55,"column":5}},{"start":{"line":55,"column":5},"end":{"line":55,"column":5}}]},"15":{"line":58,"type":"if","locations":[{"start":{"line":58,"column":5},"end":{"line":58,"column":5}},{"start":{"line":58,"column":5},"end":{"line":58,"column":5}}]},"16":{"line":61,"type":"if","locations":[{"start":{"line":61,"column":5},"end":{"line":61,"column":5}},{"start":{"line":61,"column":5},"end":{"line":61,"column":5}}]},"17":{"line":61,"type":"binary-expr","locations":[{"start":{"line":61,"column":9},"end":{"line":61,"column":40}},{"start":{"line":62,"column":10},"end":{"line":62,"column":43}}]},"18":{"line":70,"type":"switch","locations":[{"start":{"line":71,"column":5},"end":{"line":72,"column":29}},{"start":{"line":73,"column":5},"end":{"line":74,"column":28}},{"start":{"line":75,"column":5},"end":{"line":76,"column":36}},{"start":{"line":77,"column":5},"end":{"line":78,"column":29}},{"start":{"line":79,"column":5},"end":{"line":80,"column":30}},{"start":{"line":81,"column":5},"end":{"line":82,"column":33}},{"start":{"line":83,"column":5},"end":{"line":84,"column":33}},{"start":{"line":85,"column":5},"end":{"line":86,"column":35}}]}}},"app/actions/mobileCaptures/saveCapture.js":{"path":"app/actions/mobileCaptures/saveCapture.js","s":{"1":1,"2":1,"3":1,"4":1,"5":1,"6":0,"7":0,"8":0,"9":0,"10":0,"11":0,"12":0,"13":0,"14":0,"15":0,"16":0,"17":0,"18":0,"19":1},"b":{"1":[0,0],"2":[0,0],"3":[0,0]},"f":{"1":0,"2":0,"3":0,"4":0},"fnMap":{"1":{"name":"doit","line":8,"loc":{"start":{"line":8,"column":0},"end":{"line":8,"column":55}}},"2":{"name":"(anonymous_2)","line":10,"loc":{"start":{"line":10,"column":31},"end":{"line":10,"column":61}}},"3":{"name":"(anonymous_3)","line":22,"loc":{"start":{"line":22,"column":43},"end":{"line":22,"column":67}}},"4":{"name":"(anonymous_4)","line":29,"loc":{"start":{"line":29,"column":49},"end":{"line":29,"column":64}}}},"statementMap":{"1":{"start":{"line":1,"column":0},"end":{"line":1,"column":27}},"2":{"start":{"line":2,"column":0},"end":{"line":2,"column":29}},"3":{"start":{"line":3,"column":0},"end":{"line":3,"column":23}},"4":{"start":{"line":4,"column":0},"end":{"line":6,"column":3}},"5":{"start":{"line":8,"column":0},"end":{"line":38,"column":1}},"6":{"start":{"line":10,"column":5},"end":{"line":37,"column":8}},"7":{"start":{"line":11,"column":10},"end":{"line":36,"column":11}},"8":{"start":{"line":12,"column":15},"end":{"line":12,"column":77}},"9":{"start":{"line":13,"column":15},"end":{"line":13,"column":90}},"10":{"start":{"line":15,"column":15},"end":{"line":20,"column":17}},"11":{"start":{"line":22,"column":15},"end":{"line":35,"column":18}},"12":{"start":{"line":23,"column":20},"end":{"line":34,"column":21}},"13":{"start":{"line":24,"column":25},"end":{"line":24,"column":78}},"14":{"start":{"line":25,"column":25},"end":{"line":25,"column":56}},"15":{"start":{"line":29,"column":25},"end":{"line":29,"column":68}},"16":{"start":{"line":30,"column":25},"end":{"line":30,"column":112}},"17":{"start":{"line":31,"column":25},"end":{"line":32,"column":54}},"18":{"start":{"line":33,"column":25},"end":{"line":33,"column":69}},"19":{"start":{"line":40,"column":0},"end":{"line":40,"column":22}}},"branchMap":{"1":{"line":11,"type":"if","locations":[{"start":{"line":11,"column":10},"end":{"line":11,"column":10}},{"start":{"line":11,"column":10},"end":{"line":11,"column":10}}]},"2":{"line":23,"type":"if","locations":[{"start":{"line":23,"column":20},"end":{"line":23,"column":20}},{"start":{"line":23,"column":20},"end":{"line":23,"column":20}}]},"3":{"line":30,"type":"cond-expr","locations":[{"start":{"line":30,"column":65},"end":{"line":30,"column":95}},{"start":{"line":30,"column":98},"end":{"line":30,"column":112}}]}}},"app/actions/notify.js":{"path":"app/actions/notify.js","s":{"1":1,"2":1,"3":0,"4":0,"5":0,"6":0,"7":0,"8":0,"9":0,"10":0,"11":1},"b":{"1":[0,0]},"f":{"1":0,"2":0},"fnMap":{"1":{"name":"notify","line":16,"loc":{"start":{"line":16,"column":0},"end":{"line":16,"column":21}}},"2":{"name":"(anonymous_2)","line":32,"loc":{"start":{"line":32,"column":17},"end":{"line":32,"column":32}}}},"statementMap":{"1":{"start":{"line":1,"column":0},"end":{"line":5,"column":42}},"2":{"start":{"line":16,"column":0},"end":{"line":57,"column":1}},"3":{"start":{"line":17,"column":5},"end":{"line":17,"column":40}},"4":{"start":{"line":18,"column":5},"end":{"line":28,"column":7}},"5":{"start":{"line":30,"column":5},"end":{"line":30,"column":34}},"6":{"start":{"line":32,"column":5},"end":{"line":56,"column":8}},"7":{"start":{"line":33,"column":10},"end":{"line":55,"column":11}},"8":{"start":{"line":34,"column":15},"end":{"line":34,"column":47}},"9":{"start":{"line":35,"column":15},"end":{"line":47,"column":18}},"10":{"start":{"line":52,"column":15},"end":{"line":54,"column":20}},"11":{"start":{"line":59,"column":0},"end":{"line":59,"column":24}}},"branchMap":{"1":{"line":33,"type":"if","locations":[{"start":{"line":33,"column":10},"end":{"line":33,"column":10}},{"start":{"line":33,"column":10},"end":{"line":33,"column":10}}]}}},"app/settings/requests/retry.js":{"path":"app/settings/requests/retry.js","s":{"1":1,"2":1,"3":0,"4":0,"5":1,"6":0,"7":0,"8":0,"9":0,"10":0,"11":0,"12":0,"13":0,"14":0,"15":1,"16":1,"17":0,"18":0,"19":0,"20":0,"21":0,"22":0,"23":0,"24":0,"25":0,"26":0,"27":0,"28":0,"29":0,"30":0,"31":0,"32":0,"33":0,"34":0,"35":0,"36":1,"37":1},"b":{"1":[0,0],"2":[0,0],"3":[0,0],"4":[0,0],"5":[0,0],"6":[0,0],"7":[0,0],"8":[0,0],"9":[0,0],"10":[0,0],"11":[0,0]},"f":{"1":0,"2":0,"3":0,"4":0,"5":0},"fnMap":{"1":{"name":"originalIssueResolved","line":9,"loc":{"start":{"line":9,"column":0},"end":{"line":9,"column":37}}},"2":{"name":"publish","line":18,"loc":{"start":{"line":18,"column":0},"end":{"line":18,"column":24}}},"3":{"name":"start","line":43,"loc":{"start":{"line":43,"column":0},"end":{"line":43,"column":19}}},"4":{"name":"init","line":47,"loc":{"start":{"line":47,"column":0},"end":{"line":47,"column":19}}},"5":{"name":"(anonymous_5)","line":50,"loc":{"start":{"line":50,"column":41},"end":{"line":50,"column":65}}}},"statementMap":{"1":{"start":{"line":1,"column":0},"end":{"line":7,"column":69}},"2":{"start":{"line":9,"column":0},"end":{"line":16,"column":1}},"3":{"start":{"line":10,"column":5},"end":{"line":15,"column":6}},"4":{"start":{"line":14,"column":10},"end":{"line":14,"column":22}},"5":{"start":{"line":18,"column":0},"end":{"line":41,"column":1}},"6":{"start":{"line":19,"column":5},"end":{"line":27,"column":7}},"7":{"start":{"line":28,"column":5},"end":{"line":36,"column":6}},"8":{"start":{"line":29,"column":10},"end":{"line":33,"column":13}},"9":{"start":{"line":34,"column":10},"end":{"line":34,"column":28}},"10":{"start":{"line":35,"column":10},"end":{"line":35,"column":33}},"11":{"start":{"line":37,"column":5},"end":{"line":37,"column":42}},"12":{"start":{"line":38,"column":5},"end":{"line":38,"column":42}},"13":{"start":{"line":39,"column":5},"end":{"line":39,"column":50}},"14":{"start":{"line":40,"column":5},"end":{"line":40,"column":46}},"15":{"start":{"line":43,"column":0},"end":{"line":45,"column":1}},"16":{"start":{"line":47,"column":0},"end":{"line":92,"column":1}},"17":{"start":{"line":48,"column":5},"end":{"line":48,"column":29}},"18":{"start":{"line":50,"column":5},"end":{"line":58,"column":8}},"19":{"start":{"line":51,"column":10},"end":{"line":55,"column":13}},"20":{"start":{"line":56,"column":10},"end":{"line":56,"column":28}},"21":{"start":{"line":57,"column":10},"end":{"line":57,"column":33}},"22":{"start":{"line":60,"column":5},"end":{"line":68,"column":6}},"23":{"start":{"line":61,"column":10},"end":{"line":65,"column":13}},"24":{"start":{"line":66,"column":10},"end":{"line":66,"column":28}},"25":{"start":{"line":67,"column":10},"end":{"line":67,"column":33}},"26":{"start":{"line":70,"column":5},"end":{"line":78,"column":6}},"27":{"start":{"line":71,"column":10},"end":{"line":75,"column":13}},"28":{"start":{"line":76,"column":10},"end":{"line":76,"column":27}},"29":{"start":{"line":77,"column":10},"end":{"line":77,"column":33}},"30":{"start":{"line":80,"column":5},"end":{"line":90,"column":6}},"31":{"start":{"line":81,"column":10},"end":{"line":85,"column":13}},"32":{"start":{"line":86,"column":10},"end":{"line":86,"column":28}},"33":{"start":{"line":87,"column":10},"end":{"line":87,"column":33}},"34":{"start":{"line":89,"column":10},"end":{"line":89,"column":70}},"35":{"start":{"line":91,"column":5},"end":{"line":91,"column":28}},"36":{"start":{"line":94,"column":0},"end":{"line":94,"column":27}},"37":{"start":{"line":95,"column":0},"end":{"line":95,"column":61}}},"branchMap":{"1":{"line":10,"type":"if","locations":[{"start":{"line":10,"column":5},"end":{"line":10,"column":5}},{"start":{"line":10,"column":5},"end":{"line":10,"column":5}}]},"2":{"line":20,"type":"binary-expr","locations":[{"start":{"line":20,"column":15},"end":{"line":20,"column":24}},{"start":{"line":20,"column":28},"end":{"line":20,"column":32}}]},"3":{"line":21,"type":"binary-expr","locations":[{"start":{"line":21,"column":16},"end":{"line":21,"column":26}},{"start":{"line":21,"column":30},"end":{"line":21,"column":34}}]},"4":{"line":22,"type":"binary-expr","locations":[{"start":{"line":22,"column":15},"end":{"line":22,"column":24}},{"start":{"line":22,"column":28},"end":{"line":22,"column":32}}]},"5":{"line":23,"type":"binary-expr","locations":[{"start":{"line":23,"column":16},"end":{"line":23,"column":26}},{"start":{"line":23,"column":30},"end":{"line":23,"column":34}}]},"6":{"line":24,"type":"binary-expr","locations":[{"start":{"line":24,"column":18},"end":{"line":24,"column":30}},{"start":{"line":24,"column":34},"end":{"line":24,"column":38}}]},"7":{"line":25,"type":"binary-expr","locations":[{"start":{"line":25,"column":22},"end":{"line":25,"column":38}},{"start":{"line":25,"column":42},"end":{"line":25,"column":46}}]},"8":{"line":28,"type":"if","locations":[{"start":{"line":28,"column":5},"end":{"line":28,"column":5}},{"start":{"line":28,"column":5},"end":{"line":28,"column":5}}]},"9":{"line":60,"type":"if","locations":[{"start":{"line":60,"column":5},"end":{"line":60,"column":5}},{"start":{"line":60,"column":5},"end":{"line":60,"column":5}}]},"10":{"line":70,"type":"if","locations":[{"start":{"line":70,"column":5},"end":{"line":70,"column":5}},{"start":{"line":70,"column":5},"end":{"line":70,"column":5}}]},"11":{"line":80,"type":"if","locations":[{"start":{"line":80,"column":5},"end":{"line":80,"column":5}},{"start":{"line":80,"column":5},"end":{"line":80,"column":5}}]}}},"app/utils.js":{"path":"app/utils.js","s":{"1":1,"2":1,"3":0,"4":0,"5":0,"6":0,"7":0,"8":0,"9":1,"10":0,"11":0,"12":0,"13":0,"14":0,"15":0,"16":0,"17":0,"18":0,"19":1,"20":0,"21":0,"22":0,"23":0,"24":0,"25":0,"26":1,"27":0,"28":0,"29":0,"30":0,"31":0,"32":0,"33":1,"34":0,"35":0,"36":0,"37":0,"38":0,"39":0,"40":0,"41":0,"42":0,"43":0,"44":1,"45":0,"46":0,"47":0,"48":0,"49":0,"50":0,"51":0,"52":0,"53":0,"54":0,"55":1,"56":0,"57":0,"58":0,"59":0,"60":0,"61":0,"62":0,"63":0,"64":0,"65":0,"66":1,"67":0,"68":0,"69":0,"70":0,"71":0,"72":0,"73":0,"74":0,"75":0,"76":0,"77":1,"78":0,"79":0,"80":0,"81":0,"82":0,"83":0,"84":0,"85":0,"86":0,"87":0,"88":1,"89":0,"90":0,"91":0,"92":0,"93":0,"94":0,"95":0,"96":0,"97":0,"98":1,"99":0,"100":0,"101":0,"102":0,"103":0,"104":0,"105":0,"106":0,"107":0,"108":1,"109":0,"110":0,"111":0,"112":0,"113":0,"114":0,"115":0,"116":0,"117":1,"118":1,"119":1,"120":1,"121":1,"122":1,"123":1,"124":1,"125":1,"126":1},"b":{"1":[0,0],"2":[0,0],"3":[0,0],"4":[0,0],"5":[0,0],"6":[0,0],"7":[0,0],"8":[0,0],"9":[0,0],"10":[0,0],"11":[0,0],"12":[0,0],"13":[0,0],"14":[0,0],"15":[0,0],"16":[0,0],"17":[0,0],"18":[0,0],"19":[0,0],"20":[0,0],"21":[0,0],"22":[0,0],"23":[0,0],"24":[0,0],"25":[0,0],"26":[0,0],"27":[0,0],"28":[0,0],"29":[0,0],"30":[0,0],"31":[0,0],"32":[0,0],"33":[0,0],"34":[0,0],"35":[0,0],"36":[0,0],"37":[0,0],"38":[0,0],"39":[0,0],"40":[0,0]},"f":{"1":0,"2":0,"3":0,"4":0,"5":0,"6":0,"7":0,"8":0,"9":0,"10":0,"11":0,"12":0,"13":0,"14":0,"15":0,"16":0,"17":0,"18":0,"19":0,"20":0,"21":0,"22":0,"23":0,"24":0,"25":0},"fnMap":{"1":{"name":"checkRequirements","line":11,"loc":{"start":{"line":11,"column":0},"end":{"line":11,"column":41}}},"2":{"name":"(anonymous_2)","line":14,"loc":{"start":{"line":14,"column":19},"end":{"line":14,"column":35}}},"3":{"name":"updateActivity","line":28,"loc":{"start":{"line":28,"column":0},"end":{"line":28,"column":45}}},"4":{"name":"(anonymous_4)","line":36,"loc":{"start":{"line":36,"column":17},"end":{"line":36,"column":32}}},"5":{"name":"checkActivity","line":53,"loc":{"start":{"line":53,"column":0},"end":{"line":53,"column":38}}},"6":{"name":"(anonymous_6)","line":56,"loc":{"start":{"line":56,"column":8},"end":{"line":56,"column":33}}},"7":{"name":"checkPermissions","line":72,"loc":{"start":{"line":72,"column":0},"end":{"line":72,"column":42}}},"8":{"name":"(anonymous_8)","line":75,"loc":{"start":{"line":75,"column":8},"end":{"line":75,"column":35}}},"9":{"name":"checkAvailActivity","line":94,"loc":{"start":{"line":94,"column":0},"end":{"line":94,"column":55}}},"10":{"name":"(anonymous_10)","line":95,"loc":{"start":{"line":95,"column":24},"end":{"line":95,"column":49}}},"11":{"name":"(anonymous_11)","line":99,"loc":{"start":{"line":99,"column":33},"end":{"line":99,"column":60}}},"12":{"name":"findUser","line":116,"loc":{"start":{"line":116,"column":0},"end":{"line":116,"column":34}}},"13":{"name":"(anonymous_13)","line":119,"loc":{"start":{"line":119,"column":31},"end":{"line":119,"column":52}}},"14":{"name":"findOneUser","line":144,"loc":{"start":{"line":144,"column":0},"end":{"line":144,"column":37}}},"15":{"name":"(anonymous_15)","line":147,"loc":{"start":{"line":147,"column":31},"end":{"line":147,"column":52}}},"16":{"name":"updateBy","line":173,"loc":{"start":{"line":173,"column":0},"end":{"line":173,"column":50}}},"17":{"name":"(anonymous_17)","line":176,"loc":{"start":{"line":176,"column":38},"end":{"line":176,"column":53}}},"18":{"name":"updateUser","line":201,"loc":{"start":{"line":201,"column":0},"end":{"line":201,"column":45}}},"19":{"name":"(anonymous_19)","line":203,"loc":{"start":{"line":203,"column":37},"end":{"line":203,"column":52}}},"20":{"name":"deleteUser","line":228,"loc":{"start":{"line":228,"column":0},"end":{"line":228,"column":29}}},"21":{"name":"(anonymous_21)","line":232,"loc":{"start":{"line":232,"column":13},"end":{"line":232,"column":28}}},"22":{"name":"findBy","line":257,"loc":{"start":{"line":257,"column":0},"end":{"line":257,"column":33}}},"23":{"name":"(anonymous_23)","line":259,"loc":{"start":{"line":259,"column":26},"end":{"line":259,"column":47}}},"24":{"name":"deleteBy","line":285,"loc":{"start":{"line":285,"column":0},"end":{"line":285,"column":35}}},"25":{"name":"(anonymous_25)","line":287,"loc":{"start":{"line":287,"column":29},"end":{"line":287,"column":44}}}},"statementMap":{"1":{"start":{"line":1,"column":0},"end":{"line":4,"column":31}},"2":{"start":{"line":11,"column":0},"end":{"line":20,"column":1}},"3":{"start":{"line":12,"column":5},"end":{"line":12,"column":79}},"4":{"start":{"line":13,"column":5},"end":{"line":13,"column":24}},"5":{"start":{"line":14,"column":5},"end":{"line":18,"column":8}},"6":{"start":{"line":15,"column":10},"end":{"line":17,"column":11}},"7":{"start":{"line":16,"column":15},"end":{"line":16,"column":29}},"8":{"start":{"line":19,"column":5},"end":{"line":19,"column":19}},"9":{"start":{"line":28,"column":0},"end":{"line":46,"column":1}},"10":{"start":{"line":29,"column":5},"end":{"line":31,"column":7}},"11":{"start":{"line":32,"column":5},"end":{"line":32,"column":46}},"12":{"start":{"line":33,"column":5},"end":{"line":33,"column":48}},"13":{"start":{"line":34,"column":5},"end":{"line":45,"column":8}},"14":{"start":{"line":37,"column":10},"end":{"line":41,"column":11}},"15":{"start":{"line":38,"column":15},"end":{"line":40,"column":16}},"16":{"start":{"line":39,"column":20},"end":{"line":39,"column":41}},"17":{"start":{"line":42,"column":10},"end":{"line":44,"column":11}},"18":{"start":{"line":43,"column":15},"end":{"line":43,"column":37}},"19":{"start":{"line":53,"column":0},"end":{"line":66,"column":1}},"20":{"start":{"line":54,"column":5},"end":{"line":65,"column":8}},"21":{"start":{"line":57,"column":10},"end":{"line":61,"column":11}},"22":{"start":{"line":58,"column":15},"end":{"line":60,"column":16}},"23":{"start":{"line":59,"column":20},"end":{"line":59,"column":41}},"24":{"start":{"line":62,"column":10},"end":{"line":64,"column":11}},"25":{"start":{"line":63,"column":15},"end":{"line":63,"column":47}},"26":{"start":{"line":72,"column":0},"end":{"line":85,"column":1}},"27":{"start":{"line":73,"column":5},"end":{"line":84,"column":8}},"28":{"start":{"line":76,"column":10},"end":{"line":80,"column":11}},"29":{"start":{"line":77,"column":15},"end":{"line":79,"column":16}},"30":{"start":{"line":78,"column":20},"end":{"line":78,"column":41}},"31":{"start":{"line":81,"column":10},"end":{"line":83,"column":11}},"32":{"start":{"line":82,"column":15},"end":{"line":82,"column":49}},"33":{"start":{"line":94,"column":0},"end":{"line":109,"column":1}},"34":{"start":{"line":95,"column":5},"end":{"line":108,"column":7}},"35":{"start":{"line":96,"column":10},"end":{"line":98,"column":11}},"36":{"start":{"line":97,"column":15},"end":{"line":97,"column":36}},"37":{"start":{"line":99,"column":10},"end":{"line":107,"column":12}},"38":{"start":{"line":100,"column":15},"end":{"line":102,"column":16}},"39":{"start":{"line":101,"column":20},"end":{"line":101,"column":41}},"40":{"start":{"line":103,"column":15},"end":{"line":103,"column":96}},"41":{"start":{"line":104,"column":15},"end":{"line":104,"column":102}},"42":{"start":{"line":105,"column":15},"end":{"line":105,"column":77}},"43":{"start":{"line":106,"column":15},"end":{"line":106,"column":40}},"44":{"start":{"line":116,"column":0},"end":{"line":137,"column":1}},"45":{"start":{"line":117,"column":5},"end":{"line":136,"column":6}},"46":{"start":{"line":118,"column":10},"end":{"line":118,"column":35}},"47":{"start":{"line":119,"column":10},"end":{"line":129,"column":13}},"48":{"start":{"line":120,"column":15},"end":{"line":128,"column":16}},"49":{"start":{"line":121,"column":20},"end":{"line":123,"column":21}},"50":{"start":{"line":122,"column":25},"end":{"line":122,"column":46}},"51":{"start":{"line":125,"column":20},"end":{"line":127,"column":21}},"52":{"start":{"line":126,"column":25},"end":{"line":126,"column":53}},"53":{"start":{"line":131,"column":10},"end":{"line":135,"column":11}},"54":{"start":{"line":132,"column":15},"end":{"line":134,"column":18}},"55":{"start":{"line":144,"column":0},"end":{"line":165,"column":1}},"56":{"start":{"line":145,"column":5},"end":{"line":164,"column":6}},"57":{"start":{"line":146,"column":10},"end":{"line":146,"column":35}},"58":{"start":{"line":147,"column":10},"end":{"line":157,"column":13}},"59":{"start":{"line":148,"column":15},"end":{"line":156,"column":16}},"60":{"start":{"line":149,"column":20},"end":{"line":151,"column":21}},"61":{"start":{"line":150,"column":25},"end":{"line":150,"column":46}},"62":{"start":{"line":153,"column":20},"end":{"line":155,"column":21}},"63":{"start":{"line":154,"column":25},"end":{"line":154,"column":56}},"64":{"start":{"line":159,"column":10},"end":{"line":163,"column":11}},"65":{"start":{"line":160,"column":15},"end":{"line":162,"column":18}},"66":{"start":{"line":173,"column":0},"end":{"line":193,"column":1}},"67":{"start":{"line":174,"column":5},"end":{"line":174,"column":67}},"68":{"start":{"line":175,"column":5},"end":{"line":192,"column":6}},"69":{"start":{"line":176,"column":10},"end":{"line":185,"column":13}},"70":{"start":{"line":177,"column":15},"end":{"line":181,"column":16}},"71":{"start":{"line":178,"column":20},"end":{"line":180,"column":21}},"72":{"start":{"line":179,"column":25},"end":{"line":179,"column":46}},"73":{"start":{"line":182,"column":15},"end":{"line":184,"column":16}},"74":{"start":{"line":183,"column":20},"end":{"line":183,"column":42}},"75":{"start":{"line":187,"column":10},"end":{"line":191,"column":11}},"76":{"start":{"line":188,"column":15},"end":{"line":190,"column":18}},"77":{"start":{"line":201,"column":0},"end":{"line":221,"column":1}},"78":{"start":{"line":202,"column":5},"end":{"line":220,"column":6}},"79":{"start":{"line":203,"column":10},"end":{"line":213,"column":13}},"80":{"start":{"line":204,"column":15},"end":{"line":204,"column":58}},"81":{"start":{"line":205,"column":15},"end":{"line":209,"column":16}},"82":{"start":{"line":206,"column":20},"end":{"line":208,"column":21}},"83":{"start":{"line":207,"column":25},"end":{"line":207,"column":46}},"84":{"start":{"line":210,"column":15},"end":{"line":212,"column":16}},"85":{"start":{"line":211,"column":20},"end":{"line":211,"column":42}},"86":{"start":{"line":215,"column":10},"end":{"line":219,"column":11}},"87":{"start":{"line":216,"column":15},"end":{"line":218,"column":18}},"88":{"start":{"line":228,"column":0},"end":{"line":249,"column":1}},"89":{"start":{"line":229,"column":5},"end":{"line":248,"column":6}},"90":{"start":{"line":230,"column":10},"end":{"line":241,"column":13}},"91":{"start":{"line":233,"column":15},"end":{"line":237,"column":16}},"92":{"start":{"line":234,"column":20},"end":{"line":236,"column":21}},"93":{"start":{"line":235,"column":25},"end":{"line":235,"column":40}},"94":{"start":{"line":238,"column":15},"end":{"line":240,"column":16}},"95":{"start":{"line":239,"column":20},"end":{"line":239,"column":36}},"96":{"start":{"line":243,"column":10},"end":{"line":247,"column":11}},"97":{"start":{"line":244,"column":15},"end":{"line":246,"column":18}},"98":{"start":{"line":257,"column":0},"end":{"line":277,"column":1}},"99":{"start":{"line":258,"column":5},"end":{"line":276,"column":6}},"100":{"start":{"line":259,"column":10},"end":{"line":269,"column":13}},"101":{"start":{"line":260,"column":15},"end":{"line":268,"column":16}},"102":{"start":{"line":261,"column":20},"end":{"line":263,"column":21}},"103":{"start":{"line":262,"column":25},"end":{"line":262,"column":40}},"104":{"start":{"line":265,"column":20},"end":{"line":267,"column":21}},"105":{"start":{"line":266,"column":25},"end":{"line":266,"column":47}},"106":{"start":{"line":271,"column":10},"end":{"line":275,"column":11}},"107":{"start":{"line":272,"column":15},"end":{"line":274,"column":18}},"108":{"start":{"line":285,"column":0},"end":{"line":304,"column":1}},"109":{"start":{"line":286,"column":5},"end":{"line":303,"column":6}},"110":{"start":{"line":287,"column":10},"end":{"line":298,"column":13}},"111":{"start":{"line":288,"column":15},"end":{"line":293,"column":16}},"112":{"start":{"line":289,"column":20},"end":{"line":291,"column":21}},"113":{"start":{"line":290,"column":25},"end":{"line":290,"column":40}},"114":{"start":{"line":294,"column":15},"end":{"line":296,"column":16}},"115":{"start":{"line":295,"column":20},"end":{"line":295,"column":36}},"116":{"start":{"line":300,"column":10},"end":{"line":302,"column":13}},"117":{"start":{"line":306,"column":0},"end":{"line":306,"column":31}},"118":{"start":{"line":307,"column":0},"end":{"line":307,"column":35}},"119":{"start":{"line":308,"column":0},"end":{"line":308,"column":47}},"120":{"start":{"line":309,"column":0},"end":{"line":309,"column":45}},"121":{"start":{"line":310,"column":0},"end":{"line":310,"column":55}},"122":{"start":{"line":311,"column":0},"end":{"line":311,"column":35}},"123":{"start":{"line":312,"column":0},"end":{"line":312,"column":41}},"124":{"start":{"line":313,"column":0},"end":{"line":313,"column":39}},"125":{"start":{"line":314,"column":0},"end":{"line":314,"column":39}},"126":{"start":{"line":315,"column":0},"end":{"line":315,"column":53}}},"branchMap":{"1":{"line":15,"type":"if","locations":[{"start":{"line":15,"column":10},"end":{"line":15,"column":10}},{"start":{"line":15,"column":10},"end":{"line":15,"column":10}}]},"2":{"line":37,"type":"if","locations":[{"start":{"line":37,"column":10},"end":{"line":37,"column":10}},{"start":{"line":37,"column":10},"end":{"line":37,"column":10}}]},"3":{"line":38,"type":"if","locations":[{"start":{"line":38,"column":15},"end":{"line":38,"column":15}},{"start":{"line":38,"column":15},"end":{"line":38,"column":15}}]},"4":{"line":42,"type":"if","locations":[{"start":{"line":42,"column":10},"end":{"line":42,"column":10}},{"start":{"line":42,"column":10},"end":{"line":42,"column":10}}]},"5":{"line":57,"type":"if","locations":[{"start":{"line":57,"column":10},"end":{"line":57,"column":10}},{"start":{"line":57,"column":10},"end":{"line":57,"column":10}}]},"6":{"line":58,"type":"if","locations":[{"start":{"line":58,"column":15},"end":{"line":58,"column":15}},{"start":{"line":58,"column":15},"end":{"line":58,"column":15}}]},"7":{"line":62,"type":"if","locations":[{"start":{"line":62,"column":10},"end":{"line":62,"column":10}},{"start":{"line":62,"column":10},"end":{"line":62,"column":10}}]},"8":{"line":76,"type":"if","locations":[{"start":{"line":76,"column":10},"end":{"line":76,"column":10}},{"start":{"line":76,"column":10},"end":{"line":76,"column":10}}]},"9":{"line":77,"type":"if","locations":[{"start":{"line":77,"column":15},"end":{"line":77,"column":15}},{"start":{"line":77,"column":15},"end":{"line":77,"column":15}}]},"10":{"line":81,"type":"if","locations":[{"start":{"line":81,"column":10},"end":{"line":81,"column":10}},{"start":{"line":81,"column":10},"end":{"line":81,"column":10}}]},"11":{"line":96,"type":"if","locations":[{"start":{"line":96,"column":10},"end":{"line":96,"column":10}},{"start":{"line":96,"column":10},"end":{"line":96,"column":10}}]},"12":{"line":100,"type":"if","locations":[{"start":{"line":100,"column":15},"end":{"line":100,"column":15}},{"start":{"line":100,"column":15},"end":{"line":100,"column":15}}]},"13":{"line":105,"type":"binary-expr","locations":[{"start":{"line":105,"column":31},"end":{"line":105,"column":50}},{"start":{"line":105,"column":54},"end":{"line":105,"column":75}}]},"14":{"line":120,"type":"if","locations":[{"start":{"line":120,"column":15},"end":{"line":120,"column":15}},{"start":{"line":120,"column":15},"end":{"line":120,"column":15}}]},"15":{"line":121,"type":"if","locations":[{"start":{"line":121,"column":20},"end":{"line":121,"column":20}},{"start":{"line":121,"column":20},"end":{"line":121,"column":20}}]},"16":{"line":125,"type":"if","locations":[{"start":{"line":125,"column":20},"end":{"line":125,"column":20}},{"start":{"line":125,"column":20},"end":{"line":125,"column":20}}]},"17":{"line":131,"type":"if","locations":[{"start":{"line":131,"column":10},"end":{"line":131,"column":10}},{"start":{"line":131,"column":10},"end":{"line":131,"column":10}}]},"18":{"line":148,"type":"if","locations":[{"start":{"line":148,"column":15},"end":{"line":148,"column":15}},{"start":{"line":148,"column":15},"end":{"line":148,"column":15}}]},"19":{"line":149,"type":"if","locations":[{"start":{"line":149,"column":20},"end":{"line":149,"column":20}},{"start":{"line":149,"column":20},"end":{"line":149,"column":20}}]},"20":{"line":153,"type":"if","locations":[{"start":{"line":153,"column":20},"end":{"line":153,"column":20}},{"start":{"line":153,"column":20},"end":{"line":153,"column":20}}]},"21":{"line":159,"type":"if","locations":[{"start":{"line":159,"column":10},"end":{"line":159,"column":10}},{"start":{"line":159,"column":10},"end":{"line":159,"column":10}}]},"22":{"line":177,"type":"if","locations":[{"start":{"line":177,"column":15},"end":{"line":177,"column":15}},{"start":{"line":177,"column":15},"end":{"line":177,"column":15}}]},"23":{"line":178,"type":"if","locations":[{"start":{"line":178,"column":20},"end":{"line":178,"column":20}},{"start":{"line":178,"column":20},"end":{"line":178,"column":20}}]},"24":{"line":182,"type":"if","locations":[{"start":{"line":182,"column":15},"end":{"line":182,"column":15}},{"start":{"line":182,"column":15},"end":{"line":182,"column":15}}]},"25":{"line":187,"type":"if","locations":[{"start":{"line":187,"column":10},"end":{"line":187,"column":10}},{"start":{"line":187,"column":10},"end":{"line":187,"column":10}}]},"26":{"line":205,"type":"if","locations":[{"start":{"line":205,"column":15},"end":{"line":205,"column":15}},{"start":{"line":205,"column":15},"end":{"line":205,"column":15}}]},"27":{"line":206,"type":"if","locations":[{"start":{"line":206,"column":20},"end":{"line":206,"column":20}},{"start":{"line":206,"column":20},"end":{"line":206,"column":20}}]},"28":{"line":210,"type":"if","locations":[{"start":{"line":210,"column":15},"end":{"line":210,"column":15}},{"start":{"line":210,"column":15},"end":{"line":210,"column":15}}]},"29":{"line":215,"type":"if","locations":[{"start":{"line":215,"column":10},"end":{"line":215,"column":10}},{"start":{"line":215,"column":10},"end":{"line":215,"column":10}}]},"30":{"line":233,"type":"if","locations":[{"start":{"line":233,"column":15},"end":{"line":233,"column":15}},{"start":{"line":233,"column":15},"end":{"line":233,"column":15}}]},"31":{"line":234,"type":"if","locations":[{"start":{"line":234,"column":20},"end":{"line":234,"column":20}},{"start":{"line":234,"column":20},"end":{"line":234,"column":20}}]},"32":{"line":238,"type":"if","locations":[{"start":{"line":238,"column":15},"end":{"line":238,"column":15}},{"start":{"line":238,"column":15},"end":{"line":238,"column":15}}]},"33":{"line":243,"type":"if","locations":[{"start":{"line":243,"column":10},"end":{"line":243,"column":10}},{"start":{"line":243,"column":10},"end":{"line":243,"column":10}}]},"34":{"line":260,"type":"if","locations":[{"start":{"line":260,"column":15},"end":{"line":260,"column":15}},{"start":{"line":260,"column":15},"end":{"line":260,"column":15}}]},"35":{"line":261,"type":"if","locations":[{"start":{"line":261,"column":20},"end":{"line":261,"column":20}},{"start":{"line":261,"column":20},"end":{"line":261,"column":20}}]},"36":{"line":265,"type":"if","locations":[{"start":{"line":265,"column":20},"end":{"line":265,"column":20}},{"start":{"line":265,"column":20},"end":{"line":265,"column":20}}]},"37":{"line":271,"type":"if","locations":[{"start":{"line":271,"column":10},"end":{"line":271,"column":10}},{"start":{"line":271,"column":10},"end":{"line":271,"column":10}}]},"38":{"line":288,"type":"if","locations":[{"start":{"line":288,"column":15},"end":{"line":288,"column":15}},{"start":{"line":288,"column":15},"end":{"line":288,"column":15}}]},"39":{"line":289,"type":"if","locations":[{"start":{"line":289,"column":20},"end":{"line":289,"column":20}},{"start":{"line":289,"column":20},"end":{"line":289,"column":20}}]},"40":{"line":294,"type":"if","locations":[{"start":{"line":294,"column":15},"end":{"line":294,"column":15}},{"start":{"line":294,"column":15},"end":{"line":294,"column":15}}]}}},"app/models/user.js":{"path":"app/models/user.js","s":{"1":1,"2":1,"3":1},"b":{},"f":{},"fnMap":{},"statementMap":{"1":{"start":{"line":1,"column":0},"end":{"line":1,"column":37}},"2":{"start":{"line":3,"column":0},"end":{"line":68,"column":3}},"3":{"start":{"line":69,"column":0},"end":{"line":69,"column":53}}},"branchMap":{}},"app/models/activity.js":{"path":"app/models/activity.js","s":{"1":1,"2":1,"3":1},"b":{},"f":{},"fnMap":{},"statementMap":{"1":{"start":{"line":1,"column":0},"end":{"line":1,"column":37}},"2":{"start":{"line":3,"column":0},"end":{"line":137,"column":3}},"3":{"start":{"line":138,"column":0},"end":{"line":138,"column":32}}},"branchMap":{}},"app/models/permission.js":{"path":"app/models/permission.js","s":{"1":1,"2":1,"3":1},"b":{},"f":{},"fnMap":{},"statementMap":{"1":{"start":{"line":1,"column":0},"end":{"line":1,"column":37}},"2":{"start":{"line":3,"column":0},"end":{"line":159,"column":3}},"3":{"start":{"line":161,"column":0},"end":{"line":161,"column":65}}},"branchMap":{}},"app/settings/requests/retry/retryables.js":{"path":"app/settings/requests/retry/retryables.js","s":{"1":1,"2":1,"3":0,"4":0,"5":0,"6":0,"7":0,"8":0,"9":1,"10":0,"11":0,"12":0,"13":0,"14":0,"15":0,"16":1,"17":0,"18":0,"19":0,"20":0,"21":1,"22":0,"23":0,"24":0,"25":0,"26":0,"27":0,"28":1,"29":0,"30":0,"31":0,"32":0,"33":0,"34":0,"35":1,"36":1},"b":{},"f":{"1":0,"2":0,"3":0,"4":0,"5":0,"6":0},"fnMap":{"1":{"name":"requiresDatabase","line":3,"loc":{"start":{"line":3,"column":0},"end":{"line":3,"column":27}}},"2":{"name":"saveAsActive","line":9,"loc":{"start":{"line":9,"column":0},"end":{"line":9,"column":35}}},"3":{"name":"processHar","line":18,"loc":{"start":{"line":18,"column":0},"end":{"line":18,"column":33}}},"4":{"name":"notify","line":27,"loc":{"start":{"line":27,"column":0},"end":{"line":27,"column":28}}},"5":{"name":"markedRequstAsFailed","line":33,"loc":{"start":{"line":33,"column":0},"end":{"line":33,"column":42}}},"6":{"name":"processUrl","line":42,"loc":{"start":{"line":42,"column":0},"end":{"line":42,"column":32}}}},"statementMap":{"1":{"start":{"line":3,"column":0},"end":{"line":7,"column":1}},"2":{"start":{"line":9,"column":0},"end":{"line":16,"column":1}},"3":{"start":{"line":10,"column":2},"end":{"line":10,"column":74}},"4":{"start":{"line":11,"column":2},"end":{"line":11,"column":25}},"5":{"start":{"line":12,"column":2},"end":{"line":12,"column":29}},"6":{"start":{"line":13,"column":2},"end":{"line":13,"column":22}},"7":{"start":{"line":14,"column":2},"end":{"line":14,"column":22}},"8":{"start":{"line":15,"column":2},"end":{"line":15,"column":30}},"9":{"start":{"line":18,"column":0},"end":{"line":25,"column":1}},"10":{"start":{"line":19,"column":2},"end":{"line":19,"column":70}},"11":{"start":{"line":20,"column":2},"end":{"line":20,"column":31}},"12":{"start":{"line":21,"column":2},"end":{"line":21,"column":28}},"13":{"start":{"line":22,"column":2},"end":{"line":22,"column":35}},"14":{"start":{"line":23,"column":2},"end":{"line":23,"column":36}},"15":{"start":{"line":24,"column":2},"end":{"line":24,"column":30}},"16":{"start":{"line":27,"column":0},"end":{"line":32,"column":1}},"17":{"start":{"line":28,"column":2},"end":{"line":28,"column":44}},"18":{"start":{"line":29,"column":2},"end":{"line":29,"column":20}},"19":{"start":{"line":30,"column":2},"end":{"line":30,"column":15}},"20":{"start":{"line":31,"column":2},"end":{"line":31,"column":25}},"21":{"start":{"line":33,"column":0},"end":{"line":40,"column":1}},"22":{"start":{"line":34,"column":2},"end":{"line":34,"column":90}},"23":{"start":{"line":35,"column":2},"end":{"line":35,"column":25}},"24":{"start":{"line":36,"column":2},"end":{"line":36,"column":22}},"25":{"start":{"line":37,"column":2},"end":{"line":37,"column":29}},"26":{"start":{"line":38,"column":2},"end":{"line":38,"column":30}},"27":{"start":{"line":39,"column":2},"end":{"line":39,"column":30}},"28":{"start":{"line":42,"column":0},"end":{"line":49,"column":1}},"29":{"start":{"line":43,"column":2},"end":{"line":43,"column":70}},"30":{"start":{"line":44,"column":2},"end":{"line":44,"column":25}},"31":{"start":{"line":45,"column":2},"end":{"line":45,"column":22}},"32":{"start":{"line":46,"column":2},"end":{"line":46,"column":29}},"33":{"start":{"line":47,"column":2},"end":{"line":47,"column":20}},"34":{"start":{"line":48,"column":2},"end":{"line":48,"column":30}},"35":{"start":{"line":55,"column":0},"end":{"line":61,"column":1}},"36":{"start":{"line":63,"column":0},"end":{"line":63,"column":26}}},"branchMap":{}},"app/amqp-connections/helpers/preFlight.js":{"path":"app/amqp-connections/helpers/preFlight.js","s":{"1":1,"2":0,"3":0,"4":0,"5":0,"6":0,"7":0,"8":0,"9":0,"10":0,"11":0,"12":0,"13":0,"14":1},"b":{"1":[0,0],"2":[0,0]},"f":{"1":0},"fnMap":{"1":{"name":"preFlight","line":8,"loc":{"start":{"line":8,"column":0},"end":{"line":8,"column":43}}}},"statementMap":{"1":{"start":{"line":8,"column":0},"end":{"line":30,"column":1}},"2":{"start":{"line":9,"column":5},"end":{"line":9,"column":34}},"3":{"start":{"line":10,"column":5},"end":{"line":10,"column":20}},"4":{"start":{"line":11,"column":5},"end":{"line":17,"column":6}},"5":{"start":{"line":12,"column":10},"end":{"line":15,"column":13}},"6":{"start":{"line":16,"column":10},"end":{"line":16,"column":23}},"7":{"start":{"line":18,"column":5},"end":{"line":27,"column":6}},"8":{"start":{"line":19,"column":10},"end":{"line":19,"column":42}},"9":{"start":{"line":21,"column":10},"end":{"line":21,"column":43}},"10":{"start":{"line":22,"column":10},"end":{"line":25,"column":13}},"11":{"start":{"line":26,"column":10},"end":{"line":26,"column":23}},"12":{"start":{"line":28,"column":5},"end":{"line":28,"column":38}},"13":{"start":{"line":29,"column":5},"end":{"line":29,"column":18}},"14":{"start":{"line":32,"column":0},"end":{"line":32,"column":27}}},"branchMap":{"1":{"line":11,"type":"if","locations":[{"start":{"line":11,"column":5},"end":{"line":11,"column":5}},{"start":{"line":11,"column":5},"end":{"line":11,"column":5}}]},"2":{"line":11,"type":"binary-expr","locations":[{"start":{"line":11,"column":9},"end":{"line":11,"column":13}},{"start":{"line":11,"column":17},"end":{"line":11,"column":29}}]}}},"app/models/update.js":{"path":"app/models/update.js","s":{"1":1,"2":1,"3":1},"b":{},"f":{},"fnMap":{},"statementMap":{"1":{"start":{"line":1,"column":0},"end":{"line":1,"column":37}},"2":{"start":{"line":3,"column":0},"end":{"line":30,"column":3}},"3":{"start":{"line":32,"column":0},"end":{"line":32,"column":57}}},"branchMap":{}},"app/actions/scanPage/UrlChecker.js":{"path":"app/actions/scanPage/UrlChecker.js","s":{"1":1,"2":1,"3":1,"4":1,"5":1,"6":1,"7":1,"8":1,"9":1,"10":2,"11":2,"12":2,"13":2,"14":2,"15":2,"16":2,"17":2,"18":1,"19":0,"20":0,"21":0,"22":0,"23":0,"24":0,"25":0,"26":1,"27":0,"28":0,"29":0,"30":0,"31":0,"32":0,"33":0,"34":1,"35":0,"36":0,"37":0,"38":0,"39":0,"40":0,"41":0,"42":0,"43":0,"44":0,"45":0,"46":1,"47":0,"48":1,"49":0,"50":1,"51":0,"52":1,"53":0,"54":1,"55":0,"56":0,"57":1,"58":0,"59":0,"60":0,"61":0,"62":0,"63":1,"64":0,"65":0,"66":0,"67":0,"68":0,"69":1,"70":0,"71":0,"72":0,"73":0,"74":0,"75":0,"76":0,"77":0,"78":0,"79":0,"80":0,"81":1,"82":0,"83":0,"84":0,"85":0,"86":1,"87":0,"88":0,"89":0,"90":0,"91":0,"92":0,"93":0,"94":1,"95":0,"96":0,"97":0,"98":0,"99":0,"100":0,"101":0,"102":0,"103":0,"104":0,"105":0,"106":0,"107":0,"108":0,"109":0,"110":0,"111":0,"112":0,"113":0,"114":0,"115":0,"116":0,"117":0,"118":0,"119":0,"120":0,"121":1,"122":2,"123":2,"124":2,"125":2,"126":2,"127":1,"128":0,"129":0,"130":0,"131":0,"132":0,"133":0,"134":1,"135":1,"136":0,"137":1,"138":0,"139":0,"140":0,"141":1,"142":0,"143":1,"144":0,"145":1,"146":0,"147":1,"148":0,"149":1,"150":0,"151":1},"b":{"1":[2,0],"2":[0,0],"3":[0,0],"4":[0,0],"5":[0,0],"6":[0,0],"7":[0,0],"8":[0,0],"9":[0,0],"10":[0,0],"11":[0,0],"12":[0,0],"13":[0,0],"14":[0,0],"15":[0,0],"16":[0,0],"17":[0,0],"18":[0,0],"19":[0,0],"20":[0,0],"21":[0,0],"22":[0,0],"23":[0,0],"24":[0,0],"25":[0,0],"26":[2,0],"27":[0,0],"28":[0,0],"29":[0,0],"30":[0,0]},"f":{"1":2,"2":0,"3":0,"4":0,"5":0,"6":0,"7":0,"8":0,"9":0,"10":0,"11":0,"12":0,"13":0,"14":0,"15":0,"16":0,"17":0,"18":2,"19":0,"20":0,"21":0,"22":0,"23":0,"24":0,"25":0,"26":0,"27":0,"28":0,"29":0},"fnMap":{"1":{"name":"RequestQueue","line":26,"loc":{"start":{"line":26,"column":0},"end":{"line":26,"column":41}}},"2":{"name":"(anonymous_2)","line":38,"loc":{"start":{"line":38,"column":33},"end":{"line":38,"column":47}}},"3":{"name":"(anonymous_3)","line":51,"loc":{"start":{"line":51,"column":33},"end":{"line":51,"column":50}}},"4":{"name":"enqueue","line":73,"loc":{"start":{"line":73,"column":0},"end":{"line":73,"column":34}}},"5":{"name":"(anonymous_5)","line":98,"loc":{"start":{"line":98,"column":32},"end":{"line":98,"column":44}}},"6":{"name":"(anonymous_6)","line":102,"loc":{"start":{"line":102,"column":35},"end":{"line":102,"column":47}}},"7":{"name":"(anonymous_7)","line":106,"loc":{"start":{"line":106,"column":35},"end":{"line":106,"column":47}}},"8":{"name":"(anonymous_8)","line":110,"loc":{"start":{"line":110,"column":31},"end":{"line":110,"column":43}}},"9":{"name":"(anonymous_9)","line":114,"loc":{"start":{"line":114,"column":32},"end":{"line":114,"column":44}}},"10":{"name":"callHandler","line":124,"loc":{"start":{"line":124,"column":0},"end":{"line":124,"column":45}}},"11":{"name":"(anonymous_11)","line":127,"loc":{"start":{"line":127,"column":26},"end":{"line":127,"column":38}}},"12":{"name":"dequeue","line":140,"loc":{"start":{"line":140,"column":0},"end":{"line":140,"column":33}}},"13":{"name":"enqueue","line":153,"loc":{"start":{"line":153,"column":0},"end":{"line":153,"column":34}}},"14":{"name":"getDoneCallback","line":182,"loc":{"start":{"line":182,"column":0},"end":{"line":182,"column":41}}},"15":{"name":"(anonymous_15)","line":183,"loc":{"start":{"line":183,"column":12},"end":{"line":183,"column":24}}},"16":{"name":"remove","line":195,"loc":{"start":{"line":195,"column":0},"end":{"line":195,"column":32}}},"17":{"name":"startNext","line":214,"loc":{"start":{"line":214,"column":0},"end":{"line":214,"column":29}}},"18":{"name":"UrlChecker","line":256,"loc":{"start":{"line":256,"column":0},"end":{"line":256,"column":26}}},"19":{"name":"(anonymous_19)","line":266,"loc":{"start":{"line":266,"column":16},"end":{"line":266,"column":32}}},"20":{"name":"d","line":267,"loc":{"start":{"line":267,"column":15},"end":{"line":267,"column":29}}},"21":{"name":"(anonymous_21)","line":277,"loc":{"start":{"line":277,"column":15},"end":{"line":277,"column":27}}},"22":{"name":"(anonymous_22)","line":283,"loc":{"start":{"line":283,"column":34},"end":{"line":283,"column":46}}},"23":{"name":"(anonymous_23)","line":287,"loc":{"start":{"line":287,"column":31},"end":{"line":287,"column":44}}},"24":{"name":"(anonymous_24)","line":291,"loc":{"start":{"line":291,"column":31},"end":{"line":291,"column":50}}},"25":{"name":"(anonymous_25)","line":309,"loc":{"start":{"line":309,"column":38},"end":{"line":309,"column":50}}},"26":{"name":"(anonymous_26)","line":313,"loc":{"start":{"line":313,"column":38},"end":{"line":313,"column":50}}},"27":{"name":"(anonymous_27)","line":317,"loc":{"start":{"line":317,"column":29},"end":{"line":317,"column":41}}},"28":{"name":"(anonymous_28)","line":321,"loc":{"start":{"line":321,"column":30},"end":{"line":321,"column":42}}},"29":{"name":"(anonymous_29)","line":325,"loc":{"start":{"line":325,"column":34},"end":{"line":325,"column":46}}}},"statementMap":{"1":{"start":{"line":3,"column":0},"end":{"line":3,"column":46}},"2":{"start":{"line":4,"column":0},"end":{"line":4,"column":44}},"3":{"start":{"line":5,"column":0},"end":{"line":5,"column":54}},"4":{"start":{"line":6,"column":0},"end":{"line":6,"column":36}},"5":{"start":{"line":7,"column":0},"end":{"line":7,"column":46}},"6":{"start":{"line":9,"column":0},"end":{"line":9,"column":31}},"7":{"start":{"line":10,"column":0},"end":{"line":10,"column":50}},"8":{"start":{"line":12,"column":0},"end":{"line":24,"column":2}},"9":{"start":{"line":26,"column":0},"end":{"line":36,"column":1}},"10":{"start":{"line":27,"column":5},"end":{"line":27,"column":27}},"11":{"start":{"line":28,"column":5},"end":{"line":28,"column":21}},"12":{"start":{"line":29,"column":5},"end":{"line":29,"column":29}},"13":{"start":{"line":31,"column":5},"end":{"line":31,"column":28}},"14":{"start":{"line":32,"column":5},"end":{"line":32,"column":22}},"15":{"start":{"line":33,"column":5},"end":{"line":33,"column":36}},"16":{"start":{"line":34,"column":5},"end":{"line":34,"column":63}},"17":{"start":{"line":35,"column":5},"end":{"line":35,"column":25}},"18":{"start":{"line":38,"column":0},"end":{"line":49,"column":2}},"19":{"start":{"line":39,"column":5},"end":{"line":39,"column":31}},"20":{"start":{"line":40,"column":5},"end":{"line":40,"column":15}},"21":{"start":{"line":42,"column":5},"end":{"line":44,"column":6}},"22":{"start":{"line":43,"column":10},"end":{"line":43,"column":43}},"23":{"start":{"line":46,"column":5},"end":{"line":46,"column":25}},"24":{"start":{"line":47,"column":5},"end":{"line":47,"column":24}},"25":{"start":{"line":48,"column":5},"end":{"line":48,"column":17}},"26":{"start":{"line":51,"column":0},"end":{"line":68,"column":2}},"27":{"start":{"line":52,"column":5},"end":{"line":52,"column":19}},"28":{"start":{"line":55,"column":5},"end":{"line":59,"column":6}},"29":{"start":{"line":56,"column":10},"end":{"line":58,"column":12}},"30":{"start":{"line":61,"column":5},"end":{"line":61,"column":38}},"31":{"start":{"line":63,"column":5},"end":{"line":65,"column":6}},"32":{"start":{"line":64,"column":10},"end":{"line":64,"column":26}},"33":{"start":{"line":67,"column":5},"end":{"line":67,"column":22}},"34":{"start":{"line":73,"column":0},"end":{"line":96,"column":1}},"35":{"start":{"line":74,"column":5},"end":{"line":74,"column":59}},"36":{"start":{"line":75,"column":5},"end":{"line":75,"column":23}},"37":{"start":{"line":77,"column":5},"end":{"line":79,"column":6}},"38":{"start":{"line":78,"column":10},"end":{"line":78,"column":42}},"39":{"start":{"line":81,"column":5},"end":{"line":81,"column":45}},"40":{"start":{"line":81,"column":21},"end":{"line":81,"column":45}},"41":{"start":{"line":83,"column":5},"end":{"line":85,"column":6}},"42":{"start":{"line":84,"column":10},"end":{"line":84,"column":44}},"43":{"start":{"line":87,"column":5},"end":{"line":92,"column":7}},"44":{"start":{"line":93,"column":5},"end":{"line":93,"column":37}},"45":{"start":{"line":95,"column":5},"end":{"line":95,"column":15}},"46":{"start":{"line":98,"column":0},"end":{"line":100,"column":2}},"47":{"start":{"line":99,"column":5},"end":{"line":99,"column":59}},"48":{"start":{"line":102,"column":0},"end":{"line":104,"column":2}},"49":{"start":{"line":103,"column":5},"end":{"line":103,"column":31}},"50":{"start":{"line":106,"column":0},"end":{"line":108,"column":2}},"51":{"start":{"line":107,"column":5},"end":{"line":107,"column":38}},"52":{"start":{"line":110,"column":0},"end":{"line":112,"column":2}},"53":{"start":{"line":111,"column":5},"end":{"line":111,"column":24}},"54":{"start":{"line":114,"column":0},"end":{"line":117,"column":2}},"55":{"start":{"line":115,"column":5},"end":{"line":115,"column":25}},"56":{"start":{"line":116,"column":5},"end":{"line":116,"column":21}},"57":{"start":{"line":124,"column":0},"end":{"line":135,"column":1}},"58":{"start":{"line":125,"column":5},"end":{"line":134,"column":6}},"59":{"start":{"line":126,"column":10},"end":{"line":133,"column":11}},"60":{"start":{"line":127,"column":15},"end":{"line":130,"column":27}},"61":{"start":{"line":128,"column":20},"end":{"line":128,"column":46}},"62":{"start":{"line":132,"column":15},"end":{"line":132,"column":41}},"63":{"start":{"line":140,"column":0},"end":{"line":148,"column":1}},"64":{"start":{"line":141,"column":5},"end":{"line":141,"column":62}},"65":{"start":{"line":143,"column":5},"end":{"line":143,"column":38}},"66":{"start":{"line":143,"column":25},"end":{"line":143,"column":38}},"67":{"start":{"line":145,"column":5},"end":{"line":145,"column":50}},"68":{"start":{"line":147,"column":5},"end":{"line":147,"column":17}},"69":{"start":{"line":153,"column":0},"end":{"line":176,"column":1}},"70":{"start":{"line":154,"column":5},"end":{"line":154,"column":59}},"71":{"start":{"line":155,"column":5},"end":{"line":155,"column":23}},"72":{"start":{"line":157,"column":5},"end":{"line":159,"column":6}},"73":{"start":{"line":158,"column":10},"end":{"line":158,"column":42}},"74":{"start":{"line":161,"column":5},"end":{"line":161,"column":45}},"75":{"start":{"line":161,"column":21},"end":{"line":161,"column":45}},"76":{"start":{"line":163,"column":5},"end":{"line":165,"column":6}},"77":{"start":{"line":164,"column":10},"end":{"line":164,"column":44}},"78":{"start":{"line":167,"column":5},"end":{"line":172,"column":7}},"79":{"start":{"line":173,"column":5},"end":{"line":173,"column":37}},"80":{"start":{"line":175,"column":5},"end":{"line":175,"column":15}},"81":{"start":{"line":182,"column":0},"end":{"line":190,"column":1}},"82":{"start":{"line":183,"column":5},"end":{"line":189,"column":7}},"83":{"start":{"line":184,"column":10},"end":{"line":184,"column":35}},"84":{"start":{"line":186,"column":10},"end":{"line":186,"column":33}},"85":{"start":{"line":188,"column":10},"end":{"line":188,"column":30}},"86":{"start":{"line":195,"column":0},"end":{"line":209,"column":1}},"87":{"start":{"line":196,"column":5},"end":{"line":196,"column":42}},"88":{"start":{"line":198,"column":5},"end":{"line":200,"column":6}},"89":{"start":{"line":199,"column":10},"end":{"line":199,"column":52}},"90":{"start":{"line":202,"column":5},"end":{"line":202,"column":36}},"91":{"start":{"line":204,"column":5},"end":{"line":208,"column":6}},"92":{"start":{"line":205,"column":10},"end":{"line":205,"column":31}},"93":{"start":{"line":207,"column":10},"end":{"line":207,"column":49}},"94":{"start":{"line":214,"column":0},"end":{"line":254,"column":1}},"95":{"start":{"line":215,"column":5},"end":{"line":215,"column":81}},"96":{"start":{"line":216,"column":5},"end":{"line":216,"column":15}},"97":{"start":{"line":217,"column":5},"end":{"line":217,"column":38}},"98":{"start":{"line":219,"column":5},"end":{"line":219,"column":42}},"99":{"start":{"line":219,"column":35},"end":{"line":219,"column":42}},"100":{"start":{"line":220,"column":5},"end":{"line":220,"column":39}},"101":{"start":{"line":220,"column":32},"end":{"line":220,"column":39}},"102":{"start":{"line":222,"column":5},"end":{"line":253,"column":6}},"103":{"start":{"line":223,"column":10},"end":{"line":223,"column":27}},"104":{"start":{"line":224,"column":10},"end":{"line":224,"column":63}},"105":{"start":{"line":227,"column":10},"end":{"line":236,"column":11}},"106":{"start":{"line":228,"column":15},"end":{"line":235,"column":16}},"107":{"start":{"line":230,"column":20},"end":{"line":230,"column":63}},"108":{"start":{"line":231,"column":20},"end":{"line":231,"column":36}},"109":{"start":{"line":232,"column":22},"end":{"line":235,"column":16}},"110":{"start":{"line":233,"column":20},"end":{"line":233,"column":61}},"111":{"start":{"line":234,"column":20},"end":{"line":234,"column":36}},"112":{"start":{"line":238,"column":10},"end":{"line":252,"column":11}},"113":{"start":{"line":239,"column":15},"end":{"line":239,"column":40}},"114":{"start":{"line":240,"column":15},"end":{"line":240,"column":34}},"115":{"start":{"line":242,"column":15},"end":{"line":242,"column":38}},"116":{"start":{"line":244,"column":15},"end":{"line":244,"column":43}},"117":{"start":{"line":246,"column":15},"end":{"line":246,"column":134}},"118":{"start":{"line":248,"column":15},"end":{"line":248,"column":48}},"119":{"start":{"line":248,"column":42},"end":{"line":248,"column":48}},"120":{"start":{"line":251,"column":15},"end":{"line":251,"column":19}},"121":{"start":{"line":256,"column":0},"end":{"line":281,"column":1}},"122":{"start":{"line":257,"column":5},"end":{"line":257,"column":18}},"123":{"start":{"line":258,"column":5},"end":{"line":258,"column":29}},"124":{"start":{"line":259,"column":5},"end":{"line":259,"column":40}},"125":{"start":{"line":260,"column":5},"end":{"line":260,"column":21}},"126":{"start":{"line":261,"column":5},"end":{"line":280,"column":8}},"127":{"start":{"line":267,"column":15},"end":{"line":270,"column":16}},"128":{"start":{"line":268,"column":20},"end":{"line":268,"column":73}},"129":{"start":{"line":269,"column":20},"end":{"line":269,"column":24}},"130":{"start":{"line":271,"column":15},"end":{"line":275,"column":16}},"131":{"start":{"line":272,"column":20},"end":{"line":272,"column":79}},"132":{"start":{"line":274,"column":20},"end":{"line":274,"column":88}},"133":{"start":{"line":278,"column":15},"end":{"line":278,"column":47}},"134":{"start":{"line":283,"column":0},"end":{"line":285,"column":2}},"135":{"start":{"line":287,"column":0},"end":{"line":289,"column":2}},"136":{"start":{"line":288,"column":5},"end":{"line":288,"column":38}},"137":{"start":{"line":291,"column":0},"end":{"line":307,"column":2}},"138":{"start":{"line":292,"column":5},"end":{"line":306,"column":8}},"139":{"start":{"line":292,"column":66},"end":{"line":298,"column":8}},"140":{"start":{"line":299,"column":10},"end":{"line":306,"column":8}},"141":{"start":{"line":309,"column":0},"end":{"line":311,"column":2}},"142":{"start":{"line":310,"column":5},"end":{"line":310,"column":39}},"143":{"start":{"line":313,"column":0},"end":{"line":315,"column":2}},"144":{"start":{"line":314,"column":5},"end":{"line":314,"column":39}},"145":{"start":{"line":317,"column":0},"end":{"line":319,"column":2}},"146":{"start":{"line":318,"column":5},"end":{"line":318,"column":35}},"147":{"start":{"line":321,"column":0},"end":{"line":323,"column":2}},"148":{"start":{"line":322,"column":5},"end":{"line":322,"column":36}},"149":{"start":{"line":325,"column":0},"end":{"line":327,"column":2}},"150":{"start":{"line":326,"column":5},"end":{"line":326,"column":23}},"151":{"start":{"line":329,"column":0},"end":{"line":329,"column":28}}},"branchMap":{"1":{"line":33,"type":"binary-expr","locations":[{"start":{"line":33,"column":21},"end":{"line":33,"column":29}},{"start":{"line":33,"column":33},"end":{"line":33,"column":35}}]},"2":{"line":42,"type":"if","locations":[{"start":{"line":42,"column":5},"end":{"line":42,"column":5}},{"start":{"line":42,"column":5},"end":{"line":42,"column":5}}]},"3":{"line":42,"type":"binary-expr","locations":[{"start":{"line":42,"column":9},"end":{"line":42,"column":27}},{"start":{"line":42,"column":31},"end":{"line":42,"column":51}}]},"4":{"line":55,"type":"if","locations":[{"start":{"line":55,"column":5},"end":{"line":55,"column":5}},{"start":{"line":55,"column":5},"end":{"line":55,"column":5}}]},"5":{"line":55,"type":"binary-expr","locations":[{"start":{"line":55,"column":9},"end":{"line":55,"column":34}},{"start":{"line":55,"column":38},"end":{"line":55,"column":70}}]},"6":{"line":63,"type":"if","locations":[{"start":{"line":63,"column":5},"end":{"line":63,"column":5}},{"start":{"line":63,"column":5},"end":{"line":63,"column":5}}]},"7":{"line":77,"type":"if","locations":[{"start":{"line":77,"column":5},"end":{"line":77,"column":5}},{"start":{"line":77,"column":5},"end":{"line":77,"column":5}}]},"8":{"line":81,"type":"if","locations":[{"start":{"line":81,"column":5},"end":{"line":81,"column":5}},{"start":{"line":81,"column":5},"end":{"line":81,"column":5}}]},"9":{"line":83,"type":"if","locations":[{"start":{"line":83,"column":5},"end":{"line":83,"column":5}},{"start":{"line":83,"column":5},"end":{"line":83,"column":5}}]},"10":{"line":125,"type":"if","locations":[{"start":{"line":125,"column":5},"end":{"line":125,"column":5}},{"start":{"line":125,"column":5},"end":{"line":125,"column":5}}]},"11":{"line":126,"type":"if","locations":[{"start":{"line":126,"column":10},"end":{"line":126,"column":10}},{"start":{"line":126,"column":10},"end":{"line":126,"column":10}}]},"12":{"line":143,"type":"if","locations":[{"start":{"line":143,"column":5},"end":{"line":143,"column":5}},{"start":{"line":143,"column":5},"end":{"line":143,"column":5}}]},"13":{"line":157,"type":"if","locations":[{"start":{"line":157,"column":5},"end":{"line":157,"column":5}},{"start":{"line":157,"column":5},"end":{"line":157,"column":5}}]},"14":{"line":161,"type":"if","locations":[{"start":{"line":161,"column":5},"end":{"line":161,"column":5}},{"start":{"line":161,"column":5},"end":{"line":161,"column":5}}]},"15":{"line":163,"type":"if","locations":[{"start":{"line":163,"column":5},"end":{"line":163,"column":5}},{"start":{"line":163,"column":5},"end":{"line":163,"column":5}}]},"16":{"line":198,"type":"if","locations":[{"start":{"line":198,"column":5},"end":{"line":198,"column":5}},{"start":{"line":198,"column":5},"end":{"line":198,"column":5}}]},"17":{"line":204,"type":"if","locations":[{"start":{"line":204,"column":5},"end":{"line":204,"column":5}},{"start":{"line":204,"column":5},"end":{"line":204,"column":5}}]},"18":{"line":204,"type":"binary-expr","locations":[{"start":{"line":204,"column":9},"end":{"line":204,"column":43}},{"start":{"line":204,"column":47},"end":{"line":204,"column":74}}]},"19":{"line":219,"type":"if","locations":[{"start":{"line":219,"column":5},"end":{"line":219,"column":5}},{"start":{"line":219,"column":5},"end":{"line":219,"column":5}}]},"20":{"line":220,"type":"if","locations":[{"start":{"line":220,"column":5},"end":{"line":220,"column":5}},{"start":{"line":220,"column":5},"end":{"line":220,"column":5}}]},"21":{"line":227,"type":"if","locations":[{"start":{"line":227,"column":10},"end":{"line":227,"column":10}},{"start":{"line":227,"column":10},"end":{"line":227,"column":10}}]},"22":{"line":228,"type":"if","locations":[{"start":{"line":228,"column":15},"end":{"line":228,"column":15}},{"start":{"line":228,"column":15},"end":{"line":228,"column":15}}]},"23":{"line":232,"type":"if","locations":[{"start":{"line":232,"column":22},"end":{"line":232,"column":22}},{"start":{"line":232,"column":22},"end":{"line":232,"column":22}}]},"24":{"line":238,"type":"if","locations":[{"start":{"line":238,"column":10},"end":{"line":238,"column":10}},{"start":{"line":238,"column":10},"end":{"line":238,"column":10}}]},"25":{"line":248,"type":"if","locations":[{"start":{"line":248,"column":15},"end":{"line":248,"column":15}},{"start":{"line":248,"column":15},"end":{"line":248,"column":15}}]},"26":{"line":258,"type":"binary-expr","locations":[{"start":{"line":258,"column":21},"end":{"line":258,"column":22}},{"start":{"line":258,"column":26},"end":{"line":258,"column":28}}]},"27":{"line":271,"type":"if","locations":[{"start":{"line":271,"column":15},"end":{"line":271,"column":15}},{"start":{"line":271,"column":15},"end":{"line":271,"column":15}}]},"28":{"line":292,"type":"if","locations":[{"start":{"line":292,"column":5},"end":{"line":292,"column":5}},{"start":{"line":292,"column":5},"end":{"line":292,"column":5}}]},"29":{"line":292,"type":"binary-expr","locations":[{"start":{"line":292,"column":9},"end":{"line":292,"column":30}},{"start":{"line":292,"column":34},"end":{"line":292,"column":64}}]},"30":{"line":300,"type":"binary-expr","locations":[{"start":{"line":300,"column":30},"end":{"line":300,"column":31}},{"start":{"line":300,"column":35},"end":{"line":300,"column":37}}]}}},"app/actions/scanPage/internal/checkUrl.js":{"path":"app/actions/scanPage/internal/checkUrl.js","s":{"1":1,"2":1,"3":1,"4":1,"5":1,"6":1,"7":1,"8":0,"9":0,"10":0,"11":0,"12":0,"13":0,"14":0,"15":0,"16":0,"17":0,"18":0,"19":0,"20":0,"21":0,"22":0,"23":0,"24":0,"25":0,"26":0,"27":0,"28":0,"29":0,"30":0,"31":1,"32":0,"33":0,"34":0,"35":0,"36":0,"37":0,"38":0,"39":0,"40":0,"41":0,"42":0,"43":0,"44":0,"45":0,"46":0,"47":0,"48":1},"b":{"1":[0,0],"2":[0,0],"3":[0,0],"4":[0,0],"5":[0,0],"6":[0,0,0,0],"7":[0,0],"8":[0,0],"9":[0,0],"10":[0,0],"11":[0,0],"12":[0,0]},"f":{"1":0,"2":0,"3":0,"4":0,"5":0},"fnMap":{"1":{"name":"checkUrl","line":12,"loc":{"start":{"line":12,"column":0},"end":{"line":12,"column":56}}},"2":{"name":"(anonymous_2)","line":50,"loc":{"start":{"line":50,"column":23},"end":{"line":50,"column":43}}},"3":{"name":"(anonymous_3)","line":62,"loc":{"start":{"line":62,"column":17},"end":{"line":62,"column":34}}},"4":{"name":"(anonymous_4)","line":73,"loc":{"start":{"line":73,"column":30},"end":{"line":73,"column":50}}},"5":{"name":"copyResponseData","line":87,"loc":{"start":{"line":87,"column":0},"end":{"line":87,"column":51}}}},"statementMap":{"1":{"start":{"line":2,"column":0},"end":{"line":
[...]
:{"line":76,"column":10}}]},"14":{"line":79,"type":"if","locations":[{"start":{"line":79,"column":10},"end":{"line":79,"column":10}},{"start":{"line":79,"column":10},"end":{"line":79,"column":10}}]},"15":{"line":85,"type":"if","locations":[{"start":{"line":85,"column":15},"end":{"line":85,"column":15}},{"start":{"line":85,"column":15},"end":{"line":85,"column":15}}]},"16":{"line":88,"type":"if","locations":[{"start":{"line":88,"column":15},"end":{"line":88,"column":15}},{"start":{"line":88,"column":15},"end":{"line":88,"column":15}}]},"17":{"line":91,"type":"if","locations":[{"start":{"line":91,"column":15},"end":{"line":91,"column":15}},{"start":{"line":91,"column":15},"end":{"line":91,"column":15}}]},"18":{"line":94,"type":"if","locations":[{"start":{"line":94,"column":15},"end":{"line":94,"column":15}},{"start":{"line":94,"column":15},"end":{"line":94,"column":15}}]},"19":{"line":94,"type":"binary-expr","locations":[{"start":{"line":94,"column":19},"end":{"line":94,"column":42}},{"start":{"line":94,"column":46},"end":{"line":94,"column":69}}]},"20":{"line":101,"type":"cond-expr","locations":[{"start":{"line":101,"column":46},"end":{"line":101,"column":50}},{"start":{"line":101,"column":53},"end":{"line":101,"column":58}}]},"21":{"line":102,"type":"if","locations":[{"start":{"line":102,"column":10},"end":{"line":102,"column":10}},{"start":{"line":102,"column":10},"end":{"line":102,"column":10}}]},"22":{"line":105,"type":"if","locations":[{"start":{"line":105,"column":10},"end":{"line":105,"column":10}},{"start":{"line":105,"column":10},"end":{"line":105,"column":10}}]},"23":{"line":105,"type":"binary-expr","locations":[{"start":{"line":105,"column":14},"end":{"line":105,"column":36}},{"start":{"line":106,"column":15},"end":{"line":106,"column":35}},{"start":{"line":107,"column":15},"end":{"line":107,"column":39}},{"start":{"line":108,"column":15},"end":{"line":108,"column":35}},{"start":{"line":109,"column":16},"end":{"line":109,"column":30}},{"start":{"line":109,"column":34},"end":{"line":109,"column":61}}]},"24":{"line":118,"type":"cond-expr","locations":[{"start":{"line":118,"column":49},"end":{"line":118,"column":70}},{"start":{"line":118,"column":73},"end":{"line":118,"column":74}}]}}},"app/settings/requests/links/process.js":{"path":"app/settings/requests/links/process.js","s":{"1":1,"2":1,"3":0,"4":0,"5":1,"6":0,"7":0,"8":0,"9":0,"10":0,"11":0,"12":0,"13":0,"14":0,"15":0,"16":0,"17":0,"18":0,"19":0,"20":0,"21":0,"22":0,"23":0,"24":0,"25":0,"26":0,"27":0,"28":0,"29":0,"30":0,"31":0,"32":0,"33":0,"34":0,"35":0,"36":0,"37":0,"38":0,"39":0,"40":0,"41":0,"42":0,"43":1},"b":{"1":[0,0],"2":[0,0],"3":[0,0]},"f":{"1":0,"2":0,"3":0,"4":0,"5":0,"6":0,"7":0,"8":0,"9":0},"fnMap":{"1":{"name":"updateCount","line":18,"loc":{"start":{"line":18,"column":0},"end":{"line":18,"column":56}}},"2":{"name":"processLinks","line":38,"loc":{"start":{"line":38,"column":0},"end":{"line":38,"column":54}}},"3":{"name":"(anonymous_3)","line":48,"loc":{"start":{"line":48,"column":19},"end":{"line":48,"column":35}}},"4":{"name":"(anonymous_4)","line":72,"loc":{"start":{"line":72,"column":29},"end":{"line":72,"column":47}}},"5":{"name":"(anonymous_5)","line":83,"loc":{"start":{"line":83,"column":61},"end":{"line":83,"column":77}}},"6":{"name":"(anonymous_6)","line":85,"loc":{"start":{"line":85,"column":32},"end":{"line":85,"column":51}}},"7":{"name":"(anonymous_7)","line":99,"loc":{"start":{"line":99,"column":28},"end":{"line":99,"column":49}}},"8":{"name":"(anonymous_8)","line":109,"loc":{"start":{"line":109,"column":29},"end":{"line":109,"column":44}}},"9":{"name":"(anonymous_9)","line":114,"loc":{"start":{"line":114,"column":19},"end":{"line":114,"column":34}}}},"statementMap":{"1":{"start":{"line":1,"column":0},"end":{"line":9,"column":22}},"2":{"start":{"line":18,"column":0},"end":{"line":30,"column":2}},"3":{"start":{"line":19,"column":6},"end":{"line":28,"column":7}},"4":{"start":{"line":29,"column":6},"end":{"line":29,"column":62}},"5":{"start":{"line":38,"column":0},"end":{"line":125,"column":1}},"6":{"start":{"line":39,"column":5},"end":{"line":39,"column":29}},"7":{"start":{"line":40,"column":5},"end":{"line":40,"column":27}},"8":{"start":{"line":41,"column":5},"end":{"line":41,"column":27}},"9":{"start":{"line":42,"column":5},"end":{"line":42,"column":34}},"10":{"start":{"line":44,"column":5},"end":{"line":44,"column":46}},"11":{"start":{"line":45,"column":5},"end":{"line":45,"column":23}},"12":{"start":{"line":46,"column":5},"end":{"line":46,"column":22}},"13":{"start":{"line":48,"column":5},"end":{"line":68,"column":8}},"14":{"start":{"line":49,"column":10},"end":{"line":49,"column":64}},"15":{"start":{"line":50,"column":10},"end":{"line":67,"column":11}},"16":{"start":{"line":51,"column":15},"end":{"line":64,"column":18}},"17":{"start":{"line":65,"column":15},"end":{"line":65,"column":33}},"18":{"start":{"line":66,"column":15},"end":{"line":66,"column":38}},"19":{"start":{"line":70,"column":5},"end":{"line":70,"column":26}},"20":{"start":{"line":72,"column":5},"end":{"line":123,"column":8}},"21":{"start":{"line":73,"column":10},"end":{"line":73,"column":46}},"22":{"start":{"line":74,"column":10},"end":{"line":76,"column":11}},"23":{"start":{"line":75,"column":12},"end":{"line":75,"column":263}},"24":{"start":{"line":80,"column":10},"end":{"line":80,"column":41}},"25":{"start":{"line":81,"column":10},"end":{"line":81,"column":49}},"26":{"start":{"line":83,"column":10},"end":{"line":122,"column":13}},"27":{"start":{"line":84,"column":15},"end":{"line":84,"column":72}},"28":{"start":{"line":85,"column":15},"end":{"line":113,"column":18}},"29":{"start":{"line":86,"column":20},"end":{"line":86,"column":41}},"30":{"start":{"line":87,"column":20},"end":{"line":94,"column":24}},"31":{"start":{"line":95,"column":20},"end":{"line":112,"column":22}},"32":{"start":{"line":100,"column":25},"end":{"line":100,"column":83}},"33":{"start":{"line":101,"column":25},"end":{"line":101,"column":38}},"34":{"start":{"line":102,"column":25},"end":{"line":104,"column":26}},"35":{"start":{"line":103,"column":27},"end":{"line":103,"column":37}},"36":{"start":{"line":105,"column":25},"end":{"line":108,"column":28}},"37":{"start":{"line":110,"column":25},"end":{"line":110,"column":79}},"38":{"start":{"line":111,"column":25},"end":{"line":111,"column":45}},"39":{"start":{"line":115,"column":15},"end":{"line":115,"column":72}},"40":{"start":{"line":116,"column":15},"end":{"line":116,"column":65}},"41":{"start":{"line":120,"column":15},"end":{"line":120,"column":285}},"42":{"start":{"line":124,"column":5},"end":{"line":124,"column":28}},"43":{"start":{"line":126,"column":0},"end":{"line":126,"column":30}}},"branchMap":{"1":{"line":50,"type":"if","locations":[{"start":{"line":50,"column":10},"end":{"line":50,"column":10}},{"start":{"line":50,"column":10},"end":{"line":50,"column":10}}]},"2":{"line":74,"type":"if","locations":[{"start":{"line":74,"column":10},"end":{"line":74,"column":10}},{"start":{"line":74,"column":10},"end":{"line":74,"column":10}}]},"3":{"line":102,"type":"if","locations":[{"start":{"line":102,"column":25},"end":{"line":102,"column":25}},{"start":{"line":102,"column":25},"end":{"line":102,"column":25}}]}}},"app/settings/requests/capture/publish.js":{"path":"app/settings/requests/capture/publish.js","s":{"1":1,"2":1,"3":0,"4":0,"5":0,"6":0,"7":0,"8":1},"b":{"1":[0,0],"2":[0,0,0]},"f":{"1":0,"2":0,"3":0},"fnMap":{"1":{"name":"publishCaptures","line":7,"loc":{"start":{"line":7,"column":0},"end":{"line":7,"column":37}}},"2":{"name":"(anonymous_2)","line":18,"loc":{"start":{"line":18,"column":18},"end":{"line":18,"column":39}}},"3":{"name":"(anonymous_3)","line":20,"loc":{"start":{"line":20,"column":19},"end":{"line":20,"column":34}}}},"statementMap":{"1":{"start":{"line":1,"column":0},"end":{"line":1,"column":63}},"2":{"start":{"line":7,"column":0},"end":{"line":25,"column":1}},"3":{"start":{"line":8,"column":5},"end":{"line":23,"column":6}},"4":{"start":{"line":9,"column":10},"end":{"line":22,"column":13}},"5":{"start":{"line":19,"column":15},"end":{"line":19,"column":48}},"6":{"start":{"line":21,"column":15},"end":{"line":21,"column":55}},"7":{"start":{"line":24,"column":5},"end":{"line":24,"column":12}},"8":{"start":{"line":27,"column":0},"end":{"line":27,"column":33}}},"branchMap":{"1":{"line":8,"type":"if","locations":[{"start":{"line":8,"column":5},"end":{"line":8,"column":5}},{"start":{"line":8,"column":5},"end":{"line":8,"column":5}}]},"2":{"line":8,"type":"binary-expr","locations":[{"start":{"line":8,"column":9},"end":{"line":8,"column":22}},{"start":{"line":8,"column":26},"end":{"line":8,"column":44}},{"start":{"line":8,"column":48},"end":{"line":8,"column":84}}]}}},"app/models/capture.js":{"path":"app/models/capture.js","s":{"1":1,"2":1,"3":1},"b":{},"f":{},"fnMap":{},"statementMap":{"1":{"start":{"line":1,"column":0},"end":{"line":1,"column":37}},"2":{"start":{"line":3,"column":0},"end":{"line":39,"column":3}},"3":{"start":{"line":41,"column":0},"end":{"line":41,"column":59}}},"branchMap":{}},"app/settings/requests/capture.js":{"path":"app/settings/requests/capture.js","s":{"1":1,"2":1,"3":1,"4":0,"5":0,"6":0,"7":0,"8":0,"9":0,"10":0,"11":0,"12":0,"13":0,"14":0,"15":0,"16":1},"b":{},"f":{"1":0,"2":0,"3":0},"fnMap":{"1":{"name":"_capture","line":4,"loc":{"start":{"line":4,"column":0},"end":{"line":4,"column":23}}},"2":{"name":"(anonymous_2)","line":11,"loc":{"start":{"line":11,"column":41},"end":{"line":11,"column":56}}},"3":{"name":"(anonymous_3)","line":20,"loc":{"start":{"line":20,"column":14},"end":{"line":20,"column":29}}}},"statementMap":{"1":{"start":{"line":1,"column":0},"end":{"line":1,"column":65}},"2":{"start":{"line":2,"column":0},"end":{"line":2,"column":21}},"3":{"start":{"line":4,"column":0},"end":{"line":25,"column":1}},"4":{"start":{"line":5,"column":5},"end":{"line":5,"column":29}},"5":{"start":{"line":6,"column":5},"end":{"line":6,"column":41}},"6":{"start":{"line":7,"column":5},"end":{"line":7,"column":25}},"7":{"start":{"line":8,"column":5},"end":{"line":8,"column":29}},"8":{"start":{"line":9,"column":5},"end":{"line":9,"column":37}},"9":{"start":{"line":10,"column":5},"end":{"line":10,"column":60}},"10":{"start":{"line":11,"column":5},"end":{"line":23,"column":8}},"11":{"start":{"line":12,"column":10},"end":{"line":12,"column":46}},"12":{"start":{"line":13,"column":10},"end":{"line":19,"column":13}},"13":{"start":{"line":21,"column":10},"end":{"line":21,"column":44}},"14":{"start":{"line":22,"column":10},"end":{"line":22,"column":30}},"15":{"start":{"line":24,"column":5},"end":{"line":24,"column":28}},"16":{"start":{"line":27,"column":0},"end":{"line":27,"column":26}}},"branchMap":{}},"app/amqp-connections/consumers/summary.js":{"path":"app/amqp-connections/consumers/summary.js","s":{"1":1,"2":1,"3":0,"4":0,"5":0,"6":0,"7":0,"8":0,"9":0,"10":0,"11":0,"12":0,"13":0,"14":0,"15":0,"16":0,"17":0,"18":0,"19":0,"20":0,"21":0,"22":1},"b":{"1":[0,0],"2":[0,0],"3":[0,0],"4":[0,0],"5":[0,0]},"f":{"1":0,"2":0,"3":0},"fnMap":{"1":{"name":"processSummary","line":13,"loc":{"start":{"line":13,"column":0},"end":{"line":13,"column":32}}},"2":{"name":"(anonymous_2)","line":17,"loc":{"start":{"line":17,"column":36},"end":{"line":17,"column":56}}},"3":{"name":"(anonymous_3)","line":26,"loc":{"start":{"line":26,"column":14},"end":{"line":26,"column":29}}}},"statementMap":{"1":{"start":{"line":1,"column":0},"end":{"line":7,"column":62}},"2":{"start":{"line":13,"column":0},"end":{"line":132,"column":1}},"3":{"start":{"line":14,"column":5},"end":{"line":14,"column":35}},"4":{"start":{"line":16,"column":5},"end":{"line":16,"column":26}},"5":{"start":{"line":17,"column":5},"end":{"line":131,"column":7}},"6":{"start":{"line":18,"column":10},"end":{"line":18,"column":70}},"7":{"start":{"line":19,"column":10},"end":{"line":19,"column":43}},"8":{"start":{"line":20,"column":10},"end":{"line":24,"column":11}},"9":{"start":{"line":22,"column":12},"end":{"line":22,"column":28}},"10":{"start":{"line":25,"column":10},"end":{"line":25,"column":22}},"11":{"start":{"line":27,"column":10},"end":{"line":27,"column":65}},"12":{"start":{"line":100,"column":12},"end":{"line":104,"column":14}},"13":{"start":{"line":106,"column":10},"end":{"line":108,"column":11}},"14":{"start":{"line":110,"column":10},"end":{"line":116,"column":11}},"15":{"start":{"line":111,"column":12},"end":{"line":111,"column":25}},"16":{"start":{"line":112,"column":17},"end":{"line":116,"column":11}},"17":{"start":{"line":113,"column":12},"end":{"line":113,"column":24}},"18":{"start":{"line":114,"column":12},"end":{"line":114,"column":39}},"19":{"start":{"line":115,"column":12},"end":{"line":115,"column":22}},"20":{"start":{"line":117,"column":10},"end":{"line":119,"column":11}},"21":{"start":{"line":118,"column":14},"end":{"line":118,"column":21}},"22":{"start":{"line":133,"column":0},"end":{"line":133,"column":32}}},"branchMap":{"1":{"line":20,"type":"if","locations":[{"start":{"line":20,"column":10},"end":{"line":20,"column":10}},{"start":{"line":20,"column":10},"end":{"line":20,"column":10}}]},"2":{"line":106,"type":"if","locations":[{"start":{"line":106,"column":10},"end":{"line":106,"column":10}},{"start":{"line":106,"column":10},"end":{"line":106,"column":10}}]},"3":{"line":110,"type":"if","locations":[{"start":{"line":110,"column":10},"end":{"line":110,"column":10}},{"start":{"line":110,"column":10},"end":{"line":110,"column":10}}]},"4":{"line":112,"type":"if","locations":[{"start":{"line":112,"column":17},"end":{"line":112,"column":17}},{"start":{"line":112,"column":17},"end":{"line":112,"column":17}}]},"5":{"line":117,"type":"if","locations":[{"start":{"line":117,"column":10},"end":{"line":117,"column":10}},{"start":{"line":117,"column":10},"end":{"line":117,"column":10}}]}}},"app/amqp-connections/consumers/link.js":{"path":"app/amqp-connections/consumers/link.js","s":{"1":1,"2":1,"3":1,"4":0,"5":0,"6":0,"7":0,"8":0,"9":0,"10":0,"11":0,"12":0,"13":1},"b":{},"f":{"1":0,"2":0,"3":0},"fnMap":{"1":{"name":"processLink","line":9,"loc":{"start":{"line":9,"column":0},"end":{"line":9,"column":29}}},"2":{"name":"(anonymous_2)","line":12,"loc":{"start":{"line":12,"column":36},"end":{"line":12,"column":50}}},"3":{"name":"(anonymous_3)","line":26,"loc":{"start":{"line":26,"column":14},"end":{"line":26,"column":29}}}},"statementMap":{"1":{"start":{"line":1,"column":0},"end":{"line":1,"column":37}},"2":{"start":{"line":2,"column":0},"end":{"line":2,"column":50}},"3":{"start":{"line":9,"column":0},"end":{"line":31,"column":1}},"4":{"start":{"line":10,"column":5},"end":{"line":10,"column":49}},"5":{"start":{"line":11,"column":5},"end":{"line":11,"column":23}},"6":{"start":{"line":12,"column":5},"end":{"line":30,"column":8}},"7":{"start":{"line":13,"column":10},"end":{"line":13,"column":79}},"8":{"start":{"line":14,"column":10},"end":{"line":14,"column":58}},"9":{"start":{"line":25,"column":10},"end":{"line":25,"column":22}},"10":{"start":{"line":27,"column":10},"end":{"line":27,"column":58}},"11":{"start":{"line":28,"column":10},"end":{"line":28,"column":22}},"12":{"start":{"line":29,"column":10},"end":{"line":29,"column":36}},"13":{"start":{"line":32,"column":0},"end":{"line":32,"column":29}}},"branchMap":{}},"app/amqp-connections/consumers/page.js":{"path":"app/amqp-connections/consumers/page.js","s":{"1":1,"2":1,"3":1,"4":0,"5":0,"6":0,"7":0,"8":0,"9":0,"10":0,"11":0,"12":0,"13":1},"b":{},"f":{"1":0,"2":0,"3":0},"fnMap":{"1":{"name":"processPage","line":10,"loc":{"start":{"line":10,"column":0},"end":{"line":10,"column":29}}},"2":{"name":"(anonymous_2)","line":13,"loc":{"start":{"line":13,"column":35},"end":{"line":13,"column":75}}},"3":{"name":"(anonymous_3)","line":28,"loc":{"start":{"line":28,"column":13},"end":{"line":28,"column":28}}}},"statementMap":{"1":{"start":{"line":1,"column":0},"end":{"line":1,"column":37}},"2":{"start":{"line":2,"column":0},"end":{"line":2,"column":50}},"3":{"start":{"line":10,"column":0},"end":{"line":44,"column":1}},"4":{"start":{"line":11,"column":4},"end":{"line":11,"column":49}},"5":{"start":{"line":12,"column":4},"end":{"line":12,"column":22}},"6":{"start":{"line":13,"column":4},"end":{"line":43,"column":6}},"7":{"start":{"line":14,"column":9},"end":{"line":14,"column":63}},"8":{"start":{"line":15,"column":9},"end":{"line":15,"column":59}},"9":{"start":{"line":27,"column":9},"end":{"line":27,"column":21}},"10":{"start":{"line":29,"column":9},"end":{"line":29,"column":57}},"11":{"start":{"line":30,"column":9},"end":{"line":30,"column":51}},"12":{"start":{"line":31,"column":9},"end":{"line":31,"column":21}},"13":{"start":{"line":45,"column":0},"end":{"line":45,"column":29}}},"branchMap":{}},"app/amqp-connections/consumers/capture.js":{"path":"app/amqp-connections/consumers/capture.js","s":{"1":1,"2":1,"3":1,"4":0,"5":0,"6":0,"7":0,"8":0,"9":0,"10":0,"11":1},"b":{},"f":{"1":0,"2":0,"3":0},"fnMap":{"1":{"name":"processCapture","line":9,"loc":{"start":{"line":9,"column":0},"end":{"line":9,"column":32}}},"2":{"name":"(anonymous_2)","line":11,"loc":{"start":{"line":11,"column":36},"end":{"line":11,"column":56}}},"3":{"name":"(anonymous_3)","line":37,"loc":{"start":{"line":37,"column":14},"end":{"line":37,"column":29}}}},"statementMap":{"1":{"start":{"line":1,"column":0},"end":{"line":1,"column":37}},"2":{"start":{"line":2,"column":0},"end":{"line":2,"column":50}},"3":{"start":{"line":9,"column":0},"end":{"line":41,"column":1}},"4":{"start":{"line":10,"column":5},"end":{"line":10,"column":26}},"5":{"start":{"line":11,"column":5},"end":{"line":40,"column":7}},"6":{"start":{"line":12,"column":10},"end":{"line":12,"column":55}},"7":{"start":{"line":13,"column":10},"end":{"line":13,"column":59}},"8":{"start":{"line":14,"column":10},"end":{"line":14,"column":71}},"9":{"start":{"line":38,"column":10},"end":{"line":38,"column":76}},"10":{"start":{"line":39,"column":10},"end":{"line":39,"column":22}},"11":{"start":{"line":43,"column":0},"end":{"line":43,"column":32}}},"branchMap":{}},"app/amqp-connections/consumers/retry.js":{"path":"app/amqp-connections/consumers/retry.js","s":{"1":1,"2":1,"3":0,"4":0,"5":0,"6":0,"7":1},"b":{},"f":{"1":0,"2":0,"3":0},"fnMap":{"1":{"name":"processRequest","line":7,"loc":{"start":{"line":7,"column":0},"end":{"line":7,"column":32}}},"2":{"name":"(anonymous_2)","line":9,"loc":{"start":{"line":9,"column":20},"end":{"line":9,"column":40}}},"3":{"name":"(anonymous_3)","line":11,"loc":{"start":{"line":11,"column":13},"end":{"line":11,"column":28}}}},"statementMap":{"1":{"start":{"line":1,"column":0},"end":{"line":1,"column":59}},"2":{"start":{"line":7,"column":0},"end":{"line":14,"column":1}},"3":{"start":{"line":8,"column":4},"end":{"line":8,"column":53}},"4":{"start":{"line":9,"column":4},"end":{"line":13,"column":7}},"5":{"start":{"line":10,"column":9},"end":{"line":10,"column":21}},"6":{"start":{"line":12,"column":9},"end":{"line":12,"column":21}},"7":{"start":{"line":15,"column":0},"end":{"line":15,"column":32}}},"branchMap":{}},"app/permissions/freeUserPermissions.js":{"path":"app/permissions/freeUserPermissions.js","s":{"1":1,"2":1,"3":1},"b":{},"f":{},"fnMap":{},"statementMap":{"1":{"start":{"line":1,"column":0},"end":{"line":1,"column":49}},"2":{"start":{"line":3,"column":0},"end":{"line":57,"column":1}},"3":{"start":{"line":59,"column":0},"end":{"line":59,"column":44}}},"branchMap":{}},"app/permissions/paidUserPermissions.js":{"path":"app/permissions/paidUserPermissions.js","s":{"1":1,"2":1,"3":1},"b":{},"f":{},"fnMap":{},"statementMap":{"1":{"start":{"line":1,"column":0},"end":{"line":1,"column":49}},"2":{"start":{"line":3,"column":0},"end":{"line":57,"column":1}},"3":{"start":{"line":59,"column":0},"end":{"line":59,"column":44}}},"branchMap":{}},"app/settings/requestOptions.js":{"path":"app/settings/requestOptions.js","s":{"1":1,"2":1},"b":{},"f":{},"fnMap":{},"statementMap":{"1":{"start":{"line":3,"column":0},"end":{"line":165,"column":1}},"2":{"start":{"line":166,"column":0},"end":{"line":166,"column":25}}},"branchMap":{}}}