TN:
SF:app/actions/callback.js
FN:7,callback
FN:22,(anonymous_2)
FN:39,(anonymous_3)
FNF:3
FNH:0
FNDA:0,callback
FNDA:0,(anonymous_2)
FNDA:0,(anonymous_3)
DA:1,1
DA:7,1
DA:8,0
DA:10,0
DA:22,0
DA:23,0
DA:26,0
DA:37,0
DA:39,0
DA:40,0
DA:43,0
DA:84,1
LF:12
LH:3
BRF:0
BRH:0
end_of_record
TN:
SF:app/amqp-connections/publisher.js
FN:10,(anonymous_1)
FN:11,(anonymous_2)
FN:15,(anonymous_3)
FN:18,(anonymous_4)
FN:41,publish
FN:46,(anonymous_6)
FNF:6
FNH:0
FNDA:0,(anonymous_1)
FNDA:0,(anonymous_2)
FNDA:0,(anonymous_3)
FNDA:0,(anonymous_4)
FNDA:0,publish
FNDA:0,(anonymous_6)
DA:1,1
DA:2,1
DA:3,1
DA:4,1
DA:5,1
DA:10,1
DA:11,0
DA:12,0
DA:13,0
DA:15,0
DA:16,0
DA:18,0
DA:19,0
DA:22,0
DA:23,0
DA:24,0
DA:25,0
DA:26,0
DA:28,0
DA:41,1
DA:42,0
DA:43,0
DA:44,0
DA:45,0
DA:46,0
DA:47,0
DA:48,0
DA:49,0
DA:50,0
DA:51,0
DA:57,0
DA:61,0
DA:62,0
DA:67,0
DA:69,0
DA:72,1
LF:36
LH:8
BRDA:12,1,0,0
BRDA:12,1,1,0
BRDA:25,2,0,0
BRDA:25,2,1,0
BRDA:43,3,0,0
BRDA:43,3,1,0
BRDA:47,4,0,0
BRDA:47,4,1,0
BRF:8
BRH:0
end_of_record
TN:
SF:app/settings/errorHandler.js
FN:1,closeOnErr
FNF:1
FNH:0
FNDA:0,closeOnErr
DA:1,1
DA:2,0
DA:3,0
DA:5,0
DA:6,0
LF:5
LH:1
BRDA:2,1,0,0
BRDA:2,1,1,0
BRF:2
BRH:0
end_of_record
TN:
SF:app/models/alert.js
FNF:0
FNH:0
DA:1,1
DA:3,1
DA:42,1
LF:3
LH:3
BRF:0
BRH:0
end_of_record
TN:
SF:app/actions/logError.js
FN:1,log
FNF:1
FNH:0
FNDA:0,log
DA:1,1
DA:2,0
DA:4,1
LF:3
LH:2
BRF:0
BRH:0
end_of_record
TN:
SF:app/actions/minifyCheck/index.js
FNF:0
FNH:0
LF:0
LH:0
BRF:0
BRH:0
end_of_record
TN:
SF:app/actions/mobileCaptures/index.js
FN:19,saveImage
FN:23,(anonymous_2)
FN:26,(anonymous_3)
FN:27,(anonymous_4)
FN:39,doit
FN:51,scrot
FN:53,(anonymous_7)
FN:54,(anonymous_8)
FN:60,(anonymous_9)
FN:63,(anonymous_10)
FN:70,(anonymous_11)
FN:78,(anonymous_12)
FN:81,(anonymous_13)
FN:87,(anonymous_14)
FNF:14
FNH:0
FNDA:0,saveImage
FNDA:0,(anonymous_2)
FNDA:0,(anonymous_3)
FNDA:0,(anonymous_4)
FNDA:0,doit
FNDA:0,scrot
FNDA:0,(anonymous_7)
FNDA:0,(anonymous_8)
FNDA:0,(anonymous_9)
FNDA:0,(anonymous_10)
FNDA:0,(anonymous_11)
FNDA:0,(anonymous_12)
FNDA:0,(anonymous_13)
FNDA:0,(anonymous_14)
DA:1,1
DA:3,1
DA:4,1
DA:5,1
DA:7,1
DA:8,1
DA:19,1
DA:20,0
DA:21,0
DA:22,0
DA:23,0
DA:24,0
DA:27,0
DA:28,0
DA:29,0
DA:31,0
DA:33,0
DA:39,1
DA:40,0
DA:41,0
DA:42,0
DA:43,0
DA:44,0
DA:46,0
DA:47,0
DA:48,0
DA:49,0
DA:51,1
DA:52,0
DA:53,0
DA:54,0
DA:55,0
DA:59,0
DA:60,0
DA:61,0
DA:62,0
DA:63,0
DA:64,0
DA:71,0
DA:79,0
DA:82,0
DA:87,0
DA:88,0
DA:89,0
DA:90,0
DA:95,0
DA:97,0
DA:104,0
DA:105,0
DA:108,0
DA:111,1
LF:51
LH:10
BRDA:28,1,0,0
BRDA:28,1,1,0
BRDA:43,2,0,0
BRDA:43,2,1,0
BRDA:89,3,0,0
BRDA:89,3,1,0
BRDA:89,4,0,0
BRDA:89,4,1,0
BRDA:104,5,0,0
BRDA:104,5,1,0
BRDA:104,6,0,0
BRDA:104,6,1,0
BRF:12
BRH:0
end_of_record
TN:
SF:app/actions/sniff/utils.js
FN:3,(anonymous_1)
FN:9,(anonymous_2)
FN:12,(anonymous_3)
FN:13,(anonymous_4)
FN:24,(anonymous_5)
FN:68,(anonymous_6)
FNF:6
FNH:0
FNDA:0,(anonymous_1)
FNDA:0,(anonymous_2)
FNDA:0,(anonymous_3)
FNDA:0,(anonymous_4)
FNDA:0,(anonymous_5)
FNDA:0,(anonymous_6)
DA:1,1
DA:3,1
DA:5,0
DA:6,0
DA:9,0
DA:10,0
DA:12,0
DA:13,0
DA:14,0
DA:15,0
DA:17,0
DA:24,1
DA:25,0
DA:26,0
DA:27,0
DA:29,0
DA:30,0
DA:32,0
DA:33,0
DA:35,0
DA:36,0
DA:38,0
DA:39,0
DA:41,0
DA:42,0
DA:44,0
DA:45,0
DA:47,0
DA:50,0
DA:52,0
DA:53,0
DA:55,0
DA:56,0
DA:58,0
DA:59,0
DA:61,0
DA:63,0
DA:65,0
DA:68,1
DA:70,0
DA:72,0
DA:74,0
DA:76,0
DA:78,0
DA:80,0
DA:82,0
DA:84,0
DA:86,0
LF:48
LH:4
BRDA:5,1,0,0
BRDA:5,1,1,0
BRDA:5,2,0,0
BRDA:5,2,1,0
BRDA:14,3,0,0
BRDA:14,3,1,0
BRDA:26,4,0,0
BRDA:26,4,1,0
BRDA:29,5,0,0
BRDA:29,5,1,0
BRDA:32,6,0,0
BRDA:32,6,1,0
BRDA:35,7,0,0
BRDA:35,7,1,0
BRDA:38,8,0,0
BRDA:38,8,1,0
BRDA:41,9,0,0
BRDA:41,9,1,0
BRDA:44,10,0,0
BRDA:44,10,1,0
BRDA:47,11,0,0
BRDA:47,11,1,0
BRDA:47,12,0,0
BRDA:47,12,1,0
BRDA:47,12,2,0
BRDA:47,12,3,0
BRDA:52,13,0,0
BRDA:52,13,1,0
BRDA:55,14,0,0
BRDA:55,14,1,0
BRDA:58,15,0,0
BRDA:58,15,1,0
BRDA:61,16,0,0
BRDA:61,16,1,0
BRDA:61,17,0,0
BRDA:61,17,1,0
BRDA:70,18,0,0
BRDA:70,18,1,0
BRDA:70,18,2,0
BRDA:70,18,3,0
BRDA:70,18,4,0
BRDA:70,18,5,0
BRDA:70,18,6,0
BRDA:70,18,7,0
BRF:44
BRH:0
end_of_record
TN:
SF:app/actions/mobileCaptures/saveCapture.js
FN:8,doit
FN:10,(anonymous_2)
FN:22,(anonymous_3)
FN:29,(anonymous_4)
FNF:4
FNH:0
FNDA:0,doit
FNDA:0,(anonymous_2)
FNDA:0,(anonymous_3)
FNDA:0,(anonymous_4)
DA:1,1
DA:2,1
DA:3,1
DA:4,1
DA:8,1
DA:10,0
DA:11,0
DA:12,0
DA:13,0
DA:15,0
DA:22,0
DA:23,0
DA:24,0
DA:25,0
DA:29,0
DA:30,0
DA:31,0
DA:33,0
DA:40,1
LF:19
LH:6
BRDA:11,1,0,0
BRDA:11,1,1,0
BRDA:23,2,0,0
BRDA:23,2,1,0
BRDA:30,3,0,0
BRDA:30,3,1,0
BRF:6
BRH:0
end_of_record
TN:
SF:app/actions/notify.js
FN:16,notify
FN:32,(anonymous_2)
FNF:2
FNH:0
FNDA:0,notify
FNDA:0,(anonymous_2)
DA:1,1
DA:16,1
DA:17,0
DA:18,0
DA:30,0
DA:32,0
DA:33,0
DA:34,0
DA:35,0
DA:52,0
DA:59,1
LF:11
LH:3
BRDA:33,1,0,0
BRDA:33,1,1,0
BRF:2
BRH:0
end_of_record
TN:
SF:app/settings/requests/retry.js
FN:9,originalIssueResolved
FN:18,publish
FN:43,start
FN:47,init
FN:50,(anonymous_5)
FNF:5
FNH:0
FNDA:0,originalIssueResolved
FNDA:0,publish
FNDA:0,start
FNDA:0,init
FNDA:0,(anonymous_5)
DA:1,1
DA:9,1
DA:10,0
DA:14,0
DA:18,1
DA:19,0
DA:28,0
DA:29,0
DA:34,0
DA:35,0
DA:37,0
DA:38,0
DA:39,0
DA:40,0
DA:43,1
DA:47,1
DA:48,0
DA:50,0
DA:51,0
DA:56,0
DA:57,0
DA:60,0
DA:61,0
DA:66,0
DA:67,0
DA:70,0
DA:71,0
DA:76,0
DA:77,0
DA:80,0
DA:81,0
DA:86,0
DA:87,0
DA:89,0
DA:91,0
DA:94,1
DA:95,1
LF:37
LH:7
BRDA:10,1,0,0
BRDA:10,1,1,0
BRDA:20,2,0,0
BRDA:20,2,1,0
BRDA:21,3,0,0
BRDA:21,3,1,0
BRDA:22,4,0,0
BRDA:22,4,1,0
BRDA:23,5,0,0
BRDA:23,5,1,0
BRDA:24,6,0,0
BRDA:24,6,1,0
BRDA:25,7,0,0
BRDA:25,7,1,0
BRDA:28,8,0,0
BRDA:28,8,1,0
BRDA:60,9,0,0
BRDA:60,9,1,0
BRDA:70,10,0,0
BRDA:70,10,1,0
BRDA:80,11,0,0
BRDA:80,11,1,0
BRF:22
BRH:0
end_of_record
TN:
SF:app/utils.js
FN:11,checkRequirements
FN:14,(anonymous_2)
FN:28,updateActivity
FN:36,(anonymous_4)
FN:53,checkActivity
FN:56,(anonymous_6)
FN:72,checkPermissions
FN:75,(anonymous_8)
FN:94,checkAvailActivity
FN:95,(anonymous_10)
FN:99,(anonymous_11)
FN:116,findUser
FN:119,(anonymous_13)
FN:144,findOneUser
FN:147,(anonymous_15)
FN:173,updateBy
FN:176,(anonymous_17)
FN:201,updateUser
FN:203,(anonymous_19)
FN:228,deleteUser
FN:232,(anonymous_21)
FN:257,findBy
FN:259,(anonymous_23)
FN:285,deleteBy
FN:287,(anonymous_25)
FNF:25
FNH:0
FNDA:0,checkRequirements
FNDA:0,(anonymous_2)
FNDA:0,updateActivity
FNDA:0,(anonymous_4)
FNDA:0,checkActivity
FNDA:0,(anonymous_6)
FNDA:0,checkPermissions
FNDA:0,(anonymous_8)
FNDA:0,checkAvailActivity
FNDA:0,(anonymous_10)
FNDA:0,(anonymous_11)
FNDA:0,findUser
FNDA:0,(anonymous_13)
FNDA:0,findOneUser
FNDA:0,(anonymous_15)
FNDA:0,updateBy
FNDA:0,(anonymous_17)
FNDA:0,updateUser
FNDA:0,(anonymous_19)
FNDA:0,deleteUser
FNDA:0,(anonymous_21)
FNDA:0,findBy
FNDA:0,(anonymous_23)
FNDA:0,deleteBy
FNDA:0,(anonymous_25)
DA:1,1
DA:11,1
DA:12,0
DA:13,0
DA:14,0
DA:15,0
DA:16,0
DA:19,0
DA:28,1
DA:29,0
DA:32,0
DA:33,0
DA:34,0
DA:37,0
DA:38,0
DA:39,0
DA:42,0
DA:43,0
DA:53,1
DA:54,0
DA:57,0
DA:58,0
DA:59,0
DA:62,0
DA:63,0
DA:72,1
DA:73,0
DA:76,0
DA:77,0
DA:78,0
DA:81,0
DA:82,0
DA:94,1
DA:95,0
DA:96,0
DA:97,0
DA:99,0
DA:100,0
DA:101,0
DA:103,0
DA:104,0
DA:105,0
DA:106,0
DA:116,1
DA:117,0
DA:118,0
DA:119,0
DA:120,0
DA:121,0
DA:122,0
DA:125,0
DA:126,0
DA:131,0
DA:132,0
DA:144,1
DA:145,0
DA:146,0
DA:147,0
DA:148,0
DA:149,0
DA:150,0
DA:153,0
DA:154,0
DA:159,0
DA:160,0
DA:173,1
DA:174,0
DA:175,0
DA:176,0
DA:177,0
DA:178,0
DA:179,0
DA:182,0
DA:183,0
DA:187,0
DA:188,0
DA:201,1
DA:202,0
DA:203,0
DA:204,0
DA:205,0
DA:206,0
DA:207,0
DA:210,0
DA:211,0
DA:215,0
DA:216,0
DA:228,1
DA:229,0
DA:230,0
DA:233,0
DA:234,0
DA:235,0
DA:238,0
DA:239,0
DA:243,0
DA:244,0
DA:257,1
DA:258,0
DA:259,0
DA:260,0
DA:261,0
DA:262,0
DA:265,0
DA:266,0
DA:271,0
DA:272,0
DA:285,1
DA:286,0
DA:287,0
DA:288,0
DA:289,0
DA:290,0
DA:294,0
DA:295,0
DA:300,0
DA:306,1
DA:307,1
DA:308,1
DA:309,1
DA:310,1
DA:311,1
DA:312,1
DA:313,1
DA:314,1
DA:315,1
LF:126
LH:23
BRDA:15,1,0,0
BRDA:15,1,1,0
BRDA:37,2,0,0
BRDA:37,2,1,0
BRDA:38,3,0,0
BRDA:38,3,1,0
BRDA:42,4,0,0
BRDA:42,4,1,0
BRDA:57,5,0,0
BRDA:57,5,1,0
BRDA:58,6,0,0
BRDA:58,6,1,0
BRDA:62,7,0,0
BRDA:62,7,1,0
BRDA:76,8,0,0
BRDA:76,8,1,0
BRDA:77,9,0,0
BRDA:77,9,1,0
BRDA:81,10,0,0
BRDA:81,10,1,0
BRDA:96,11,0,0
BRDA:96,11,1,0
BRDA:100,12,0,0
BRDA:100,12,1,0
BRDA:105,13,0,0
BRDA:105,13,1,0
BRDA:120,14,0,0
BRDA:120,14,1,0
BRDA:121,15,0,0
BRDA:121,15,1,0
BRDA:125,16,0,0
BRDA:125,16,1,0
BRDA:131,17,0,0
BRDA:131,17,1,0
BRDA:148,18,0,0
BRDA:148,18,1,0
BRDA:149,19,0,0
BRDA:149,19,1,0
BRDA:153,20,0,0
BRDA:153,20,1,0
BRDA:159,21,0,0
BRDA:159,21,1,0
BRDA:177,22,0,0
BRDA:177,22,1,0
BRDA:178,23,0,0
BRDA:178,23,1,0
BRDA:182,24,0,0
BRDA:182,24,1,0
BRDA:187,25,0,0
BRDA:187,25,1,0
BRDA:205,26,0,0
BRDA:205,26,1,0
BRDA:206,27,0,0
BRDA:206,27,1,0
BRDA:210,28,0,0
BRDA:210,28,1,0
BRDA:215,29,0,0
BRDA:215,29,1,0
BRDA:233,30,0,0
BRDA:233,30,1,0
BRDA:234,31,0,0
BRDA:234,31,1,0
BRDA:238,32,0,0
BRDA:238,32,1,0
BRDA:243,33,0,0
BRDA:243,33,1,0
BRDA:260,34,0,0
BRDA:260,34,1,0
BRDA:261,35,0,0
BRDA:261,35,1,0
BRDA:265,36,0,0
BRDA:265,36,1,0
BRDA:271,37,0,0
BRDA:271,37,1,0
BRDA:288,38,0,0
BRDA:288,38,1,0
BRDA:289,39,0,0
BRDA:289,39,1,0
BRDA:294,40,0,0
BRDA:294,40,1,0
BRF:80
BRH:0
end_of_record
TN:
SF:app/models/user.js
FNF:0
FNH:0
DA:1,1
DA:3,1
DA:69,1
LF:3
LH:3
BRF:0
BRH:0
end_of_record
TN:
SF:app/models/activity.js
FNF:0
FNH:0
DA:1,1
DA:3,1
DA:138,1
LF:3
LH:3
BRF:0
BRH:0
end_of_record
TN:
SF:app/models/permission.js
FNF:0
FNH:0
DA:1,1
DA:3,1
DA:161,1
LF:3
LH:3
BRF:0
BRH:0
end_of_record
TN:
SF:app/settings/requests/retry/retryables.js
FN:3,requiresDatabase
FN:9,saveAsActive
FN:18,processHar
FN:27,notify
FN:33,markedRequstAsFailed
FN:42,processUrl
FNF:6
FNH:0
FNDA:0,requiresDatabase
FNDA:0,saveAsActive
FNDA:0,processHar
FNDA:0,notify
FNDA:0,markedRequstAsFailed
FNDA:0,processUrl
DA:3,1
DA:9,1
DA:10,0
DA:11,0
DA:12,0
DA:13,0
DA:14,0
DA:15,0
DA:18,1
DA:19,0
DA:20,0
DA:21,0
DA:22,0
DA:23,0
DA:24,0
DA:27,1
DA:28,0
DA:29,0
DA:30,0
DA:31,0
DA:33,1
DA:34,0
DA:35,0
DA:36,0
DA:37,0
DA:38,0
DA:39,0
DA:42,1
DA:43,0
DA:44,0
DA:45,0
DA:46,0
DA:47,0
DA:48,0
DA:55,1
DA:63,1
LF:36
LH:8
BRF:0
BRH:0
end_of_record
TN:
SF:app/amqp-connections/helpers/preFlight.js
FN:8,preFlight
FNF:1
FNH:0
FNDA:0,preFlight
DA:8,1
DA:9,0
DA:10,0
DA:11,0
DA:12,0
DA:16,0
DA:18,0
DA:19,0
DA:21,0
DA:22,0
DA:26,0
DA:28,0
DA:29,0
DA:32,1
LF:14
LH:2
BRDA:11,1,0,0
BRDA:11,1,1,0
BRDA:11,2,0,0
BRDA:11,2,1,0
BRF:4
BRH:0
end_of_record
TN:
SF:app/models/update.js
FNF:0
FNH:0
DA:1,1
DA:3,1
DA:32,1
LF:3
LH:3
BRF:0
BRH:0
end_of_record
TN:
SF:app/actions/scanPage/UrlChecker.js
FN:26,RequestQueue
FN:38,(anonymous_2)
FN:51,(anonymous_3)
FN:73,enqueue
FN:98,(anonymous_5)
FN:102,(anonymous_6)
FN:106,(anonymous_7)
FN:110,(anonymous_8)
FN:114,(anonymous_9)
FN:124,callHandler
FN:127,(anonymous_11)
FN:140,dequeue
FN:153,enqueue
FN:182,getDoneCallback
FN:183,(anonymous_15)
FN:195,remove
FN:214,startNext
FN:256,UrlChecker
FN:266,(anonymous_19)
FN:267,d
FN:277,(anonymous_21)
FN:283,(anonymous_22)
FN:287,(anonymous_23)
FN:291,(anonymous_24)
FN:309,(anonymous_25)
FN:313,(anonymous_26)
FN:317,(anonymous_27)
FN:321,(anonymous_28)
FN:325,(anonymous_29)
FNF:29
FNH:2
FNDA:2,RequestQueue
FNDA:0,(anonymous_2)
FNDA:0,(anonymous_3)
FNDA:0,enqueue
FNDA:0,(anonymous_5)
FNDA:0,(anonymous_6)
FNDA:0,(anonymous_7)
FNDA:0,(anonymous_8)
FNDA:0,(anonymous_9)
FNDA:0,callHandler
FNDA:0,(anonymous_11)
FNDA:0,dequeue
FNDA:0,enqueue
FNDA:0,getDoneCallback
FNDA:0,(anonymous_15)
FNDA:0,remove
FNDA:0,startNext
FNDA:2,UrlChecker
FNDA:0,(anonymous_19)
FNDA:0,d
FNDA:0,(anonymous_21)
FNDA:0,(anonymous_22)
FNDA:0,(anonymous_23)
FNDA:0,(anonymous_24)
FNDA:0,(anonymous_25)
FNDA:0,(anonymous_26)
FNDA:0,(anonymous_27)
FNDA:0,(anonymous_28)
FNDA:0,(anonymous_29)
DA:3,1
DA:4,1
DA:5,1
DA:6,1
DA:7,1
DA:9,1
DA:10,1
DA:12,1
DA:26,1
DA:27,2
DA:28,2
DA:29,2
DA:31,2
DA:32,2
DA:33,2
DA:34,2
DA:35,2
DA:38,1
DA:39,0
DA:40,0
DA:42,0
DA:43,0
DA:46,0
DA:47,0
DA:48,0
DA:51,1
DA:52,0
DA:55,0
DA:56,0
DA:61,0
DA:63,0
DA:64,0
DA:67,0
DA:73,1
DA:74,0
DA:75,0
DA:77,0
DA:78,0
DA:81,0
DA:83,0
DA:84,0
DA:87,0
DA:93,0
DA:95,0
DA:98,1
DA:99,0
DA:102,1
DA:103,0
DA:106,1
DA:107,0
DA:110,1
DA:111,0
DA:114,1
DA:115,0
DA:116,0
DA:124,1
DA:125,0
DA:126,0
DA:127,0
DA:128,0
DA:132,0
DA:140,1
DA:141,0
DA:143,0
DA:145,0
DA:147,0
DA:153,1
DA:154,0
DA:155,0
DA:157,0
DA:158,0
DA:161,0
DA:163,0
DA:164,0
DA:167,0
DA:173,0
DA:175,0
DA:182,1
DA:183,0
DA:184,0
DA:186,0
DA:188,0
DA:195,1
DA:196,0
DA:198,0
DA:199,0
DA:202,0
DA:204,0
DA:205,0
DA:207,0
DA:214,1
DA:215,0
DA:216,0
DA:217,0
DA:219,0
DA:220,0
DA:222,0
DA:223,0
DA:224,0
DA:227,0
DA:228,0
DA:230,0
DA:231,0
DA:232,0
DA:233,0
DA:234,0
DA:238,0
DA:239,0
DA:240,0
DA:242,0
DA:244,0
DA:246,0
DA:248,0
DA:251,0
DA:256,1
DA:257,2
DA:258,2
DA:259,2
DA:260,2
DA:261,2
DA:267,1
DA:268,0
DA:269,0
DA:271,0
DA:272,0
DA:274,0
DA:278,0
DA:283,1
DA:287,1
DA:288,0
DA:291,1
DA:292,0
DA:299,0
DA:309,1
DA:310,0
DA:313,1
DA:314,0
DA:317,1
DA:318,0
DA:321,1
DA:322,0
DA:325,1
DA:326,0
DA:329,1
LF:144
LH:47
BRDA:33,1,0,2
BRDA:33,1,1,0
BRDA:42,2,0,0
BRDA:42,2,1,0
BRDA:42,3,0,0
BRDA:42,3,1,0
BRDA:55,4,0,0
BRDA:55,4,1,0
BRDA:55,5,0,0
BRDA:55,5,1,0
BRDA:63,6,0,0
BRDA:63,6,1,0
BRDA:77,7,0,0
BRDA:77,7,1,0
BRDA:81,8,0,0
BRDA:81,8,1,0
BRDA:83,9,0,0
BRDA:83,9,1,0
BRDA:125,10,0,0
BRDA:125,10,1,0
BRDA:126,11,0,0
BRDA:126,11,1,0
BRDA:143,12,0,0
BRDA:143,12,1,0
BRDA:157,13,0,0
BRDA:157,13,1,0
BRDA:161,14,0,0
BRDA:161,14,1,0
BRDA:163,15,0,0
BRDA:163,15,1,0
BRDA:198,16,0,0
BRDA:198,16,1,0
BRDA:204,17,0,0
BRDA:204,17,1,0
BRDA:204,18,0,0
BRDA:204,18,1,0
BRDA:219,19,0,0
BRDA:219,19,1,0
BRDA:220,20,0,0
BRDA:220,20,1,0
BRDA:227,21,0,0
BRDA:227,21,1,0
BRDA:228,22,0,0
BRDA:228,22,1,0
BRDA:232,23,0,0
BRDA:232,23,1,0
BRDA:238,24,0,0
BRDA:238,24,1,0
BRDA:248,25,0,0
BRDA:248,25,1,0
BRDA:258,26,0,2
BRDA:258,26,1,0
BRDA:271,27,0,0
BRDA:271,27,1,0
BRDA:292,28,0,0
BRDA:292,28,1,0
BRDA:292,29,0,0
BRDA:292,29,1,0
BRDA:300,30,0,0
BRDA:300,30,1,0
BRF:60
BRH:2
end_of_record
TN:
SF:app/actions/scanPage/internal/checkUrl.js
FN:12,checkUrl
FN:50,(anonymous_2)
FN:62,(anonymous_3)
FN:73,(anonymous_4)
FN:87,copyResponseData
FNF:5
FNH:0
FNDA:0,checkUrl
FNDA:0,(anonymous_2)
FNDA:0,(anonymous_3)
FNDA:0,(anonymous_4)
FNDA:0,copyResponseData
DA:2,1
DA:3,1
DA:4,1
DA:5,1
DA:6,1
DA:7,1
DA:12,1
DA:13,0
DA:15,0
DA:16,0
DA:17,0
DA:18,0
DA:19,0
DA:23,0
DA:24,0
DA:25,0
DA:26,0
DA:27,0
DA:43,0
DA:51,0
DA:52,0
DA:54,0
DA:60,0
DA:64,0
DA:67,0
DA:73,0
DA:74,0
DA:75,0
DA:76,0
DA:79,0
DA:87,1
DA:88,0
DA:89,0
DA:90,0
DA:91,0
DA:93,0
DA:96,0
DA:98,0
DA:99,0
DA:101,0
DA:103,0
DA:107,0
DA:109,0
DA:110,0
DA:117,0
DA:118,0
DA:121,0
DA:124,1
LF:48
LH:9
BRDA:15,1,0,0
BRDA:15,1,1,0
BRDA:17,2,0,0
BRDA:17,2,1,0
BRDA:23,3,0,0
BRDA:23,3,1,0
BRDA:49,4,0,0
BRDA:49,4,1,0
BRDA:52,5,0,0
BRDA:52,5,1,0
BRDA:52,6,0,0
BRDA:52,6,1,0
BRDA:52,6,2,0
BRDA:52,6,3,0
BRDA:67,7,0,0
BRDA:67,7,1,0
BRDA:88,8,0,0
BRDA:88,8,1,0
BRDA:89,9,0,0
BRDA:89,9,1,0
BRDA:98,10,0,0
BRDA:98,10,1,0
BRDA:101,11,0,0
BRDA:101,11,1,0
BRDA:109,12,0,0
BRDA:109,12,1,0
BRF:26
BRH:0
end_of_record
TN:
SF:app/actions/scanPage/internal/linkObj.js
FN:7,linkObj
FN:56,(anonymous_2)
FN:65,(anonymous_3)
FN:91,(anonymous_4)
FN:165,cloneObject
FN:192,parity
FNF:6
FNH:0
FNDA:0,linkObj
FNDA:0,(anonymous_2)
FNDA:0,(anonymous_3)
FNDA:0,(anonymous_4)
FNDA:0,cloneObject
FNDA:0,parity
DA:2,1
DA:7,1
DA:8,0
DA:9,0
DA:11,0
DA:50,0
DA:56,1
DA:57,0
DA:58,0
DA:59,0
DA:65,1
DA:66,0
DA:67,0
DA:68,0
DA:69,0
DA:71,0
DA:73,0
DA:75,0
DA:76,0
DA:79,0
DA:80,0
DA:81,0
DA:83,0
DA:91,1
DA:92,0
DA:93,0
DA:97,0
DA:102,0
DA:103,0
DA:105,0
DA:106,0
DA:110,0
DA:111,0
DA:113,0
DA:114,0
DA:118,0
DA:120,0
DA:121,0
DA:124,0
DA:125,0
DA:126,0
DA:129,0
DA:130,0
DA:131,0
DA:134,0
DA:135,0
DA:138,0
DA:140,0
DA:141,0
DA:142,0
DA:143,0
DA:145,0
DA:146,0
DA:148,0
DA:149,0
DA:150,0
DA:154,0
DA:155,0
DA:165,1
DA:166,0
DA:168,0
DA:169,0
DA:172,0
DA:177,0
DA:178,0
DA:179,0
DA:181,0
DA:182,0
DA:184,0
DA:188,0
DA:192,1
DA:196,0
DA:199,1
LF:73
LH:8
BRDA:8,1,0,0
BRDA:8,1,1,0
BRDA:8,2,0,0
BRDA:8,2,1,0
BRDA:66,3,0,0
BRDA:66,3,1,0
BRDA:68,4,0,0
BRDA:68,4,1,0
BRDA:73,5,0,0
BRDA:73,5,1,0
BRDA:73,6,0,0
BRDA:73,6,1,0
BRDA:81,7,0,0
BRDA:81,7,1,0
BRDA:92,8,0,0
BRDA:92,8,1,0
BRDA:102,9,0,0
BRDA:102,9,1,0
BRDA:105,10,0,0
BRDA:105,10,1,0
BRDA:111,11,0,0
BRDA:111,11,1,0
BRDA:118,12,0,0
BRDA:118,12,1,0
BRDA:124,13,0,0
BRDA:124,13,1,0
BRDA:130,14,0,0
BRDA:130,14,1,0
BRDA:134,15,0,0
BRDA:134,15,1,0
BRDA:140,16,0,0
BRDA:140,16,1,0
BRDA:146,17,0,0
BRDA:146,17,1,0
BRDA:148,18,0,0
BRDA:148,18,1,0
BRDA:168,19,0,0
BRDA:168,19,1,0
BRDA:178,20,0,0
BRDA:178,20,1,0
BRDA:181,21,0,0
BRDA:181,21,1,0
BRDA:181,22,0,0
BRDA:181,22,1,0
BRDA:196,23,0,0
BRDA:196,23,1,0
BRF:46
BRH:0
end_of_record
TN:
SF:app/actions/scanPage/internal/messages.js
FN:8,(anonymous_1)
FNF:1
FNH:0
FNDA:0,(anonymous_1)
DA:2,1
DA:3,1
DA:5,1
DA:7,1
DA:9,0
DA:10,0
DA:15,1
DA:31,1
DA:32,59
DA:35,1
DA:36,62
DA:39,1
LF:12
LH:10
BRDA:9,1,0,0
BRDA:9,1,1,0
BRF:2
BRH:0
end_of_record
TN:
SF:app/actions/scanPage/internal/simpleResponse.js
FN:3,simpleResponse
FN:12,simplify
FNF:2
FNH:0
FNDA:0,simpleResponse
FNDA:0,simplify
DA:3,1
DA:4,0
DA:5,0
DA:6,0
DA:7,0
DA:9,0
DA:12,1
DA:13,0
DA:22,1
LF:9
LH:3
BRF:0
BRH:0
end_of_record
TN:
SF:app/actions/scanPage/internal/parseOptions.js
FN:4,array2booleanMap
FN:17,parseOptions
FNF:2
FNH:2
FNDA:4,array2booleanMap
FNDA:4,parseOptions
DA:2,1
DA:4,1
DA:5,4
DA:6,4
DA:7,2
DA:8,2
DA:9,2
DA:10,12
DA:12,2
DA:14,2
DA:17,1
DA:18,4
DA:19,2
DA:20,2
DA:21,2
DA:22,2
DA:24,4
DA:27,1
LF:18
LH:18
BRDA:6,1,0,2
BRDA:6,1,1,2
BRDA:18,2,0,2
BRDA:18,2,1,2
BRDA:18,3,0,4
BRDA:18,3,1,2
BRF:6
BRH:6
end_of_record
TN:
SF:app/actions/scanPage/internal/defaultOptions.js
FNF:0
FNH:0
DA:2,1
DA:3,1
DA:5,1
DA:33,1
LF:4
LH:4
BRF:0
BRH:0
end_of_record
TN:
SF:app/actions/scanPage/internal/tags.js
FNF:0
FNH:0
DA:3,1
DA:179,1
DA:241,1
LF:3
LH:3
BRF:0
BRH:0
end_of_record
TN:
SF:app/actions/scanPage/internal/getHostKey.js
FN:7,(anonymous_1)
FN:16,getHostKey
FNF:2
FNH:0
FNDA:0,(anonymous_1)
FNDA:0,getHostKey
DA:2,1
DA:3,1
DA:4,1
DA:6,1
DA:7,0
DA:8,0
DA:10,0
DA:12,1
DA:13,1
DA:16,1
DA:17,0
DA:18,0
DA:19,0
DA:20,0
DA:22,0
DA:23,0
DA:25,0
DA:27,0
DA:29,0
DA:32,0
DA:33,0
DA:34,0
DA:35,0
DA:36,0
DA:41,0
DA:42,0
DA:45,0
DA:48,0
DA:49,0
DA:52,0
DA:53,0
DA:56,0
DA:57,0
DA:59,0
DA:63,0
DA:64,0
DA:66,0
DA:70,0
DA:71,0
DA:74,0
DA:76,0
DA:79,1
LF:42
LH:8
BRDA:6,1,0,0
BRDA:6,1,1,1
BRDA:22,2,0,0
BRDA:22,2,1,0
BRDA:22,3,0,0
BRDA:22,3,1,0
BRDA:32,4,0,0
BRDA:32,4,1,0
BRDA:32,5,0,0
BRDA:32,5,1,0
BRDA:35,6,0,0
BRDA:35,6,1,0
BRDA:35,7,0,0
BRDA:35,7,1,0
BRDA:41,8,0,0
BRDA:41,8,1,0
BRDA:48,9,0,0
BRDA:48,9,1,0
BRDA:48,10,0,0
BRDA:48,10,1,0
BRDA:52,11,0,0
BRDA:52,11,1,0
BRDA:56,12,0,0
BRDA:56,12,1,0
BRDA:63,13,0,0
BRDA:63,13,1,0
BRDA:70,14,0,0
BRDA:70,14,1,0
BRDA:70,15,0,0
BRDA:70,15,1,0
BRF:30
BRH:1
end_of_record
TN:
SF:app/actions/scanPage/index.js
FN:18,enqueueLink
FN:44,complete
FN:51,HtmlChecker
FN:58,(anonymous_4)
FN:61,(anonymous_5)
FN:74,(anonymous_6)
FN:78,(anonymous_7)
FN:82,(anonymous_8)
FN:86,(anonymous_9)
FN:90,(anonymous_10)
FN:94,(anonymous_11)
FN:100,complete
FN:105,reset
FN:114,processDocument
FN:123,(anonymous_15)
FN:127,(anonymous_16)
FN:132,(anonymous_17)
FN:141,(anonymous_18)
FN:145,(anonymous_19)
FN:149,(anonymous_20)
FN:156,(anonymous_21)
FN:160,(anonymous_22)
FN:171,(anonymous_23)
FN:176,robotHeaders
FN:182,scan
FN:191,(anonymous_26)
FN:194,(anonymous_27)
FN:203,(anonymous_28)
FN:210,(anonymous_29)
FN:220,processPageRequest
FN:225,(anonymous_31)
FN:230,(anonymous_32)
FN:237,(anonymous_33)
FN:240,(anonymous_34)
FN:244,(anonymous_35)
FNF:35
FNH:2
FNDA:0,enqueueLink
FNDA:0,complete
FNDA:1,HtmlChecker
FNDA:0,(anonymous_4)
FNDA:0,(anonymous_5)
FNDA:0,(anonymous_6)
FNDA:0,(anonymous_7)
FNDA:0,(anonymous_8)
FNDA:0,(anonymous_9)
FNDA:0,(anonymous_10)
FNDA:0,(anonymous_11)
FNDA:0,complete
FNDA:1,reset
FNDA:0,processDocument
FNDA:0,(anonymous_15)
FNDA:0,(anonymous_16)
FNDA:0,(anonymous_17)
FNDA:0,(anonymous_18)
FNDA:0,(anonymous_19)
FNDA:0,(anonymous_20)
FNDA:0,(anonymous_21)
FNDA:0,(anonymous_22)
FNDA:0,(anonymous_23)
FNDA:0,robotHeaders
FNDA:0,scan
FNDA:0,(anonymous_26)
FNDA:0,(anonymous_27)
FNDA:0,(anonymous_28)
FNDA:0,(anonymous_29)
FNDA:0,processPageRequest
FNDA:0,(anonymous_31)
FNDA:0,(anonymous_32)
FNDA:0,(anonymous_33)
FNDA:0,(anonymous_34)
FNDA:0,(anonymous_35)
DA:1,1
DA:18,1
DA:20,0
DA:22,0
DA:24,0
DA:25,0
DA:26,0
DA:27,0
DA:28,0
DA:29,0
DA:32,0
DA:33,0
DA:35,0
DA:37,0
DA:38,0
DA:39,0
DA:40,0
DA:44,1
DA:45,0
DA:46,0
DA:51,1
DA:52,1
DA:53,1
DA:55,1
DA:56,1
DA:57,1
DA:59,0
DA:62,0
DA:64,0
DA:65,0
DA:67,0
DA:74,1
DA:75,0
DA:78,1
DA:79,0
DA:82,1
DA:83,0
DA:86,1
DA:87,0
DA:90,1
DA:91,0
DA:94,1
DA:95,0
DA:100,1
DA:101,0
DA:102,0
DA:105,1
DA:106,1
DA:107,1
DA:108,1
DA:109,1
DA:110,1
DA:111,1
DA:114,1
DA:115,0
DA:116,0
DA:119,1
DA:121,1
DA:124,0
DA:125,0
DA:128,0
DA:129,0
DA:133,0
DA:142,0
DA:146,0
DA:150,0
DA:151,0
DA:155,1
DA:157,0
DA:161,0
DA:163,0
DA:170,1
DA:172,0
DA:176,1
DA:177,0
DA:178,0
DA:182,1
DA:184,0
DA:185,0
DA:186,0
DA:188,0
DA:189,0
DA:191,0
DA:192,0
DA:193,0
DA:196,0
DA:197,0
DA:199,0
DA:200,0
DA:203,0
DA:204,0
DA:207,0
DA:208,0
DA:211,0
DA:217,0
DA:220,1
DA:221,0
DA:222,0
DA:223,0
DA:224,0
DA:229,0
DA:230,0
DA:231,0
DA:232,0
DA:233,0
DA:236,0
DA:237,0
DA:238,0
DA:239,0
DA:241,0
DA:242,0
DA:245,0
DA:246,0
DA:248,0
LF:114
LH:31
BRDA:24,1,0,0
BRDA:24,1,1,0
BRDA:37,2,0,0
BRDA:37,2,1,0
BRDA:39,3,0,0
BRDA:39,3,1,0
BRDA:55,4,0,1
BRDA:55,4,1,0
BRDA:64,5,0,0
BRDA:64,5,1,0
BRDA:163,6,0,0
BRDA:163,6,1,0
BRDA:177,7,0,0
BRDA:177,7,1,0
BRDA:199,8,0,0
BRDA:199,8,1,0
BRDA:199,9,0,0
BRDA:199,9,1,0
BRDA:199,9,2,0
BRDA:199,9,3,0
BRF:20
BRH:1
end_of_record
TN:
SF:app/actions/scanPage/internal/parseHtml.js
FN:8,(anonymous_1)
FN:29,getAttrMap
FN:44,parseHtml
FN:45,(anonymous_4)
FN:49,(anonymous_5)
FNF:5
FNH:0
FNDA:0,(anonymous_1)
FNDA:0,getAttrMap
FNDA:0,parseHtml
FNDA:0,(anonymous_4)
FNDA:0,(anonymous_5)
DA:2,1
DA:3,1
DA:4,1
DA:6,1
DA:7,1
DA:8,1
DA:9,0
DA:11,0
DA:12,0
DA:15,0
DA:18,1
DA:29,1
DA:30,0
DA:31,0
DA:32,0
DA:34,0
DA:35,0
DA:38,0
DA:44,1
DA:45,0
DA:46,0
DA:47,0
DA:49,0
DA:50,0
DA:53,0
DA:54,0
DA:55,0
DA:57,0
DA:62,1
LF:29
LH:10
BRDA:11,1,0,0
BRDA:11,1,1,0
BRDA:11,2,0,0
BRDA:11,2,1,0
BRDA:46,3,0,0
BRDA:46,3,1,0
BRDA:54,4,0,0
BRDA:54,4,1,0
BRF:8
BRH:0
end_of_record
TN:
SF:app/actions/scanPage/internal/streamHtml.js
FN:12,stream
FN:22,(anonymous_2)
FN:43,(anonymous_3)
FNF:3
FNH:0
FNDA:0,stream
FNDA:0,(anonymous_2)
FNDA:0,(anonymous_3)
DA:2,1
DA:12,1
DA:13,0
DA:14,0
DA:15,0
DA:16,0
DA:23,0
DA:24,0
DA:26,0
DA:27,0
DA:31,0
DA:32,0
DA:35,0
DA:36,0
DA:37,0
DA:39,0
DA:40,0
DA:42,0
DA:44,0
DA:45,0
DA:47,0
DA:49,0
DA:51,0
DA:53,0
DA:55,0
DA:57,0
DA:62,0
DA:67,0
DA:70,1
LF:29
LH:3
BRDA:26,1,0,0
BRDA:26,1,1,0
BRDA:31,2,0,0
BRDA:31,2,1,0
BRDA:31,3,0,0
BRDA:31,3,1,0
BRDA:36,4,0,0
BRDA:36,4,1,0
BRDA:39,5,0,0
BRDA:39,5,1,0
BRDA:45,6,0,0
BRDA:45,6,1,0
BRDA:47,7,0,0
BRDA:47,7,1,0
BRDA:49,8,0,0
BRDA:49,8,1,0
BRDA:51,9,0,0
BRDA:51,9,1,0
BRDA:53,10,0,0
BRDA:53,10,1,0
BRDA:55,11,0,0
BRDA:55,11,1,0
BRDA:57,12,0,0
BRDA:57,12,1,0
BRF:24
BRH:0
end_of_record
TN:
SF:app/actions/scanPage/internal/checkErrors.js
FN:1,checkErrors
FNF:1
FNH:0
FNDA:0,checkErrors
DA:1,1
DA:2,0
DA:3,0
DA:4,0
DA:5,0
DA:6,0
DA:9,0
DA:11,0
DA:12,0
DA:13,0
DA:14,0
DA:18,1
LF:12
LH:2
BRDA:3,1,0,0
BRDA:3,1,1,0
BRDA:11,2,0,0
BRDA:11,2,1,0
BRDA:11,3,0,0
BRDA:11,3,1,0
BRF:6
BRH:0
end_of_record
TN:
SF:app/actions/scanPage/internal/matchUrl.js
FN:4,matchUrl
FNF:1
FNH:0
FNDA:0,matchUrl
DA:2,1
DA:4,1
DA:5,0
DA:7,0
DA:8,0
DA:10,0
DA:12,0
DA:13,0
DA:16,0
DA:17,0
DA:22,0
DA:25,1
LF:12
LH:3
BRDA:7,1,0,0
BRDA:7,1,1,0
BRDA:12,2,0,0
BRDA:12,2,1,0
BRDA:16,3,0,0
BRDA:16,3,1,0
BRF:6
BRH:0
end_of_record
TN:
SF:app/actions/scanPage/internal/scrapeHtml.js
FN:14,scrapeHtml
FN:24,(anonymous_2)
FN:52,findLinks
FN:56,(anonymous_4)
FN:105,findPreliminaries
FN:118,(anonymous_6)
FN:168,findRootNode
FN:183,getNthIndex
FN:209,getSelector
FN:230,getText
FN:236,(anonymous_11)
FN:252,stringifyNode
FN:271,walk
FNF:13
FNH:0
FNDA:0,scrapeHtml
FNDA:0,(anonymous_2)
FNDA:0,findLinks
FNDA:0,(anonymous_4)
FNDA:0,findPreliminaries
FNDA:0,(anonymous_6)
FNDA:0,findRootNode
FNDA:0,getNthIndex
FNDA:0,getSelector
FNDA:0,getText
FNDA:0,(anonymous_11)
FNDA:0,stringifyNode
FNDA:0,walk
DA:2,1
DA:3,1
DA:5,1
DA:6,1
DA:7,1
DA:9,1
DA:14,1
DA:15,0
DA:16,0
DA:18,0
DA:20,0
DA:21,0
DA:22,0
DA:24,0
DA:25,0
DA:26,0
DA:27,0
DA:28,0
DA:29,0
DA:30,0
DA:31,0
DA:32,0
DA:34,0
DA:35,0
DA:36,0
DA:37,0
DA:40,0
DA:44,0
DA:52,1
DA:53,0
DA:56,0
DA:57,0
DA:60,0
DA:61,0
DA:62,0
DA:66,0
DA:67,0
DA:68,0
DA:70,0
DA:73,0
DA:75,0
DA:76,0
DA:77,0
DA:81,0
DA:84,0
DA:85,0
DA:105,1
DA:106,0
DA:107,0
DA:111,0
DA:114,0
DA:118,0
DA:119,0
DA:123,0
DA:125,0
DA:126,0
DA:129,0
DA:134,0
DA:135,0
DA:137,0
DA:141,0
DA:146,0
DA:147,0
DA:152,0
DA:156,0
DA:158,0
DA:162,0
DA:168,1
DA:169,0
DA:170,0
DA:172,0
DA:174,0
DA:175,0
DA:183,1
DA:184,0
DA:185,0
DA:186,0
DA:187,0
DA:189,0
DA:190,0
DA:192,0
DA:194,0
DA:195,0
DA:198,0
DA:203,0
DA:209,1
DA:210,0
DA:211,0
DA:213,0
DA:214,0
DA:217,0
DA:218,0
DA:222,0
DA:224,0
DA:227,0
DA:230,1
DA:231,0
DA:233,0
DA:234,0
DA:236,0
DA:237,0
DA:238,0
DA:243,0
DA:246,0
DA:252,1
DA:253,0
DA:254,0
DA:255,0
DA:256,0
DA:259,0
DA:260,0
DA:261,0
DA:265,0
DA:267,0
DA:271,1
DA:272,0
DA:274,0
DA:276,0
DA:277,0
DA:278,0
DA:281,0
DA:282,0
DA:284,0
DA:288,1
LF:124
LH:16
BRDA:20,1,0,0
BRDA:20,1,1,0
BRDA:26,2,0,0
BRDA:26,2,1,0
BRDA:26,3,0,0
BRDA:26,3,1,0
BRDA:31,4,0,0
BRDA:31,4,1,0
BRDA:31,5,0,0
BRDA:31,5,1,0
BRDA:31,5,2,0
BRDA:60,6,0,0
BRDA:60,6,1,0
BRDA:61,7,0,0
BRDA:61,7,1,0
BRDA:61,8,0,0
BRDA:61,8,1,0
BRDA:67,9,0,0
BRDA:67,9,1,0
BRDA:67,10,0,0
BRDA:67,10,1,0
BRDA:67,10,2,0
BRDA:73,11,0,0
BRDA:73,11,1,0
BRDA:75,12,0,0
BRDA:75,12,1,0
BRDA:75,13,0,0
BRDA:75,13,1,0
BRDA:76,14,0,0
BRDA:76,14,1,0
BRDA:76,15,0,0
BRDA:76,15,1,0
BRDA:84,16,0,0
BRDA:84,16,1,0
BRDA:119,17,0,0
BRDA:119,17,1,0
BRDA:123,18,0,0
BRDA:123,18,1,0
BRDA:123,19,0,0
BRDA:123,19,1,0
BRDA:123,19,2,0
BRDA:134,20,0,0
BRDA:134,20,1,0
BRDA:134,21,0,0
BRDA:134,21,1,0
BRDA:134,21,2,0
BRDA:137,22,0,0
BRDA:137,22,1,0
BRDA:137,22,2,0
BRDA:146,23,0,0
BRDA:146,23,1,0
BRDA:146,24,0,0
BRDA:146,24,1,0
BRDA:156,25,0,0
BRDA:156,25,1,0
BRDA:156,26,0,0
BRDA:156,26,1,0
BRDA:174,27,0,0
BRDA:174,27,1,0
BRDA:192,28,0,0
BRDA:192,28,1,0
BRDA:194,29,0,0
BRDA:194,29,1,0
BRDA:217,30,0,0
BRDA:217,30,1,0
BRDA:217,31,0,0
BRDA:217,31,1,0
BRDA:233,32,0,0
BRDA:233,32,1,0
BRDA:237,33,0,0
BRDA:237,33,1,0
BRDA:255,34,0,0
BRDA:255,34,1,0
BRDA:255,35,0,0
BRDA:255,35,1,0
BRDA:260,36,0,0
BRDA:260,36,1,0
BRDA:260,37,0,0
BRDA:260,37,1,0
BRDA:274,38,0,0
BRDA:274,38,1,0
BRDA:276,39,0,0
BRDA:276,39,1,0
BRDA:282,40,0,0
BRDA:282,40,1,0
BRF:85
BRH:0
end_of_record
TN:
SF:app/actions/scanPage/internal/excludeLink.js
FN:7,excludeLink
FNF:1
FNH:0
FNDA:0,excludeLink
DA:1,1
DA:4,1
DA:5,1
DA:7,1
DA:9,0
DA:10,0
DA:11,0
DA:12,0
DA:13,0
DA:14,0
DA:15,0
DA:18,0
DA:19,0
DA:21,0
DA:22,0
DA:24,0
DA:25,0
DA:27,0
DA:28,0
DA:30,0
DA:31,0
DA:32,0
DA:35,0
DA:36,0
DA:37,0
DA:39,0
DA:40,0
DA:46,0
DA:49,0
DA:50,0
DA:54,0
DA:55,0
DA:59,0
DA:61,0
DA:62,0
DA:64,0
DA:66,1
LF:37
LH:5
BRDA:14,1,0,0
BRDA:14,1,1,0
BRDA:18,2,0,0
BRDA:18,2,1,0
BRDA:21,3,0,0
BRDA:21,3,1,0
BRDA:21,4,0,0
BRDA:21,4,1,0
BRDA:24,5,0,0
BRDA:24,5,1,0
BRDA:24,6,0,0
BRDA:24,6,1,0
BRDA:27,7,0,0
BRDA:27,7,1,0
BRDA:27,8,0,0
BRDA:27,8,1,0
BRDA:31,9,0,0
BRDA:31,9,1,0
BRDA:35,10,0,0
BRDA:35,10,1,0
BRDA:36,11,0,0
BRDA:36,11,1,0
BRDA:39,12,0,0
BRDA:39,12,1,0
BRDA:40,13,0,0
BRDA:40,13,1,0
BRDA:41,14,0,0
BRDA:41,14,1,0
BRDA:41,14,2,0
BRDA:41,14,3,0
BRDA:41,14,4,0
BRDA:41,14,5,0
BRDA:41,14,6,0
BRDA:41,14,7,0
BRDA:49,15,0,0
BRDA:49,15,1,0
BRDA:49,16,0,0
BRDA:49,16,1,0
BRDA:49,16,2,0
BRDA:49,16,3,0
BRDA:49,16,4,0
BRDA:54,17,0,0
BRDA:54,17,1,0
BRDA:61,18,0,0
BRDA:61,18,1,0
BRF:45
BRH:0
end_of_record
TN:
SF:app/actions/scanPage/internal/getRobotsTxt.js
FN:9,getRobotsTxt
FNF:1
FNH:0
FNDA:0,getRobotsTxt
DA:2,1
DA:3,1
DA:5,1
DA:6,1
DA:7,1
DA:9,1
DA:10,0
DA:13,0
DA:14,0
DA:15,0
DA:16,0
DA:18,0
DA:30,1
LF:13
LH:7
BRF:0
BRH:0
end_of_record
TN:
SF:app/actions/scanPage/internal/urlCache.js
FN:12,UrlCache
FN:17,(anonymous_2)
FN:33,(anonymous_3)
FN:39,(anonymous_4)
FN:43,(anonymous_5)
FN:61,formatUrl
FN:68,parseUrl
FN:91,removeExpired
FN:100,stringifyUrl
FNF:9
FNH:0
FNDA:0,UrlCache
FNDA:0,(anonymous_2)
FNDA:0,(anonymous_3)
FNDA:0,(anonymous_4)
FNDA:0,(anonymous_5)
FNDA:0,formatUrl
FNDA:0,parseUrl
FNDA:0,removeExpired
FNDA:0,stringifyUrl
DA:2,1
DA:3,1
DA:5,1
DA:12,1
DA:13,0
DA:14,0
DA:17,1
DA:18,0
DA:19,0
DA:20,0
DA:21,0
DA:22,0
DA:23,0
DA:24,0
DA:27,0
DA:28,0
DA:29,0
DA:33,1
DA:34,0
DA:35,0
DA:36,0
DA:39,1
DA:40,0
DA:43,1
DA:45,0
DA:47,0
DA:49,0
DA:50,0
DA:53,0
DA:54,0
DA:56,0
DA:61,1
DA:62,0
DA:63,0
DA:65,0
DA:68,1
DA:69,0
DA:70,0
DA:75,0
DA:78,0
DA:80,0
DA:83,0
DA:85,0
DA:86,0
DA:88,0
DA:91,1
DA:92,0
DA:93,0
DA:94,0
DA:95,0
DA:100,1
DA:101,0
DA:102,0
DA:106,1
LF:54
LH:13
BRDA:18,1,0,0
BRDA:18,1,1,0
BRDA:21,2,0,0
BRDA:21,2,1,0
BRDA:45,3,0,0
BRDA:45,3,1,0
BRDA:49,4,0,0
BRDA:49,4,1,0
BRDA:69,5,0,0
BRDA:69,5,1,0
BRDA:78,6,0,0
BRDA:78,6,1,0
BRDA:83,7,0,0
BRDA:83,7,1,0
BRDA:83,8,0,0
BRDA:83,8,1,0
BRDA:92,9,0,0
BRDA:92,9,1,0
BRDA:93,10,0,0
BRDA:93,10,1,0
BRDA:101,11,0,0
BRDA:101,11,1,0
BRDA:101,12,0,0
BRDA:101,12,1,0
BRDA:101,12,2,0
BRF:25
BRH:0
end_of_record
TN:
SF:app/actions/scanPage/linkScanner.js
FN:22,(anonymous_1)
FN:33,_enqueue
FN:60,(anonymous_3)
FN:66,enqueueLink
FN:107,copyResponseData
FN:137,checkUrl
FN:160,(anonymous_7)
FN:169,(anonymous_8)
FN:174,(anonymous_9)
FN:184,(anonymous_10)
FN:198,(anonymous_11)
FN:201,(anonymous_12)
FN:219,(anonymous_13)
FNF:13
FNH:0
FNDA:0,(anonymous_1)
FNDA:0,_enqueue
FNDA:0,(anonymous_3)
FNDA:0,enqueueLink
FNDA:0,copyResponseData
FNDA:0,checkUrl
FNDA:0,(anonymous_7)
FNDA:0,(anonymous_8)
FNDA:0,(anonymous_9)
FNDA:0,(anonymous_10)
FNDA:0,(anonymous_11)
FNDA:0,(anonymous_12)
FNDA:0,(anonymous_13)
DA:4,1
DA:22,1
DA:23,0
DA:24,0
DA:25,0
DA:29,0
DA:30,0
DA:33,1
DA:34,0
DA:35,0
DA:37,0
DA:38,0
DA:41,0
DA:42,0
DA:46,0
DA:47,0
DA:50,0
DA:57,0
DA:60,1
DA:61,0
DA:62,0
DA:63,0
DA:66,1
DA:67,0
DA:69,0
DA:71,0
DA:72,0
DA:73,0
DA:74,0
DA:76,0
DA:77,0
DA:78,0
DA:81,0
DA:82,0
DA:84,0
DA:85,0
DA:86,0
DA:87,0
DA:88,0
DA:89,0
DA:90,0
DA:91,0
DA:92,0
DA:93,0
DA:94,0
DA:95,0
DA:96,0
DA:97,0
DA:98,0
DA:99,0
DA:100,0
DA:101,0
DA:102,0
DA:103,0
DA:107,1
DA:108,0
DA:109,0
DA:110,0
DA:111,0
DA:113,0
DA:116,0
DA:118,0
DA:119,0
DA:120,0
DA:121,0
DA:126,0
DA:127,0
DA:128,0
DA:130,0
DA:131,0
DA:134,0
DA:137,1
DA:138,0
DA:140,0
DA:141,0
DA:142,0
DA:143,0
DA:145,0
DA:146,0
DA:147,0
DA:148,0
DA:149,0
DA:153,0
DA:161,0
DA:162,0
DA:163,0
DA:165,0
DA:166,0
DA:168,0
DA:170,0
DA:173,0
DA:174,0
DA:175,0
DA:176,0
DA:177,0
DA:180,0
DA:184,1
DA:185,0
DA:186,0
DA:207,0
DA:209,0
DA:211,0
DA:215,0
DA:216,0
DA:217,0
DA:219,0
DA:220,0
DA:223,0
LF:108
LH:8
BRDA:24,1,0,0
BRDA:24,1,1,0
BRDA:24,2,0,0
BRDA:24,2,1,0
BRDA:37,3,0,0
BRDA:37,3,1,0
BRDA:41,4,0,0
BRDA:41,4,1,0
BRDA:41,5,0,0
BRDA:41,5,1,0
BRDA:46,6,0,0
BRDA:46,6,1,0
BRDA:46,7,0,0
BRDA:46,7,1,0
BRDA:71,8,0,0
BRDA:71,8,1,0
BRDA:98,9,0,0
BRDA:98,9,1,0
BRDA:100,10,0,0
BRDA:100,10,1,0
BRDA:108,11,0,0
BRDA:108,11,1,0
BRDA:109,12,0,0
BRDA:109,12,1,0
BRDA:118,13,0,0
BRDA:118,13,1,0
BRDA:120,14,0,0
BRDA:120,14,1,0
BRDA:127,15,0,0
BRDA:127,15,1,0
BRDA:140,16,0,0
BRDA:140,16,1,0
BRDA:141,17,0,0
BRDA:141,17,1,0
BRDA:145,18,0,0
BRDA:145,18,1,0
BRDA:159,19,0,0
BRDA:159,19,1,0
BRDA:162,20,0,0
BRDA:162,20,1,0
BRDA:162,21,0,0
BRDA:162,21,1,0
BRDA:162,21,2,0
BRDA:162,21,3,0
BRDA:162,21,4,0
BRDA:165,22,0,0
BRDA:165,22,1,0
BRDA:165,23,0,0
BRDA:165,23,1,0
BRDA:173,24,0,0
BRDA:173,24,1,0
BRF:51
BRH:0
end_of_record
TN:
SF:app/actions/sniff/errors.js
FN:3,Exception
FN:4,(anonymous_2)
FN:10,(anonymous_3)
FN:11,(anonymous_4)
FNF:4
FNH:2
FNDA:1,Exception
FNDA:0,(anonymous_2)
FNDA:1,(anonymous_3)
FNDA:0,(anonymous_4)
DA:1,1
DA:3,1
DA:4,1
DA:5,0
DA:8,1
DA:11,1
DA:12,0
DA:13,0
DA:15,1
DA:18,1
LF:10
LH:7
BRDA:5,1,0,0
BRDA:5,1,1,0
BRDA:5,2,0,0
BRDA:5,2,1,0
BRF:4
BRH:0
end_of_record
TN:
SF:app/actions/sniff/handleEntry.js
FN:7,handleHeaders
FN:8,(anonymous_2)
FN:14,entryHandler
FN:24,(anonymous_4)
FN:33,(anonymous_5)
FN:43,(anonymous_6)
FN:53,tally
FN:78,(anonymous_8)
FN:81,(anonymous_9)
FN:85,(anonymous_10)
FN:93,(anonymous_11)
FN:96,(anonymous_12)
FN:100,(anonymous_13)
FN:106,(anonymous_14)
FN:109,(anonymous_15)
FNF:15
FNH:0
FNDA:0,handleHeaders
FNDA:0,(anonymous_2)
FNDA:0,entryHandler
FNDA:0,(anonymous_4)
FNDA:0,(anonymous_5)
FNDA:0,(anonymous_6)
FNDA:0,tally
FNDA:0,(anonymous_8)
FNDA:0,(anonymous_9)
FNDA:0,(anonymous_10)
FNDA:0,(anonymous_11)
FNDA:0,(anonymous_12)
FNDA:0,(anonymous_13)
FNDA:0,(anonymous_14)
FNDA:0,(anonymous_15)
DA:1,1
DA:2,1
DA:3,1
DA:4,1
DA:5,1
DA:7,1
DA:8,0
DA:9,0
DA:11,0
DA:14,1
DA:15,0
DA:17,0
DA:24,0
DA:25,0
DA:28,0
DA:30,0
DA:32,0
DA:34,0
DA:35,0
DA:44,0
DA:45,0
DA:46,0
DA:47,0
DA:49,0
DA:50,0
DA:51,0
DA:53,1
DA:54,0
DA:56,0
DA:59,0
DA:62,0
DA:63,0
DA:64,0
DA:65,0
DA:66,0
DA:68,0
DA:74,0
DA:76,0
DA:78,0
DA:79,0
DA:80,0
DA:82,0
DA:85,0
DA:86,0
DA:89,0
DA:91,0
DA:93,0
DA:94,0
DA:95,0
DA:97,0
DA:100,0
DA:101,0
DA:104,0
DA:106,0
DA:107,0
DA:108,0
DA:110,0
DA:113,0
DA:116,0
DA:119,0
LF:60
LH:8
BRDA:21,1,0,0
BRDA:21,1,1,0
BRDA:56,2,0,0
BRDA:56,2,1,0
BRDA:56,3,0,0
BRDA:56,3,1,0
BRDA:74,4,0,0
BRDA:74,4,1,0
BRDA:74,4,2,0
BRF:9
BRH:0
end_of_record
TN:
SF:app/actions/sniff/index.js
FN:10,(anonymous_1)
FN:11,pad
FN:15,ms
FN:30,openPage
FN:34,(anonymous_5)
FN:45,(anonymous_6)
FN:55,(anonymous_7)
FN:58,(anonymous_8)
FN:71,har
FN:74,(anonymous_10)
FN:80,(anonymous_11)
FN:83,(anonymous_12)
FN:87,(anonymous_13)
FNF:13
FNH:0
FNDA:0,(anonymous_1)
FNDA:0,pad
FNDA:0,ms
FNDA:0,openPage
FNDA:0,(anonymous_5)
FNDA:0,(anonymous_6)
FNDA:0,(anonymous_7)
FNDA:0,(anonymous_8)
FNDA:0,har
FNDA:0,(anonymous_10)
FNDA:0,(anonymous_11)
FNDA:0,(anonymous_12)
FNDA:0,(anonymous_13)
DA:3,1
DA:4,1
DA:5,1
DA:6,1
DA:7,1
DA:9,1
DA:10,0
DA:11,1
DA:12,0
DA:15,1
DA:16,0
DA:18,0
DA:30,1
DA:31,0
DA:32,0
DA:33,0
DA:34,0
DA:35,0
DA:36,0
DA:37,0
DA:38,0
DA:39,0
DA:40,0
DA:43,0
DA:44,0
DA:45,0
DA:46,0
DA:47,0
DA:48,0
DA:50,0
DA:51,0
DA:56,0
DA:57,0
DA:59,0
DA:60,0
DA:61,0
DA:62,0
DA:68,0
DA:71,1
DA:72,0
DA:73,0
DA:74,0
DA:75,0
DA:76,0
DA:77,0
DA:81,0
DA:82,0
DA:84,0
DA:85,0
DA:88,0
DA:89,0
DA:91,0
DA:94,1
LF:53
LH:11
BRDA:9,1,0,0
BRDA:9,1,1,1
BRDA:12,2,0,0
BRDA:12,2,1,0
BRDA:16,3,0,0
BRDA:16,3,1,0
BRDA:16,4,0,0
BRDA:16,4,1,0
BRDA:35,5,0,0
BRDA:35,5,1,0
BRDA:39,6,0,0
BRDA:39,6,1,0
BRDA:39,7,0,0
BRDA:39,7,1,0
BRDA:46,8,0,0
BRDA:46,8,1,0
BRDA:61,9,0,0
BRDA:61,9,1,0
BRDA:61,10,0,0
BRDA:61,10,1,0
BRF:20
BRH:1
end_of_record
TN:
SF:app/actions/sniff/process/processResponses.js
FN:4,processResponses
FN:14,(anonymous_2)
FN:22,(anonymous_3)
FN:23,(anonymous_4)
FN:28,(anonymous_5)
FNF:5
FNH:0
FNDA:0,processResponses
FNDA:0,(anonymous_2)
FNDA:0,(anonymous_3)
FNDA:0,(anonymous_4)
FNDA:0,(anonymous_5)
DA:1,1
DA:2,1
DA:3,1
DA:4,1
DA:5,0
DA:6,0
DA:7,0
DA:8,0
DA:9,0
DA:10,0
DA:11,0
DA:13,0
DA:14,0
DA:15,0
DA:16,0
DA:17,0
DA:19,0
DA:22,0
DA:23,0
DA:24,0
DA:25,0
DA:27,0
DA:29,0
DA:30,0
DA:32,0
DA:35,1
LF:26
LH:5
BRDA:6,1,0,0
BRDA:6,1,1,0
BRDA:8,2,0,0
BRDA:8,2,1,0
BRDA:10,3,0,0
BRDA:10,3,1,0
BRF:6
BRH:0
end_of_record
TN:
SF:app/actions/sniff/process/createPage.js
FN:8,extractEmails
FN:12,findMime
FN:21,saveThumb
FN:23,(anonymous_4)
FN:25,(anonymous_5)
FN:31,run
FN:49,(anonymous_7)
FN:51,(anonymous_8)
FN:53,(anonymous_9)
FN:62,(anonymous_10)
FN:77,(anonymous_11)
FN:79,(anonymous_12)
FN:83,(anonymous_13)
FN:91,(anonymous_14)
FN:110,(anonymous_15)
FN:125,(anonymous_16)
FN:143,createPage
FN:154,(anonymous_18)
FN:157,(anonymous_19)
FN:166,(anonymous_20)
FN:184,(anonymous_21)
FN:189,(anonymous_22)
FN:194,(anonymous_23)
FN:197,(anonymous_24)
FN:201,(anonymous_25)
FNF:25
FNH:0
FNDA:0,extractEmails
FNDA:0,findMime
FNDA:0,saveThumb
FNDA:0,(anonymous_4)
FNDA:0,(anonymous_5)
FNDA:0,run
FNDA:0,(anonymous_7)
FNDA:0,(anonymous_8)
FNDA:0,(anonymous_9)
FNDA:0,(anonymous_10)
FNDA:0,(anonymous_11)
FNDA:0,(anonymous_12)
FNDA:0,(anonymous_13)
FNDA:0,(anonymous_14)
FNDA:0,(anonymous_15)
FNDA:0,(anonymous_16)
FNDA:0,createPage
FNDA:0,(anonymous_18)
FNDA:0,(anonymous_19)
FNDA:0,(anonymous_20)
FNDA:0,(anonymous_21)
FNDA:0,(anonymous_22)
FNDA:0,(anonymous_23)
FNDA:0,(anonymous_24)
FNDA:0,(anonymous_25)
DA:1,1
DA:2,1
DA:3,1
DA:4,1
DA:5,1
DA:6,1
DA:8,1
DA:9,0
DA:12,1
DA:13,0
DA:14,0
DA:15,0
DA:18,0
DA:21,1
DA:22,0
DA:23,0
DA:24,0
DA:26,0
DA:28,0
DA:31,1
DA:32,0
DA:33,0
DA:34,0
DA:38,0
DA:39,0
DA:40,0
DA:48,0
DA:49,0
DA:50,0
DA:51,0
DA:52,0
DA:54,0
DA:57,0
DA:58,0
DA:62,0
DA:63,0
DA:68,0
DA:69,0
DA:70,0
DA:71,0
DA:72,0
DA:74,0
DA:77,0
DA:78,0
DA:79,0
DA:80,0
DA:81,0
DA:83,0
DA:84,0
DA:85,0
DA:86,0
DA:87,0
DA:88,0
DA:91,0
DA:92,0
DA:93,0
DA:94,0
DA:96,0
DA:101,0
DA:105,0
DA:106,0
DA:108,0
DA:110,0
DA:111,0
DA:112,0
DA:113,0
DA:114,0
DA:118,0
DA:119,0
DA:122,0
DA:123,0
DA:126,0
DA:127,0
DA:133,0
DA:136,0
DA:137,0
DA:138,0
DA:143,1
DA:144,0
DA:145,0
DA:146,0
DA:148,0
DA:149,0
DA:151,0
DA:152,0
DA:154,0
DA:155,0
DA:157,0
DA:158,0
DA:159,0
DA:166,0
DA:167,0
DA:168,0
DA:169,0
DA:175,0
DA:176,0
DA:178,0
DA:179,0
DA:182,0
DA:183,0
DA:184,0
DA:185,0
DA:186,0
DA:189,0
DA:190,0
DA:191,0
DA:194,0
DA:195,0
DA:197,0
DA:198,0
DA:201,0
DA:202,0
DA:206,0
DA:210,0
DA:211,0
DA:213,0
DA:214,0
DA:216,0
DA:219,1
LF:119
LH:12
BRDA:13,1,0,0
BRDA:13,1,1,0
BRDA:13,2,0,0
BRDA:13,2,1,0
BRDA:13,2,2,0
BRDA:13,2,3,0
BRDA:14,3,0,0
BRDA:14,3,1,0
BRDA:69,4,0,0
BRDA:69,4,1,0
BRDA:71,5,0,0
BRDA:71,5,1,0
BRDA:80,6,0,0
BRDA:80,6,1,0
BRDA:87,7,0,0
BRDA:87,7,1,0
BRDA:91,8,0,0
BRDA:91,8,1,0
BRDA:92,9,0,0
BRDA:92,9,1,0
BRDA:146,10,0,0
BRDA:146,10,1,0
BRDA:148,11,0,0
BRDA:148,11,1,0
BRDA:149,12,0,0
BRDA:149,12,1,0
BRDA:168,13,0,0
BRDA:168,13,1,0
BRDA:175,14,0,0
BRDA:175,14,1,0
BRDA:178,15,0,0
BRDA:178,15,1,0
BRF:32
BRH:0
end_of_record
TN:
SF:app/actions/sniff/linkChecker/initScrapeHtml.js
FN:8,enqueueLink
FN:34,scan
FN:43,(anonymous_3)
FN:46,(anonymous_4)
FN:55,(anonymous_5)
FN:62,(anonymous_6)
FN:72,_scan
FN:73,Instance
FNF:8
FNH:0
FNDA:0,enqueueLink
FNDA:0,scan
FNDA:0,(anonymous_3)
FNDA:0,(anonymous_4)
FNDA:0,(anonymous_5)
FNDA:0,(anonymous_6)
FNDA:0,_scan
FNDA:0,Instance
DA:1,1
DA:2,1
DA:3,1
DA:4,1
DA:5,1
DA:6,1
DA:8,1
DA:10,0
DA:12,0
DA:14,0
DA:15,0
DA:16,0
DA:17,0
DA:18,0
DA:19,0
DA:22,0
DA:23,0
DA:25,0
DA:26,0
DA:27,0
DA:28,0
DA:32,1
DA:34,1
DA:36,0
DA:37,0
DA:38,0
DA:40,0
DA:41,0
DA:43,0
DA:44,0
DA:45,0
DA:48,0
DA:49,0
DA:51,0
DA:52,0
DA:55,0
DA:56,0
DA:59,0
DA:60,0
DA:63,0
DA:69,0
DA:72,1
DA:73,1
DA:74,0
DA:75,0
DA:76,0
DA:77,0
DA:78,0
DA:79,0
DA:80,0
DA:81,0
DA:83,0
DA:84,0
DA:85,0
DA:86,0
DA:89,0
DA:92,1
LF:57
LH:12
BRDA:14,1,0,0
BRDA:14,1,1,0
BRDA:25,2,0,0
BRDA:25,2,1,0
BRDA:27,3,0,0
BRDA:27,3,1,0
BRDA:51,4,0,0
BRDA:51,4,1,0
BRDA:51,5,0,0
BRDA:51,5,1,0
BRDA:51,5,2,0
BRDA:51,5,3,0
BRF:12
BRH:0
end_of_record
TN:
SF:app/actions/sniff/linkChecker/scrapeHtml.js
FN:14,scrapeHtml
FN:25,(anonymous_2)
FN:56,findLinks
FN:60,(anonymous_4)
FN:119,findPreliminaries
FN:132,(anonymous_6)
FN:182,findRootNode
FN:197,getNthIndex
FN:223,getSelector
FN:244,getText
FN:250,(anonymous_11)
FN:266,stringifyNode
FN:285,walk
FNF:13
FNH:0
FNDA:0,scrapeHtml
FNDA:0,(anonymous_2)
FNDA:0,findLinks
FNDA:0,(anonymous_4)
FNDA:0,findPreliminaries
FNDA:0,(anonymous_6)
FNDA:0,findRootNode
FNDA:0,getNthIndex
FNDA:0,getSelector
FNDA:0,getText
FNDA:0,(anonymous_11)
FNDA:0,stringifyNode
FNDA:0,walk
DA:2,1
DA:3,1
DA:5,1
DA:6,1
DA:7,1
DA:9,1
DA:14,1
DA:15,0
DA:16,0
DA:17,0
DA:18,0
DA:19,0
DA:21,0
DA:22,0
DA:23,0
DA:25,0
DA:26,0
DA:27,0
DA:28,0
DA:29,0
DA:30,0
DA:31,0
DA:32,0
DA:33,0
DA:35,0
DA:36,0
DA:37,0
DA:38,0
DA:39,0
DA:40,0
DA:44,0
DA:48,0
DA:56,1
DA:57,0
DA:60,0
DA:61,0
DA:62,0
DA:64,0
DA:65,0
DA:66,0
DA:70,0
DA:71,0
DA:72,0
DA:74,0
DA:77,0
DA:79,0
DA:80,0
DA:81,0
DA:83,0
DA:84,0
DA:86,0
DA:89,0
DA:92,0
DA:93,0
DA:97,0
DA:98,0
DA:99,0
DA:100,0
DA:101,0
DA:102,0
DA:119,1
DA:120,0
DA:121,0
DA:125,0
DA:128,0
DA:132,0
DA:133,0
DA:137,0
DA:139,0
DA:140,0
DA:143,0
DA:148,0
DA:149,0
DA:151,0
DA:155,0
DA:160,0
DA:161,0
DA:166,0
DA:170,0
DA:172,0
DA:176,0
DA:182,1
DA:183,0
DA:184,0
DA:186,0
DA:188,0
DA:189,0
DA:197,1
DA:198,0
DA:199,0
DA:200,0
DA:201,0
DA:203,0
DA:204,0
DA:206,0
DA:208,0
DA:209,0
DA:212,0
DA:217,0
DA:223,1
DA:224,0
DA:225,0
DA:227,0
DA:228,0
DA:231,0
DA:232,0
DA:236,0
DA:238,0
DA:241,0
DA:244,1
DA:245,0
DA:247,0
DA:248,0
DA:250,0
DA:251,0
DA:252,0
DA:257,0
DA:260,0
DA:266,1
DA:267,0
DA:268,0
DA:269,0
DA:270,0
DA:273,0
DA:274,0
DA:275,0
DA:279,0
DA:281,0
DA:285,1
DA:286,0
DA:288,0
DA:290,0
DA:291,0
DA:292,0
DA:295,0
DA:296,0
DA:298,0
DA:302,1
LF:138
LH:16
BRDA:21,1,0,0
BRDA:21,1,1,0
BRDA:27,2,0,0
BRDA:27,2,1,0
BRDA:27,3,0,0
BRDA:27,3,1,0
BRDA:32,4,0,0
BRDA:32,4,1,0
BRDA:32,5,0,0
BRDA:32,5,1,0
BRDA:32,5,2,0
BRDA:39,6,0,0
BRDA:39,6,1,0
BRDA:64,7,0,0
BRDA:64,7,1,0
BRDA:65,8,0,0
BRDA:65,8,1,0
BRDA:65,9,0,0
BRDA:65,9,1,0
BRDA:71,10,0,0
BRDA:71,10,1,0
BRDA:71,11,0,0
BRDA:71,11,1,0
BRDA:71,11,2,0
BRDA:77,12,0,0
BRDA:77,12,1,0
BRDA:79,13,0,0
BRDA:79,13,1,0
BRDA:79,14,0,0
BRDA:79,14,1,0
BRDA:80,15,0,0
BRDA:80,15,1,0
BRDA:80,16,0,0
BRDA:80,16,1,0
BRDA:83,17,0,0
BRDA:83,17,1,0
BRDA:83,18,0,0
BRDA:83,18,1,0
BRDA:83,18,2,0
BRDA:92,19,0,0
BRDA:92,19,1,0
BRDA:97,20,0,0
BRDA:97,20,1,0
BRDA:99,21,0,0
BRDA:99,21,1,0
BRDA:101,22,0,0
BRDA:101,22,1,0
BRDA:133,23,0,0
BRDA:133,23,1,0
BRDA:137,24,0,0
BRDA:137,24,1,0
BRDA:137,25,0,0
BRDA:137,25,1,0
BRDA:137,25,2,0
BRDA:148,26,0,0
BRDA:148,26,1,0
BRDA:148,27,0,0
BRDA:148,27,1,0
BRDA:148,27,2,0
BRDA:151,28,0,0
BRDA:151,28,1,0
BRDA:151,28,2,0
BRDA:160,29,0,0
BRDA:160,29,1,0
BRDA:160,30,0,0
BRDA:160,30,1,0
BRDA:170,31,0,0
BRDA:170,31,1,0
BRDA:170,32,0,0
BRDA:170,32,1,0
BRDA:188,33,0,0
BRDA:188,33,1,0
BRDA:206,34,0,0
BRDA:206,34,1,0
BRDA:208,35,0,0
BRDA:208,35,1,0
BRDA:231,36,0,0
BRDA:231,36,1,0
BRDA:231,37,0,0
BRDA:231,37,1,0
BRDA:247,38,0,0
BRDA:247,38,1,0
BRDA:251,39,0,0
BRDA:251,39,1,0
BRDA:269,40,0,0
BRDA:269,40,1,0
BRDA:269,41,0,0
BRDA:269,41,1,0
BRDA:274,42,0,0
BRDA:274,42,1,0
BRDA:274,43,0,0
BRDA:274,43,1,0
BRDA:288,44,0,0
BRDA:288,44,1,0
BRDA:290,45,0,0
BRDA:290,45,1,0
BRDA:296,46,0,0
BRDA:296,46,1,0
BRF:98
BRH:0
end_of_record
TN:
SF:app/actions/sniff/linkChecker/linkObj.js
FN:7,linkObj
FN:56,(anonymous_2)
FN:65,(anonymous_3)
FN:91,(anonymous_4)
FN:165,cloneObject
FN:192,parity
FNF:6
FNH:0
FNDA:0,linkObj
FNDA:0,(anonymous_2)
FNDA:0,(anonymous_3)
FNDA:0,(anonymous_4)
FNDA:0,cloneObject
FNDA:0,parity
DA:2,1
DA:7,1
DA:8,0
DA:9,0
DA:11,0
DA:50,0
DA:56,1
DA:57,0
DA:58,0
DA:59,0
DA:65,1
DA:66,0
DA:67,0
DA:68,0
DA:69,0
DA:71,0
DA:73,0
DA:75,0
DA:76,0
DA:79,0
DA:80,0
DA:81,0
DA:83,0
DA:91,1
DA:92,0
DA:93,0
DA:97,0
DA:102,0
DA:103,0
DA:105,0
DA:106,0
DA:110,0
DA:111,0
DA:113,0
DA:114,0
DA:118,0
DA:120,0
DA:121,0
DA:124,0
DA:125,0
DA:126,0
DA:129,0
DA:130,0
DA:131,0
DA:134,0
DA:135,0
DA:138,0
DA:140,0
DA:141,0
DA:142,0
DA:143,0
DA:145,0
DA:146,0
DA:148,0
DA:149,0
DA:150,0
DA:154,0
DA:155,0
DA:165,1
DA:166,0
DA:168,0
DA:169,0
DA:172,0
DA:177,0
DA:178,0
DA:179,0
DA:181,0
DA:182,0
DA:184,0
DA:188,0
DA:192,1
DA:196,0
DA:199,1
LF:73
LH:8
BRDA:8,1,0,0
BRDA:8,1,1,0
BRDA:8,2,0,0
BRDA:8,2,1,0
BRDA:66,3,0,0
BRDA:66,3,1,0
BRDA:68,4,0,0
BRDA:68,4,1,0
BRDA:73,5,0,0
BRDA:73,5,1,0
BRDA:73,6,0,0
BRDA:73,6,1,0
BRDA:81,7,0,0
BRDA:81,7,1,0
BRDA:92,8,0,0
BRDA:92,8,1,0
BRDA:102,9,0,0
BRDA:102,9,1,0
BRDA:105,10,0,0
BRDA:105,10,1,0
BRDA:111,11,0,0
BRDA:111,11,1,0
BRDA:118,12,0,0
BRDA:118,12,1,0
BRDA:124,13,0,0
BRDA:124,13,1,0
BRDA:130,14,0,0
BRDA:130,14,1,0
BRDA:134,15,0,0
BRDA:134,15,1,0
BRDA:140,16,0,0
BRDA:140,16,1,0
BRDA:146,17,0,0
BRDA:146,17,1,0
BRDA:148,18,0,0
BRDA:148,18,1,0
BRDA:168,19,0,0
BRDA:168,19,1,0
BRDA:178,20,0,0
BRDA:178,20,1,0
BRDA:181,21,0,0
BRDA:181,21,1,0
BRDA:181,22,0,0
BRDA:181,22,1,0
BRDA:196,23,0,0
BRDA:196,23,1,0
BRF:46
BRH:0
end_of_record
TN:
SF:app/actions/sniff/linkChecker/tags.js
FNF:0
FNH:0
DA:3,1
DA:181,1
DA:243,1
LF:3
LH:3
BRF:0
BRH:0
end_of_record
TN:
SF:app/actions/sniff/linkChecker/parseHtml.js
FN:8,(anonymous_1)
FN:29,getAttrMap
FN:44,parseHtml
FN:45,(anonymous_4)
FN:49,(anonymous_5)
FNF:5
FNH:0
FNDA:0,(anonymous_1)
FNDA:0,getAttrMap
FNDA:0,parseHtml
FNDA:0,(anonymous_4)
FNDA:0,(anonymous_5)
DA:2,1
DA:3,1
DA:4,1
DA:6,1
DA:7,1
DA:8,1
DA:9,0
DA:11,0
DA:12,0
DA:15,0
DA:18,1
DA:29,1
DA:30,0
DA:31,0
DA:32,0
DA:34,0
DA:35,0
DA:38,0
DA:44,1
DA:45,0
DA:46,0
DA:47,0
DA:49,0
DA:50,0
DA:53,0
DA:54,0
DA:55,0
DA:57,0
DA:62,1
LF:29
LH:10
BRDA:11,1,0,0
BRDA:11,1,1,0
BRDA:11,2,0,0
BRDA:11,2,1,0
BRDA:46,3,0,0
BRDA:46,3,1,0
BRDA:54,4,0,0
BRDA:54,4,1,0
BRF:8
BRH:0
end_of_record
TN:
SF:app/actions/sniff/linkChecker/excludeLink.js
FN:6,excludeLink
FNF:1
FNH:0
FNDA:0,excludeLink
DA:1,1
DA:2,1
DA:3,1
DA:4,1
DA:6,1
DA:8,0
DA:9,0
DA:10,0
DA:11,0
DA:13,0
DA:14,0
DA:17,0
DA:18,0
DA:20,0
DA:21,0
DA:23,0
DA:24,0
DA:26,0
DA:27,0
DA:29,0
DA:30,0
DA:33,0
DA:34,0
DA:35,0
DA:37,0
DA:38,0
DA:44,0
DA:47,0
DA:48,0
DA:52,0
DA:53,0
DA:56,0
DA:58,1
LF:33
LH:6
BRDA:13,1,0,0
BRDA:13,1,1,0
BRDA:17,2,0,0
BRDA:17,2,1,0
BRDA:20,3,0,0
BRDA:20,3,1,0
BRDA:20,4,0,0
BRDA:20,4,1,0
BRDA:23,5,0,0
BRDA:23,5,1,0
BRDA:23,6,0,0
BRDA:23,6,1,0
BRDA:26,7,0,0
BRDA:26,7,1,0
BRDA:26,8,0,0
BRDA:26,8,1,0
BRDA:29,9,0,0
BRDA:29,9,1,0
BRDA:33,10,0,0
BRDA:33,10,1,0
BRDA:34,11,0,0
BRDA:34,11,1,0
BRDA:37,12,0,0
BRDA:37,12,1,0
BRDA:38,13,0,0
BRDA:38,13,1,0
BRDA:39,14,0,0
BRDA:39,14,1,0
BRDA:39,14,2,0
BRDA:39,14,3,0
BRDA:39,14,4,0
BRDA:39,14,5,0
BRDA:39,14,6,0
BRDA:39,14,7,0
BRDA:47,15,0,0
BRDA:47,15,1,0
BRDA:47,16,0,0
BRDA:47,16,1,0
BRDA:47,16,2,0
BRDA:47,16,3,0
BRDA:47,16,4,0
BRDA:52,17,0,0
BRDA:52,17,1,0
BRF:43
BRH:0
end_of_record
TN:
SF:app/actions/sniff/linkChecker/matchUrl.js
FN:4,matchUrl
FNF:1
FNH:0
FNDA:0,matchUrl
DA:2,1
DA:4,1
DA:5,0
DA:7,0
DA:8,0
DA:10,0
DA:11,0
DA:12,0
DA:13,0
DA:14,0
DA:18,0
DA:21,1
LF:12
LH:3
BRDA:7,1,0,0
BRDA:7,1,1,0
BRDA:11,2,0,0
BRDA:11,2,1,0
BRDA:13,3,0,0
BRDA:13,3,1,0
BRF:6
BRH:0
end_of_record
TN:
SF:app/actions/sniff/linkChecker/parseOptions.js
FN:4,array2booleanMap
FN:17,parseOptions
FNF:2
FNH:0
FNDA:0,array2booleanMap
FNDA:0,parseOptions
DA:2,1
DA:4,1
DA:5,0
DA:6,0
DA:7,0
DA:8,0
DA:9,0
DA:10,0
DA:12,0
DA:14,0
DA:17,1
DA:18,0
DA:19,0
DA:20,0
DA:21,0
DA:22,0
DA:24,0
DA:27,1
LF:18
LH:4
BRDA:6,1,0,0
BRDA:6,1,1,0
BRDA:18,2,0,0
BRDA:18,2,1,0
BRDA:18,3,0,0
BRDA:18,3,1,0
BRF:6
BRH:0
end_of_record
TN:
SF:app/actions/sniff/linkChecker/defaultOptions.js
FNF:0
FNH:0
DA:2,1
DA:3,1
DA:5,1
DA:34,1
LF:4
LH:4
BRF:0
BRH:0
end_of_record
TN:
SF:app/actions/sniff/process/createHAR.js
FN:10,createHAR
FN:18,(anonymous_2)
FNF:2
FNH:0
FNDA:0,createHAR
FNDA:0,(anonymous_2)
DA:1,1
DA:3,1
DA:10,1
DA:11,0
DA:12,0
DA:13,0
DA:14,0
DA:16,0
DA:18,0
DA:19,0
DA:20,0
DA:21,0
DA:22,0
DA:23,0
DA:24,0
DA:26,0
DA:27,0
DA:32,0
DA:33,0
DA:36,0
DA:37,0
DA:39,0
DA:42,0
DA:43,0
DA:44,0
DA:47,0
DA:48,0
DA:49,0
DA:50,0
DA:51,0
DA:52,0
DA:53,0
DA:54,0
DA:55,0
DA:56,0
DA:59,0
DA:110,0
DA:126,1
LF:38
LH:4
BRDA:26,1,0,0
BRDA:26,1,1,0
BRDA:26,2,0,0
BRDA:26,2,1,0
BRDA:26,2,2,0
BRDA:32,3,0,0
BRDA:32,3,1,0
BRDA:37,4,0,0
BRDA:37,4,1,0
BRDA:37,5,0,0
BRDA:37,5,1,0
BRDA:37,5,2,0
BRDA:42,6,0,0
BRDA:42,6,1,0
BRDA:47,7,0,0
BRDA:47,7,1,0
BRDA:93,8,0,0
BRDA:93,8,1,0
BRDA:93,9,0,0
BRDA:93,9,1,0
BRF:20
BRH:0
end_of_record
TN:
SF:app/amqp-connections/amqp.js
FN:11,whenConnected
FN:23,start
FN:25,(anonymous_3)
FN:30,(anonymous_4)
FN:35,(anonymous_5)
FNF:5
FNH:0
FNDA:0,whenConnected
FNDA:0,start
FNDA:0,(anonymous_3)
FNDA:0,(anonymous_4)
FNDA:0,(anonymous_5)
DA:1,1
DA:2,1
DA:11,1
DA:12,0
DA:13,0
DA:14,0
DA:15,0
DA:16,0
DA:23,1
DA:25,0
DA:26,0
DA:27,0
DA:28,0
DA:30,0
DA:31,0
DA:32,0
DA:35,0
DA:36,0
DA:37,0
DA:39,0
DA:40,0
DA:42,0
DA:46,1
LF:23
LH:5
BRDA:15,1,0,0
BRDA:15,1,1,0
BRDA:15,2,0,0
BRDA:15,2,1,0
BRDA:26,3,0,0
BRDA:26,3,1,0
BRDA:31,4,0,0
BRDA:31,4,1,0
BRF:8
BRH:0
end_of_record
TN:
SF:app/amqp-connections/worker.js
FN:22,(anonymous_1)
FN:23,(anonymous_2)
FN:28,(anonymous_3)
FN:32,(anonymous_4)
FN:36,(anonymous_5)
FN:57,init
FN:62,(anonymous_7)
FN:70,(anonymous_8)
FNF:8
FNH:0
FNDA:0,(anonymous_1)
FNDA:0,(anonymous_2)
FNDA:0,(anonymous_3)
FNDA:0,(anonymous_4)
FNDA:0,(anonymous_5)
FNDA:0,init
FNDA:0,(anonymous_7)
FNDA:0,(anonymous_8)
DA:1,1
DA:2,1
DA:3,1
DA:4,1
DA:5,1
DA:6,1
DA:7,1
DA:12,1
DA:13,1
DA:14,1
DA:15,1
DA:16,1
DA:22,1
DA:23,0
DA:25,0
DA:26,0
DA:28,0
DA:29,0
DA:32,0
DA:33,0
DA:36,0
DA:37,0
DA:40,0
DA:43,0
DA:44,0
DA:45,0
DA:46,0
DA:47,0
DA:57,1
DA:58,0
DA:60,0
DA:63,0
DA:64,0
DA:65,0
DA:70,0
DA:71,0
LF:36
LH:14
BRDA:25,1,0,0
BRDA:25,1,1,0
BRDA:63,2,0,0
BRDA:63,2,1,0
BRF:4
BRH:0
end_of_record
TN:
SF:app/settings/requests.js
FN:5,_authorize
FN:10,(anonymous_2)
FN:43,checkOptions
FN:66,checkRequirements
FN:70,(anonymous_5)
FN:80,(anonymous_6)
FN:96,checkApiCall
FN:98,(anonymous_8)
FN:100,(anonymous_9)
FN:102,(anonymous_10)
FN:105,(anonymous_11)
FN:108,(anonymous_12)
FN:112,(anonymous_13)
FN:116,(anonymous_14)
FN:120,(anonymous_15)
FN:127,_preFlight
FN:128,(anonymous_17)
FN:130,(anonymous_18)
FN:144,validate
FN:160,siteRequestValidate
FN:164,linkRequestValidate
FN:168,captureRequestValidate
FN:174,pageRequestValidate
FN:255,(anonymous_24)
FN:273,(anonymous_25)
FN:281,(anonymous_26)
FNF:26
FNH:0
FNDA:0,_authorize
FNDA:0,(anonymous_2)
FNDA:0,checkOptions
FNDA:0,checkRequirements
FNDA:0,(anonymous_5)
FNDA:0,(anonymous_6)
FNDA:0,checkApiCall
FNDA:0,(anonymous_8)
FNDA:0,(anonymous_9)
FNDA:0,(anonymous_10)
FNDA:0,(anonymous_11)
FNDA:0,(anonymous_12)
FNDA:0,(anonymous_13)
FNDA:0,(anonymous_14)
FNDA:0,(anonymous_15)
FNDA:0,_preFlight
FNDA:0,(anonymous_17)
FNDA:0,(anonymous_18)
FNDA:0,validate
FNDA:0,siteRequestValidate
FNDA:0,linkRequestValidate
FNDA:0,captureRequestValidate
FNDA:0,pageRequestValidate
FNDA:0,(anonymous_24)
FNDA:0,(anonymous_25)
FNDA:0,(anonymous_26)
DA:2,1
DA:3,1
DA:5,1
DA:6,0
DA:7,0
DA:11,0
DA:12,0
DA:14,0
DA:15,0
DA:25,0
DA:26,0
DA:36,0
DA:40,0
DA:43,1
DA:44,0
DA:45,0
DA:46,0
DA:47,0
DA:61,0
DA:63,0
DA:66,1
DA:67,0
DA:68,0
DA:69,0
DA:70,0
DA:71,0
DA:72,0
DA:73,0
DA:76,0
DA:77,0
DA:79,0
DA:80,0
DA:81,0
DA:87,0
DA:93,0
DA:96,1
DA:97,0
DA:98,0
DA:99,0
DA:100,0
DA:101,0
DA:102,0
DA:103,0
DA:104,0
DA:105,0
DA:106,0
DA:107,0
DA:109,0
DA:110,0
DA:113,0
DA:114,0
DA:117,0
DA:118,0
DA:121,0
DA:122,0
DA:124,0
DA:127,1
DA:128,0
DA:129,0
DA:131,0
DA:144,1
DA:145,0
DA:146,0
DA:148,0
DA:149,0
DA:156,0
DA:160,1
DA:164,1
DA:168,1
DA:169,0
DA:170,0
DA:171,0
DA:174,1
DA:175,0
DA:176,0
DA:177,0
DA:178,0
DA:179,0
DA:180,0
DA:186,0
DA:187,0
DA:193,0
DA:194,0
DA:200,0
DA:201,0
DA:207,0
DA:208,0
DA:214,0
DA:215,0
DA:221,0
DA:222,0
DA:228,0
DA:229,0
DA:235,0
DA:236,0
DA:246,0
DA:247,0
DA:253,0
DA:254,0
DA:255,0
DA:256,0
DA:257,0
DA:258,0
DA:261,0
DA:262,0
DA:269,0
DA:270,0
DA:271,0
DA:272,0
DA:273,0
DA:274,0
DA:280,0
DA:281,0
DA:282,0
DA:290,0
DA:296,0
DA:298,0
DA:301,1
DA:310,1
LF:119
LH:14
BRDA:11,1,0,0
BRDA:11,1,1,0
BRDA:14,2,0,0
BRDA:14,2,1,0
BRDA:25,3,0,0
BRDA:25,3,1,0
BRDA:25,4,0,0
BRDA:25,4,1,0
BRDA:46,5,0,0
BRDA:46,5,1,0
BRDA:46,6,0,0
BRDA:46,6,1,0
BRDA:71,7,0,0
BRDA:71,7,1,0
BRDA:71,8,0,0
BRDA:71,8,1,0
BRDA:76,9,0,0
BRDA:76,9,1,0
BRDA:145,10,0,0
BRDA:145,10,1,0
BRDA:179,11,0,0
BRDA:179,11,1,0
BRDA:186,12,0,0
BRDA:186,12,1,0
BRDA:193,13,0,0
BRDA:193,13,1,0
BRDA:200,14,0,0
BRDA:200,14,1,0
BRDA:207,15,0,0
BRDA:207,15,1,0
BRDA:214,16,0,0
BRDA:214,16,1,0
BRDA:221,17,0,0
BRDA:221,17,1,0
BRDA:228,18,0,0
BRDA:228,18,1,0
BRDA:228,19,0,0
BRDA:228,19,1,0
BRDA:235,20,0,0
BRDA:235,20,1,0
BRDA:235,21,0,0
BRDA:235,21,1,0
BRDA:246,22,0,0
BRDA:246,22,1,0
BRDA:246,23,0,0
BRDA:246,23,1,0
BRDA:256,24,0,0
BRDA:256,24,1,0
BRDA:256,25,0,0
BRDA:256,25,1,0
BRDA:261,26,0,0
BRDA:261,26,1,0
BRDA:269,27,0,0
BRDA:269,27,1,0
BRDA:280,28,0,0
BRDA:280,28,1,0
BRF:56
BRH:0
end_of_record
TN:
SF:app/settings/requests/page.js
FN:19,pageRequest
FN:35,(anonymous_2)
FN:50,(anonymous_3)
FN:64,(anonymous_4)
FN:90,(anonymous_5)
FN:92,(anonymous_6)
FN:105,(anonymous_7)
FN:111,(anonymous_8)
FN:123,(anonymous_9)
FNF:9
FNH:0
FNDA:0,pageRequest
FNDA:0,(anonymous_2)
FNDA:0,(anonymous_3)
FNDA:0,(anonymous_4)
FNDA:0,(anonymous_5)
FNDA:0,(anonymous_6)
FNDA:0,(anonymous_7)
FNDA:0,(anonymous_8)
FNDA:0,(anonymous_9)
DA:1,1
DA:2,1
DA:3,1
DA:4,1
DA:5,1
DA:6,1
DA:7,1
DA:8,1
DA:9,1
DA:10,1
DA:11,1
DA:12,1
DA:19,1
DA:20,0
DA:21,0
DA:22,0
DA:25,0
DA:34,0
DA:35,0
DA:36,0
DA:37,0
DA:38,0
DA:45,0
DA:46,0
DA:47,0
DA:51,0
DA:52,0
DA:53,0
DA:54,0
DA:55,0
DA:61,0
DA:62,0
DA:64,0
DA:65,0
DA:66,0
DA:67,0
DA:75,0
DA:77,0
DA:78,0
DA:79,0
DA:90,0
DA:91,0
DA:92,0
DA:93,0
DA:94,0
DA:102,0
DA:106,0
DA:107,0
DA:112,0
DA:113,0
DA:117,0
DA:118,0
DA:124,0
DA:126,0
DA:133,0
DA:136,1
LF:56
LH:14
BRDA:36,1,0,0
BRDA:36,1,1,0
BRDA:53,2,0,0
BRDA:53,2,1,0
BRDA:65,3,0,0
BRDA:65,3,1,0
BRDA:91,4,0,0
BRDA:91,4,1,0
BRF:8
BRH:0
end_of_record
TN:
SF:app/models/link.js
FNF:0
FNH:0
DA:1,1
DA:3,1
DA:44,1
LF:3
LH:3
BRF:0
BRH:0
end_of_record
TN:
SF:app/models/request.js
FNF:0
FNH:0
DA:1,1
DA:3,1
DA:46,1
LF:3
LH:3
BRF:0
BRH:0
end_of_record
TN:
SF:app/settings/requests/page/updateCount.js
FN:15,handleError
FN:34,updateCount
FN:42,(anonymous_3)
FNF:3
FNH:0
FNDA:0,handleError
FNDA:0,updateCount
FNDA:0,(anonymous_3)
DA:1,1
DA:6,1
DA:15,1
DA:16,0
DA:34,1
DA:35,0
DA:36,0
DA:37,0
DA:38,0
DA:43,0
DA:44,0
DA:46,0
DA:53,0
DA:54,0
DA:56,0
DA:59,1
LF:16
LH:5
BRDA:43,1,0,0
BRDA:43,1,1,0
BRF:2
BRH:0
end_of_record
TN:
SF:app/settings/requests/page/batchUpsert.js
FN:10,Command
FN:31,createBulkUpdateCommands
FN:33,(anonymous_3)
FNF:3
FNH:0
FNDA:0,Command
FNDA:0,createBulkUpdateCommands
FNDA:0,(anonymous_3)
DA:10,1
DA:11,0
DA:31,1
DA:32,0
DA:33,0
DA:34,0
DA:35,0
DA:36,0
DA:37,0
DA:39,0
DA:41,1
LF:11
LH:3
BRF:0
BRH:0
end_of_record
TN:
SF:app/settings/requests/link.js
FN:11,linkRequest
FN:18,(anonymous_2)
FN:74,(anonymous_3)
FN:100,(anonymous_4)
FN:143,(anonymous_5)
FN:151,(anonymous_6)
FN:202,(anonymous_7)
FNF:7
FNH:0
FNDA:0,linkRequest
FNDA:0,(anonymous_2)
FNDA:0,(anonymous_3)
FNDA:0,(anonymous_4)
FNDA:0,(anonymous_5)
FNDA:0,(anonymous_6)
FNDA:0,(anonymous_7)
DA:1,1
DA:2,1
DA:3,1
DA:4,1
DA:5,1
DA:6,1
DA:7,1
DA:8,1
DA:9,1
DA:11,1
DA:12,0
DA:13,0
DA:14,0
DA:19,0
DA:20,0
DA:21,0
DA:40,0
DA:41,0
DA:42,0
DA:43,0
DA:44,0
DA:45,0
DA:50,0
DA:51,0
DA:54,0
DA:55,0
DA:56,0
DA:57,0
DA:58,0
DA:61,0
DA:75,0
DA:76,0
DA:82,0
DA:84,0
DA:91,0
DA:102,0
DA:131,0
DA:141,0
DA:144,0
DA:145,0
DA:152,0
DA:153,0
DA:169,0
DA:170,0
DA:172,0
DA:195,0
DA:203,0
DA:205,0
DA:207,1
LF:49
LH:11
BRDA:40,1,0,0
BRDA:40,1,1,0
BRDA:50,2,0,0
BRDA:50,2,1,0
BRDA:50,3,0,0
BRDA:50,3,1,0
BRDA:50,3,2,0
BRDA:50,3,3,0
BRDA:54,4,0,0
BRDA:54,4,1,0
BRDA:54,5,0,0
BRDA:54,5,1,0
BRDA:54,5,2,0
BRDA:54,5,3,0
BRDA:75,6,0,0
BRDA:75,6,1,0
BRDA:102,7,0,0
BRDA:102,7,1,0
BRDA:144,8,0,0
BRDA:144,8,1,0
BRDA:144,9,0,0
BRDA:144,9,1,0
BRDA:144,9,2,0
BRDA:152,10,0,0
BRDA:152,10,1,0
BRF:25
BRH:0
end_of_record
TN:
SF:app/settings/requests/summary.js
FN:40,reject
FN:72,resolve
FN:87,retryInput
FN:101,_saveAsActive
FN:110,(anonymous_5)
FN:122,saveAsActive
FN:127,savingAsActiveError
FN:145,processHar
FN:225,(anonymous_9)
FN:251,(anonymous_10)
FN:276,(anonymous_11)
FN:315,(anonymous_12)
FN:348,(anonymous_13)
FN:350,(anonymous_14)
FN:356,markedRequstAsFailed
FN:364,(anonymous_16)
FN:393,shouldRetry
FN:398,processUrl
FN:408,(anonymous_19)
FN:411,(anonymous_20)
FN:484,init
FNF:21
FNH:0
FNDA:0,reject
FNDA:0,resolve
FNDA:0,retryInput
FNDA:0,_saveAsActive
FNDA:0,(anonymous_5)
FNDA:0,saveAsActive
FNDA:0,savingAsActiveError
FNDA:0,processHar
FNDA:0,(anonymous_9)
FNDA:0,(anonymous_10)
FNDA:0,(anonymous_11)
FNDA:0,(anonymous_12)
FNDA:0,(anonymous_13)
FNDA:0,(anonymous_14)
FNDA:0,markedRequstAsFailed
FNDA:0,(anonymous_16)
FNDA:0,shouldRetry
FNDA:0,processUrl
FNDA:0,(anonymous_19)
FNDA:0,(anonymous_20)
FNDA:0,init
DA:1,1
DA:2,1
DA:3,1
DA:4,1
DA:5,1
DA:6,1
DA:7,1
DA:8,1
DA:9,1
DA:10,1
DA:12,1
DA:13,1
DA:14,1
DA:15,1
DA:16,1
DA:17,1
DA:18,1
DA:19,1
DA:20,1
DA:40,1
DA:41,0
DA:42,0
DA:43,0
DA:45,0
DA:53,0
DA:54,0
DA:55,0
DA:56,0
DA:57,0
DA:58,0
DA:59,0
DA:62,0
DA:63,0
DA:64,0
DA:65,0
DA:66,0
DA:69,0
DA:72,1
DA:73,0
DA:81,0
DA:82,0
DA:84,0
DA:87,1
DA:88,0
DA:89,0
DA:90,0
DA:91,0
DA:98,0
DA:101,1
DA:102,0
DA:103,0
DA:104,0
DA:111,0
DA:112,0
DA:113,0
DA:115,0
DA:116,0
DA:119,0
DA:122,1
DA:123,0
DA:124,0
DA:127,1
DA:128,0
DA:129,0
DA:130,0
DA:131,0
DA:145,1
DA:146,0
DA:148,0
DA:149,0
DA:150,0
DA:151,0
DA:152,0
DA:153,0
DA:154,0
DA:155,0
DA:156,0
DA:157,0
DA:158,0
DA:168,0
DA:169,0
DA:171,0
DA:172,0
DA:173,0
DA:180,0
DA:181,0
DA:184,0
DA:185,0
DA:187,0
DA:194,0
DA:200,0
DA:206,0
DA:207,0
DA:211,0
DA:212,0
DA:223,0
DA:225,0
DA:226,0
DA:227,0
DA:231,0
DA:247,0
DA:248,0
DA:249,0
DA:251,0
DA:252,0
DA:261,0
DA:277,0
DA:289,0
DA:309,0
DA:316,0
DA:326,0
DA:344,0
DA:349,0
DA:352,0
DA:356,1
DA:357,0
DA:358,0
DA:365,0
DA:366,0
DA:367,0
DA:376,0
DA:377,0
DA:393,1
DA:394,0
DA:395,0
DA:398,1
DA:399,0
DA:401,0
DA:407,0
DA:408,0
DA:409,0
DA:410,0
DA:412,0
DA:413,0
DA:414,0
DA:415,0
DA:419,0
DA:435,0
DA:436,0
DA:484,1
DA:485,0
DA:486,0
DA:487,0
DA:488,0
DA:489,0
DA:491,0
DA:493,0
DA:494,0
DA:495,0
DA:497,0
DA:498,0
DA:499,0
DA:500,0
DA:502,0
DA:505,1
DA:506,1
DA:507,1
DA:508,1
DA:509,1
LF:159
LH:35
BRDA:42,1,0,0
BRDA:42,1,1,0
BRDA:46,2,0,0
BRDA:46,2,1,0
BRDA:47,3,0,0
BRDA:47,3,1,0
BRDA:48,4,0,0
BRDA:48,4,1,0
BRDA:49,5,0,0
BRDA:49,5,1,0
BRDA:51,6,0,0
BRDA:51,6,1,0
BRDA:53,7,0,0
BRDA:53,7,1,0
BRDA:55,8,0,0
BRDA:55,8,1,0
BRDA:57,9,0,0
BRDA:57,9,1,0
BRDA:57,10,0,0
BRDA:57,10,1,0
BRDA:62,11,0,0
BRDA:62,11,1,0
BRDA:65,12,0,0
BRDA:65,12,1,0
BRDA:81,13,0,0
BRDA:81,13,1,0
BRDA:89,14,0,0
BRDA:89,14,1,0
BRDA:111,15,0,0
BRDA:111,15,1,0
BRDA:180,16,0,0
BRDA:180,16,1,0
BRDA:180,17,0,0
BRDA:180,17,1,0
BRDA:180,17,2,0
BRDA:184,18,0,0
BRDA:184,18,1,0
BRDA:184,19,0,0
BRDA:184,19,1,0
BRDA:184,19,2,0
BRDA:226,20,0,0
BRDA:226,20,1,0
BRDA:248,21,0,0
BRDA:248,21,1,0
BRDA:248,22,0,0
BRDA:248,22,1,0
BRDA:248,22,2,0
BRDA:248,22,3,0
BRDA:248,22,4,0
BRDA:316,23,0,0
BRDA:316,23,1,0
BRDA:365,24,0,0
BRDA:365,24,1,0
BRDA:378,25,0,0
BRDA:378,25,1,0
BRDA:413,26,0,0
BRDA:413,26,1,0
BRDA:415,27,0,0
BRDA:415,27,1,0
BRDA:420,28,0,0
BRDA:420,28,1,0
BRDA:488,29,0,0
BRDA:488,29,1,0
BRDA:493,30,0,0
BRDA:493,30,1,0
BRF:65
BRH:0
end_of_record
TN:
SF:app/models/scan.js
FNF:0
FNH:0
DA:1,1
DA:3,1
DA:41,1
LF:3
LH:3
BRF:0
BRH:0
end_of_record
TN:
SF:app/settings/requests/resources/process.js
FN:23,Resource
FN:34,(anonymous_2)
FN:64,postProcess
FN:67,(anonymous_4)
FN:79,processResources
FNF:5
FNH:0
FNDA:0,Resource
FNDA:0,(anonymous_2)
FNDA:0,postProcess
FNDA:0,(anonymous_4)
FNDA:0,processResources
DA:1,1
DA:2,1
DA:23,1
DA:24,0
DA:25,0
DA:26,0
DA:27,0
DA:28,0
DA:29,0
DA:30,0
DA:34,0
DA:35,0
DA:36,0
DA:37,0
DA:38,0
DA:39,0
DA:40,0
DA:41,0
DA:42,0
DA:46,0
DA:64,1
DA:65,0
DA:66,0
DA:67,0
DA:68,0
DA:71,0
DA:79,1
DA:80,0
DA:84,0
DA:85,0
DA:87,0
DA:89,1
DA:90,1
DA:91,1
LF:34
LH:8
BRDA:29,1,0,0
BRDA:29,1,1,0
BRDA:29,2,0,0
BRDA:29,2,1,0
BRDA:35,3,0,0
BRDA:35,3,1,0
BRDA:36,4,0,0
BRDA:36,4,1,0
BRDA:39,5,0,0
BRDA:39,5,1,0
BRDA:40,6,0,0
BRDA:40,6,1,0
BRDA:41,7,0,0
BRDA:41,7,1,0
BRDA:52,8,0,0
BRDA:52,8,1,0
BRDA:66,9,0,0
BRDA:66,9,1,0
BRDA:66,10,0,0
BRDA:66,10,1,0
BRDA:66,10,2,0
BRDA:80,11,0,0
BRDA:80,11,1,0
BRDA:80,12,0,0
BRDA:80,12,1,0
BRDA:80,12,2,0
BRDA:80,12,3,0
BRDA:80,12,4,0
BRF:28
BRH:0
end_of_record
TN:
SF:app/settings/requests/meta/process.js
FN:7,processMetaData
FN:35,(anonymous_2)
FN:84,(anonymous_3)
FNF:3
FNH:0
FNDA:0,processMetaData
FNDA:0,(anonymous_2)
FNDA:0,(anonymous_3)
DA:1,1
DA:7,1
DA:8,0
DA:9,0
DA:35,0
DA:36,0
DA:37,0
DA:38,0
DA:39,0
DA:40,0
DA:41,0
DA:42,0
DA:43,0
DA:44,0
DA:45,0
DA:46,0
DA:47,0
DA:48,0
DA:49,0
DA:50,0
DA:51,0
DA:52,0
DA:53,0
DA:54,0
DA:55,0
DA:57,0
DA:58,0
DA:59,0
DA:60,0
DA:61,0
DA:62,0
DA:63,0
DA:65,0
DA:68,0
DA:70,0
DA:71,0
DA:73,0
DA:74,0
DA:76,0
DA:77,0
DA:79,0
DA:80,0
DA:83,0
DA:84,0
DA:85,0
DA:86,0
DA:88,0
DA:89,0
DA:91,0
DA:92,0
DA:94,0
DA:95,0
DA:99,0
DA:101,0
DA:102,0
DA:103,0
DA:105,0
DA:110,0
DA:114,0
DA:122,0
DA:127,0
DA:129,1
LF:62
LH:3
BRDA:8,1,0,0
BRDA:8,1,1,0
BRDA:8,2,0,0
BRDA:8,2,1,0
BRDA:8,2,2,0
BRDA:36,3,0,0
BRDA:36,3,1,0
BRDA:37,4,0,0
BRDA:37,4,1,0
BRDA:41,5,0,0
BRDA:41,5,1,0
BRDA:46,6,0,0
BRDA:46,6,1,0
BRDA:51,7,0,0
BRDA:51,7,1,0
BRDA:58,8,0,0
BRDA:58,8,1,0
BRDA:60,9,0,0
BRDA:60,9,1,0
BRDA:62,10,0,0
BRDA:62,10,1,0
BRDA:70,11,0,0
BRDA:70,11,1,0
BRDA:73,12,0,0
BRDA:73,12,1,0
BRDA:76,13,0,0
BRDA:76,13,1,0
BRDA:79,14,0,0
BRDA:79,14,1,0
BRDA:85,15,0,0
BRDA:85,15,1,0
BRDA:88,16,0,0
BRDA:88,16,1,0
BRDA:91,17,0,0
BRDA:91,17,1,0
BRDA:94,18,0,0
BRDA:94,18,1,0
BRDA:94,19,0,0
BRDA:94,19,1,0
BRDA:101,20,0,0
BRDA:101,20,1,0
BRDA:102,21,0,0
BRDA:102,21,1,0
BRDA:105,22,0,0
BRDA:105,22,1,0
BRDA:105,23,0,0
BRDA:105,23,1,0
BRDA:105,23,2,0
BRDA:105,23,3,0
BRDA:105,23,4,0
BRDA:105,23,5,0
BRDA:118,24,0,0
BRDA:118,24,1,0
BRF:53
BRH:0
end_of_record
TN:
SF:app/settings/requests/links/process.js
FN:18,updateCount
FN:38,processLinks
FN:48,(anonymous_3)
FN:72,(anonymous_4)
FN:83,(anonymous_5)
FN:85,(anonymous_6)
FN:99,(anonymous_7)
FN:109,(anonymous_8)
FN:114,(anonymous_9)
FNF:9
FNH:0
FNDA:0,updateCount
FNDA:0,processLinks
FNDA:0,(anonymous_3)
FNDA:0,(anonymous_4)
FNDA:0,(anonymous_5)
FNDA:0,(anonymous_6)
FNDA:0,(anonymous_7)
FNDA:0,(anonymous_8)
FNDA:0,(anonymous_9)
DA:1,1
DA:18,1
DA:19,0
DA:29,0
DA:38,1
DA:39,0
DA:40,0
DA:41,0
DA:42,0
DA:44,0
DA:45,0
DA:46,0
DA:48,0
DA:49,0
DA:50,0
DA:51,0
DA:65,0
DA:66,0
DA:70,0
DA:72,0
DA:73,0
DA:74,0
DA:75,0
DA:80,0
DA:81,0
DA:83,0
DA:84,0
DA:85,0
DA:86,0
DA:87,0
DA:95,0
DA:100,0
DA:101,0
DA:102,0
DA:103,0
DA:105,0
DA:110,0
DA:111,0
DA:115,0
DA:116,0
DA:120,0
DA:124,0
DA:126,1
LF:43
LH:4
BRDA:50,1,0,0
BRDA:50,1,1,0
BRDA:74,2,0,0
BRDA:74,2,1,0
BRDA:102,3,0,0
BRDA:102,3,1,0
BRF:6
BRH:0
end_of_record
TN:
SF:app/settings/requests/capture/publish.js
FN:7,publishCaptures
FN:18,(anonymous_2)
FN:20,(anonymous_3)
FNF:3
FNH:0
FNDA:0,publishCaptures
FNDA:0,(anonymous_2)
FNDA:0,(anonymous_3)
DA:1,1
DA:7,1
DA:8,0
DA:9,0
DA:19,0
DA:21,0
DA:24,0
DA:27,1
LF:8
LH:3
BRDA:8,1,0,0
BRDA:8,1,1,0
BRDA:8,2,0,0
BRDA:8,2,1,0
BRDA:8,2,2,0
BRF:5
BRH:0
end_of_record
TN:
SF:app/models/capture.js
FNF:0
FNH:0
DA:1,1
DA:3,1
DA:41,1
LF:3
LH:3
BRF:0
BRH:0
end_of_record
TN:
SF:app/settings/requests/capture.js
FN:4,_capture
FN:11,(anonymous_2)
FN:20,(anonymous_3)
FNF:3
FNH:0
FNDA:0,_capture
FNDA:0,(anonymous_2)
FNDA:0,(anonymous_3)
DA:1,1
DA:2,1
DA:4,1
DA:5,0
DA:6,0
DA:7,0
DA:8,0
DA:9,0
DA:10,0
DA:11,0
DA:12,0
DA:13,0
DA:21,0
DA:22,0
DA:24,0
DA:27,1
LF:16
LH:4
BRF:0
BRH:0
end_of_record
TN:
SF:app/amqp-connections/consumers/summary.js
FN:13,processSummary
FN:17,(anonymous_2)
FN:26,(anonymous_3)
FNF:3
FNH:0
FNDA:0,processSummary
FNDA:0,(anonymous_2)
FNDA:0,(anonymous_3)
DA:1,1
DA:13,1
DA:14,0
DA:16,0
DA:17,0
DA:18,0
DA:19,0
DA:20,0
DA:22,0
DA:25,0
DA:27,0
DA:100,0
DA:106,0
DA:110,0
DA:111,0
DA:112,0
DA:113,0
DA:114,0
DA:115,0
DA:117,0
DA:118,0
DA:133,1
LF:22
LH:3
BRDA:20,1,0,0
BRDA:20,1,1,0
BRDA:106,2,0,0
BRDA:106,2,1,0
BRDA:110,3,0,0
BRDA:110,3,1,0
BRDA:112,4,0,0
BRDA:112,4,1,0
BRDA:117,5,0,0
BRDA:117,5,1,0
BRF:10
BRH:0
end_of_record
TN:
SF:app/amqp-connections/consumers/link.js
FN:9,processLink
FN:12,(anonymous_2)
FN:26,(anonymous_3)
FNF:3
FNH:0
FNDA:0,processLink
FNDA:0,(anonymous_2)
FNDA:0,(anonymous_3)
DA:1,1
DA:2,1
DA:9,1
DA:10,0
DA:11,0
DA:12,0
DA:13,0
DA:14,0
DA:25,0
DA:27,0
DA:28,0
DA:29,0
DA:32,1
LF:13
LH:4
BRF:0
BRH:0
end_of_record
TN:
SF:app/amqp-connections/consumers/page.js
FN:10,processPage
FN:13,(anonymous_2)
FN:28,(anonymous_3)
FNF:3
FNH:0
FNDA:0,processPage
FNDA:0,(anonymous_2)
FNDA:0,(anonymous_3)
DA:1,1
DA:2,1
DA:10,1
DA:11,0
DA:12,0
DA:13,0
DA:14,0
DA:15,0
DA:27,0
DA:29,0
DA:30,0
DA:31,0
DA:45,1
LF:13
LH:4
BRF:0
BRH:0
end_of_record
TN:
SF:app/amqp-connections/consumers/capture.js
FN:9,processCapture
FN:11,(anonymous_2)
FN:37,(anonymous_3)
FNF:3
FNH:0
FNDA:0,processCapture
FNDA:0,(anonymous_2)
FNDA:0,(anonymous_3)
DA:1,1
DA:2,1
DA:9,1
DA:10,0
DA:11,0
DA:12,0
DA:13,0
DA:14,0
DA:38,0
DA:39,0
DA:43,1
LF:11
LH:4
BRF:0
BRH:0
end_of_record
TN:
SF:app/amqp-connections/consumers/retry.js
FN:7,processRequest
FN:9,(anonymous_2)
FN:11,(anonymous_3)
FNF:3
FNH:0
FNDA:0,processRequest
FNDA:0,(anonymous_2)
FNDA:0,(anonymous_3)
DA:1,1
DA:7,1
DA:8,0
DA:9,0
DA:10,0
DA:12,0
DA:15,1
LF:7
LH:3
BRF:0
BRH:0
end_of_record
TN:
SF:app/permissions/freeUserPermissions.js
FNF:0
FNH:0
DA:1,1
DA:3,1
DA:59,1
LF:3
LH:3
BRF:0
BRH:0
end_of_record
TN:
SF:app/permissions/paidUserPermissions.js
FNF:0
FNH:0
DA:1,1
DA:3,1
DA:59,1
LF:3
LH:3
BRF:0
BRH:0
end_of_record
TN:
SF:app/settings/requestOptions.js
FNF:0
FNH:0
DA:3,1
DA:166,1
LF:2
LH:2
BRF:0
BRH:0
end_of_record
