<?xml version="1.0" ?>
<!DOCTYPE coverage SYSTEM "http://cobertura.sourceforge.net/xml/coverage-04.dtd">
<coverage lines-valid="1699"  lines-covered="544"  line-rate="0.32020000000000004"  branches-valid="817"  branches-covered="101"  branch-rate="0.12359999999999999"  timestamp="1499903919287" complexity="0" version="0.1">
<sources>
	<source>/Users/rebeccahu/Desktop/remote/seosite-queue</source>
</sources>
<packages>
	<package name="app"  line-rate="0.2803"  branch-rate="0.0294" >
	<classes>
		<class name="utils.js"  filename="app/utils.js"  line-rate="0.2803"  branch-rate="0.0294" >
		<methods>
			<method name="getNowUTC"  hits="0"  signature="()V" >
				<lines><line number="7"  hits="0" /></lines>
			</method>
			<method name="sendEmail"  hits="0"  signature="()V" >
				<lines><line number="15"  hits="0" /></lines>
			</method>
			<method name="checkRequirements"  hits="16"  signature="()V" >
				<lines><line number="25"  hits="16" /></lines>
			</method>
			<method name="(anonymous_4)"  hits="48"  signature="()V" >
				<lines><line number="28"  hits="48" /></lines>
			</method>
			<method name="updateActivity"  hits="0"  signature="()V" >
				<lines><line number="42"  hits="0" /></lines>
			</method>
			<method name="(anonymous_6)"  hits="0"  signature="()V" >
				<lines><line number="50"  hits="0" /></lines>
			</method>
			<method name="checkActivity"  hits="0"  signature="()V" >
				<lines><line number="67"  hits="0" /></lines>
			</method>
			<method name="(anonymous_8)"  hits="0"  signature="()V" >
				<lines><line number="70"  hits="0" /></lines>
			</method>
			<method name="checkPermissions"  hits="0"  signature="()V" >
				<lines><line number="87"  hits="0" /></lines>
			</method>
			<method name="checkAvailActivity"  hits="0"  signature="()V" >
				<lines><line number="122"  hits="0" /></lines>
			</method>
			<method name="(anonymous_11)"  hits="0"  signature="()V" >
				<lines><line number="123"  hits="0" /></lines>
			</method>
			<method name="(anonymous_12)"  hits="0"  signature="()V" >
				<lines><line number="128"  hits="0" /></lines>
			</method>
			<method name="findOneUser"  hits="0"  signature="()V" >
				<lines><line number="146"  hits="0" /></lines>
			</method>
			<method name="(anonymous_14)"  hits="0"  signature="()V" >
				<lines><line number="149"  hits="0" /></lines>
			</method>
			<method name="updateBy"  hits="0"  signature="()V" >
				<lines><line number="176"  hits="0" /></lines>
			</method>
			<method name="(anonymous_16)"  hits="0"  signature="()V" >
				<lines><line number="180"  hits="0" /></lines>
			</method>
			<method name="updateUser"  hits="0"  signature="()V" >
				<lines><line number="209"  hits="0" /></lines>
			</method>
			<method name="(anonymous_18)"  hits="0"  signature="()V" >
				<lines><line number="211"  hits="0" /></lines>
			</method>
			<method name="saveModel"  hits="2"  signature="()V" >
				<lines><line number="238"  hits="2" /></lines>
			</method>
			<method name="deleteUser"  hits="0"  signature="()V" >
				<lines><line number="248"  hits="0" /></lines>
			</method>
			<method name="(anonymous_21)"  hits="0"  signature="()V" >
				<lines><line number="252"  hits="0" /></lines>
			</method>
			<method name="saveScan"  hits="0"  signature="()V" >
				<lines><line number="276"  hits="0" /></lines>
			</method>
			<method name="(anonymous_23)"  hits="0"  signature="()V" >
				<lines><line number="279"  hits="0" /></lines>
			</method>
			<method name="findBy"  hits="0"  signature="()V" >
				<lines><line number="301"  hits="0" /></lines>
			</method>
			<method name="(anonymous_25)"  hits="0"  signature="()V" >
				<lines><line number="303"  hits="0" /></lines>
			</method>
			<method name="batchPut"  hits="0"  signature="()V" >
				<lines><line number="323"  hits="0" /></lines>
			</method>
			<method name="(anonymous_27)"  hits="0"  signature="()V" >
				<lines><line number="324"  hits="0" /></lines>
			</method>
		</methods>
		<lines>
			<line number="1"  hits="1"  branch="false" />
			<line number="7"  hits="1"  branch="false" />
			<line number="8"  hits="0"  branch="false" />
			<line number="12"  hits="0"  branch="false" />
			<line number="15"  hits="1"  branch="false" />
			<line number="16"  hits="0"  branch="false" />
			<line number="25"  hits="1"  branch="false" />
			<line number="27"  hits="16"  branch="false" />
			<line number="28"  hits="16"  branch="false" />
			<line number="29"  hits="48"  branch="true"  condition-coverage="100% (2/2)" />
			<line number="30"  hits="12"  branch="false" />
			<line number="33"  hits="16"  branch="false" />
			<line number="42"  hits="1"  branch="false" />
			<line number="43"  hits="0"  branch="false" />
			<line number="46"  hits="0"  branch="false" />
			<line number="47"  hits="0"  branch="false" />
			<line number="48"  hits="0"  branch="false" />
			<line number="51"  hits="0"  branch="true"  condition-coverage="0% (0/2)" />
			<line number="52"  hits="0"  branch="true"  condition-coverage="0% (0/2)" />
			<line number="53"  hits="0"  branch="false" />
			<line number="56"  hits="0"  branch="true"  condition-coverage="0% (0/2)" />
			<line number="57"  hits="0"  branch="false" />
			<line number="67"  hits="1"  branch="false" />
			<line number="68"  hits="0"  branch="false" />
			<line number="71"  hits="0"  branch="false" />
			<line number="72"  hits="0"  branch="true"  condition-coverage="0% (0/2)" />
			<line number="73"  hits="0"  branch="true"  condition-coverage="0% (0/2)" />
			<line number="74"  hits="0"  branch="false" />
			<line number="77"  hits="0"  branch="true"  condition-coverage="0% (0/2)" />
			<line number="78"  hits="0"  branch="false" />
			<line number="87"  hits="1"  branch="false" />
			<line number="96"  hits="0"  branch="true"  condition-coverage="0% (0/2)" />
			<line number="98"  hits="0"  branch="false" />
			<line number="110"  hits="0"  branch="false" />
			<line number="122"  hits="1"  branch="false" />
			<line number="123"  hits="0"  branch="false" />
			<line number="124"  hits="0"  branch="false" />
			<line number="125"  hits="0"  branch="true"  condition-coverage="0% (0/2)" />
			<line number="126"  hits="0"  branch="false" />
			<line number="128"  hits="0"  branch="false" />
			<line number="129"  hits="0"  branch="true"  condition-coverage="0% (0/2)" />
			<line number="130"  hits="0"  branch="false" />
			<line number="132"  hits="0"  branch="false" />
			<line number="133"  hits="0"  branch="false" />
			<line number="135"  hits="0"  branch="false" />
			<line number="136"  hits="0"  branch="true"  condition-coverage="0% (0/2)" />
			<line number="137"  hits="0"  branch="false" />
			<line number="146"  hits="1"  branch="false" />
			<line number="147"  hits="0"  branch="false" />
			<line number="149"  hits="0"  branch="false" />
			<line number="150"  hits="0"  branch="true"  condition-coverage="0% (0/2)" />
			<line number="151"  hits="0"  branch="true"  condition-coverage="0% (0/2)" />
			<line number="152"  hits="0"  branch="false" />
			<line number="155"  hits="0"  branch="true"  condition-coverage="0% (0/2)" />
			<line number="156"  hits="0"  branch="false" />
			<line number="161"  hits="0"  branch="false" />
			<line number="162"  hits="0"  branch="true"  condition-coverage="0% (0/2)" />
			<line number="163"  hits="0"  branch="false" />
			<line number="176"  hits="1"  branch="false" />
			<line number="177"  hits="0"  branch="false" />
			<line number="178"  hits="0"  branch="false" />
			<line number="179"  hits="0"  branch="false" />
			<line number="180"  hits="0"  branch="false" />
			<line number="181"  hits="0"  branch="false" />
			<line number="182"  hits="0"  branch="true"  condition-coverage="0% (0/2)" />
			<line number="183"  hits="0"  branch="false" />
			<line number="184"  hits="0"  branch="true"  condition-coverage="0% (0/2)" />
			<line number="185"  hits="0"  branch="false" />
			<line number="188"  hits="0"  branch="false" />
			<line number="189"  hits="0"  branch="true"  condition-coverage="0% (0/2)" />
			<line number="190"  hits="0"  branch="false" />
			<line number="195"  hits="0"  branch="true"  condition-coverage="0% (0/2)" />
			<line number="196"  hits="0"  branch="false" />
			<line number="209"  hits="1"  branch="false" />
			<line number="210"  hits="0"  branch="false" />
			<line number="211"  hits="0"  branch="false" />
			<line number="213"  hits="0"  branch="true"  condition-coverage="0% (0/2)" />
			<line number="214"  hits="0"  branch="true"  condition-coverage="0% (0/2)" />
			<line number="215"  hits="0"  branch="false" />
			<line number="218"  hits="0"  branch="true"  condition-coverage="0% (0/2)" />
			<line number="219"  hits="0"  branch="false" />
			<line number="223"  hits="0"  branch="false" />
			<line number="225"  hits="0"  branch="true"  condition-coverage="0% (0/2)" />
			<line number="226"  hits="0"  branch="false" />
			<line number="238"  hits="1"  branch="false" />
			<line number="240"  hits="2"  branch="false" />
			<line number="248"  hits="1"  branch="false" />
			<line number="249"  hits="0"  branch="false" />
			<line number="250"  hits="0"  branch="false" />
			<line number="253"  hits="0"  branch="true"  condition-coverage="0% (0/2)" />
			<line number="254"  hits="0"  branch="true"  condition-coverage="0% (0/2)" />
			<line number="255"  hits="0"  branch="false" />
			<line number="258"  hits="0"  branch="true"  condition-coverage="0% (0/2)" />
			<line number="259"  hits="0"  branch="false" />
			<line number="263"  hits="0"  branch="true"  condition-coverage="0% (0/2)" />
			<line number="264"  hits="0"  branch="false" />
			<line number="276"  hits="1"  branch="false" />
			<line number="278"  hits="0"  branch="false" />
			<line number="279"  hits="0"  branch="false" />
			<line number="281"  hits="0"  branch="true"  condition-coverage="0% (0/2)" />
			<line number="282"  hits="0"  branch="true"  condition-coverage="0% (0/2)" />
			<line number="283"  hits="0"  branch="false" />
			<line number="286"  hits="0"  branch="true"  condition-coverage="0% (0/2)" />
			<line number="287"  hits="0"  branch="false" />
			<line number="301"  hits="1"  branch="false" />
			<line number="302"  hits="0"  branch="false" />
			<line number="303"  hits="0"  branch="false" />
			<line number="304"  hits="0"  branch="true"  condition-coverage="0% (0/2)" />
			<line number="305"  hits="0"  branch="true"  condition-coverage="0% (0/2)" />
			<line number="306"  hits="0"  branch="false" />
			<line number="309"  hits="0"  branch="true"  condition-coverage="0% (0/2)" />
			<line number="310"  hits="0"  branch="false" />
			<line number="315"  hits="0"  branch="true"  condition-coverage="0% (0/2)" />
			<line number="316"  hits="0"  branch="false" />
			<line number="323"  hits="1"  branch="false" />
			<line number="324"  hits="0"  branch="false" />
			<line number="325"  hits="0"  branch="false" />
			<line number="328"  hits="1"  branch="false" />
			<line number="329"  hits="1"  branch="false" />
			<line number="330"  hits="1"  branch="false" />
			<line number="331"  hits="1"  branch="false" />
			<line number="332"  hits="1"  branch="false" />
			<line number="333"  hits="1"  branch="false" />
			<line number="334"  hits="1"  branch="false" />
			<line number="335"  hits="1"  branch="false" />
			<line number="336"  hits="1"  branch="false" />
			<line number="337"  hits="1"  branch="false" />
			<line number="338"  hits="1"  branch="false" />
			<line number="339"  hits="1"  branch="false" />
			<line number="340"  hits="1"  branch="false" />
			<line number="341"  hits="1"  branch="false" />
			<line number="342"  hits="1"  branch="false" />
		</lines>
		</class>
	</classes>
	</package>
	<package name="app.actions"  line-rate="0.625"  branch-rate="0.3333" >
	<classes>
		<class name="logError.js"  filename="app/actions/logError.js"  line-rate="1"  branch-rate="1" >
		<methods>
			<method name="log"  hits="11"  signature="()V" >
				<lines><line number="1"  hits="11" /></lines>
			</method>
		</methods>
		<lines>
			<line number="1"  hits="1"  branch="false" />
			<line number="4"  hits="1"  branch="false" />
		</lines>
		</class>
		<class name="notify.js"  filename="app/actions/notify.js"  line-rate="0.5714"  branch-rate="0.3333" >
		<methods>
			<method name="notify"  hits="2"  signature="()V" >
				<lines><line number="17"  hits="2" /></lines>
			</method>
			<method name="(anonymous_2)"  hits="0"  signature="()V" >
				<lines><line number="32"  hits="0" /></lines>
			</method>
			<method name="(anonymous_3)"  hits="0"  signature="()V" >
				<lines><line number="55"  hits="0" /></lines>
			</method>
			<method name="(anonymous_4)"  hits="0"  signature="()V" >
				<lines><line number="57"  hits="0" /></lines>
			</method>
		</methods>
		<lines>
			<line number="1"  hits="1"  branch="false" />
			<line number="17"  hits="1"  branch="false" />
			<line number="18"  hits="2"  branch="false" />
			<line number="19"  hits="2"  branch="false" />
			<line number="30"  hits="2"  branch="false" />
			<line number="31"  hits="2"  branch="false" />
			<line number="32"  hits="2"  branch="false" />
			<line number="33"  hits="0"  branch="true"  condition-coverage="0% (0/2)" />
			<line number="34"  hits="0"  branch="false" />
			<line number="36"  hits="0"  branch="false" />
			<line number="49"  hits="0"  branch="false" />
			<line number="53"  hits="0"  branch="false" />
			<line number="56"  hits="0"  branch="false" />
			<line number="63"  hits="1"  branch="false" />
		</lines>
		</class>
	</classes>
	</package>
	<package name="app.actions.mobileCaptures"  line-rate="0.2581"  branch-rate="0" >
	<classes>
		<class name="index.js"  filename="app/actions/mobileCaptures/index.js"  line-rate="0.22219999999999998"  branch-rate="0" >
		<methods>
			<method name="saveImage"  hits="0"  signature="()V" >
				<lines><line number="19"  hits="0" /></lines>
			</method>
			<method name="(anonymous_2)"  hits="0"  signature="()V" >
				<lines><line number="23"  hits="0" /></lines>
			</method>
			<method name="(anonymous_3)"  hits="0"  signature="()V" >
				<lines><line number="26"  hits="0" /></lines>
			</method>
			<method name="(anonymous_4)"  hits="0"  signature="()V" >
				<lines><line number="27"  hits="0" /></lines>
			</method>
			<method name="doit"  hits="0"  signature="()V" >
				<lines><line number="39"  hits="0" /></lines>
			</method>
			<method name="scrot"  hits="0"  signature="()V" >
				<lines><line number="51"  hits="0" /></lines>
			</method>
			<method name="(anonymous_7)"  hits="0"  signature="()V" >
				<lines><line number="53"  hits="0" /></lines>
			</method>
			<method name="(anonymous_8)"  hits="0"  signature="()V" >
				<lines><line number="54"  hits="0" /></lines>
			</method>
			<method name="(anonymous_9)"  hits="0"  signature="()V" >
				<lines><line number="60"  hits="0" /></lines>
			</method>
			<method name="(anonymous_10)"  hits="0"  signature="()V" >
				<lines><line number="63"  hits="0" /></lines>
			</method>
			<method name="(anonymous_11)"  hits="0"  signature="()V" >
				<lines><line number="70"  hits="0" /></lines>
			</method>
			<method name="(anonymous_12)"  hits="0"  signature="()V" >
				<lines><line number="82"  hits="0" /></lines>
			</method>
		</methods>
		<lines>
			<line number="1"  hits="1"  branch="false" />
			<line number="3"  hits="1"  branch="false" />
			<line number="4"  hits="1"  branch="false" />
			<line number="5"  hits="1"  branch="false" />
			<line number="7"  hits="1"  branch="false" />
			<line number="8"  hits="1"  branch="false" />
			<line number="19"  hits="1"  branch="false" />
			<line number="20"  hits="0"  branch="false" />
			<line number="21"  hits="0"  branch="false" />
			<line number="22"  hits="0"  branch="false" />
			<line number="23"  hits="0"  branch="false" />
			<line number="24"  hits="0"  branch="false" />
			<line number="27"  hits="0"  branch="false" />
			<line number="28"  hits="0"  branch="true"  condition-coverage="0% (0/2)" />
			<line number="29"  hits="0"  branch="false" />
			<line number="31"  hits="0"  branch="false" />
			<line number="33"  hits="0"  branch="false" />
			<line number="39"  hits="1"  branch="false" />
			<line number="40"  hits="0"  branch="false" />
			<line number="42"  hits="0"  branch="false" />
			<line number="43"  hits="0"  branch="true"  condition-coverage="0% (0/2)" />
			<line number="44"  hits="0"  branch="false" />
			<line number="46"  hits="0"  branch="false" />
			<line number="47"  hits="0"  branch="false" />
			<line number="48"  hits="0"  branch="false" />
			<line number="49"  hits="0"  branch="false" />
			<line number="51"  hits="1"  branch="false" />
			<line number="52"  hits="0"  branch="false" />
			<line number="53"  hits="0"  branch="false" />
			<line number="54"  hits="0"  branch="false" />
			<line number="55"  hits="0"  branch="false" />
			<line number="59"  hits="0"  branch="false" />
			<line number="60"  hits="0"  branch="false" />
			<line number="62"  hits="0"  branch="false" />
			<line number="63"  hits="0"  branch="false" />
			<line number="64"  hits="0"  branch="false" />
			<line number="71"  hits="0"  branch="false" />
			<line number="82"  hits="0"  branch="false" />
			<line number="84"  hits="0"  branch="true"  condition-coverage="0% (0/4)" />
			<line number="85"  hits="0"  branch="false" />
			<line number="92"  hits="0"  branch="false" />
			<line number="99"  hits="0"  branch="true"  condition-coverage="0% (0/4)" />
			<line number="100"  hits="0"  branch="false" />
			<line number="103"  hits="0"  branch="false" />
			<line number="106"  hits="1"  branch="false" />
		</lines>
		</class>
		<class name="saveCapture.js"  filename="app/actions/mobileCaptures/saveCapture.js"  line-rate="0.3529"  branch-rate="0" >
		<methods>
			<method name="doit"  hits="0"  signature="()V" >
				<lines><line number="8"  hits="0" /></lines>
			</method>
			<method name="(anonymous_2)"  hits="0"  signature="()V" >
				<lines><line number="10"  hits="0" /></lines>
			</method>
			<method name="(anonymous_3)"  hits="0"  signature="()V" >
				<lines><line number="22"  hits="0" /></lines>
			</method>
			<method name="(anonymous_4)"  hits="0"  signature="()V" >
				<lines><line number="29"  hits="0" /></lines>
			</method>
		</methods>
		<lines>
			<line number="1"  hits="1"  branch="false" />
			<line number="2"  hits="1"  branch="false" />
			<line number="3"  hits="1"  branch="false" />
			<line number="4"  hits="1"  branch="false" />
			<line number="8"  hits="1"  branch="false" />
			<line number="10"  hits="0"  branch="false" />
			<line number="11"  hits="0"  branch="true"  condition-coverage="0% (0/2)" />
			<line number="13"  hits="0"  branch="false" />
			<line number="15"  hits="0"  branch="false" />
			<line number="22"  hits="0"  branch="false" />
			<line number="23"  hits="0"  branch="true"  condition-coverage="0% (0/2)" />
			<line number="25"  hits="0"  branch="false" />
			<line number="29"  hits="0"  branch="false" />
			<line number="30"  hits="0"  branch="true"  condition-coverage="0% (0/2)" />
			<line number="31"  hits="0"  branch="false" />
			<line number="33"  hits="0"  branch="false" />
			<line number="40"  hits="1"  branch="false" />
		</lines>
		</class>
	</classes>
	</package>
	<package name="app.actions.sniff"  line-rate="0.3105"  branch-rate="0.1074" >
	<classes>
		<class name="errors.js"  filename="app/actions/sniff/errors.js"  line-rate="0.7"  branch-rate="0" >
		<methods>
			<method name="Exception"  hits="1"  signature="()V" >
				<lines><line number="3"  hits="1" /></lines>
			</method>
			<method name="(anonymous_2)"  hits="0"  signature="()V" >
				<lines><line number="4"  hits="0" /></lines>
			</method>
			<method name="(anonymous_3)"  hits="1"  signature="()V" >
				<lines><line number="10"  hits="1" /></lines>
			</method>
			<method name="(anonymous_4)"  hits="0"  signature="()V" >
				<lines><line number="11"  hits="0" /></lines>
			</method>
		</methods>
		<lines>
			<line number="1"  hits="1"  branch="false" />
			<line number="3"  hits="1"  branch="false" />
			<line number="4"  hits="1"  branch="false" />
			<line number="5"  hits="0"  branch="true"  condition-coverage="0% (0/4)" />
			<line number="8"  hits="1"  branch="false" />
			<line number="11"  hits="1"  branch="false" />
			<line number="12"  hits="0"  branch="false" />
			<line number="13"  hits="0"  branch="false" />
			<line number="15"  hits="1"  branch="false" />
			<line number="18"  hits="1"  branch="false" />
		</lines>
		</class>
		<class name="handleEntry.js"  filename="app/actions/sniff/handleEntry.js"  line-rate="0.16670000000000001"  branch-rate="0" >
		<methods>
			<method name="tally"  hits="0"  signature="()V" >
				<lines><line number="7"  hits="0" /></lines>
			</method>
			<method name="processRequest"  hits="0"  signature="()V" >
				<lines><line number="27"  hits="0" /></lines>
			</method>
			<method name="(anonymous_3)"  hits="0"  signature="()V" >
				<lines><line number="40"  hits="0" /></lines>
			</method>
			<method name="(anonymous_4)"  hits="0"  signature="()V" >
				<lines><line number="43"  hits="0" /></lines>
			</method>
			<method name="(anonymous_5)"  hits="0"  signature="()V" >
				<lines><line number="47"  hits="0" /></lines>
			</method>
			<method name="(anonymous_6)"  hits="0"  signature="()V" >
				<lines><line number="55"  hits="0" /></lines>
			</method>
			<method name="(anonymous_7)"  hits="0"  signature="()V" >
				<lines><line number="58"  hits="0" /></lines>
			</method>
			<method name="(anonymous_8)"  hits="0"  signature="()V" >
				<lines><line number="62"  hits="0" /></lines>
			</method>
			<method name="(anonymous_9)"  hits="0"  signature="()V" >
				<lines><line number="68"  hits="0" /></lines>
			</method>
			<method name="(anonymous_10)"  hits="0"  signature="()V" >
				<lines><line number="71"  hits="0" /></lines>
			</method>
			<method name="createHeaders"  hits="0"  signature="()V" >
				<lines><line number="84"  hits="0" /></lines>
			</method>
			<method name="(anonymous_12)"  hits="0"  signature="()V" >
				<lines><line number="86"  hits="0" /></lines>
			</method>
			<method name="handleHeaders"  hits="0"  signature="()V" >
				<lines><line number="92"  hits="0" /></lines>
			</method>
			<method name="(anonymous_14)"  hits="0"  signature="()V" >
				<lines><line number="93"  hits="0" /></lines>
			</method>
			<method name="entryHandler"  hits="0"  signature="()V" >
				<lines><line number="99"  hits="0" /></lines>
			</method>
			<method name="(anonymous_16)"  hits="0"  signature="()V" >
				<lines><line number="113"  hits="0" /></lines>
			</method>
			<method name="(anonymous_17)"  hits="0"  signature="()V" >
				<lines><line number="123"  hits="0" /></lines>
			</method>
		</methods>
		<lines>
			<line number="1"  hits="1"  branch="false" />
			<line number="7"  hits="1"  branch="false" />
			<line number="8"  hits="0"  branch="false" />
			<line number="10"  hits="0"  branch="true"  condition-coverage="0% (0/4)" />
			<line number="12"  hits="0"  branch="false" />
			<line number="15"  hits="0"  branch="false" />
			<line number="16"  hits="0"  branch="false" />
			<line number="17"  hits="0"  branch="false" />
			<line number="18"  hits="0"  branch="false" />
			<line number="19"  hits="0"  branch="false" />
			<line number="21"  hits="0"  branch="false" />
			<line number="27"  hits="1"  branch="false" />
			<line number="28"  hits="0"  branch="false" />
			<line number="29"  hits="0"  branch="false" />
			<line number="30"  hits="0"  branch="false" />
			<line number="32"  hits="0"  branch="false" />
			<line number="33"  hits="0"  branch="false" />
			<line number="34"  hits="0"  branch="false" />
			<line number="36"  hits="0"  branch="true"  condition-coverage="0% (0/3)" />
			<line number="38"  hits="0"  branch="false" />
			<line number="40"  hits="0"  branch="false" />
			<line number="41"  hits="0"  branch="false" />
			<line number="42"  hits="0"  branch="false" />
			<line number="44"  hits="0"  branch="false" />
			<line number="47"  hits="0"  branch="false" />
			<line number="48"  hits="0"  branch="false" />
			<line number="51"  hits="0"  branch="false" />
			<line number="53"  hits="0"  branch="false" />
			<line number="55"  hits="0"  branch="false" />
			<line number="56"  hits="0"  branch="false" />
			<line number="57"  hits="0"  branch="false" />
			<line number="59"  hits="0"  branch="false" />
			<line number="62"  hits="0"  branch="false" />
			<line number="63"  hits="0"  branch="false" />
			<line number="66"  hits="0"  branch="false" />
			<line number="68"  hits="0"  branch="false" />
			<line number="69"  hits="0"  branch="false" />
			<line number="70"  hits="0"  branch="false" />
			<line number="72"  hits="0"  branch="false" />
			<line number="75"  hits="0"  branch="false" />
			<line number="78"  hits="0"  branch="false" />
			<line number="80"  hits="0"  branch="false" />
			<line number="84"  hits="1"  branch="false" />
			<line number="85"  hits="0"  branch="false" />
			<line number="86"  hits="0"  branch="false" />
			<line number="87"  hits="0"  branch="false" />
			<line number="89"  hits="0"  branch="false" />
			<line number="92"  hits="1"  branch="false" />
			<line number="93"  hits="0"  branch="false" />
			<line number="94"  hits="0"  branch="false" />
			<line number="96"  hits="0"  branch="false" />
			<line number="99"  hits="1"  branch="false" />
			<line number="101"  hits="0"  branch="false" />
			<line number="102"  hits="0"  branch="false" />
			<line number="109"  hits="0"  branch="false" />
			<line number="110"  hits="0"  branch="false" />
			<line number="112"  hits="0"  branch="false" />
			<line number="114"  hits="0"  branch="false" />
			<line number="115"  hits="0"  branch="false" />
			<line number="124"  hits="0"  branch="false" />
			<line number="126"  hits="0"  branch="false" />
			<line number="129"  hits="1"  branch="false" />
			<line number="130"  hits="1"  branch="false" />
			<line number="131"  hits="1"  branch="false" />
			<line number="132"  hits="1"  branch="false" />
			<line number="133"  hits="1"  branch="false" />
		</lines>
		</class>
		<class name="index.js"  filename="app/actions/sniff/index.js"  line-rate="0.2"  branch-rate="0.05" >
		<methods>
			<method name="(anonymous_1)"  hits="0"  signature="()V" >
				<lines><line number="8"  hits="0" /></lines>
			</method>
			<method name="pad"  hits="0"  signature="()V" >
				<lines><line number="9"  hits="0" /></lines>
			</method>
			<method name="ms"  hits="0"  signature="()V" >
				<lines><line number="13"  hits="0" /></lines>
			</method>
			<method name="openPage"  hits="0"  signature="()V" >
				<lines><line number="26"  hits="0" /></lines>
			</method>
			<method name="(anonymous_5)"  hits="0"  signature="()V" >
				<lines><line number="30"  hits="0" /></lines>
			</method>
			<method name="(anonymous_6)"  hits="0"  signature="()V" >
				<lines><line number="41"  hits="0" /></lines>
			</method>
			<method name="(anonymous_7)"  hits="0"  signature="()V" >
				<lines><line number="51"  hits="0" /></lines>
			</method>
			<method name="(anonymous_8)"  hits="0"  signature="()V" >
				<lines><line number="54"  hits="0" /></lines>
			</method>
			<method name="har"  hits="0"  signature="()V" >
				<lines><line number="67"  hits="0" /></lines>
			</method>
			<method name="(anonymous_10)"  hits="0"  signature="()V" >
				<lines><line number="70"  hits="0" /></lines>
			</method>
			<method name="(anonymous_11)"  hits="0"  signature="()V" >
				<lines><line number="75"  hits="0" /></lines>
			</method>
			<method name="(anonymous_12)"  hits="0"  signature="()V" >
				<lines><line number="78"  hits="0" /></lines>
			</method>
			<method name="(anonymous_13)"  hits="0"  signature="()V" >
				<lines><line number="82"  hits="0" /></lines>
			</method>
		</methods>
		<lines>
			<line number="1"  hits="1"  branch="false" />
			<line number="2"  hits="1"  branch="false" />
			<line number="7"  hits="1"  branch="true"  condition-coverage="50% (1/2)" />
			<line number="8"  hits="0"  branch="false" />
			<line number="9"  hits="1"  branch="false" />
			<line number="10"  hits="0"  branch="true"  condition-coverage="0% (0/2)" />
			<line number="13"  hits="1"  branch="false" />
			<line number="14"  hits="0"  branch="true"  condition-coverage="0% (0/4)" />
			<line number="16"  hits="0"  branch="false" />
			<line number="26"  hits="1"  branch="false" />
			<line number="28"  hits="0"  branch="false" />
			<line number="29"  hits="0"  branch="false" />
			<line number="30"  hits="0"  branch="false" />
			<line number="31"  hits="0"  branch="true"  condition-coverage="0% (0/2)" />
			<line number="34"  hits="0"  branch="false" />
			<line number="35"  hits="0"  branch="true"  condition-coverage="0% (0/4)" />
			<line number="36"  hits="0"  branch="false" />
			<line number="40"  hits="0"  branch="false" />
			<line number="41"  hits="0"  branch="false" />
			<line number="42"  hits="0"  branch="true"  condition-coverage="0% (0/2)" />
			<line number="44"  hits="0"  branch="false" />
			<line number="47"  hits="0"  branch="false" />
			<line number="52"  hits="0"  branch="false" />
			<line number="53"  hits="0"  branch="false" />
			<line number="55"  hits="0"  branch="false" />
			<line number="56"  hits="0"  branch="false" />
			<line number="57"  hits="0"  branch="true"  condition-coverage="0% (0/4)" />
			<line number="58"  hits="0"  branch="false" />
			<line number="64"  hits="0"  branch="false" />
			<line number="67"  hits="1"  branch="false" />
			<line number="69"  hits="0"  branch="false" />
			<line number="70"  hits="0"  branch="false" />
			<line number="71"  hits="0"  branch="false" />
			<line number="72"  hits="0"  branch="false" />
			<line number="76"  hits="0"  branch="false" />
			<line number="77"  hits="0"  branch="false" />
			<line number="80"  hits="0"  branch="false" />
			<line number="84"  hits="0"  branch="false" />
			<line number="86"  hits="0"  branch="false" />
			<line number="89"  hits="1"  branch="false" />
		</lines>
		</class>
		<class name="linkScanner.js"  filename="app/actions/sniff/linkScanner.js"  line-rate="0.5595"  branch-rate="0.2727" >
		<methods>
			<method name="(anonymous_1)"  hits="0"  signature="()V" >
				<lines><line number="14"  hits="0" /></lines>
			</method>
			<method name="(anonymous_2)"  hits="4"  signature="()V" >
				<lines><line number="56"  hits="4" /></lines>
			</method>
			<method name="enqueueLink"  hits="2"  signature="()V" >
				<lines><line number="62"  hits="2" /></lines>
			</method>
			<method name="copyResponseData"  hits="2"  signature="()V" >
				<lines><line number="91"  hits="2" /></lines>
			</method>
			<method name="checkUrl"  hits="2"  signature="()V" >
				<lines><line number="121"  hits="2" /></lines>
			</method>
			<method name="(anonymous_6)"  hits="0"  signature="()V" >
				<lines><line number="146"  hits="0" /></lines>
			</method>
			<method name="(anonymous_7)"  hits="2"  signature="()V" >
				<lines><line number="155"  hits="2" /></lines>
			</method>
			<method name="(anonymous_8)"  hits="2"  signature="()V" >
				<lines><line number="160"  hits="2" /></lines>
			</method>
			<method name="(anonymous_9)"  hits="2"  signature="()V" >
				<lines><line number="170"  hits="2" /></lines>
			</method>
			<method name="(anonymous_10)"  hits="2"  signature="()V" >
				<lines><line number="187"  hits="2" /></lines>
			</method>
			<method name="(anonymous_11)"  hits="0"  signature="()V" >
				<lines><line number="190"  hits="0" /></lines>
			</method>
			<method name="(anonymous_12)"  hits="2"  signature="()V" >
				<lines><line number="208"  hits="2" /></lines>
			</method>
		</methods>
		<lines>
			<line number="1"  hits="1"  branch="false" />
			<line number="14"  hits="1"  branch="false" />
			<line number="16"  hits="0"  branch="false" />
			<line number="22"  hits="0"  branch="false" />
			<line number="24"  hits="0"  branch="false" />
			<line number="30"  hits="0"  branch="true"  condition-coverage="0% (0/2)" />
			<line number="31"  hits="0"  branch="false" />
			<line number="33"  hits="0"  branch="false" />
			<line number="56"  hits="1"  branch="false" />
			<line number="57"  hits="4"  branch="false" />
			<line number="58"  hits="4"  branch="false" />
			<line number="59"  hits="4"  branch="false" />
			<line number="62"  hits="1"  branch="false" />
			<line number="67"  hits="2"  branch="false" />
			<line number="68"  hits="2"  branch="false" />
			<line number="69"  hits="2"  branch="true"  condition-coverage="50% (1/2)" />
			<line number="71"  hits="2"  branch="false" />
			<line number="72"  hits="2"  branch="false" />
			<line number="73"  hits="2"  branch="false" />
			<line number="74"  hits="2"  branch="false" />
			<line number="75"  hits="2"  branch="false" />
			<line number="79"  hits="0"  branch="false" />
			<line number="81"  hits="0"  branch="false" />
			<line number="82"  hits="0"  branch="true"  condition-coverage="0% (0/2)" />
			<line number="83"  hits="0"  branch="false" />
			<line number="84"  hits="0"  branch="true"  condition-coverage="0% (0/2)" />
			<line number="85"  hits="0"  branch="false" />
			<line number="86"  hits="0"  branch="false" />
			<line number="87"  hits="0"  branch="false" />
			<line number="91"  hits="1"  branch="false" />
			<line number="92"  hits="2"  branch="true"  condition-coverage="50% (1/2)" />
			<line number="93"  hits="0"  branch="true"  condition-coverage="0% (0/2)" />
			<line number="94"  hits="0"  branch="false" />
			<line number="95"  hits="0"  branch="false" />
			<line number="97"  hits="0"  branch="false" />
			<line number="100"  hits="0"  branch="false" />
			<line number="102"  hits="0"  branch="true"  condition-coverage="0% (0/2)" />
			<line number="103"  hits="0"  branch="false" />
			<line number="104"  hits="0"  branch="true"  condition-coverage="0% (0/2)" />
			<line number="105"  hits="0"  branch="false" />
			<line number="110"  hits="2"  branch="false" />
			<line number="111"  hits="2"  branch="true"  condition-coverage="50% (1/2)" />
			<line number="112"  hits="2"  branch="false" />
			<line number="114"  hits="0"  branch="false" />
			<line number="115"  hits="0"  branch="false" />
			<line number="118"  hits="2"  branch="false" />
			<line number="121"  hits="1"  branch="false" />
			<line number="122"  hits="2"  branch="false" />
			<line number="123"  hits="2"  branch="true"  condition-coverage="50% (1/2)" />
			<line number="124"  hits="2"  branch="true"  condition-coverage="50% (1/2)" />
			<line number="125"  hits="0"  branch="false" />
			<line number="127"  hits="2"  branch="true"  condition-coverage="50% (1/2)" />
			<line number="128"  hits="2"  branch="false" />
			<line number="129"  hits="2"  branch="false" />
			<line number="131"  hits="2"  branch="true"  condition-coverage="80% (4/5)" />
			<line number="132"  hits="0"  branch="false" />
			<line number="133"  hits="0"  branch="false" />
			<line number="134"  hits="0"  branch="false" />
			<line number="135"  hits="0"  branch="false" />
			<line number="139"  hits="2"  branch="false" />
			<line number="147"  hits="0"  branch="false" />
			<line number="148"  hits="0"  branch="true"  condition-coverage="0% (0/7)" />
			<line number="149"  hits="0"  branch="false" />
			<line number="151"  hits="0"  branch="true"  condition-coverage="0% (0/4)" />
			<line number="152"  hits="0"  branch="false" />
			<line number="154"  hits="0"  branch="false" />
			<line number="156"  hits="2"  branch="false" />
			<line number="159"  hits="2"  branch="true"  condition-coverage="50% (1/2)" />
			<line number="160"  hits="2"  branch="false" />
			<line number="161"  hits="2"  branch="false" />
			<line number="162"  hits="2"  branch="false" />
			<line number="163"  hits="2"  branch="false" />
			<line number="166"  hits="0"  branch="false" />
			<line number="170"  hits="1"  branch="false" />
			<line number="172"  hits="2"  branch="false" />
			<line number="173"  hits="2"  branch="false" />
			<line number="196"  hits="2"  branch="false" />
			<line number="198"  hits="2"  branch="false" />
			<line number="200"  hits="2"  branch="false" />
			<line number="204"  hits="2"  branch="false" />
			<line number="206"  hits="2"  branch="false" />
			<line number="208"  hits="2"  branch="false" />
			<line number="209"  hits="2"  branch="false" />
			<line number="212"  hits="2"  branch="false" />
		</lines>
		</class>
		<class name="utils.js"  filename="app/actions/sniff/utils.js"  line-rate="0.0833"  branch-rate="0" >
		<methods>
			<method name="(anonymous_1)"  hits="0"  signature="()V" >
				<lines><line number="3"  hits="0" /></lines>
			</method>
			<method name="(anonymous_2)"  hits="0"  signature="()V" >
				<lines><line number="9"  hits="0" /></lines>
			</method>
			<method name="(anonymous_3)"  hits="0"  signature="()V" >
				<lines><line number="12"  hits="0" /></lines>
			</method>
			<method name="(anonymous_4)"  hits="0"  signature="()V" >
				<lines><line number="13"  hits="0" /></lines>
			</method>
			<method name="(anonymous_5)"  hits="0"  signature="()V" >
				<lines><line number="24"  hits="0" /></lines>
			</method>
			<method name="(anonymous_6)"  hits="0"  signature="()V" >
				<lines><line number="68"  hits="0" /></lines>
			</method>
		</methods>
		<lines>
			<line number="1"  hits="1"  branch="false" />
			<line number="3"  hits="1"  branch="false" />
			<line number="5"  hits="0"  branch="true"  condition-coverage="0% (0/4)" />
			<line number="6"  hits="0"  branch="false" />
			<line number="9"  hits="0"  branch="false" />
			<line number="10"  hits="0"  branch="false" />
			<line number="12"  hits="0"  branch="false" />
			<line number="13"  hits="0"  branch="false" />
			<line number="14"  hits="0"  branch="true"  condition-coverage="0% (0/2)" />
			<line number="15"  hits="0"  branch="false" />
			<line number="17"  hits="0"  branch="false" />
			<line number="24"  hits="1"  branch="false" />
			<line number="25"  hits="0"  branch="false" />
			<line number="26"  hits="0"  branch="true"  condition-coverage="0% (0/2)" />
			<line number="27"  hits="0"  branch="false" />
			<line number="29"  hits="0"  branch="true"  condition-coverage="0% (0/2)" />
			<line number="30"  hits="0"  branch="false" />
			<line number="32"  hits="0"  branch="true"  condition-coverage="0% (0/2)" />
			<line number="33"  hits="0"  branch="false" />
			<line number="35"  hits="0"  branch="true"  condition-coverage="0% (0/2)" />
			<line number="36"  hits="0"  branch="false" />
			<line number="38"  hits="0"  branch="true"  condition-coverage="0% (0/2)" />
			<line number="39"  hits="0"  branch="false" />
			<line number="41"  hits="0"  branch="true"  condition-coverage="0% (0/2)" />
			<line number="42"  hits="0"  branch="false" />
			<line number="44"  hits="0"  branch="true"  condition-coverage="0% (0/2)" />
			<line number="45"  hits="0"  branch="false" />
			<line number="47"  hits="0"  branch="true"  condition-coverage="0% (0/6)" />
			<line number="50"  hits="0"  branch="false" />
			<line number="52"  hits="0"  branch="true"  condition-coverage="0% (0/2)" />
			<line number="53"  hits="0"  branch="false" />
			<line number="55"  hits="0"  branch="true"  condition-coverage="0% (0/2)" />
			<line number="56"  hits="0"  branch="false" />
			<line number="58"  hits="0"  branch="true"  condition-coverage="0% (0/2)" />
			<line number="59"  hits="0"  branch="false" />
			<line number="61"  hits="0"  branch="true"  condition-coverage="0% (0/4)" />
			<line number="63"  hits="0"  branch="false" />
			<line number="65"  hits="0"  branch="false" />
			<line number="68"  hits="1"  branch="false" />
			<line number="70"  hits="0"  branch="true"  condition-coverage="0% (0/8)" />
			<line number="72"  hits="0"  branch="false" />
			<line number="74"  hits="0"  branch="false" />
			<line number="76"  hits="0"  branch="false" />
			<line number="78"  hits="0"  branch="false" />
			<line number="80"  hits="0"  branch="false" />
			<line number="82"  hits="0"  branch="false" />
			<line number="84"  hits="0"  branch="false" />
			<line number="86"  hits="0"  branch="false" />
		</lines>
		</class>
	</classes>
	</package>
	<package name="app.actions.sniff.linkChecker"  line-rate="0.33020000000000005"  branch-rate="0.1137" >
	<classes>
		<class name="defaultOptions.js"  filename="app/actions/sniff/linkChecker/defaultOptions.js"  line-rate="1"  branch-rate="1" >
		<methods>
		</methods>
		<lines>
			<line number="2"  hits="1"  branch="false" />
			<line number="3"  hits="1"  branch="false" />
			<line number="5"  hits="1"  branch="false" />
			<line number="35"  hits="1"  branch="false" />
		</lines>
		</class>
		<class name="excludeLink.js"  filename="app/actions/sniff/linkChecker/excludeLink.js"  line-rate="0.375"  branch-rate="0.0444" >
		<methods>
			<method name="excludeLink"  hits="2"  signature="()V" >
				<lines><line number="7"  hits="2" /></lines>
			</method>
		</methods>
		<lines>
			<line number="1"  hits="1"  branch="false" />
			<line number="4"  hits="1"  branch="false" />
			<line number="5"  hits="1"  branch="false" />
			<line number="7"  hits="1"  branch="false" />
			<line number="9"  hits="2"  branch="false" />
			<line number="10"  hits="2"  branch="false" />
			<line number="11"  hits="2"  branch="false" />
			<line number="12"  hits="2"  branch="false" />
			<line number="13"  hits="2"  branch="true"  condition-coverage="50% (1/2)" />
			<line number="14"  hits="0"  branch="false" />
			<line number="17"  hits="2"  branch="true"  condition-coverage="50% (1/2)" />
			<line number="18"  hits="2"  branch="false" />
			<line number="21"  hits="0"  branch="true"  condition-coverage="0% (0/4)" />
			<line number="22"  hits="0"  branch="false" />
			<line number="24"  hits="0"  branch="true"  condition-coverage="0% (0/4)" />
			<line number="25"  hits="0"  branch="false" />
			<line number="27"  hits="0"  branch="true"  condition-coverage="0% (0/4)" />
			<line number="28"  hits="0"  branch="false" />
			<line number="30"  hits="0"  branch="true"  condition-coverage="0% (0/4)" />
			<line number="31"  hits="0"  branch="false" />
			<line number="33"  hits="0"  branch="true"  condition-coverage="0% (0/2)" />
			<line number="34"  hits="0"  branch="true"  condition-coverage="0% (0/2)" />
			<line number="35"  hits="0"  branch="false" />
			<line number="37"  hits="0"  branch="true"  condition-coverage="0% (0/2)" />
			<line number="38"  hits="0"  branch="true"  condition-coverage="0% (0/2)" />
			<line number="44"  hits="0"  branch="false" />
			<line number="47"  hits="0"  branch="true"  condition-coverage="0% (0/7)" />
			<line number="48"  hits="0"  branch="false" />
			<line number="52"  hits="0"  branch="true"  condition-coverage="0% (0/2)" />
			<line number="53"  hits="0"  branch="false" />
			<line number="56"  hits="0"  branch="false" />
			<line number="58"  hits="1"  branch="false" />
		</lines>
		</class>
		<class name="getHostKey.js"  filename="app/actions/sniff/linkChecker/getHostKey.js"  line-rate="0.2051"  branch-rate="0.035699999999999996" >
		<methods>
			<method name="(anonymous_1)"  hits="0"  signature="()V" >
				<lines><line number="7"  hits="0" /></lines>
			</method>
			<method name="getHostKey"  hits="0"  signature="()V" >
				<lines><line number="16"  hits="0" /></lines>
			</method>
		</methods>
		<lines>
			<line number="2"  hits="1"  branch="false" />
			<line number="3"  hits="1"  branch="false" />
			<line number="4"  hits="1"  branch="false" />
			<line number="6"  hits="1"  branch="true"  condition-coverage="50% (1/2)" />
			<line number="7"  hits="0"  branch="false" />
			<line number="8"  hits="0"  branch="false" />
			<line number="10"  hits="0"  branch="false" />
			<line number="12"  hits="1"  branch="false" />
			<line number="13"  hits="1"  branch="false" />
			<line number="16"  hits="1"  branch="false" />
			<line number="17"  hits="0"  branch="false" />
			<line number="18"  hits="0"  branch="false" />
			<line number="20"  hits="0"  branch="true"  condition-coverage="0% (0/2)" />
			<line number="21"  hits="0"  branch="false" />
			<line number="23"  hits="0"  branch="false" />
			<line number="25"  hits="0"  branch="false" />
			<line number="27"  hits="0"  branch="true"  condition-coverage="0% (0/4)" />
			<line number="28"  hits="0"  branch="false" />
			<line number="29"  hits="0"  branch="false" />
			<line number="30"  hits="0"  branch="true"  condition-coverage="0% (0/4)" />
			<line number="31"  hits="0"  branch="false" />
			<line number="35"  hits="0"  branch="true"  condition-coverage="0% (0/2)" />
			<line number="36"  hits="0"  branch="false" />
			<line number="39"  hits="0"  branch="false" />
			<line number="42"  hits="0"  branch="true"  condition-coverage="0% (0/4)" />
			<line number="43"  hits="0"  branch="false" />
			<line number="46"  hits="0"  branch="true"  condition-coverage="0% (0/2)" />
			<line number="47"  hits="0"  branch="false" />
			<line number="50"  hits="0"  branch="true"  condition-coverage="0% (0/2)" />
			<line number="51"  hits="0"  branch="false" />
			<line number="53"  hits="0"  branch="false" />
			<line number="56"  hits="0"  branch="true"  condition-coverage="0% (0/2)" />
			<line number="57"  hits="0"  branch="false" />
			<line number="59"  hits="0"  branch="false" />
			<line number="63"  hits="0"  branch="true"  condition-coverage="0% (0/4)" />
			<line number="64"  hits="0"  branch="false" />
			<line number="67"  hits="0"  branch="false" />
			<line number="69"  hits="0"  branch="false" />
			<line number="72"  hits="1"  branch="false" />
		</lines>
		</class>
		<class name="initScrapeHtml.js"  filename="app/actions/sniff/linkChecker/initScrapeHtml.js"  line-rate="0.21050000000000002"  branch-rate="0" >
		<methods>
			<method name="enqueueLink"  hits="0"  signature="()V" >
				<lines><line number="8"  hits="0" /></lines>
			</method>
			<method name="scan"  hits="0"  signature="()V" >
				<lines><line number="34"  hits="0" /></lines>
			</method>
			<method name="(anonymous_3)"  hits="0"  signature="()V" >
				<lines><line number="44"  hits="0" /></lines>
			</method>
			<method name="(anonymous_4)"  hits="0"  signature="()V" >
				<lines><line number="47"  hits="0" /></lines>
			</method>
			<method name="(anonymous_5)"  hits="0"  signature="()V" >
				<lines><line number="56"  hits="0" /></lines>
			</method>
			<method name="(anonymous_6)"  hits="0"  signature="()V" >
				<lines><line number="63"  hits="0" /></lines>
			</method>
			<method name="_scan"  hits="0"  signature="()V" >
				<lines><line number="73"  hits="0" /></lines>
			</method>
			<method name="Instance"  hits="0"  signature="()V" >
				<lines><line number="74"  hits="0" /></lines>
			</method>
		</methods>
		<lines>
			<line number="1"  hits="1"  branch="false" />
			<line number="2"  hits="1"  branch="false" />
			<line number="3"  hits="1"  branch="false" />
			<line number="4"  hits="1"  branch="false" />
			<line number="5"  hits="1"  branch="false" />
			<line number="6"  hits="1"  branch="false" />
			<line number="8"  hits="1"  branch="false" />
			<line number="10"  hits="0"  branch="false" />
			<line number="12"  hits="0"  branch="false" />
			<line number="14"  hits="0"  branch="true"  condition-coverage="0% (0/2)" />
			<line number="15"  hits="0"  branch="false" />
			<line number="16"  hits="0"  branch="false" />
			<line number="17"  hits="0"  branch="false" />
			<line number="18"  hits="0"  branch="false" />
			<line number="19"  hits="0"  branch="false" />
			<line number="22"  hits="0"  branch="false" />
			<line number="23"  hits="0"  branch="false" />
			<line number="25"  hits="0"  branch="true"  condition-coverage="0% (0/2)" />
			<line number="26"  hits="0"  branch="false" />
			<line number="27"  hits="0"  branch="true"  condition-coverage="0% (0/2)" />
			<line number="28"  hits="0"  branch="false" />
			<line number="32"  hits="1"  branch="false" />
			<line number="34"  hits="1"  branch="false" />
			<line number="37"  hits="0"  branch="false" />
			<line number="38"  hits="0"  branch="false" />
			<line number="39"  hits="0"  branch="false" />
			<line number="41"  hits="0"  branch="false" />
			<line number="42"  hits="0"  branch="false" />
			<line number="44"  hits="0"  branch="false" />
			<line number="45"  hits="0"  branch="false" />
			<line number="46"  hits="0"  branch="false" />
			<line number="49"  hits="0"  branch="false" />
			<line number="50"  hits="0"  branch="false" />
			<line number="52"  hits="0"  branch="true"  condition-coverage="0% (0/6)" />
			<line number="53"  hits="0"  branch="false" />
			<line number="56"  hits="0"  branch="false" />
			<line number="57"  hits="0"  branch="false" />
			<line number="60"  hits="0"  branch="false" />
			<line number="61"  hits="0"  branch="false" />
			<line number="64"  hits="0"  branch="false" />
			<line number="70"  hits="0"  branch="false" />
			<line number="73"  hits="1"  branch="false" />
			<line number="74"  hits="1"  branch="false" />
			<line number="75"  hits="0"  branch="false" />
			<line number="76"  hits="0"  branch="false" />
			<line number="77"  hits="0"  branch="false" />
			<line number="78"  hits="0"  branch="false" />
			<line number="79"  hits="0"  branch="false" />
			<line number="80"  hits="0"  branch="false" />
			<line number="81"  hits="0"  branch="false" />
			<line number="82"  hits="0"  branch="false" />
			<line number="84"  hits="0"  branch="false" />
			<line number="85"  hits="0"  branch="false" />
			<line number="86"  hits="0"  branch="false" />
			<line number="87"  hits="0"  branch="false" />
			<line number="90"  hits="0"  branch="false" />
			<line number="93"  hits="1"  branch="false" />
		</lines>
		</class>
		<class name="linkObj.js"  filename="app/actions/sniff/linkChecker/linkObj.js"  line-rate="0.7432"  branch-rate="0.52" >
		<methods>
			<method name="linkObj"  hits="2"  signature="()V" >
				<lines><line number="7"  hits="2" /></lines>
			</method>
			<method name="(anonymous_2)"  hits="0"  signature="()V" >
				<lines><line number="56"  hits="0" /></lines>
			</method>
			<method name="(anonymous_3)"  hits="4"  signature="()V" >
				<lines><line number="68"  hits="4" /></lines>
			</method>
			<method name="(anonymous_4)"  hits="4"  signature="()V" >
				<lines><line number="94"  hits="4" /></lines>
			</method>
			<method name="cloneObject"  hits="16"  signature="()V" >
				<lines><line number="168"  hits="16" /></lines>
			</method>
			<method name="parity"  hits="8"  signature="()V" >
				<lines><line number="195"  hits="8" /></lines>
			</method>
		</methods>
		<lines>
			<line number="2"  hits="1"  branch="false" />
			<line number="7"  hits="1"  branch="false" />
			<line number="8"  hits="2"  branch="true"  condition-coverage="75% (3/4)" />
			<line number="9"  hits="0"  branch="false" />
			<line number="11"  hits="2"  branch="false" />
			<line number="50"  hits="2"  branch="false" />
			<line number="56"  hits="1"  branch="false" />
			<line number="58"  hits="0"  branch="true"  condition-coverage="0% (0/4)" />
			<line number="59"  hits="0"  branch="false" />
			<line number="61"  hits="0"  branch="false" />
			<line number="62"  hits="0"  branch="false" />
			<line number="68"  hits="1"  branch="false" />
			<line number="69"  hits="4"  branch="true"  condition-coverage="50% (1/2)" />
			<line number="70"  hits="4"  branch="false" />
			<line number="71"  hits="0"  branch="true"  condition-coverage="0% (0/2)" />
			<line number="72"  hits="0"  branch="false" />
			<line number="74"  hits="4"  branch="false" />
			<line number="76"  hits="4"  branch="true"  condition-coverage="75% (3/4)" />
			<line number="78"  hits="0"  branch="false" />
			<line number="79"  hits="0"  branch="false" />
			<line number="82"  hits="4"  branch="false" />
			<line number="83"  hits="4"  branch="false" />
			<line number="84"  hits="4"  branch="true"  condition-coverage="50% (1/2)" />
			<line number="86"  hits="4"  branch="false" />
			<line number="94"  hits="1"  branch="false" />
			<line number="95"  hits="4"  branch="true"  condition-coverage="50% (1/2)" />
			<line number="96"  hits="0"  branch="false" />
			<line number="100"  hits="4"  branch="false" />
			<line number="105"  hits="4"  branch="true"  condition-coverage="50% (1/2)" />
			<line number="106"  hits="4"  branch="false" />
			<line number="108"  hits="4"  branch="true"  condition-coverage="50% (1/2)" />
			<line number="109"  hits="4"  branch="false" />
			<line number="113"  hits="4"  branch="false" />
			<line number="114"  hits="4"  branch="true"  condition-coverage="50% (1/2)" />
			<line number="116"  hits="0"  branch="false" />
			<line number="117"  hits="0"  branch="false" />
			<line number="121"  hits="4"  branch="true"  condition-coverage="50% (1/2)" />
			<line number="123"  hits="0"  branch="false" />
			<line number="124"  hits="0"  branch="false" />
			<line number="127"  hits="4"  branch="true"  condition-coverage="50% (1/2)" />
			<line number="128"  hits="4"  branch="false" />
			<line number="129"  hits="4"  branch="false" />
			<line number="132"  hits="4"  branch="false" />
			<line number="133"  hits="4"  branch="true"  condition-coverage="50% (1/2)" />
			<line number="134"  hits="4"  branch="false" />
			<line number="137"  hits="4"  branch="true"  condition-coverage="50% (1/2)" />
			<line number="138"  hits="4"  branch="false" />
			<line number="141"  hits="4"  branch="false" />
			<line number="143"  hits="4"  branch="true"  condition-coverage="50% (1/2)" />
			<line number="144"  hits="4"  branch="false" />
			<line number="145"  hits="4"  branch="false" />
			<line number="146"  hits="4"  branch="false" />
			<line number="148"  hits="0"  branch="false" />
			<line number="149"  hits="0"  branch="true"  condition-coverage="0% (0/2)" />
			<line number="151"  hits="0"  branch="true"  condition-coverage="0% (0/2)" />
			<line number="152"  hits="0"  branch="false" />
			<line number="153"  hits="0"  branch="false" />
			<line number="157"  hits="4"  branch="false" />
			<line number="158"  hits="4"  branch="false" />
			<line number="168"  hits="1"  branch="false" />
			<line number="169"  hits="16"  branch="false" />
			<line number="171"  hits="16"  branch="true"  condition-coverage="100% (2/2)" />
			<line number="172"  hits="4"  branch="false" />
			<line number="175"  hits="12"  branch="false" />
			<line number="180"  hits="16"  branch="false" />
			<line number="181"  hits="104"  branch="true"  condition-coverage="100% (2/2)" />
			<line number="182"  hits="84"  branch="false" />
			<line number="184"  hits="84"  branch="true"  condition-coverage="100% (4/4)" />
			<line number="185"  hits="12"  branch="false" />
			<line number="187"  hits="72"  branch="false" />
			<line number="191"  hits="16"  branch="false" />
			<line number="195"  hits="1"  branch="false" />
			<line number="199"  hits="8"  branch="true"  condition-coverage="50% (1/2)" />
			<line number="202"  hits="1"  branch="false" />
		</lines>
		</class>
		<class name="matchUrl.js"  filename="app/actions/sniff/linkChecker/matchUrl.js"  line-rate="0.25"  branch-rate="0" >
		<methods>
			<method name="matchUrl"  hits="0"  signature="()V" >
				<lines><line number="4"  hits="0" /></lines>
			</method>
		</methods>
		<lines>
			<line number="2"  hits="1"  branch="false" />
			<line number="4"  hits="1"  branch="false" />
			<line number="5"  hits="0"  branch="false" />
			<line number="7"  hits="0"  branch="true"  condition-coverage="0% (0/2)" />
			<line number="8"  hits="0"  branch="false" />
			<line number="10"  hits="0"  branch="false" />
			<line number="11"  hits="0"  branch="true"  condition-coverage="0% (0/2)" />
			<line number="12"  hits="0"  branch="false" />
			<line number="13"  hits="0"  branch="true"  condition-coverage="0% (0/2)" />
			<line number="14"  hits="0"  branch="false" />
			<line number="18"  hits="0"  branch="false" />
			<line number="21"  hits="1"  branch="false" />
		</lines>
		</class>
		<class name="messages.js"  filename="app/actions/sniff/linkChecker/messages.js"  line-rate="0.8332999999999999"  branch-rate="0" >
		<methods>
			<method name="(anonymous_1)"  hits="0"  signature="()V" >
				<lines><line number="8"  hits="0" /></lines>
			</method>
		</methods>
		<lines>
			<line number="2"  hits="1"  branch="false" />
			<line number="3"  hits="1"  branch="false" />
			<line number="5"  hits="1"  branch="false" />
			<line number="7"  hits="1"  branch="false" />
			<line number="9"  hits="0"  branch="true"  condition-coverage="0% (0/2)" />
			<line number="10"  hits="0"  branch="false" />
			<line number="15"  hits="1"  branch="false" />
			<line number="31"  hits="1"  branch="false" />
			<line number="32"  hits="59"  branch="false" />
			<line number="35"  hits="1"  branch="false" />
			<line number="36"  hits="62"  branch="false" />
			<line number="39"  hits="1"  branch="false" />
		</lines>
		</class>
		<class name="parseHtml.js"  filename="app/actions/sniff/linkChecker/parseHtml.js"  line-rate="0.3448"  branch-rate="0" >
		<methods>
			<method name="(anonymous_1)"  hits="0"  signature="()V" >
				<lines><line number="8"  hits="0" /></lines>
			</method>
			<method name="getAttrMap"  hits="0"  signature="()V" >
				<lines><line number="29"  hits="0" /></lines>
			</method>
			<method name="parseHtml"  hits="0"  signature="()V" >
				<lines><line number="44"  hits="0" /></lines>
			</method>
			<method name="(anonymous_4)"  hits="0"  signature="()V" >
				<lines><line number="45"  hits="0" /></lines>
			</method>
			<method name="(anonymous_5)"  hits="0"  signature="()V" >
				<lines><line number="49"  hits="0" /></lines>
			</method>
		</methods>
		<lines>
			<line number="2"  hits="1"  branch="false" />
			<line number="3"  hits="1"  branch="false" />
			<line number="4"  hits="1"  branch="false" />
			<line number="6"  hits="1"  branch="false" />
			<line number="7"  hits="1"  branch="false" />
			<line number="8"  hits="1"  branch="false" />
			<line number="9"  hits="0"  branch="false" />
			<line number="11"  hits="0"  branch="true"  condition-coverage="0% (0/4)" />
			<line number="12"  hits="0"  branch="false" />
			<line number="15"  hits="0"  branch="false" />
			<line number="18"  hits="1"  branch="false" />
			<line number="29"  hits="1"  branch="false" />
			<line number="30"  hits="0"  branch="false" />
			<line number="31"  hits="0"  branch="false" />
			<line number="32"  hits="0"  branch="false" />
			<line number="34"  hits="0"  branch="false" />
			<line number="35"  hits="0"  branch="false" />
			<line number="38"  hits="0"  branch="false" />
			<line number="44"  hits="1"  branch="false" />
			<line number="45"  hits="0"  branch="false" />
			<line number="46"  hits="0"  branch="true"  condition-coverage="0% (0/2)" />
			<line number="47"  hits="0"  branch="false" />
			<line number="49"  hits="0"  branch="false" />
			<line number="50"  hits="0"  branch="false" />
			<line number="53"  hits="0"  branch="false" />
			<line number="54"  hits="0"  branch="true"  condition-coverage="0% (0/2)" />
			<line number="55"  hits="0"  branch="false" />
			<line number="57"  hits="0"  branch="false" />
			<line number="62"  hits="1"  branch="false" />
		</lines>
		</class>
		<class name="parseOptions.js"  filename="app/actions/sniff/linkChecker/parseOptions.js"  line-rate="0.22219999999999998"  branch-rate="0" >
		<methods>
			<method name="array2booleanMap"  hits="0"  signature="()V" >
				<lines><line number="4"  hits="0" /></lines>
			</method>
			<method name="parseOptions"  hits="0"  signature="()V" >
				<lines><line number="17"  hits="0" /></lines>
			</method>
		</methods>
		<lines>
			<line number="2"  hits="1"  branch="false" />
			<line number="4"  hits="1"  branch="false" />
			<line number="5"  hits="0"  branch="false" />
			<line number="6"  hits="0"  branch="true"  condition-coverage="0% (0/2)" />
			<line number="7"  hits="0"  branch="false" />
			<line number="8"  hits="0"  branch="false" />
			<line number="9"  hits="0"  branch="false" />
			<line number="10"  hits="0"  branch="false" />
			<line number="12"  hits="0"  branch="false" />
			<line number="14"  hits="0"  branch="false" />
			<line number="17"  hits="1"  branch="false" />
			<line number="18"  hits="0"  branch="true"  condition-coverage="0% (0/4)" />
			<line number="19"  hits="0"  branch="false" />
			<line number="20"  hits="0"  branch="false" />
			<line number="21"  hits="0"  branch="false" />
			<line number="22"  hits="0"  branch="false" />
			<line number="24"  hits="0"  branch="false" />
			<line number="27"  hits="1"  branch="false" />
		</lines>
		</class>
		<class name="scrapeHtml.js"  filename="app/actions/sniff/linkChecker/scrapeHtml.js"  line-rate="0.1185"  branch-rate="0" >
		<methods>
			<method name="scrapeHtml"  hits="0"  signature="()V" >
				<lines><line number="14"  hits="0" /></lines>
			</method>
			<method name="(anonymous_2)"  hits="0"  signature="()V" >
				<lines><line number="25"  hits="0" /></lines>
			</method>
			<method name="findLinks"  hits="0"  signature="()V" >
				<lines><line number="56"  hits="0" /></lines>
			</method>
			<method name="(anonymous_4)"  hits="0"  signature="()V" >
				<lines><line number="60"  hits="0" /></lines>
			</method>
			<method name="findPreliminaries"  hits="0"  signature="()V" >
				<lines><line number="119"  hits="0" /></lines>
			</method>
			<method name="(anonymous_6)"  hits="0"  signature="()V" >
				<lines><line number="132"  hits="0" /></lines>
			</method>
			<method name="findRootNode"  hits="0"  signature="()V" >
				<lines><line number="182"  hits="0" /></lines>
			</method>
			<method name="getNthIndex"  hits="0"  signature="()V" >
				<lines><line number="197"  hits="0" /></lines>
			</method>
			<method name="getSelector"  hits="0"  signature="()V" >
				<lines><line number="223"  hits="0" /></lines>
			</method>
			<method name="getText"  hits="0"  signature="()V" >
				<lines><line number="244"  hits="0" /></lines>
			</method>
			<method name="(anonymous_11)"  hits="0"  signature="()V" >
				<lines><line number="250"  hits="0" /></lines>
			</method>
			<method name="stringifyNode"  hits="0"  signature="()V" >
				<lines><line number="266"  hits="0" /></lines>
			</method>
			<method name="walk"  hits="0"  signature="()V" >
				<lines><line number="285"  hits="0" /></lines>
			</method>
		</methods>
		<lines>
			<line number="2"  hits="1"  branch="false" />
			<line number="3"  hits="1"  branch="false" />
			<line number="5"  hits="1"  branch="false" />
			<line number="6"  hits="1"  branch="false" />
			<line number="7"  hits="1"  branch="false" />
			<line number="9"  hits="1"  branch="false" />
			<line number="14"  hits="1"  branch="false" />
			<line number="16"  hits="0"  branch="false" />
			<line number="17"  hits="0"  branch="false" />
			<line number="18"  hits="0"  branch="false" />
			<line number="19"  hits="0"  branch="false" />
			<line number="21"  hits="0"  branch="true"  condition-coverage="0% (0/2)" />
			<line number="22"  hits="0"  branch="false" />
			<line number="23"  hits="0"  branch="false" />
			<line number="25"  hits="0"  branch="false" />
			<line number="26"  hits="0"  branch="false" />
			<line number="27"  hits="0"  branch="true"  condition-coverage="0% (0/4)" />
			<line number="28"  hits="0"  branch="false" />
			<line number="29"  hits="0"  branch="false" />
			<line number="30"  hits="0"  branch="false" />
			<line number="31"  hits="0"  branch="false" />
			<line number="32"  hits="0"  branch="true"  condition-coverage="0% (0/5)" />
			<line number="33"  hits="0"  branch="false" />
			<line number="35"  hits="0"  branch="false" />
			<line number="36"  hits="0"  branch="false" />
			<line number="37"  hits="0"  branch="false" />
			<line number="38"  hits="0"  branch="false" />
			<line number="39"  hits="0"  branch="true"  condition-coverage="0% (0/2)" />
			<line number="40"  hits="0"  branch="false" />
			<line number="44"  hits="0"  branch="false" />
			<line number="48"  hits="0"  branch="false" />
			<line number="56"  hits="1"  branch="false" />
			<line number="57"  hits="0"  branch="false" />
			<line number="60"  hits="0"  branch="false" />
			<line number="61"  hits="0"  branch="false" />
			<line number="64"  hits="0"  branch="true"  condition-coverage="0% (0/2)" />
			<line number="65"  hits="0"  branch="true"  condition-coverage="0% (0/4)" />
			<line number="66"  hits="0"  branch="false" />
			<line number="70"  hits="0"  branch="false" />
			<line number="71"  hits="0"  branch="true"  condition-coverage="0% (0/5)" />
			<line number="72"  hits="0"  branch="false" />
			<line number="74"  hits="0"  branch="false" />
			<line number="77"  hits="0"  branch="true"  condition-coverage="0% (0/2)" />
			<line number="79"  hits="0"  branch="true"  condition-coverage="0% (0/4)" />
			<line number="80"  hits="0"  branch="true"  condition-coverage="0% (0/4)" />
			<line number="81"  hits="0"  branch="false" />
			<line number="83"  hits="0"  branch="true"  condition-coverage="0% (0/5)" />
			<line number="86"  hits="0"  branch="false" />
			<line number="89"  hits="0"  branch="false" />
			<line number="92"  hits="0"  branch="true"  condition-coverage="0% (0/2)" />
			<line number="93"  hits="0"  branch="false" />
			<line number="97"  hits="0"  branch="true"  condition-coverage="0% (0/2)" />
			<line number="98"  hits="0"  branch="false" />
			<line number="99"  hits="0"  branch="true"  condition-coverage="0% (0/2)" />
			<line number="100"  hits="0"  branch="false" />
			<line number="101"  hits="0"  branch="true"  condition-coverage="0% (0/2)" />
			<line number="102"  hits="0"  branch="false" />
			<line number="119"  hits="1"  branch="false" />
			<line number="120"  hits="0"  branch="false" />
			<line number="121"  hits="0"  branch="false" />
			<line number="125"  hits="0"  branch="false" />
			<line number="128"  hits="0"  branch="false" />
			<line number="132"  hits="0"  branch="false" />
			<line number="133"  hits="0"  branch="true"  condition-coverage="0% (0/2)" />
			<line number="137"  hits="0"  branch="true"  condition-coverage="0% (0/5)" />
			<line number="139"  hits="0"  branch="false" />
			<line number="140"  hits="0"  branch="false" />
			<line number="143"  hits="0"  branch="false" />
			<line number="148"  hits="0"  branch="true"  condition-coverage="0% (0/5)" />
			<line number="149"  hits="0"  branch="false" />
			<line number="151"  hits="0"  branch="true"  condition-coverage="0% (0/3)" />
			<line number="155"  hits="0"  branch="false" />
			<line number="160"  hits="0"  branch="true"  condition-coverage="0% (0/4)" />
			<line number="161"  hits="0"  branch="false" />
			<line number="166"  hits="0"  branch="false" />
			<line number="170"  hits="0"  branch="true"  condition-coverage="0% (0/4)" />
			<line number="172"  hits="0"  branch="false" />
			<line number="176"  hits="0"  branch="false" />
			<line number="182"  hits="1"  branch="false" />
			<line number="183"  hits="0"  branch="false" />
			<line number="184"  hits="0"  branch="false" />
			<line number="186"  hits="0"  branch="false" />
			<line number="188"  hits="0"  branch="true"  condition-coverage="0% (0/2)" />
			<line number="189"  hits="0"  branch="false" />
			<line number="197"  hits="1"  branch="false" />
			<line number="198"  hits="0"  branch="false" />
			<line number="199"  hits="0"  branch="false" />
			<line number="200"  hits="0"  branch="false" />
			<line number="201"  hits="0"  branch="false" />
			<line number="203"  hits="0"  branch="false" />
			<line number="204"  hits="0"  branch="false" />
			<line number="206"  hits="0"  branch="true"  condition-coverage="0% (0/2)" />
			<line number="208"  hits="0"  branch="true"  condition-coverage="0% (0/2)" />
			<line number="209"  hits="0"  branch="false" />
			<line number="212"  hits="0"  branch="false" />
			<line number="217"  hits="0"  branch="false" />
			<line number="223"  hits="1"  branch="false" />
			<line number="224"  hits="0"  branch="false" />
			<line number="225"  hits="0"  branch="false" />
			<line number="227"  hits="0"  branch="false" />
			<line number="228"  hits="0"  branch="false" />
			<line number="231"  hits="0"  branch="true"  condition-coverage="0% (0/4)" />
			<line number="232"  hits="0"  branch="false" />
			<line number="236"  hits="0"  branch="false" />
			<line number="238"  hits="0"  branch="false" />
			<line number="241"  hits="0"  branch="false" />
			<line number="244"  hits="1"  branch="false" />
			<line number="245"  hits="0"  branch="false" />
			<line number="247"  hits="0"  branch="true"  condition-coverage="0% (0/2)" />
			<line number="248"  hits="0"  branch="false" />
			<line number="250"  hits="0"  branch="false" />
			<line number="251"  hits="0"  branch="true"  condition-coverage="0% (0/2)" />
			<line number="252"  hits="0"  branch="false" />
			<line number="257"  hits="0"  branch="false" />
			<line number="260"  hits="0"  branch="false" />
			<line number="266"  hits="1"  branch="false" />
			<line number="267"  hits="0"  branch="false" />
			<line number="268"  hits="0"  branch="false" />
			<line number="269"  hits="0"  branch="true"  condition-coverage="0% (0/4)" />
			<line number="270"  hits="0"  branch="false" />
			<line number="273"  hits="0"  branch="false" />
			<line number="274"  hits="0"  branch="true"  condition-coverage="0% (0/4)" />
			<line number="275"  hits="0"  branch="false" />
			<line number="279"  hits="0"  branch="false" />
			<line number="281"  hits="0"  branch="false" />
			<line number="285"  hits="1"  branch="false" />
			<line number="286"  hits="0"  branch="false" />
			<line number="288"  hits="0"  branch="true"  condition-coverage="0% (0/2)" />
			<line number="290"  hits="0"  branch="true"  condition-coverage="0% (0/2)" />
			<line number="291"  hits="0"  branch="false" />
			<line number="292"  hits="0"  branch="false" />
			<line number="295"  hits="0"  branch="false" />
			<line number="296"  hits="0"  branch="true"  condition-coverage="0% (0/2)" />
			<line number="298"  hits="0"  branch="false" />
			<line number="302"  hits="1"  branch="false" />
		</lines>
		</class>
		<class name="simpleResponse.js"  filename="app/actions/sniff/linkChecker/simpleResponse.js"  line-rate="0.3333"  branch-rate="1" >
		<methods>
			<method name="simpleResponse"  hits="0"  signature="()V" >
				<lines><line number="3"  hits="0" /></lines>
			</method>
			<method name="simplify"  hits="0"  signature="()V" >
				<lines><line number="12"  hits="0" /></lines>
			</method>
		</methods>
		<lines>
			<line number="3"  hits="1"  branch="false" />
			<line number="4"  hits="0"  branch="false" />
			<line number="5"  hits="0"  branch="false" />
			<line number="6"  hits="0"  branch="false" />
			<line number="7"  hits="0"  branch="false" />
			<line number="9"  hits="0"  branch="false" />
			<line number="12"  hits="1"  branch="false" />
			<line number="13"  hits="0"  branch="false" />
			<line number="22"  hits="1"  branch="false" />
		</lines>
		</class>
		<class name="tags.js"  filename="app/actions/sniff/linkChecker/tags.js"  line-rate="1"  branch-rate="1" >
		<methods>
		</methods>
		<lines>
			<line number="3"  hits="1"  branch="false" />
			<line number="181"  hits="1"  branch="false" />
			<line number="243"  hits="1"  branch="false" />
		</lines>
		</class>
	</classes>
	</package>
	<package name="app.actions.sniff.process"  line-rate="0.12869999999999998"  branch-rate="0" >
	<classes>
		<class name="createHAR.js"  filename="app/actions/sniff/process/createHAR.js"  line-rate="0.1316"  branch-rate="0" >
		<methods>
			<method name="processResource"  hits="0"  signature="()V" >
				<lines><line number="6"  hits="0" /></lines>
			</method>
			<method name="createHAR"  hits="0"  signature="()V" >
				<lines><line number="111"  hits="0" /></lines>
			</method>
			<method name="(anonymous_3)"  hits="0"  signature="()V" >
				<lines><line number="123"  hits="0" /></lines>
			</method>
		</methods>
		<lines>
			<line number="1"  hits="1"  branch="false" />
			<line number="4"  hits="1"  branch="false" />
			<line number="6"  hits="1"  branch="false" />
			<line number="7"  hits="0"  branch="false" />
			<line number="14"  hits="0"  branch="true"  condition-coverage="0% (0/5)" />
			<line number="15"  hits="0"  branch="false" />
			<line number="19"  hits="0"  branch="true"  condition-coverage="0% (0/2)" />
			<line number="20"  hits="0"  branch="false" />
			<line number="22"  hits="0"  branch="false" />
			<line number="23"  hits="0"  branch="true"  condition-coverage="0% (0/5)" />
			<line number="24"  hits="0"  branch="false" />
			<line number="27"  hits="0"  branch="true"  condition-coverage="0% (0/2)" />
			<line number="28"  hits="0"  branch="false" />
			<line number="31"  hits="0"  branch="true"  condition-coverage="0% (0/2)" />
			<line number="32"  hits="0"  branch="false" />
			<line number="33"  hits="0"  branch="false" />
			<line number="34"  hits="0"  branch="false" />
			<line number="35"  hits="0"  branch="false" />
			<line number="36"  hits="0"  branch="false" />
			<line number="37"  hits="0"  branch="false" />
			<line number="38"  hits="0"  branch="false" />
			<line number="39"  hits="0"  branch="false" />
			<line number="40"  hits="0"  branch="false" />
			<line number="43"  hits="0"  branch="false" />
			<line number="44"  hits="0"  branch="false" />
			<line number="45"  hits="0"  branch="false" />
			<line number="47"  hits="0"  branch="false" />
			<line number="48"  hits="0"  branch="false" />
			<line number="50"  hits="0"  branch="false" />
			<line number="51"  hits="0"  branch="false" />
			<line number="54"  hits="0"  branch="false" />
			<line number="111"  hits="1"  branch="false" />
			<line number="112"  hits="0"  branch="false" />
			<line number="121"  hits="0"  branch="false" />
			<line number="123"  hits="0"  branch="false" />
			<line number="124"  hits="0"  branch="false" />
			<line number="127"  hits="0"  branch="false" />
			<line number="143"  hits="1"  branch="false" />
		</lines>
		</class>
		<class name="createPage.js"  filename="app/actions/sniff/process/createPage.js"  line-rate="0.1101"  branch-rate="0" >
		<methods>
			<method name="extractEmails"  hits="0"  signature="()V" >
				<lines><line number="8"  hits="0" /></lines>
			</method>
			<method name="findMime"  hits="0"  signature="()V" >
				<lines><line number="12"  hits="0" /></lines>
			</method>
			<method name="saveThumb"  hits="0"  signature="()V" >
				<lines><line number="22"  hits="0" /></lines>
			</method>
			<method name="(anonymous_4)"  hits="0"  signature="()V" >
				<lines><line number="24"  hits="0" /></lines>
			</method>
			<method name="(anonymous_5)"  hits="0"  signature="()V" >
				<lines><line number="26"  hits="0" /></lines>
			</method>
			<method name="run"  hits="0"  signature="()V" >
				<lines><line number="32"  hits="0" /></lines>
			</method>
			<method name="(anonymous_7)"  hits="0"  signature="()V" >
				<lines><line number="42"  hits="0" /></lines>
			</method>
			<method name="(anonymous_8)"  hits="0"  signature="()V" >
				<lines><line number="55"  hits="0" /></lines>
			</method>
			<method name="(anonymous_9)"  hits="0"  signature="()V" >
				<lines><line number="71"  hits="0" /></lines>
			</method>
			<method name="(anonymous_10)"  hits="0"  signature="()V" >
				<lines><line number="73"  hits="0" /></lines>
			</method>
			<method name="(anonymous_11)"  hits="0"  signature="()V" >
				<lines><line number="78"  hits="0" /></lines>
			</method>
			<method name="(anonymous_12)"  hits="0"  signature="()V" >
				<lines><line number="88"  hits="0" /></lines>
			</method>
			<method name="(anonymous_13)"  hits="0"  signature="()V" >
				<lines><line number="108"  hits="0" /></lines>
			</method>
			<method name="(anonymous_14)"  hits="0"  signature="()V" >
				<lines><line number="126"  hits="0" /></lines>
			</method>
			<method name="createPage"  hits="0"  signature="()V" >
				<lines><line number="144"  hits="0" /></lines>
			</method>
			<method name="(anonymous_16)"  hits="0"  signature="()V" >
				<lines><line number="156"  hits="0" /></lines>
			</method>
			<method name="(anonymous_17)"  hits="0"  signature="()V" >
				<lines><line number="159"  hits="0" /></lines>
			</method>
			<method name="(anonymous_18)"  hits="0"  signature="()V" >
				<lines><line number="168"  hits="0" /></lines>
			</method>
			<method name="(anonymous_19)"  hits="0"  signature="()V" >
				<lines><line number="186"  hits="0" /></lines>
			</method>
			<method name="(anonymous_20)"  hits="0"  signature="()V" >
				<lines><line number="191"  hits="0" /></lines>
			</method>
			<method name="(anonymous_21)"  hits="0"  signature="()V" >
				<lines><line number="196"  hits="0" /></lines>
			</method>
			<method name="(anonymous_22)"  hits="0"  signature="()V" >
				<lines><line number="199"  hits="0" /></lines>
			</method>
			<method name="(anonymous_23)"  hits="0"  signature="()V" >
				<lines><line number="203"  hits="0" /></lines>
			</method>
		</methods>
		<lines>
			<line number="1"  hits="1"  branch="false" />
			<line number="2"  hits="1"  branch="false" />
			<line number="3"  hits="1"  branch="false" />
			<line number="4"  hits="1"  branch="false" />
			<line number="5"  hits="1"  branch="false" />
			<line number="6"  hits="1"  branch="false" />
			<line number="8"  hits="1"  branch="false" />
			<line number="9"  hits="0"  branch="false" />
			<line number="12"  hits="1"  branch="false" />
			<line number="14"  hits="0"  branch="true"  condition-coverage="0% (0/6)" />
			<line number="15"  hits="0"  branch="true"  condition-coverage="0% (0/2)" />
			<line number="16"  hits="0"  branch="false" />
			<line number="19"  hits="0"  branch="false" />
			<line number="22"  hits="1"  branch="false" />
			<line number="23"  hits="0"  branch="false" />
			<line number="24"  hits="0"  branch="false" />
			<line number="25"  hits="0"  branch="false" />
			<line number="27"  hits="0"  branch="false" />
			<line number="29"  hits="0"  branch="false" />
			<line number="32"  hits="1"  branch="false" />
			<line number="33"  hits="0"  branch="false" />
			<line number="34"  hits="0"  branch="false" />
			<line number="35"  hits="0"  branch="false" />
			<line number="39"  hits="0"  branch="false" />
			<line number="40"  hits="0"  branch="false" />
			<line number="41"  hits="0"  branch="false" />
			<line number="42"  hits="0"  branch="false" />
			<line number="49"  hits="0"  branch="false" />
			<line number="50"  hits="0"  branch="false" />
			<line number="54"  hits="0"  branch="false" />
			<line number="55"  hits="0"  branch="false" />
			<line number="60"  hits="0"  branch="false" />
			<line number="61"  hits="0"  branch="true"  condition-coverage="0% (0/2)" />
			<line number="62"  hits="0"  branch="false" />
			<line number="63"  hits="0"  branch="true"  condition-coverage="0% (0/2)" />
			<line number="64"  hits="0"  branch="false" />
			<line number="66"  hits="0"  branch="false" />
			<line number="67"  hits="0"  branch="false" />
			<line number="68"  hits="0"  branch="false" />
			<line number="71"  hits="0"  branch="false" />
			<line number="73"  hits="0"  branch="false" />
			<line number="74"  hits="0"  branch="false" />
			<line number="75"  hits="0"  branch="true"  condition-coverage="0% (0/2)" />
			<line number="78"  hits="0"  branch="false" />
			<line number="79"  hits="0"  branch="false" />
			<line number="80"  hits="0"  branch="false" />
			<line number="81"  hits="0"  branch="false" />
[...]
		<methods>
			<method name="updateCount"  hits="0"  signature="()V" >
				<lines><line number="18"  hits="0" /></lines>
			</method>
			<method name="saveUpdatedCount"  hits="0"  signature="()V" >
				<lines><line number="32"  hits="0" /></lines>
			</method>
			<method name="(anonymous_3)"  hits="0"  signature="()V" >
				<lines><line number="34"  hits="0" /></lines>
			</method>
			<method name="(anonymous_4)"  hits="0"  signature="()V" >
				<lines><line number="37"  hits="0" /></lines>
			</method>
			<method name="(anonymous_5)"  hits="0"  signature="()V" >
				<lines><line number="48"  hits="0" /></lines>
			</method>
			<method name="(anonymous_6)"  hits="0"  signature="()V" >
				<lines><line number="85"  hits="0" /></lines>
			</method>
			<method name="init"  hits="0"  signature="()V" >
				<lines><line number="121"  hits="0" /></lines>
			</method>
			<method name="(anonymous_8)"  hits="0"  signature="()V" >
				<lines><line number="133"  hits="0" /></lines>
			</method>
			<method name="(anonymous_9)"  hits="0"  signature="()V" >
				<lines><line number="158"  hits="0" /></lines>
			</method>
		</methods>
		<lines>
			<line number="1"  hits="1"  branch="false" />
			<line number="18"  hits="1"  branch="false" />
			<line number="19"  hits="0"  branch="false" />
			<line number="29"  hits="0"  branch="false" />
			<line number="32"  hits="1"  branch="false" />
			<line number="33"  hits="0"  branch="false" />
			<line number="34"  hits="0"  branch="false" />
			<line number="35"  hits="0"  branch="false" />
			<line number="37"  hits="0"  branch="false" />
			<line number="38"  hits="0"  branch="false" />
			<line number="40"  hits="0"  branch="false" />
			<line number="48"  hits="0"  branch="false" />
			<line number="49"  hits="0"  branch="true"  condition-coverage="0% (0/2)" />
			<line number="51"  hits="0"  branch="false" />
			<line number="72"  hits="0"  branch="false" />
			<line number="87"  hits="0"  branch="false" />
			<line number="121"  hits="1"  branch="false" />
			<line number="123"  hits="0"  branch="false" />
			<line number="124"  hits="0"  branch="false" />
			<line number="125"  hits="0"  branch="false" />
			<line number="126"  hits="0"  branch="false" />
			<line number="128"  hits="0"  branch="false" />
			<line number="129"  hits="0"  branch="false" />
			<line number="130"  hits="0"  branch="false" />
			<line number="132"  hits="0"  branch="false" />
			<line number="133"  hits="0"  branch="false" />
			<line number="134"  hits="0"  branch="true"  condition-coverage="0% (0/2)" />
			<line number="135"  hits="0"  branch="false" />
			<line number="136"  hits="0"  branch="true"  condition-coverage="0% (0/2)" />
			<line number="137"  hits="0"  branch="false" />
			<line number="151"  hits="0"  branch="false" />
			<line number="152"  hits="0"  branch="false" />
			<line number="156"  hits="0"  branch="false" />
			<line number="157"  hits="0"  branch="false" />
			<line number="158"  hits="0"  branch="false" />
			<line number="159"  hits="0"  branch="false" />
			<line number="160"  hits="0"  branch="true"  condition-coverage="0% (0/2)" />
			<line number="161"  hits="0"  branch="false" />
			<line number="204"  hits="0"  branch="false" />
			<line number="205"  hits="0"  branch="false" />
			<line number="207"  hits="0"  branch="false" />
			<line number="210"  hits="1"  branch="false" />
			<line number="211"  hits="1"  branch="false" />
		</lines>
		</class>
	</classes>
	</package>
	<package name="app.settings.requests.meta"  line-rate="0.0484"  branch-rate="0" >
	<classes>
		<class name="process.js"  filename="app/settings/requests/meta/process.js"  line-rate="0.0484"  branch-rate="0" >
		<methods>
			<method name="processMetaData"  hits="0"  signature="()V" >
				<lines><line number="7"  hits="0" /></lines>
			</method>
			<method name="(anonymous_2)"  hits="0"  signature="()V" >
				<lines><line number="36"  hits="0" /></lines>
			</method>
			<method name="(anonymous_3)"  hits="0"  signature="()V" >
				<lines><line number="86"  hits="0" /></lines>
			</method>
		</methods>
		<lines>
			<line number="1"  hits="1"  branch="false" />
			<line number="7"  hits="1"  branch="false" />
			<line number="9"  hits="0"  branch="true"  condition-coverage="0% (0/5)" />
			<line number="10"  hits="0"  branch="false" />
			<line number="36"  hits="0"  branch="false" />
			<line number="37"  hits="0"  branch="true"  condition-coverage="0% (0/2)" />
			<line number="38"  hits="0"  branch="true"  condition-coverage="0% (0/2)" />
			<line number="39"  hits="0"  branch="false" />
			<line number="40"  hits="0"  branch="false" />
			<line number="41"  hits="0"  branch="false" />
			<line number="42"  hits="0"  branch="true"  condition-coverage="0% (0/2)" />
			<line number="43"  hits="0"  branch="false" />
			<line number="44"  hits="0"  branch="false" />
			<line number="45"  hits="0"  branch="false" />
			<line number="46"  hits="0"  branch="false" />
			<line number="47"  hits="0"  branch="true"  condition-coverage="0% (0/2)" />
			<line number="48"  hits="0"  branch="false" />
			<line number="49"  hits="0"  branch="false" />
			<line number="50"  hits="0"  branch="false" />
			<line number="51"  hits="0"  branch="false" />
			<line number="52"  hits="0"  branch="true"  condition-coverage="0% (0/2)" />
			<line number="53"  hits="0"  branch="false" />
			<line number="54"  hits="0"  branch="false" />
			<line number="55"  hits="0"  branch="false" />
			<line number="56"  hits="0"  branch="false" />
			<line number="58"  hits="0"  branch="false" />
			<line number="59"  hits="0"  branch="true"  condition-coverage="0% (0/2)" />
			<line number="60"  hits="0"  branch="false" />
			<line number="61"  hits="0"  branch="true"  condition-coverage="0% (0/2)" />
			<line number="62"  hits="0"  branch="false" />
			<line number="63"  hits="0"  branch="true"  condition-coverage="0% (0/2)" />
			<line number="64"  hits="0"  branch="false" />
			<line number="66"  hits="0"  branch="false" />
			<line number="69"  hits="0"  branch="false" />
			<line number="71"  hits="0"  branch="true"  condition-coverage="0% (0/2)" />
			<line number="72"  hits="0"  branch="false" />
			<line number="74"  hits="0"  branch="true"  condition-coverage="0% (0/2)" />
			<line number="75"  hits="0"  branch="false" />
			<line number="77"  hits="0"  branch="true"  condition-coverage="0% (0/2)" />
			<line number="78"  hits="0"  branch="false" />
			<line number="80"  hits="0"  branch="true"  condition-coverage="0% (0/2)" />
			<line number="81"  hits="0"  branch="false" />
			<line number="84"  hits="0"  branch="false" />
			<line number="86"  hits="0"  branch="false" />
			<line number="87"  hits="0"  branch="true"  condition-coverage="0% (0/2)" />
			<line number="88"  hits="0"  branch="false" />
			<line number="90"  hits="0"  branch="true"  condition-coverage="0% (0/2)" />
			<line number="91"  hits="0"  branch="false" />
			<line number="93"  hits="0"  branch="true"  condition-coverage="0% (0/2)" />
			<line number="94"  hits="0"  branch="false" />
			<line number="96"  hits="0"  branch="true"  condition-coverage="0% (0/4)" />
			<line number="97"  hits="0"  branch="false" />
			<line number="102"  hits="0"  branch="false" />
			<line number="104"  hits="0"  branch="true"  condition-coverage="0% (0/4)" />
			<line number="105"  hits="0"  branch="true"  condition-coverage="0% (0/2)" />
			<line number="106"  hits="0"  branch="false" />
			<line number="108"  hits="0"  branch="true"  condition-coverage="0% (0/9)" />
			<line number="113"  hits="0"  branch="false" />
			<line number="117"  hits="0"  branch="false" />
			<line number="125"  hits="0"  branch="false" />
			<line number="130"  hits="0"  branch="false" />
			<line number="132"  hits="1"  branch="false" />
		</lines>
		</class>
	</classes>
	</package>
	<package name="app.settings.requests.page"  line-rate="0.3077"  branch-rate="0" >
	<classes>
		<class name="updateCount.js"  filename="app/settings/requests/page/updateCount.js"  line-rate="0.3077"  branch-rate="0" >
		<methods>
			<method name="handleError"  hits="0"  signature="()V" >
				<lines><line number="14"  hits="0" /></lines>
			</method>
			<method name="updateCount"  hits="0"  signature="()V" >
				<lines><line number="44"  hits="0" /></lines>
			</method>
			<method name="(anonymous_3)"  hits="0"  signature="()V" >
				<lines><line number="51"  hits="0" /></lines>
			</method>
		</methods>
		<lines>
			<line number="1"  hits="1"  branch="false" />
			<line number="14"  hits="1"  branch="false" />
			<line number="15"  hits="0"  branch="false" />
			<line number="44"  hits="1"  branch="false" />
			<line number="45"  hits="0"  branch="false" />
			<line number="46"  hits="0"  branch="false" />
			<line number="47"  hits="0"  branch="false" />
			<line number="52"  hits="0"  branch="true"  condition-coverage="0% (0/2)" />
			<line number="54"  hits="0"  branch="false" />
			<line number="56"  hits="0"  branch="false" />
			<line number="57"  hits="0"  branch="false" />
			<line number="63"  hits="0"  branch="false" />
			<line number="66"  hits="1"  branch="false" />
		</lines>
		</class>
	</classes>
	</package>
	<package name="app.settings.requests.resources"  line-rate="0.25"  branch-rate="0" >
	<classes>
		<class name="process.js"  filename="app/settings/requests/resources/process.js"  line-rate="0.25"  branch-rate="0" >
		<methods>
			<method name="Resource"  hits="0"  signature="()V" >
				<lines><line number="23"  hits="0" /></lines>
			</method>
			<method name="(anonymous_2)"  hits="0"  signature="()V" >
				<lines><line number="34"  hits="0" /></lines>
			</method>
			<method name="postProcess"  hits="0"  signature="()V" >
				<lines><line number="64"  hits="0" /></lines>
			</method>
			<method name="(anonymous_4)"  hits="0"  signature="()V" >
				<lines><line number="67"  hits="0" /></lines>
			</method>
			<method name="processResources"  hits="0"  signature="()V" >
				<lines><line number="79"  hits="0" /></lines>
			</method>
		</methods>
		<lines>
			<line number="1"  hits="1"  branch="false" />
			<line number="2"  hits="1"  branch="false" />
			<line number="23"  hits="1"  branch="false" />
			<line number="24"  hits="0"  branch="false" />
			<line number="25"  hits="0"  branch="false" />
			<line number="26"  hits="0"  branch="false" />
			<line number="27"  hits="0"  branch="false" />
			<line number="29"  hits="0"  branch="true"  condition-coverage="0% (0/5)" />
			<line number="30"  hits="0"  branch="false" />
			<line number="34"  hits="0"  branch="false" />
			<line number="35"  hits="0"  branch="true"  condition-coverage="0% (0/2)" />
			<line number="36"  hits="0"  branch="true"  condition-coverage="0% (0/2)" />
			<line number="37"  hits="0"  branch="false" />
			<line number="38"  hits="0"  branch="false" />
			<line number="39"  hits="0"  branch="true"  condition-coverage="0% (0/2)" />
			<line number="40"  hits="0"  branch="true"  condition-coverage="0% (0/2)" />
			<line number="41"  hits="0"  branch="true"  condition-coverage="0% (0/2)" />
			<line number="42"  hits="0"  branch="false" />
			<line number="46"  hits="0"  branch="false" />
			<line number="64"  hits="1"  branch="false" />
			<line number="65"  hits="0"  branch="false" />
			<line number="66"  hits="0"  branch="true"  condition-coverage="0% (0/5)" />
			<line number="67"  hits="0"  branch="false" />
			<line number="68"  hits="0"  branch="false" />
			<line number="71"  hits="0"  branch="false" />
			<line number="79"  hits="1"  branch="false" />
			<line number="80"  hits="0"  branch="true"  condition-coverage="0% (0/5)" />
			<line number="83"  hits="0"  branch="false" />
			<line number="85"  hits="0"  branch="false" />
			<line number="87"  hits="1"  branch="false" />
			<line number="88"  hits="1"  branch="false" />
			<line number="89"  hits="1"  branch="false" />
		</lines>
		</class>
	</classes>
	</package>
	<package name="app.settings.requests.retry"  line-rate="0.3372"  branch-rate="0.75" >
	<classes>
		<class name="retryables.js"  filename="app/settings/requests/retry/retryables.js"  line-rate="0.3372"  branch-rate="0.75" >
		<methods>
			<method name="requiresDatabase"  hits="0"  signature="()V" >
				<lines><line number="1"  hits="0" /></lines>
			</method>
			<method name="saveAsActive"  hits="0"  signature="()V" >
				<lines><line number="7"  hits="0" /></lines>
			</method>
			<method name="processHar"  hits="0"  signature="()V" >
				<lines><line number="16"  hits="0" /></lines>
			</method>
			<method name="notify"  hits="0"  signature="()V" >
				<lines><line number="25"  hits="0" /></lines>
			</method>
			<method name="markedRequstAsFailed"  hits="0"  signature="()V" >
				<lines><line number="33"  hits="0" /></lines>
			</method>
			<method name="processUrl"  hits="0"  signature="()V" >
				<lines><line number="42"  hits="0" /></lines>
			</method>
			<method name="(anonymous_7)"  hits="0"  signature="()V" >
				<lines><line number="48"  hits="0" /></lines>
			</method>
			<method name="(anonymous_8)"  hits="0"  signature="()V" >
				<lines><line number="51"  hits="0" /></lines>
			</method>
			<method name="completeRequest"  hits="0"  signature="()V" >
				<lines><line number="58"  hits="0" /></lines>
			</method>
			<method name="updateBy"  hits="2"  signature="()V" >
				<lines><line number="64"  hits="2" /></lines>
			</method>
			<method name="(anonymous_11)"  hits="2"  signature="()V" >
				<lines><line number="71"  hits="2" /></lines>
			</method>
			<method name="processLinks"  hits="0"  signature="()V" >
				<lines><line number="86"  hits="0" /></lines>
			</method>
			<method name="(anonymous_13)"  hits="0"  signature="()V" >
				<lines><line number="93"  hits="0" /></lines>
			</method>
			<method name="(anonymous_14)"  hits="0"  signature="()V" >
				<lines><line number="97"  hits="0" /></lines>
			</method>
			<method name="processLinksInit"  hits="0"  signature="()V" >
				<lines><line number="105"  hits="0" /></lines>
			</method>
			<method name="(anonymous_16)"  hits="0"  signature="()V" >
				<lines><line number="112"  hits="0" /></lines>
			</method>
			<method name="(anonymous_17)"  hits="0"  signature="()V" >
				<lines><line number="116"  hits="0" /></lines>
			</method>
			<method name="updateRequest"  hits="0"  signature="()V" >
				<lines><line number="124"  hits="0" /></lines>
			</method>
			<method name="completeLink"  hits="1"  signature="()V" >
				<lines><line number="128"  hits="1" /></lines>
			</method>
			<method name="publishLink"  hits="0"  signature="()V" >
				<lines><line number="138"  hits="0" /></lines>
			</method>
			<method name="(anonymous_21)"  hits="0"  signature="()V" >
				<lines><line number="143"  hits="0" /></lines>
			</method>
			<method name="(anonymous_22)"  hits="0"  signature="()V" >
				<lines><line number="145"  hits="0" /></lines>
			</method>
			<method name="updatePageCount"  hits="0"  signature="()V" >
				<lines><line number="153"  hits="0" /></lines>
			</method>
			<method name="(anonymous_24)"  hits="0"  signature="()V" >
				<lines><line number="156"  hits="0" /></lines>
			</method>
			<method name="(anonymous_25)"  hits="0"  signature="()V" >
				<lines><line number="158"  hits="0" /></lines>
			</method>
			<method name="updateCount"  hits="0"  signature="()V" >
				<lines><line number="166"  hits="0" /></lines>
			</method>
		</methods>
		<lines>
			<line number="1"  hits="1"  branch="false" />
			<line number="7"  hits="1"  branch="false" />
			<line number="8"  hits="0"  branch="false" />
			<line number="9"  hits="0"  branch="false" />
			<line number="10"  hits="0"  branch="false" />
			<line number="11"  hits="0"  branch="false" />
			<line number="12"  hits="0"  branch="false" />
			<line number="13"  hits="0"  branch="false" />
			<line number="16"  hits="1"  branch="false" />
			<line number="17"  hits="0"  branch="false" />
			<line number="18"  hits="0"  branch="false" />
			<line number="19"  hits="0"  branch="false" />
			<line number="20"  hits="0"  branch="false" />
			<line number="21"  hits="0"  branch="false" />
			<line number="22"  hits="0"  branch="false" />
			<line number="25"  hits="1"  branch="false" />
			<line number="27"  hits="0"  branch="false" />
			<line number="28"  hits="0"  branch="false" />
			<line number="29"  hits="0"  branch="false" />
			<line number="30"  hits="0"  branch="false" />
			<line number="33"  hits="1"  branch="false" />
			<line number="35"  hits="0"  branch="false" />
			<line number="36"  hits="0"  branch="false" />
			<line number="39"  hits="0"  branch="false" />
			<line number="42"  hits="1"  branch="false" />
			<line number="44"  hits="0"  branch="false" />
			<line number="45"  hits="0"  branch="false" />
			<line number="46"  hits="0"  branch="false" />
			<line number="47"  hits="0"  branch="false" />
			<line number="48"  hits="0"  branch="false" />
			<line number="49"  hits="0"  branch="false" />
			<line number="53"  hits="0"  branch="false" />
			<line number="55"  hits="0"  branch="false" />
			<line number="58"  hits="1"  branch="false" />
			<line number="59"  hits="0"  branch="false" />
			<line number="60"  hits="0"  branch="false" />
			<line number="61"  hits="0"  branch="false" />
			<line number="64"  hits="1"  branch="false" />
			<line number="66"  hits="2"  branch="false" />
			<line number="67"  hits="2"  branch="false" />
			<line number="68"  hits="2"  branch="true"  condition-coverage="50% (1/2)" />
			<line number="69"  hits="2"  branch="false" />
			<line number="71"  hits="2"  branch="false" />
			<line number="72"  hits="2"  branch="true"  condition-coverage="100% (2/2)" />
			<line number="73"  hits="1"  branch="false" />
			<line number="75"  hits="1"  branch="false" />
			<line number="80"  hits="0"  branch="false" />
			<line number="82"  hits="2"  branch="false" />
			<line number="86"  hits="1"  branch="false" />
			<line number="88"  hits="0"  branch="false" />
			<line number="93"  hits="0"  branch="false" />
			<line number="95"  hits="0"  branch="false" />
			<line number="96"  hits="0"  branch="false" />
			<line number="99"  hits="0"  branch="false" />
			<line number="100"  hits="0"  branch="false" />
			<line number="102"  hits="0"  branch="false" />
			<line number="105"  hits="1"  branch="false" />
			<line number="107"  hits="0"  branch="false" />
			<line number="112"  hits="0"  branch="false" />
			<line number="114"  hits="0"  branch="false" />
			<line number="115"  hits="0"  branch="false" />
			<line number="118"  hits="0"  branch="false" />
			<line number="119"  hits="0"  branch="false" />
			<line number="121"  hits="0"  branch="false" />
			<line number="124"  hits="1"  branch="false" />
			<line number="128"  hits="1"  branch="false" />
			<line number="130"  hits="1"  branch="false" />
			<line number="133"  hits="1"  branch="false" />
			<line number="134"  hits="1"  branch="false" />
			<line number="138"  hits="1"  branch="false" />
			<line number="139"  hits="0"  branch="false" />
			<line number="144"  hits="0"  branch="false" />
			<line number="146"  hits="0"  branch="false" />
			<line number="148"  hits="0"  branch="false" />
			<line number="153"  hits="1"  branch="false" />
			<line number="155"  hits="0"  branch="false" />
			<line number="156"  hits="0"  branch="false" />
			<line number="157"  hits="0"  branch="false" />
			<line number="159"  hits="0"  branch="false" />
			<line number="161"  hits="0"  branch="false" />
			<line number="166"  hits="1"  branch="false" />
			<line number="168"  hits="0"  branch="false" />
			<line number="175"  hits="0"  branch="false" />
			<line number="176"  hits="0"  branch="false" />
			<line number="183"  hits="1"  branch="false" />
			<line number="200"  hits="1"  branch="false" />
		</lines>
		</class>
	</classes>
	</package>
</packages>
</coverage>
