<?xml version="1.0" ?>
<!DOCTYPE coverage SYSTEM "http://cobertura.sourceforge.net/xml/coverage-04.dtd">
<coverage lines-valid="2544"  lines-covered="751"  line-rate="0.2952"  branches-valid="1354"  branches-covered="239"  branch-rate="0.1765"  timestamp="1504128583418" complexity="0" version="0.1">
<sources>
	<source>/Users/rebeccahu/Desktop/remote/seosite-queue</source>
</sources>
<packages>
	<package name="app"  line-rate="1"  branch-rate="1" >
	<classes>
		<class name="utils.js"  filename="app/utils.js"  line-rate="1"  branch-rate="1" >
		<methods>
			<method name="getNowUTC"  hits="1"  signature="()V" >
				<lines><line number="14"  hits="1" /></lines>
			</method>
			<method name="sendEmail"  hits="1"  signature="()V" >
				<lines><line number="22"  hits="1" /></lines>
			</method>
			<method name="checkRequirements"  hits="3"  signature="()V" >
				<lines><line number="30"  hits="3" /></lines>
			</method>
			<method name="(anonymous_4)"  hits="3"  signature="()V" >
				<lines><line number="32"  hits="3" /></lines>
			</method>
			<method name="updateActivity"  hits="6"  signature="()V" >
				<lines><line number="46"  hits="6" /></lines>
			</method>
			<method name="(anonymous_6)"  hits="6"  signature="()V" >
				<lines><line number="54"  hits="6" /></lines>
			</method>
			<method name="checkActivity"  hits="9"  signature="()V" >
				<lines><line number="71"  hits="9" /></lines>
			</method>
			<method name="(anonymous_8)"  hits="9"  signature="()V" >
				<lines><line number="74"  hits="9" /></lines>
			</method>
			<method name="checkPermissions"  hits="8"  signature="()V" >
				<lines><line number="90"  hits="8" /></lines>
			</method>
			<method name="checkAvailActivity"  hits="5"  signature="()V" >
				<lines><line number="103"  hits="5" /></lines>
			</method>
			<method name="(anonymous_11)"  hits="5"  signature="()V" >
				<lines><line number="104"  hits="5" /></lines>
			</method>
			<method name="(anonymous_12)"  hits="4"  signature="()V" >
				<lines><line number="108"  hits="4" /></lines>
			</method>
			<method name="findOneUser"  hits="7"  signature="()V" >
				<lines><line number="124"  hits="7" /></lines>
			</method>
			<method name="(anonymous_14)"  hits="5"  signature="()V" >
				<lines><line number="126"  hits="5" /></lines>
			</method>
			<method name="updateBy"  hits="6"  signature="()V" >
				<lines><line number="152"  hits="6" /></lines>
			</method>
			<method name="(anonymous_16)"  hits="4"  signature="()V" >
				<lines><line number="154"  hits="4" /></lines>
			</method>
			<method name="updateUser"  hits="6"  signature="()V" >
				<lines><line number="179"  hits="6" /></lines>
			</method>
			<method name="(anonymous_18)"  hits="4"  signature="()V" >
				<lines><line number="181"  hits="4" /></lines>
			</method>
			<method name="saveModel"  hits="6"  signature="()V" >
				<lines><line number="205"  hits="6" /></lines>
			</method>
			<method name="deleteUser"  hits="6"  signature="()V" >
				<lines><line number="220"  hits="6" /></lines>
			</method>
			<method name="(anonymous_21)"  hits="4"  signature="()V" >
				<lines><line number="224"  hits="4" /></lines>
			</method>
			<method name="saveScan"  hits="6"  signature="()V" >
				<lines><line number="248"  hits="6" /></lines>
			</method>
			<method name="(anonymous_23)"  hits="4"  signature="()V" >
				<lines><line number="250"  hits="4" /></lines>
			</method>
			<method name="findBy"  hits="6"  signature="()V" >
				<lines><line number="275"  hits="6" /></lines>
			</method>
			<method name="(anonymous_25)"  hits="4"  signature="()V" >
				<lines><line number="277"  hits="4" /></lines>
			</method>
			<method name="batchPut"  hits="6"  signature="()V" >
				<lines><line number="303"  hits="6" /></lines>
			</method>
			<method name="(anonymous_27)"  hits="4"  signature="()V" >
				<lines><line number="305"  hits="4" /></lines>
			</method>
			<method name="completeRequest"  hits="3"  signature="()V" >
				<lines><line number="323"  hits="3" /></lines>
			</method>
			<method name="(anonymous_29)"  hits="2"  signature="()V" >
				<lines><line number="331"  hits="2" /></lines>
			</method>
			<method name="retryUpdateRequest"  hits="4"  signature="()V" >
				<lines><line number="386"  hits="4" /></lines>
			</method>
			<method name="(anonymous_31)"  hits="4"  signature="()V" >
				<lines><line number="397"  hits="4" /></lines>
			</method>
			<method name="(anonymous_32)"  hits="3"  signature="()V" >
				<lines><line number="420"  hits="3" /></lines>
			</method>
			<method name="convertUrl"  hits="2"  signature="()V" >
				<lines><line number="436"  hits="2" /></lines>
			</method>
		</methods>
		<lines>
			<line number="1"  hits="2"  branch="false" />
			<line number="14"  hits="1"  branch="false" />
			<line number="15"  hits="1"  branch="false" />
			<line number="16"  hits="1"  branch="false" />
			<line number="22"  hits="1"  branch="false" />
			<line number="30"  hits="1"  branch="false" />
			<line number="31"  hits="3"  branch="false" />
			<line number="32"  hits="3"  branch="false" />
			<line number="33"  hits="3"  branch="true"  condition-coverage="100% (2/2)" />
			<line number="34"  hits="1"  branch="false" />
			<line number="37"  hits="3"  branch="false" />
			<line number="46"  hits="1"  branch="false" />
			<line number="47"  hits="6"  branch="false" />
			<line number="50"  hits="6"  branch="false" />
			<line number="51"  hits="6"  branch="false" />
			<line number="52"  hits="6"  branch="false" />
			<line number="55"  hits="6"  branch="true"  condition-coverage="100% (2/2)" />
			<line number="56"  hits="3"  branch="true"  condition-coverage="100% (2/2)" />
			<line number="57"  hits="2"  branch="false" />
			<line number="60"  hits="4"  branch="true"  condition-coverage="100% (2/2)" />
			<line number="61"  hits="2"  branch="false" />
			<line number="71"  hits="1"  branch="false" />
			<line number="72"  hits="9"  branch="false" />
			<line number="75"  hits="9"  branch="true"  condition-coverage="100% (2/2)" />
			<line number="76"  hits="3"  branch="true"  condition-coverage="100% (2/2)" />
			<line number="77"  hits="2"  branch="false" />
			<line number="80"  hits="7"  branch="true"  condition-coverage="100% (2/2)" />
			<line number="81"  hits="5"  branch="false" />
			<line number="90"  hits="1"  branch="false" />
			<line number="91"  hits="8"  branch="false" />
			<line number="103"  hits="1"  branch="false" />
			<line number="104"  hits="5"  branch="false" />
			<line number="105"  hits="5"  branch="true"  condition-coverage="100% (2/2)" />
			<line number="106"  hits="1"  branch="false" />
			<line number="108"  hits="4"  branch="false" />
			<line number="109"  hits="4"  branch="true"  condition-coverage="100% (2/2)" />
			<line number="110"  hits="1"  branch="false" />
			<line number="112"  hits="3"  branch="false" />
			<line number="113"  hits="3"  branch="false" />
			<line number="114"  hits="3"  branch="true"  condition-coverage="100% (2/2)" />
			<line number="115"  hits="3"  branch="false" />
			<line number="124"  hits="1"  branch="false" />
			<line number="125"  hits="7"  branch="false" />
			<line number="126"  hits="7"  branch="false" />
			<line number="127"  hits="5"  branch="true"  condition-coverage="100% (2/2)" />
			<line number="128"  hits="2"  branch="true"  condition-coverage="100% (2/2)" />
			<line number="129"  hits="1"  branch="false" />
			<line number="132"  hits="3"  branch="true"  condition-coverage="100% (2/2)" />
			<line number="133"  hits="2"  branch="false" />
			<line number="138"  hits="4"  branch="true"  condition-coverage="100% (2/2)" />
			<line number="139"  hits="3"  branch="false" />
			<line number="152"  hits="1"  branch="false" />
			<line number="153"  hits="6"  branch="false" />
			<line number="154"  hits="6"  branch="false" />
			<line number="155"  hits="4"  branch="true"  condition-coverage="100% (2/2)" />
			<line number="156"  hits="2"  branch="true"  condition-coverage="100% (2/2)" />
			<line number="157"  hits="1"  branch="false" />
			<line number="160"  hits="3"  branch="true"  condition-coverage="100% (2/2)" />
			<line number="161"  hits="1"  branch="false" />
			<line number="165"  hits="2"  branch="true"  condition-coverage="100% (2/2)" />
			<line number="166"  hits="1"  branch="false" />
			<line number="179"  hits="1"  branch="false" />
			<line number="180"  hits="6"  branch="false" />
			<line number="181"  hits="6"  branch="false" />
			<line number="182"  hits="4"  branch="true"  condition-coverage="100% (2/2)" />
			<line number="183"  hits="2"  branch="true"  condition-coverage="100% (2/2)" />
			<line number="184"  hits="1"  branch="false" />
			<line number="187"  hits="3"  branch="true"  condition-coverage="100% (2/2)" />
			<line number="188"  hits="1"  branch="false" />
			<line number="192"  hits="2"  branch="true"  condition-coverage="100% (2/2)" />
			<line number="193"  hits="1"  branch="false" />
			<line number="205"  hits="1"  branch="false" />
			<line number="206"  hits="6"  branch="false" />
			<line number="207"  hits="6"  branch="false" />
			<line number="209"  hits="6"  branch="true"  condition-coverage="100% (2/2)" />
			<line number="210"  hits="1"  branch="false" />
			<line number="220"  hits="1"  branch="false" />
			<line number="221"  hits="6"  branch="false" />
			<line number="222"  hits="6"  branch="false" />
			<line number="225"  hits="4"  branch="true"  condition-coverage="100% (2/2)" />
			<line number="226"  hits="2"  branch="true"  condition-coverage="100% (2/2)" />
			<line number="227"  hits="1"  branch="false" />
			<line number="230"  hits="3"  branch="true"  condition-coverage="100% (2/2)" />
			<line number="231"  hits="1"  branch="false" />
			<line number="235"  hits="2"  branch="true"  condition-coverage="100% (2/2)" />
			<line number="236"  hits="1"  branch="false" />
			<line number="248"  hits="1"  branch="false" />
			<line number="249"  hits="6"  branch="false" />
			<line number="250"  hits="6"  branch="false" />
			<line number="251"  hits="4"  branch="true"  condition-coverage="100% (2/2)" />
			<line number="252"  hits="2"  branch="true"  condition-coverage="100% (2/2)" />
			<line number="253"  hits="1"  branch="false" />
			<line number="256"  hits="3"  branch="true"  condition-coverage="100% (2/2)" />
			<line number="257"  hits="1"  branch="false" />
			<line number="261"  hits="2"  branch="true"  condition-coverage="100% (2/2)" />
			<line number="262"  hits="1"  branch="false" />
			<line number="275"  hits="1"  branch="false" />
			<line number="276"  hits="6"  branch="false" />
			<line number="277"  hits="6"  branch="false" />
			<line number="278"  hits="4"  branch="true"  condition-coverage="100% (2/2)" />
			<line number="279"  hits="2"  branch="true"  condition-coverage="100% (2/2)" />
			<line number="280"  hits="1"  branch="false" />
			<line number="283"  hits="2"  branch="true"  condition-coverage="100% (2/2)" />
			<line number="284"  hits="1"  branch="false" />
			<line number="289"  hits="2"  branch="true"  condition-coverage="100% (2/2)" />
			<line number="290"  hits="1"  branch="false" />
			<line number="303"  hits="1"  branch="false" />
			<line number="304"  hits="6"  branch="false" />
			<line number="305"  hits="6"  branch="false" />
			<line number="306"  hits="4"  branch="false" />
			<line number="309"  hits="4"  branch="true"  condition-coverage="100% (2/2)" />
			<line number="310"  hits="1"  branch="false" />
			<line number="323"  hits="1"  branch="false" />
			<line number="324"  hits="3"  branch="false" />
			<line number="325"  hits="3"  branch="false" />
			<line number="332"  hits="2"  branch="true"  condition-coverage="100% (2/2)" />
			<line number="333"  hits="1"  branch="false" />
			<line number="349"  hits="1"  branch="false" />
			<line number="359"  hits="1"  branch="false" />
			<line number="363"  hits="1"  branch="false" />
			<line number="386"  hits="1"  branch="false" />
			<line number="387"  hits="4"  branch="false" />
			<line number="392"  hits="4"  branch="false" />
			<line number="396"  hits="4"  branch="false" />
			<line number="398"  hits="4"  branch="true"  condition-coverage="100% (2/2)" />
			<line number="399"  hits="1"  branch="false" />
			<line number="418"  hits="3"  branch="false" />
			<line number="421"  hits="3"  branch="true"  condition-coverage="100% (5/5)" />
			<line number="422"  hits="2"  branch="false" />
			<line number="424"  hits="1"  branch="false" />
			<line number="436"  hits="1"  branch="false" />
			<line number="437"  hits="2"  branch="true"  condition-coverage="100% (4/4)" />
			<line number="438"  hits="1"  branch="false" />
			<line number="440"  hits="2"  branch="false" />
			<line number="443"  hits="2"  branch="false" />
			<line number="444"  hits="2"  branch="false" />
			<line number="445"  hits="2"  branch="false" />
			<line number="446"  hits="2"  branch="false" />
			<line number="447"  hits="2"  branch="false" />
			<line number="448"  hits="2"  branch="false" />
			<line number="449"  hits="2"  branch="false" />
			<line number="450"  hits="2"  branch="false" />
			<line number="451"  hits="2"  branch="false" />
			<line number="452"  hits="2"  branch="false" />
			<line number="453"  hits="2"  branch="false" />
			<line number="454"  hits="2"  branch="false" />
			<line number="455"  hits="2"  branch="false" />
			<line number="456"  hits="2"  branch="false" />
			<line number="457"  hits="2"  branch="false" />
			<line number="458"  hits="2"  branch="false" />
			<line number="459"  hits="2"  branch="false" />
			<line number="460"  hits="2"  branch="false" />
		</lines>
		</class>
	</classes>
	</package>
	<package name="app.actions"  line-rate="1"  branch-rate="1" >
	<classes>
		<class name="logError.js"  filename="app/actions/logError.js"  line-rate="1"  branch-rate="1" >
		<methods>
			<method name="log"  hits="1"  signature="()V" >
				<lines><line number="1"  hits="1" /></lines>
			</method>
		</methods>
		<lines>
			<line number="1"  hits="1"  branch="false" />
			<line number="4"  hits="1"  branch="false" />
		</lines>
		</class>
		<class name="notify.js"  filename="app/actions/notify.js"  line-rate="1"  branch-rate="1" >
		<methods>
			<method name="(anonymous_1)"  hits="2"  signature="()V" >
				<lines><line number="17"  hits="2" /></lines>
			</method>
			<method name="(anonymous_2)"  hits="2"  signature="()V" >
				<lines><line number="29"  hits="2" /></lines>
			</method>
		</methods>
		<lines>
			<line number="1"  hits="2"  branch="false" />
			<line number="17"  hits="2"  branch="false" />
			<line number="18"  hits="2"  branch="false" />
			<line number="28"  hits="2"  branch="false" />
			<line number="29"  hits="2"  branch="false" />
			<line number="30"  hits="2"  branch="true"  condition-coverage="100% (2/2)" />
			<line number="31"  hits="1"  branch="false" />
			<line number="48"  hits="1"  branch="false" />
		</lines>
		</class>
	</classes>
	</package>
	<package name="app.actions.browse"  line-rate="0.1244"  branch-rate="0.009899999999999999" >
	<classes>
		<class name="createHar.js"  filename="app/actions/browse/createHar.js"  line-rate="0.16"  branch-rate="0" >
		<methods>
			<method name="processResource"  hits="0"  signature="()V" >
				<lines><line number="11"  hits="0" /></lines>
			</method>
			<method name="createHAR"  hits="0"  signature="()V" >
				<lines><line number="88"  hits="0" /></lines>
			</method>
		</methods>
		<lines>
			<line number="1"  hits="1"  branch="false" />
			<line number="11"  hits="1"  branch="false" />
			<line number="12"  hits="0"  branch="false" />
			<line number="17"  hits="0"  branch="true"  condition-coverage="0% (0/5)" />
			<line number="18"  hits="0"  branch="false" />
			<line number="22"  hits="0"  branch="true"  condition-coverage="0% (0/2)" />
			<line number="23"  hits="0"  branch="false" />
			<line number="26"  hits="0"  branch="true"  condition-coverage="0% (0/2)" />
			<line number="27"  hits="0"  branch="false" />
			<line number="30"  hits="0"  branch="true"  condition-coverage="0% (0/2)" />
			<line number="31"  hits="0"  branch="false" />
			<line number="32"  hits="0"  branch="false" />
			<line number="33"  hits="0"  branch="false" />
			<line number="34"  hits="0"  branch="false" />
			<line number="35"  hits="0"  branch="false" />
			<line number="36"  hits="0"  branch="false" />
			<line number="37"  hits="0"  branch="false" />
			<line number="40"  hits="0"  branch="false" />
			<line number="50"  hits="0"  branch="false" />
			<line number="88"  hits="1"  branch="false" />
			<line number="89"  hits="0"  branch="false" />
			<line number="97"  hits="0"  branch="false" />
			<line number="98"  hits="0"  branch="false" />
			<line number="101"  hits="0"  branch="false" />
			<line number="118"  hits="1"  branch="false" />
		</lines>
		</class>
		<class name="evaluatePageContent.js"  filename="app/actions/browse/evaluatePageContent.js"  line-rate="0.0667"  branch-rate="0" >
		<methods>
			<method name="(anonymous_1)"  hits="0"  signature="()V" >
				<lines><line number="5"  hits="0" /></lines>
			</method>
		</methods>
		<lines>
			<line number="5"  hits="1"  branch="false" />
			<line number="6"  hits="0"  branch="true"  condition-coverage="0% (0/5)" />
			<line number="7"  hits="0"  branch="false" />
			<line number="14"  hits="0"  branch="false" />
			<line number="22"  hits="0"  branch="true"  condition-coverage="0% (0/4)" />
			<line number="23"  hits="0"  branch="false" />
			<line number="25"  hits="0"  branch="true"  condition-coverage="0% (0/4)" />
			<line number="26"  hits="0"  branch="false" />
			<line number="27"  hits="0"  branch="true"  condition-coverage="0% (0/4)" />
			<line number="28"  hits="0"  branch="false" />
			<line number="31"  hits="0"  branch="false" />
			<line number="32"  hits="0"  branch="false" />
			<line number="35"  hits="0"  branch="false" />
			<line number="37"  hits="0"  branch="false" />
			<line number="40"  hits="0"  branch="false" />
		</lines>
		</class>
		<class name="evaluteResults.js"  filename="app/actions/browse/evaluteResults.js"  line-rate="0.125"  branch-rate="0" >
		<methods>
			<method name="extractEmails"  hits="0"  signature="()V" >
				<lines><line number="13"  hits="0" /></lines>
			</method>
		</methods>
		<lines>
			<line number="1"  hits="1"  branch="false" />
			<line number="13"  hits="1"  branch="false" />
			<line number="14"  hits="0"  branch="false" />
			<line number="23"  hits="1"  branch="false" />
			<line number="25"  hits="0"  branch="false" />
			<line number="26"  hits="0"  branch="false" />
			<line number="27"  hits="0"  branch="true"  condition-coverage="0% (0/4)" />
			<line number="28"  hits="0"  branch="false" />
			<line number="33"  hits="0"  branch="false" />
			<line number="35"  hits="0"  branch="false" />
			<line number="46"  hits="0"  branch="false" />
			<line number="47"  hits="0"  branch="false" />
			<line number="48"  hits="0"  branch="false" />
			<line number="49"  hits="0"  branch="false" />
			<line number="50"  hits="0"  branch="false" />
			<line number="51"  hits="0"  branch="false" />
			<line number="52"  hits="0"  branch="false" />
			<line number="53"  hits="0"  branch="false" />
			<line number="54"  hits="0"  branch="false" />
			<line number="58"  hits="0"  branch="false" />
			<line number="59"  hits="0"  branch="false" />
			<line number="61"  hits="0"  branch="false" />
			<line number="62"  hits="0"  branch="false" />
			<line number="65"  hits="0"  branch="false" />
		</lines>
		</class>
		<class name="handleEntry.js"  filename="app/actions/browse/handleEntry.js"  line-rate="0.1167"  branch-rate="0" >
		<methods>
			<method name="tally"  hits="0"  signature="()V" >
				<lines><line number="7"  hits="0" /></lines>
			</method>
			<method name="processRequest"  hits="0"  signature="()V" >
				<lines><line number="27"  hits="0" /></lines>
			</method>
			<method name="(anonymous_3)"  hits="0"  signature="()V" >
				<lines><line number="40"  hits="0" /></lines>
			</method>
			<method name="(anonymous_4)"  hits="0"  signature="()V" >
				<lines><line number="43"  hits="0" /></lines>
			</method>
			<method name="(anonymous_5)"  hits="0"  signature="()V" >
				<lines><line number="47"  hits="0" /></lines>
			</method>
			<method name="(anonymous_6)"  hits="0"  signature="()V" >
				<lines><line number="55"  hits="0" /></lines>
			</method>
			<method name="(anonymous_7)"  hits="0"  signature="()V" >
				<lines><line number="58"  hits="0" /></lines>
			</method>
			<method name="(anonymous_8)"  hits="0"  signature="()V" >
				<lines><line number="62"  hits="0" /></lines>
			</method>
			<method name="(anonymous_9)"  hits="0"  signature="()V" >
				<lines><line number="68"  hits="0" /></lines>
			</method>
			<method name="(anonymous_10)"  hits="0"  signature="()V" >
				<lines><line number="71"  hits="0" /></lines>
			</method>
			<method name="createHeaders"  hits="0"  signature="()V" >
				<lines><line number="82"  hits="0" /></lines>
			</method>
			<method name="(anonymous_12)"  hits="0"  signature="()V" >
				<lines><line number="84"  hits="0" /></lines>
			</method>
			<method name="handleHeaders"  hits="0"  signature="()V" >
				<lines><line number="90"  hits="0" /></lines>
			</method>
			<method name="(anonymous_14)"  hits="0"  signature="()V" >
				<lines><line number="91"  hits="0" /></lines>
			</method>
			<method name="entryHandler"  hits="0"  signature="()V" >
				<lines><line number="97"  hits="0" /></lines>
			</method>
			<method name="(anonymous_16)"  hits="0"  signature="()V" >
				<lines><line number="110"  hits="0" /></lines>
			</method>
			<method name="(anonymous_17)"  hits="0"  signature="()V" >
				<lines><line number="119"  hits="0" /></lines>
			</method>
		</methods>
		<lines>
			<line number="1"  hits="1"  branch="false" />
			<line number="7"  hits="1"  branch="false" />
			<line number="8"  hits="0"  branch="false" />
			<line number="10"  hits="0"  branch="true"  condition-coverage="0% (0/4)" />
			<line number="12"  hits="0"  branch="false" />
			<line number="15"  hits="0"  branch="false" />
			<line number="16"  hits="0"  branch="false" />
			<line number="17"  hits="0"  branch="false" />
			<line number="18"  hits="0"  branch="false" />
			<line number="19"  hits="0"  branch="false" />
			<line number="21"  hits="0"  branch="false" />
			<line number="27"  hits="1"  branch="false" />
			<line number="28"  hits="0"  branch="false" />
			<line number="29"  hits="0"  branch="false" />
			<line number="30"  hits="0"  branch="false" />
			<line number="32"  hits="0"  branch="false" />
			<line number="33"  hits="0"  branch="false" />
			<line number="34"  hits="0"  branch="false" />
			<line number="36"  hits="0"  branch="true"  condition-coverage="0% (0/3)" />
			<line number="38"  hits="0"  branch="false" />
			<line number="40"  hits="0"  branch="false" />
			<line number="41"  hits="0"  branch="false" />
			<line number="42"  hits="0"  branch="false" />
			<line number="44"  hits="0"  branch="false" />
			<line number="47"  hits="0"  branch="false" />
			<line number="48"  hits="0"  branch="false" />
			<line number="51"  hits="0"  branch="false" />
			<line number="53"  hits="0"  branch="false" />
			<line number="55"  hits="0"  branch="false" />
			<line number="56"  hits="0"  branch="false" />
			<line number="57"  hits="0"  branch="false" />
			<line number="59"  hits="0"  branch="false" />
			<line number="62"  hits="0"  branch="false" />
			<line number="63"  hits="0"  branch="false" />
			<line number="66"  hits="0"  branch="false" />
			<line number="68"  hits="0"  branch="false" />
			<line number="69"  hits="0"  branch="false" />
			<line number="70"  hits="0"  branch="false" />
			<line number="72"  hits="0"  branch="false" />
			<line number="75"  hits="0"  branch="false" />
			<line number="78"  hits="0"  branch="false" />
			<line number="82"  hits="1"  branch="false" />
			<line number="83"  hits="0"  branch="false" />
			<line number="84"  hits="0"  branch="false" />
			<line number="85"  hits="0"  branch="false" />
			<line number="87"  hits="0"  branch="false" />
			<line number="90"  hits="1"  branch="false" />
			<line number="91"  hits="0"  branch="false" />
			<line number="92"  hits="0"  branch="false" />
			<line number="94"  hits="0"  branch="false" />
			<line number="97"  hits="1"  branch="false" />
			<line number="98"  hits="0"  branch="false" />
			<line number="99"  hits="0"  branch="false" />
			<line number="106"  hits="0"  branch="false" />
			<line number="107"  hits="0"  branch="false" />
			<line number="109"  hits="0"  branch="false" />
			<line number="111"  hits="0"  branch="false" />
			<line number="120"  hits="0"  branch="false" />
			<line number="122"  hits="0"  branch="false" />
			<line number="125"  hits="1"  branch="false" />
		</lines>
		</class>
		<class name="index.js"  filename="app/actions/browse/index.js"  line-rate="0.23079999999999998"  branch-rate="0.125" >
		<methods>
			<method name="(anonymous_1)"  hits="0"  signature="()V" >
				<lines><line number="10"  hits="0" /></lines>
			</method>
			<method name="pad"  hits="0"  signature="()V" >
				<lines><line number="11"  hits="0" /></lines>
			</method>
			<method name="ms"  hits="0"  signature="()V" >
				<lines><line number="15"  hits="0" /></lines>
			</method>
			<method name="openPage"  hits="0"  signature="()V" >
				<lines><line number="32"  hits="0" /></lines>
			</method>
			<method name="(anonymous_5)"  hits="0"  signature="()V" >
				<lines><line number="40"  hits="0" /></lines>
			</method>
			<method name="(anonymous_6)"  hits="0"  signature="()V" >
				<lines><line number="47"  hits="0" /></lines>
			</method>
			<method name="(anonymous_7)"  hits="0"  signature="()V" >
				<lines><line number="49"  hits="0" /></lines>
			</method>
			<method name="(anonymous_8)"  hits="0"  signature="()V" >
				<lines><line number="60"  hits="0" /></lines>
			</method>
		</methods>
		<lines>
			<line number="1"  hits="1"  branch="false" />
			<line number="9"  hits="1"  branch="true"  condition-coverage="50% (1/2)" />
			<line number="10"  hits="0"  branch="false" />
			<line number="11"  hits="1"  branch="false" />
			<line number="12"  hits="0"  branch="true"  condition-coverage="0% (0/2)" />
			<line number="15"  hits="1"  branch="false" />
			<line number="16"  hits="0"  branch="true"  condition-coverage="0% (0/4)" />
			<line number="18"  hits="0"  branch="false" />
			<line number="32"  hits="1"  branch="false" />
			<line number="33"  hits="0"  branch="false" />
			<line number="34"  hits="0"  branch="false" />
			<line number="41"  hits="0"  branch="false" />
			<line number="48"  hits="0"  branch="false" />
			<line number="50"  hits="0"  branch="false" />
			<line number="51"  hits="0"  branch="false" />
			<line number="53"  hits="0"  branch="false" />
			<line number="60"  hits="1"  branch="false" />
			<line number="61"  hits="0"  branch="false" />
			<line number="62"  hits="0"  branch="false" />
			<line number="63"  hits="0"  branch="false" />
			<line number="67"  hits="0"  branch="false" />
			<line number="69"  hits="0"  branch="false" />
			<line number="70"  hits="0"  branch="false" />
			<line number="73"  hits="0"  branch="false" />
			<line number="74"  hits="0"  branch="false" />
			<line number="76"  hits="0"  branch="false" />
		</lines>
		</class>
		<class name="processResponses.js"  filename="app/actions/browse/processResponses.js"  line-rate="0.11109999999999999"  branch-rate="0" >
		<methods>
			<method name="processResponses"  hits="0"  signature="()V" >
				<lines><line number="9"  hits="0" /></lines>
			</method>
			<method name="(anonymous_2)"  hits="0"  signature="()V" >
				<lines><line number="33"  hits="0" /></lines>
			</method>
		</methods>
		<lines>
			<line number="1"  hits="1"  branch="false" />
			<line number="9"  hits="1"  branch="false" />
			<line number="10"  hits="0"  branch="false" />
			<line number="11"  hits="0"  branch="true"  condition-coverage="0% (0/2)" />
			<line number="12"  hits="0"  branch="false" />
			<line number="13"  hits="0"  branch="true"  condition-coverage="0% (0/2)" />
			<line number="16"  hits="0"  branch="true"  condition-coverage="0% (0/2)" />
			<line number="17"  hits="0"  branch="false" />
			<line number="18"  hits="0"  branch="false" />
			<line number="19"  hits="0"  branch="false" />
			<line number="21"  hits="0"  branch="false" />
			<line number="22"  hits="0"  branch="false" />
			<line number="23"  hits="0"  branch="false" />
			<line number="24"  hits="0"  branch="false" />
			<line number="26"  hits="0"  branch="false" />
			<line number="27"  hits="0"  branch="false" />
			<line number="28"  hits="0"  branch="false" />
			<line number="31"  hits="0"  branch="true"  condition-coverage="0% (0/2)" />
			<line number="32"  hits="0"  branch="false" />
			<line number="33"  hits="0"  branch="false" />
			<line number="34"  hits="0"  branch="false" />
			<line number="35"  hits="0"  branch="false" />
			<line number="37"  hits="0"  branch="false" />
			<line number="39"  hits="0"  branch="false" />
			<line number="40"  hits="0"  branch="false" />
			<line number="43"  hits="0"  branch="false" />
			<line number="46"  hits="1"  branch="false" />
		</lines>
		</class>
		<class name="utils.js"  filename="app/actions/browse/utils.js"  line-rate="0.0833"  branch-rate="0" >
		<methods>
			<method name="(anonymous_1)"  hits="0"  signature="()V" >
				<lines><line number="3"  hits="0" /></lines>
			</method>
			<method name="(anonymous_2)"  hits="0"  signature="()V" >
				<lines><line number="9"  hits="0" /></lines>
			</method>
			<method name="(anonymous_3)"  hits="0"  signature="()V" >
				<lines><line number="11"  hits="0" /></lines>
			</method>
			<method name="(anonymous_4)"  hits="0"  signature="()V" >
				<lines><line number="12"  hits="0" /></lines>
			</method>
			<method name="(anonymous_5)"  hits="0"  signature="()V" >
				<lines><line number="23"  hits="0" /></lines>
			</method>
			<method name="(anonymous_6)"  hits="0"  signature="()V" >
				<lines><line number="67"  hits="0" /></lines>
			</method>
		</methods>
		<lines>
			<line number="1"  hits="1"  branch="false" />
			<line number="3"  hits="1"  branch="false" />
			<line number="5"  hits="0"  branch="true"  condition-coverage="0% (0/4)" />
			<line number="6"  hits="0"  branch="false" />
			<line number="9"  hits="0"  branch="false" />
			<line number="10"  hits="0"  branch="false" />
			<line number="11"  hits="0"  branch="false" />
			<line number="12"  hits="0"  branch="false" />
			<line number="13"  hits="0"  branch="true"  condition-coverage="0% (0/2)" />
			<line number="14"  hits="0"  branch="false" />
			<line number="16"  hits="0"  branch="false" />
			<line number="23"  hits="1"  branch="false" />
			<line number="24"  hits="0"  branch="false" />
			<line number="25"  hits="0"  branch="true"  condition-coverage="0% (0/2)" />
			<line number="26"  hits="0"  branch="false" />
			<line number="28"  hits="0"  branch="true"  condition-coverage="0% (0/2)" />
			<line number="29"  hits="0"  branch="false" />
			<line number="31"  hits="0"  branch="true"  condition-coverage="0% (0/2)" />
			<line number="32"  hits="0"  branch="false" />
			<line number="34"  hits="0"  branch="true"  condition-coverage="0% (0/2)" />
			<line number="35"  hits="0"  branch="false" />
			<line number="37"  hits="0"  branch="true"  condition-coverage="0% (0/2)" />
			<line number="38"  hits="0"  branch="false" />
			<line number="40"  hits="0"  branch="true"  condition-coverage="0% (0/2)" />
			<line number="41"  hits="0"  branch="false" />
			<line number="43"  hits="0"  branch="true"  condition-coverage="0% (0/2)" />
			<line number="44"  hits="0"  branch="false" />
			<line number="46"  hits="0"  branch="true"  condition-coverage="0% (0/6)" />
			<line number="49"  hits="0"  branch="false" />
			<line number="51"  hits="0"  branch="true"  condition-coverage="0% (0/2)" />
			<line number="52"  hits="0"  branch="false" />
			<line number="54"  hits="0"  branch="true"  condition-coverage="0% (0/2)" />
			<line number="55"  hits="0"  branch="false" />
			<line number="57"  hits="0"  branch="true"  condition-coverage="0% (0/2)" />
			<line number="58"  hits="0"  branch="false" />
			<line number="60"  hits="0"  branch="true"  condition-coverage="0% (0/4)" />
			<line number="62"  hits="0"  branch="false" />
			<line number="64"  hits="0"  branch="false" />
			<line number="67"  hits="1"  branch="false" />
			<line number="69"  hits="0"  branch="true"  condition-coverage="0% (0/8)" />
			<line number="71"  hits="0"  branch="false" />
			<line number="73"  hits="0"  branch="false" />
			<line number="75"  hits="0"  branch="false" />
			<line number="77"  hits="0"  branch="false" />
			<line number="79"  hits="0"  branch="false" />
			<line number="81"  hits="0"  branch="false" />
			<line number="83"  hits="0"  branch="false" />
			<line number="85"  hits="0"  branch="false" />
		</lines>
		</class>
	</classes>
	</package>
	<package name="app.actions.checkRobots"  line-rate="0.125"  branch-rate="0" >
	<classes>
		<class name="index.js"  filename="app/actions/checkRobots/index.js"  line-rate="0.125"  branch-rate="0" >
		<methods>
			<method name="checkSiteMap"  hits="0"  signature="()V" >
				<lines><line number="11"  hits="0" /></lines>
			</method>
			<method name="checkRobots"  hits="0"  signature="()V" >
				<lines><line number="36"  hits="0" /></lines>
			</method>
			<method name="(anonymous_3)"  hits="0"  signature="()V" >
				<lines><line number="75"  hits="0" /></lines>
			</method>
		</methods>
		<lines>
			<line number="1"  hits="1"  branch="false" />
			<line number="11"  hits="1"  branch="false" />
			<line number="12"  hits="0"  branch="false" />
			<line number="15"  hits="0"  branch="true"  condition-coverage="0% (0/4)" />
			<line number="16"  hits="0"  branch="false" />
			<line number="17"  hits="0"  branch="false" />
			<line number="18"  hits="0"  branch="false" />
			<line number="19"  hits="0"  branch="false" />
			<line number="21"  hits="0"  branch="false" />
			<line number="24"  hits="0"  branch="false" />
			<line number="26"  hits="0"  branch="false" />
			<line number="36"  hits="1"  branch="false" />
			<line number="37"  hits="0"  branch="false" />
			<line number="38"  hits="0"  branch="false" />
			<line number="41"  hits="0"  branch="true"  condition-coverage="0% (0/5)" />
			<line number="42"  hits="0"  branch="false" />
			<line number="48"  hits="0"  branch="false" />
			<line number="49"  hits="0"  branch="true"  condition-coverage="0% (0/2)" />
			<line number="50"  hits="0"  branch="false" />
			<line number="51"  hits="0"  branch="true"  condition-coverage="0% (0/4)" />
			<line number="52"  hits="0"  branch="false" />
			<line number="53"  hits="0"  branch="false" />
			<line number="54"  hits="0"  branch="false" />
			<line number="58"  hits="0"  branch="true"  condition-coverage="0% (0/2)" />
			<line number="59"  hits="0"  branch="false" />
			<line number="62"  hits="0"  branch="false" />
			<line number="65"  hits="0"  branch="false" />
			<line number="75"  hits="1"  branch="false" />
			<line number="76"  hits="0"  branch="false" />
			<line number="77"  hits="0"  branch="true"  condition-coverage="0% (0/2)" />
			<line number="78"  hits="0"  branch="false" />
			<line number="80"  hits="0"  branch="false" />
		</lines>
		</class>
	</classes>
	</package>
	<package name="app.actions.checkSSL"  line-rate="0.2"  branch-rate="0" >
	<classes>
		<class name="index.js"  filename="app/actions/checkSSL/index.js"  line-rate="0.2"  branch-rate="0" >
		<methods>
		</methods>
		<lines>
			<line number="1"  hits="1"  branch="false" />
			<line number="11"  hits="1"  branch="false" />
			<line number="12"  hits="0"  branch="false" />
			<line number="22"  hits="0"  branch="true"  condition-coverage="0% (0/4)" />
			<line number="23"  hits="0"  branch="true"  condition-coverage="0% (0/2)" />
			<line number="25"  hits="0"  branch="false" />
			<line number="28"  hits="0"  branch="false" />
			<line number="29"  hits="0"  branch="false" />
			<line number="31"  hits="0"  branch="false" />
			<line number="32"  hits="0"  branch="false" />
		</lines>
		</class>
	</classes>
	</package>
	<package name="app.actions.checkSocial"  line-rate="0.225"  branch-rate="0" >
	<classes>
		<class name="index.js"  filename="app/actions/checkSocial/index.js"  line-rate="0.225"  branch-rate="0" >
		<methods>
			<method name="getTwitterFollowers"  hits="0"  signature="()V" >
				<lines><line number="14"  hits="0" /></lines>
			</method>
			<method name="(anonymous_2)"  hits="0"  signature="()V" >
				<lines><line number="17"  hits="0" /></lines>
			</method>
			<method name="checkTwitter"  hits="0"  signature="()V" >
				<lines><line number="33"  hits="0" /></lines>
			</method>
			<method name="(anonymous_4)"  hits="0"  signature="()V" >
				<lines><line number="44"  hits="0" /></lines>
			</method>
			<method name="checkShareCount"  hits="0"  signature="()V" >
				<lines><line number="58"  hits="0" /></lines>
			</method>
			<method name="(anonymous_6)"  hits="0"  signature="()V" >
				<lines><line number="64"  hits="0" /></lines>
			</method>
			<method name="checkSocial"  hits="0"  signature="()V" >
				<lines><line number="86"  hits="0" /></lines>
			</method>
			<method name="(anonymous_8)"  hits="0"  signature="()V" >
				<lines><line number="88"  hits="0" /></lines>
			</method>
			<method name="(anonymous_9)"  hits="0"  signature="()V" >
				<lines><line number="90"  hits="0" /></lines>
			</method>
		</methods>
		<lines>
			<line number="1"  hits="1"  branch="false" />
			<line number="2"  hits="1"  branch="false" />
			<line number="5"  hits="1"  branch="false" />
			<line number="6"  hits="1"  branch="false" />
			<line number="14"  hits="1"  branch="false" />
			<line number="15"  hits="0"  branch="false" />
			<line number="16"  hits="0"  branch="false" />
			<line number="17"  hits="0"  branch="false" />
			<line number="18"  hits="0"  branch="true"  condition-coverage="0% (0/2)" />
			<line number="19"  hits="0"  branch="false" />
			<line number="20"  hits="0"  branch="false" />
			<line number="21"  hits="0"  branch="true"  condition-coverage="0% (0/4)" />
			<line number="22"  hits="0"  branch="false" />
			<line number="25"  hits="0"  branch="false" />
			<line number="33"  hits="1"  branch="false" />
			<line number="34"  hits="0"  branch="false" />
			<line number="35"  hits="0"  branch="true"  condition-coverage="0% (0/5)" />
			<line number="36"  hits="0"  branch="false" />
			<line number="37"  hits="0"  branch="true"  condition-coverage="0% (0/4)" />
			<line number="38"  hits="0"  branch="false" />
			<line number="42"  hits="0"  branch="false" />
			<line number="45"  hits="0"  branch="false" />
			<line number="48"  hits="0"  branch="false" />
			<line number="50"  hits="0"  branch="false" />
			<line number="58"  hits="1"  branch="false" />
			<line number="59"  hits="0"  branch="false" />
			<line number="62"  hits="0"  branch="false" />
			<line number="65"  hits="0"  branch="true"  condition-coverage="0% (0/4)" />
			<line number="66"  hits="0"  branch="true"  condition-coverage="0% (0/2)" />
			<line number="67"  hits="0"  branch="false" />
			<line number="69"  hits="0"  branch="false" />
			<line number="74"  hits="0"  branch="false" />
			<line number="77"  hits="0"  branch="false" />
			<line number="86"  hits="1"  branch="false" />
			<line number="87"  hits="0"  branch="false" />
			<line number="88"  hits="0"  branch="false" />
			<line number="89"  hits="0"  branch="false" />
			<line number="91"  hits="0"  branch="false" />
			<line number="93"  hits="0"  branch="false" />
			<line number="96"  hits="1"  branch="false" />
		</lines>
		</class>
	</classes>
	</package>
	<package name="app.actions.minifyCheck"  line-rate="0.09759999999999999"  branch-rate="0" >
	<classes>
		<class name="index.js"  filename="app/actions/minifyCheck/index.js"  line-rate="0.09759999999999999"  branch-rate="0" >
		<methods>
			<method name="minJs"  hits="0"  signature="()V" >
				<lines><line number="19"  hits="0" /></lines>
			</method>
			<method name="checkCSS"  hits="0"  signature="()V" >
				<lines><line number="44"  hits="0" /></lines>
			</method>
			<method name="checkJS"  hits="0"  signature="()V" >
				<lines><line number="70"  hits="0" /></lines>
			</method>
			<method name="checkHTML"  hits="0"  signature="()V" >
				<lines><line number="106"  hits="0" /></lines>
			</method>
			<method name="checkIMAGE"  hits="0"  signature="()V" >
				<lines><line number="136"  hits="0" /></lines>
			</method>
		</methods>
		<lines>
			<line number="1"  hits="1"  branch="false" />
			<line number="2"  hits="1"  branch="false" />
			<line number="19"  hits="1"  branch="false" />
			<line number="20"  hits="0"  branch="false" />
			<line number="21"  hits="0"  branch="false" />
			<line number="27"  hits="0"  branch="true"  condition-coverage="0% (0/4)" />
			<line number="28"  hits="0"  branch="false" />
			<line number="30"  hits="0"  branch="false" />
			<line number="34"  hits="0"  branch="false" />
			<line number="35"  hits="0"  branch="false" />
			<line number="44"  hits="1"  branch="false" />
			<line number="45"  hits="0"  branch="false" />
			<line number="48"  hits="0"  branch="true"  condition-coverage="0% (0/4)" />
			<line number="49"  hits="0"  branch="false" />
			<line number="53"  hits="0"  branch="false" />
			<line number="54"  hits="0"  branch="false" />
			<line number="56"  hits="0"  branch="false" />
			<line number="58"  hits="0"  branch="false" />
			<line number="60"  hits="0"  branch="false" />
			<line number="70"  hits="1"  branch="false" />
			<line number="71"  hits="0"  branch="false" />
			<line number="74"  hits="0"  branch="true"  condition-coverage="0% (0/4)" />
			<line number="75"  hits="0"  branch="false" />
			<line number="76"  hits="0"  branch="false" />
			<line number="77"  hits="0"  branch="false" />
			<line number="78"  hits="0"  branch="true"  condition-coverage="0% (0/2)" />
			<line number="79"  hits="0"  branch="false" />
			<line number="80"  hits="0"  branch="false" />
			<line number="87"  hits="0"  branch="false" />
			<line number="89"  hits="0"  branch="false" />
			<line number="93"  hits="0"  branch="false" />
			<line number="96"  hits="0"  branch="false" />
			<line number="106"  hits="1"  branch="false" />
			<line number="107"  hits="0"  branch="false" />
			<line number="110"  hits="0"  branch="true"  condition-coverage="0% (0/4)" />
			<line number="111"  hits="0"  branch="false" />
			<line number="113"  hits="0"  branch="false" />
			<line number="123"  hits="0"  branch="false" />
			<line number="125"  hits="0"  branch="false" />
			<line number="136"  hits="1"  branch="false" />
			<line number="137"  hits="0"  branch="false" />
			<line number="140"  hits="0"  branch="true"  condition-coverage="0% (0/4)" />
			<line number="141"  hits="0"  branch="false" />
			<line number="142"  hits="0"  branch="false" />
			<line number="144"  hits="0"  branch="false" />
			<line number="157"  hits="0"  branch="false" />
			<line number="158"  hits="0"  branch="false" />
			<line number="165"  hits="0"  branch="false" />
			<line number="167"  hits="0"  branch="false" />
			<line number="170"  hits="0"  branch="false" />
			<line number="173"  hits="0"  branch="false" />
			<line number="183"  hits="1"  branch="false" />
			<line number="184"  hits="0"  branch="true"  condition-coverage="0% (0/2)" />
			<line number="185"  hits="0"  branch="false" />
			<line number="186"  hits="0"  branch="false" />
			<line number="187"  hits="0"  branch="true"  condition-coverage="0% (0/2)" />
			<line number="188"  hits="0"  branch="false" />
			<line number="190"  hits="0"  branch="false" />
			<line number="194"  hits="0"  branch="false" />
			<line number="196"  hits="0"  branch="true"  condition-coverage="0% (0/2)" />
			<line number="197"  hits="0"  branch="false" />
			<line number="198"  hits="0"  branch="false" />
			<line number="199"  hits="0"  branch="false" />
			<line number="203"  hits="0"  branch="true"  condition-coverage="0% (0/2)" />
			<line number="204"  hits="0"  branch="false" />
			<line number="206"  hits="0"  branch="false" />
			<line number="210"  hits="0"  branch="false" />
			<line number="212"  hits="0"  branch="true"  condition-coverage="0% (0/2)" />
			<line number="213"  hits="0"  branch="false" />
			<line number="214"  hits="0"  branch="false" />
			<line number="215"  hits="0"  branch="true"  condition-coverage="0% (0/2)" />
			<line number="216"  hits="0"  branch="false" />
			<line number="218"  hits="0"  branch="false" />
			<line number="222"  hits="0"  branch="false" />
			<line number="224"  hits="0"  branch="true"  condition-coverage="0% (0/2)" />
			<line number="225"  hits="0"  branch="false" />
			<line number="226"  hits="0"  branch="false" />
			<line number="227"  hits="0"  branch="true"  condition-coverage="0% (0/2)" />
			<line number="228"  hits="0"  branch="false" />
			<line number="230"  hits="0"  branch="false" />
			<line number="234"  hits="0"  branch="false" />
			<line number="237"  hits="0"  branch="false" />
		</lines>
		</class>
	</classes>
	</package>
	<package name="app.actions.mobileCaptures"  line-rate="0.1746"  branch-rate="0.125" >
	<classes>
		<class name="index.js"  filename="app/actions/mobileCaptures/index.js"  line-rate="0.23079999999999998"  branch-rate="0" >
		<methods>
			<method name="prepareScreenshots"  hits="0"  signature="()V" >
				<lines><line number="11"  hits="0" /></lines>
			</method>
		</methods>
		<lines>
			<line number="1"  hits="1"  branch="false" />
			<line number="11"  hits="1"  branch="false" />
			<line number="12"  hits="0"  branch="false" />
			<line number="13"  hits="0"  branch="true"  condition-coverage="0% (0/2)" />
			<line number="14"  hits="0"  branch="false" />
			<line number="18"  hits="0"  branch="false" />
			<line number="27"  hits="0"  branch="false" />
			<line number="28"  hits="0"  branch="false" />
			<line number="31"  hits="0"  branch="false" />
			<line number="32"  hits="0"  branch="false" />
			<line number="36"  hits="0"  branch="false" />
			<line number="41"  hits="0"  branch="false" />
			<line number="44"  hits="1"  branch="false" />
		</lines>
		</class>
		<class name="openPage.js"  filename="app/actions/mobileCaptures/openPage.js"  line-rate="0.1515"  branch-rate="0" >
		<methods>
			<method name="saveImage"  hits="0"  signature="()V" >
				<lines><line number="18"  hits="0" /></lines>
			</method>
			<method name="handleSave"  hits="0"  signature="()V" >
				<lines><line number="40"  hits="0" /></lines>
			</method>
			<method name="takeScreenShot"  hits="0"  signature="()V" >
				<lines><line number="61"  hits="0" /></lines>
			</method>
		</methods>
		<lines>
			<line number="1"  hits="1"  branch="false" />
			<line number="18"  hits="1"  branch="false" />
			<line number="19"  hits="0"  branch="false" />
			<line number="22"  hits="0"  branch="false" />
			<line number="23"  hits="0"  branch="true"  condition-coverage="0% (0/2)" />
			<line number="24"  hits="0"  branch="false" />
			<line number="26"  hits="0"  branch="false" />
			<line number="40"  hits="1"  branch="false" />
			<line number="41"  hits="0"  branch="false" />
			<line number="42"  hits="0"  branch="false" />
			<line number="44"  hits="0"  branch="false" />
			<line number="50"  hits="0"  branch="false" />
			<line number="52"  hits="0"  branch="false" />
			<line number="61"  hits="1"  branch="false" />
			<line number="62"  hits="0"  branch="false" />
			<line number="63"  hits="0"  branch="false" />
			<line number="65"  hits="0"  branch="true"  condition-coverage="0% (0/2)" />
			<line number="66"  hits="0"  branch="false" />
			<line number="68"  hits="0"  branch="false" />
			<line number="73"  hits="0"  branch="false" />
			<line number="78"  hits="0"  branch="false" />
			<line number="83"  hits="0"  branch="false" />
			<line number="86"  hits="0"  branch="false" />
			<line number="87"  hits="0"  branch="false" />
			<line number="88"  hits="0"  branch="false" />
			<line number="90"  hits="0"  branch="false" />
			<line number="91"  hits="0"  branch="false" />
			<line number="94"  hits="0"  branch="false" />
			<line number="95"  hits="0"  branch="false" />
			<line number="101"  hits="0"  branch="false" />
			<line number="103"  hits="0"  branch="false" />
			<line number="105"  hits="0"  branch="false" />
			<line number="108"  hits="1"  branch="false" />
		</lines>
		</class>
		<class name="saveCapture.js"  filename="app/actions/mobileCaptures/saveCapture.js"  line-rate="0.1765"  branch-rate="0.2" >
		<methods>
			<method name="saveImage"  hits="0"  signature="()V" >
				<lines><line number="18"  hits="0" /></lines>
			</method>
			<method name="(anonymous_2)"  hits="0"  signature="()V" >
				<lines><line number="20"  hits="0" /></lines>
			</method>
			<method name="(anonymous_3)"  hits="0"  signature="()V" >
				<lines><line number="31"  hits="0" /></lines>
			</method>
			<method name="(anonymous_4)"  hits="0"  signature="()V" >
				<lines><line number="33"  hits="0" /></lines>
			</method>
			<method name="(anonymous_5)"  hits="0"  signature="()V" >
				<lines><line number="34"  hits="0" /></lines>
			</method>
			<method name="(anonymous_6)"  hits="0"  signature="()V" >
				<lines><line number="38"  hits="0" /></lines>
			</method>
			<method name="(anonymous_7)"  hits="0"  signature="()V" >
				<lines><line number="39"  hits="0" /></lines>
			</method>
		</methods>
		<lines>
			<line number="1"  hits="1"  branch="false" />
			<line number="18"  hits="1"  branch="false" />
			<line number="20"  hits="0"  branch="false" />
			<line number="21"  hits="0"  branch="true"  condition-coverage="0% (0/2)" />
			<line number="22"  hits="0"  branch="false" />
			<line number="24"  hits="0"  branch="false" />
			<line number="31"  hits="0"  branch="false" />
			<line number="32"  hits="0"  branch="true"  condition-coverage="0% (0/2)" />
			<line number="33"  hits="0"  branch="false" />
			<line number="34"  hits="0"  branch="false" />
			<line number="35"  hits="0"  branch="false" />
			<line number="38"  hits="0"  branch="false" />
			<line number="39"  hits="0"  branch="false" />
			<line number="40"  hits="0"  branch="true"  condition-coverage="0% (0/2)" />
			<line number="41"  hits="0"  branch="false" />
			<line number="43"  hits="0"  branch="false" />
			<line number="50"  hits="1"  branch="false" />
		</lines>
		</class>
	</classes>
	</package>
	<package name="app.actions.serverInfo"  line-rate="0.11630000000000001"  branch-rate="0" >
	<classes>
		<class name="index.js"  filename="app/actions/serverInfo/index.js"  line-rate="0.11630000000000001"  branch-rate="0" >
		<methods>
			<method name="checkIp"  hits="0"  signature="()V" >
				<lines><line number="13"  hits="0" /></lines>
			</method>
			<method name="(anonymous_2)"  hits="0"  signature="()V" >
				<lines><line number="15"  hits="0" /></lines>
			</method>
			<method name="checkNameServers"  hits="0"  signature="()V" >
				<lines><line number="38"  hits="0" /></lines>
			</method>
			<method name="(anonymous_4)"  hits="0"  signature="()V" >
				<lines><line number="40"  hits="0" /></lines>
			</method>
			<method name="(anonymous_5)"  hits="0"  signature="()V" >
				<lines><line number="44"  hits="0" /></lines>
			</method>
			<method name="checkInfo"  hits="0"  signature="()V" >
				<lines><line number="64"  hits="0" /></lines>
			</method>
			<method name="(anonymous_7)"  hits="0"  signature="()V" >
				<lines><line number="73"  hits="0" /></lines>
			</method>
			<method name="(anonymous_8)"  hits="0"  signature="()V" >
				<lines><line number="76"  hits="0" /></lines>
			</method>
			<method name="(anonymous_9)"  hits="0"  signature="()V" >
				<lines><line number="79"  hits="0" /></lines>
			</method>
			<method name="(anonymous_10)"  hits="0"  signature="()V" >
				<lines><line number="84"  hits="0" /></lines>
			</method>
		</methods>
		<lines>
			<line number="1"  hits="1"  branch="false" />
			<line number="13"  hits="1"  branch="false" />
			<line number="14"  hits="0"  branch="false" />
			<line number="16"  hits="0"  branch="false" />
			<line number="18"  hits="0"  branch="false" />
			<line number="19"  hits="0"  branch="false" />
			<line number="20"  hits="0"  branch="true"  condition-coverage="0% (0/4)" />
			<line number="21"  hits="0"  branch="false" />
			<line number="25"  hits="0"  branch="false" />
			<line number="26"  hits="0"  branch="false" />
			<line number="31"  hits="0"  branch="false" />
			<line number="38"  hits="1"  branch="false" />
			<line number="39"  hits="0"  branch="false" />
			<line number="41"  hits="0"  branch="false" />
			<line number="43"  hits="0"  branch="false" />
			<line number="44"  hits="0"  branch="false" />
			<line number="45"  hits="0"  branch="false" />
			<line number="46"  hits="0"  branch="true"  condition-coverage="0% (0/2)" />
			<line number="47"  hits="0"  branch="false" />
			<line number="48"  hits="0"  branch="false" />
			<line number="52"  hits="0"  branch="false" />
			<line number="57"  hits="0"  branch="false" />
			<line number="64"  hits="1"  branch="false" />
			<line number="65"  hits="0"  branch="false" />
			<line number="66"  hits="0"  branch="false" />
			<line number="67"  hits="0"  branch="false" />
			<line number="69"  hits="0"  branch="true"  condition-coverage="0% (0/2)" />
			<line number="70"  hits="0"  branch="false" />
			<line number="73"  hits="0"  branch="false" />
			<line number="74"  hits="0"  branch="false" />
			<line number="76"  hits="0"  branch="false" />
			<line number="77"  hits="0"  branch="false" />
			<line number="78"  hits="0"  branch="false" />
			<line number="79"  hits="0"  branch="false" />
			<line number="80"  hits="0"  branch="false" />
			<line number="81"  hits="0"  branch="false" />
			<line number="83"  hits="0"  branch="false" />
			<line number="85"  hits="0"  branch="false" />
			<line number="86"  hits="0"  branch="false" />
			<line number="87"  hits="0"  branch="false" />
			<line number="91"  hits="0"  branch="false" />
			<line number="93"  hits="0"  branch="false" />
			<line number="95"  hits="1"  branch="false" />
		</lines>
		</class>
	</classes>
	</package>
	<package name="app.actions.sniff"  line-rate="0.4802"  branch-rate="0.5052" >
	<classes>
		<class name="handleEntry.js"  filename="app/actions/sniff/handleEntry.js"  line-rate="0.6364"  branch-rate="0.5556" >
		<methods>
			<method name="tally"  hits="2"  signature="()V" >
				<lines><line number="7"  hits="2" /></lines>
			</method>
			<method name="processRequest"  hits="1"  signature="()V" >
				<lines><line number="27"  hits="1" /></lines>
			</method>
			<method name="(anonymous_3)"  hits="0"  signature="()V" >
				<lines><line number="40"  hits="0" /></lines>
			</method>
			<method name="(anonymous_4)"  hits="0"  signature="()V" >
				<lines><line number="43"  hits="0" /></lines>
			</method>
			<method name="(anonymous_5)"  hits="0"  signature="()V" >
				<lines><line number="47"  hits="0" /></lines>
			</method>
			<method name="(anonymous_6)"  hits="0"  signature="()V" >
				<lines><line number="55"  hits="0" /></lines>
			</method>
			<method name="(anonymous_7)"  hits="0"  signature="()V" >
				<lines><line number="58"  hits="0" /></lines>
			</method>
			<method name="(anonymous_8)"  hits="0"  signature="()V" >
				<lines><line number="62"  hits="0" /></lines>
			</method>
			<method name="(anonymous_9)"  hits="0"  signature="()V" >
				<lines><line number="68"  hits="0" /></lines>
			</method>
			<method name="(anonymous_10)"  hits="1"  signature="()V" >
				<lines><line number="71"  hits="1" /></lines>
			</method>
			<method name="createHeaders"  hits="2"  signature="()V" >
				<lines><line number="84"  hits="2" /></lines>
			</method>
			<method name="(anonymous_12)"  hits="4"  signature="()V" >
				<lines><line number="86"  hits="4" /></lines>
			</method>
			<method name="handleHeaders"  hits="3"  signature="()V" >
				<lines><line number="92"  hits="3" /></lines>
			</method>
			<method name="(anonymous_14)"  hits="11"  signature="()V" >
				<lines><line number="93"  hits="11" /></lines>
			</method>
			<method name="entryHandler"  hits="1"  signature="()V" >
				<lines><line number="99"  hits="1" /></lines>
			</method>
			<method name="(anonymous_16)"  hits="0"  signature="()V" >
				<lines><line number="113"  hits="0" /></lines>
			</method>
			<method name="(anonymous_17)"  hits="0"  signature="()V" >
				<lines><line number="123"  hits="0" /></lines>
			</method>
		</methods>
		<lines>
			<line number="1"  hits="1"  branch="false" />
			<line number="7"  hits="1"  branch="false" />
			<line number="8"  hits="2"  branch="false" />
			<line number="10"  hits="2"  branch="true"  condition-coverage="50% (2/4)" />
			<line number="12"  hits="0"  branch="false" />
			<line number="15"  hits="2"  branch="false" />
			<line number="16"  hits="2"  branch="false" />
			<line number="17"  hits="2"  branch="false" />
			<line number="18"  hits="2"  branch="false" />
			<line number="19"  hits="2"  branch="false" />
			<line number="21"  hits="2"  branch="false" />
			<line number="27"  hits="1"  branch="false" />
			<line number="28"  hits="1"  branch="false" />
			<line number="29"  hits="1"  branch="false" />
			<line number="30"  hits="1"  branch="false" />
			<line number="32"  hits="1"  branch="false" />
			<line number="33"  hits="1"  branch="false" />
			<line number="34"  hits="1"  branch="false" />
			<line number="36"  hits="1"  branch="true"  condition-coverage="33.33333333333333% (1/3)" />
			<line number="38"  hits="0"  branch="false" />
			<line number="40"  hits="0"  branch="false" />
			<line number="41"  hits="0"  branch="false" />
			<line number="42"  hits="0"  branch="false" />
			<line number="44"  hits="0"  branch="false" />
			<line number="47"  hits="0"  branch="false" />
			<line number="48"  hits="0"  branch="false" />
			<line number="51"  hits="0"  branch="false" />
			<line number="53"  hits="0"  branch="false" />
			<line number="55"  hits="0"  branch="false" />
			<line number="56"  hits="0"  branch="false" />
			<line number="57"  hits="0"  branch="false" />
			<line number="59"  hits="0"  branch="false" />
			<line number="62"  hits="0"  branch="false" />
			<line number="63"  hits="0"  branch="false" />
			<line number="66"  hits="0"  branch="false" />
			<line number="68"  hits="1"  branch="false" />
			<line number="69"  hits="0"  branch="false" />
			<line number="70"  hits="0"  branch="false" />
			<line number="72"  hits="1"  branch="false" />
			<line number="75"  hits="1"  branch="false" />
			<line number="78"  hits="0"  branch="false" />
			<line number="80"  hits="0"  branch="false" />
			<line number="84"  hits="1"  branch="false" />
			<line number="85"  hits="2"  branch="false" />
			<line number="86"  hits="2"  branch="false" />
			<line number="87"  hits="4"  branch="false" />
			<line number="89"  hits="2"  branch="false" />
			<line number="92"  hits="1"  branch="false" />
			<line number="93"  hits="3"  branch="false" />
			<line number="94"  hits="11"  branch="false" />
			<line number="96"  hits="3"  branch="false" />
			<line number="99"  hits="1"  branch="false" />
			<line number="101"  hits="1"  branch="false" />
			<line number="102"  hits="1"  branch="false" />
			<line number="109"  hits="1"  branch="false" />
			<line number="110"  hits="1"  branch="false" />
			<line number="112"  hits="1"  branch="false" />
			<line number="114"  hits="0"  branch="false" />
			<line number="115"  hits="0"  branch="false" />
			<line number="124"  hits="0"  branch="false" />
			<line number="126"  hits="1"  branch="false" />
			<line number="129"  hits="1"  branch="false" />
			<line number="130"  hits="1"  branch="false" />
			<line number="131"  hits="1"  branch="false" />
			<line number="132"  hits="1"  branch="false" />
			<line number="133"  hits="1"  branch="false" />
		</lines>
		</class>
		<class name="linkScanner.js"  filename="app/actions/sniff/linkScanner.js"  line-rate="0.0795"  branch-rate="0" >
		<methods>
			<method name="(anonymous_1)"  hits="0"  signature="()V" >
				<lines><line number="14"  hits="0" /></lines>
			</method>
			<method name="(anonymous_2)"  hits="0"  signature="()V" >
				<lines><line number="56"  hits="0" /></lines>
			</method>
			<method name="enqueueLink"  hits="0"  signature="()V" >
				<lines><line number="62"  hits="0" /></lines>
			</method>
			<method name="copyResponseData"  hits="0"  signature="()V" >
				<lines><line number="91"  hits="0" /></lines>
			</method>
			<method name="checkUrl"  hits="0"  signature="()V" >
				<lines><line number="121"  hits="0" /></lines>
			</method>
			<method name="(anonymous_6)"  hits="0"  signature="()V" >
				<lines><line number="139"  hits="0" /></lines>
			</method>
			<method name="(anonymous_7)"  hits="0"  signature="()V" >
				<lines><line number="150"  hits="0" /></lines>
			</method>
			<method name="(anonymous_8)"  hits="0"  signature="()V" >
				<lines><line number="161"  hits="0" /></lines>
			</method>
			<method name="(anonymous_9)"  hits="0"  signature="()V" >
				<lines><line number="167"  hits="0" /></lines>
			</method>
			<method name="(anonymous_10)"  hits="0"  signature="()V" >
				<lines><line number="177"  hits="0" /></lines>
			</method>
			<method name="(anonymous_11)"  hits="0"  signature="()V" >
				<lines><line number="193"  hits="0" /></lines>
			</method>
			<method name="(anonymous_12)"  hits="0"  signature="()V" >
				<lines><line number="196"  hits="0" /></lines>
			</method>
			<method name="(anonymous_13)"  hits="0"  signature="()V" >
				<lines><line number="212"  hits="0" /></lines>
			</method>
		</methods>
		<lines>
			<line number="1"  hits="1"  branch="false" />
			<line number="14"  hits="1"  branch="false" />
			<line number="16"  hits="0"  branch="false" />
			<line number="22"  hits="0"  branch="false" />
			<line number="24"  hits="0"  branch="false" />
			<line number="30"  hits="0"  branch="true"  condition-coverage="0% (0/2)" />
			<line number="31"  hits="0"  branch="false" />
			<line number="33"  hits="0"  branch="false" />
			<line number="56"  hits="1"  branch="false" />
			<line number="57"  hits="0"  branch="false" />
			<line number="58"  hits="0"  branch="false" />
			<line number="59"  hits="0"  branch="false" />
			<line number="62"  hits="1"  branch="false" />
			<line number="67"  hits="0"  branch="false" />
			<line number="68"  hits="0"  branch="false" />
			<line number="69"  hits="0"  branch="true"  condition-coverage="0% (0/2)" />
			<line number="71"  hits="0"  branch="false" />
			<line number="72"  hits="0"  branch="false" />
			<line number="73"  hits="0"  branch="false" />
			<line number="74"  hits="0"  branch="false" />
			<line number="75"  hits="0"  branch="false" />
			<line number="79"  hits="0"  branch="false" />
			<line number="81"  hits="0"  branch="false" />
			<line number="82"  hits="0"  branch="true"  condition-coverage="0% (0/2)" />
			<line number="83"  hits="0"  branch="false" />
			<line number="84"  hits="0"  branch="true"  condition-coverage="0% (0/2)" />
			<line number="85"  hits="0"  branch="false" />
			<line number="86"  hits="0"  branch="false" />
			<line number="87"  hits="0"  branch="false" />
			<line number="91"  hits="1"  branch="false" />
			<line number="92"  hits="0"  branch="true"  condition-coverage="0% (0/2)" />
			<line number="93"  hits="0"  branch="true"  condition-coverage="0% (0/2)" />
			<line number="94"  hits="0"  branch="false" />
			<line number="95"  hits="0"  branch="false" />
			<line number="97"  hits="0"  branch="false" />
			<line number="100"  hits="0"  branch="false" />
			<line number="102"  hits="0"  branch="true"  condition-coverage="0% (0/2)" />
			<line number="103"  hits="0"  branch="false" />
			<line number="104"  hits="0"  branch="true"  condition-coverage="0% (0/2)" />
			<line number="105"  hits="0"  branch="false" />
			<line number="110"  hits="0"  branch="false" />
			<line number="111"  hits="0"  branch="true"  condition-coverage="0% (0/2)" />
			<line number="112"  hits="0"  branch="false" />
			<line number="114"  hits="0"  branch="false" />
			<line number="115"  hits="0"  branch="false" />
			<line number="118"  hits="0"  branch="false" />
			<line number="121"  hits="1"  branch="false" />
			<line number="122"  hits="0"  branch="false" />
			<line number="123"  hits="0"  branch="true"  condition-coverage="0% (0/2)" />
			<line number="124"  hits="0"  branch="true"  condition-coverage="0% (0/2)" />
			<line number="125"  hits="0"  branch="false" />
			<line number="127"  hits="0"  branch="true"  condition-coverage="0% (0/2)" />
			<line number="128"  hits="0"  branch="false" />
			<line number="129"  hits="0"  branch="false" />
			<line number="131"  hits="0"  branch="true"  condition-coverage="0% (0/5)" />
			<line number="132"  hits="0"  branch="false" />
			<line number="133"  hits="0"  branch="false" />
			<line number="134"  hits="0"  branch="false" />
			<line number="135"  hits="0"  branch="false" />
			<line number="139"  hits="0"  branch="false" />
			<line number="140"  hits="0"  branch="false" />
			<line number="142"  hits="0"  branch="false" />
			<line number="151"  hits="0"  branch="false" />
			<line number="153"  hits="0"  branch="false" />
			<line number="154"  hits="0"  branch="true"  condition-coverage="0% (0/7)" />
			<line number="155"  hits="0"  branch="false" />
			<line number="157"  hits="0"  branch="true"  condition-coverage="0% (0/4)" />
			<line number="158"  hits="0"  branch="false" />
			<line number="160"  hits="0"  branch="false" />
			<line number="162"  hits="0"  branch="false" />
			<line number="163"  hits="0"  branch="false" />
			<line number="166"  hits="0"  branch="true"  condition-coverage="0% (0/2)" />
			<line number="167"  hits="0"  branch="false" />
			<line number="168"  hits="0"  branch="false" />
			<line number="169"  hits="0"  branch="false" />
			<line number="170"  hits="0"  branch="false" />
			<line number="173"  hits="0"  branch="false" />
			<line number="177"  hits="1"  branch="false" />
			<line number="178"  hits="0"  branch="false" />
			<line number="179"  hits="0"  branch="false" />
			<line number="202"  hits="0"  branch="false" />
			<line number="204"  hits="0"  branch="false" />
			<line number="206"  hits="0"  branch="false" />
			<line number="210"  hits="0"  branch="false" />
			<line number="211"  hits="0"  branch="false" />
			<line number="212"  hits="0"  branch="false" />
			<line number="213"  hits="0"  branch="false" />
			<line number="216"  hits="0"  branch="false" />
		</lines>
		</class>
		<class name="utils.js"  filename="app/actions/sniff/utils.js"  line-rate="1"  branch-rate="1" >
		<methods>
			<method name="(anonymous_1)"  hits="3"  signature="()V" >
				<lines><line number="3"  hits="3" /></lines>
			</method>
			<method name="(anonymous_2)"  hits="2"  signature="()V" >
				<lines><line number="9"  hits="2" /></lines>
			</method>
			<method name="(anonymous_3)"  hits="2"  signature="()V" >
				<lines><line number="12"  hits="2" /></lines>
			</method>
			<method name="(anonymous_4)"  hits="2"  signature="()V" >
				<lines><line number="13"  hits="2" /></lines>
			</method>
			<method name="(anonymous_5)"  hits="14"  signature="()V" >
				<lines><line number="24"  hits="14" /></lines>
			</method>
			<method name="(anonymous_6)"  hits="8"  signature="()V" >
				<lines><line number="68"  hits="8" /></lines>
			</method>
		</methods>
		<lines>
			<line number="1"  hits="1"  branch="false" />
			<line number="3"  hits="1"  branch="false" />
			<line number="5"  hits="3"  branch="true"  condition-coverage="100% (4/4)" />
			<line number="6"  hits="1"  branch="false" />
			<line number="9"  hits="2"  branch="false" />
			<line number="10"  hits="2"  branch="false" />
			<line number="12"  hits="2"  branch="false" />
			<line number="13"  hits="2"  branch="false" />
			<line number="14"  hits="2"  branch="true"  condition-coverage="100% (2/2)" />
			<line number="15"  hits="1"  branch="false" />
			<line number="17"  hits="1"  branch="false" />
			<line number="24"  hits="1"  branch="false" />
			<line number="25"  hits="14"  branch="false" />
			<line number="26"  hits="14"  branch="true"  condition-coverage="100% (2/2)" />
			<line number="27"  hits="1"  branch="false" />
			<line number="29"  hits="13"  branch="true"  condition-coverage="100% (2/2)" />
			<line number="30"  hits="1"  branch="false" />
			<line number="32"  hits="12"  branch="true"  condition-coverage="100% (2/2)" />
			<line number="33"  hits="1"  branch="false" />
			<line number="35"  hits="11"  branch="true"  condition-coverage="100% (2/2)" />
			<line number="36"  hits="1"  branch="false" />
			<line number="38"  hits="10"  branch="true"  condition-coverage="100% (2/2)" />
			<line number="39"  hits="1"  branch="false" />
			<line number="41"  hits="9"  branch="true"  condition-coverage="100% (2/2)" />
			<line number="42"  hits="1"  branch="false" />
			<line number="44"  hits="8"  branch="true"  condition-coverage="100% (2/2)" />
			<line number="45"  hits="1"  branch="false" />
			<line number="47"  hits="7"  branch="true"  condition-coverage="100% (6/6)" />
			<line number="50"  hits="1"  branch="false" />
			<line number="52"  hits="6"  branch="true"  condition-coverage="100% (2/2)" />
			<line number="53"  hits="1"  branch="false" />
			<line number="55"  hits="5"  branch="true"  condition-coverage="100% (2/2)" />
			<line number="56"  hits="1"  branch="false" />
			<line number="58"  hits="4"  branch="true"  condition-coverage="100% (2/2)" />
			<line number="59"  hits="1"  branch="false" />
			<line number="61"  hits="3"  branch="true"  condition-coverage="100% (4/4)" />
			<line number="63"  hits="2"  branch="false" />
			<line number="65"  hits="1"  branch="false" />
			<line number="68"  hits="1"  branch="false" />
			<line number="70"  hits="8"  branch="true"  condition-coverage="100% (8/8)" />
			<line number="72"  hits="1"  branch="false" />
			<line number="74"  hits="1"  branch="false" />
			<line number="76"  hits="1"  branch="false" />
			<line number="78"  hits="1"  branch="false" />
			<line number="80"  hits="1"  branch="false" />
			<line number="82"  hits="1"  branch="false" />
			<line number="84"  hits="1"  branch="false" />
			<line number="86"  hits="1"  branch="false" />
		</lines>
		</class>
	</classes>
	</package>
	<package name="app.actions.sniff.linkChecker"  line-rate="0.30210000000000004"  branch-rate="0.18030000000000002" >
	<classes>
		<class name="checkErrors.js"  filename="app/actions/sniff/linkChecker/checkErrors.js"  line-rate="1"  branch-rate="1" >
		<methods>
			<method name="checkErrors"  hits="5"  signature="()V" >
				<lines><line number="4"  hits="5" /></lines>
			</method>
		</methods>
		<lines>
			<line number="2"  hits="1"  branch="false" />
			<line number="4"  hits="1"  branch="false" />
			<line number="5"  hits="5"  branch="false" />
			<line number="6"  hits="5"  branch="true"  condition-coverage="100% (2/2)" />
			<line number="7"  hits="1"  branch="false" />
			<line number="10"  hits="5"  branch="true"  condition-coverage="100% (2/2)" />
			<line number="11"  hits="2"  branch="false" />
			<line number="12"  hits="2"  branch="false" />
			<line number="13"  hits="2"  branch="false" />
			<line number="15"  hits="3"  branch="false" />
			<line number="17"  hits="3"  branch="true"  condition-coverage="100% (4/4)" />
			<line number="18"  hits="2"  branch="false" />
			<line number="19"  hits="2"  branch="false" />
			<line number="20"  hits="2"  branch="false" />
			<line number="24"  hits="1"  branch="false" />
		</lines>
		</class>
		<class name="checkUrl.js"  filename="app/actions/sniff/linkChecker/checkUrl.js"  line-rate="0.1739"  branch-rate="0" >
		<methods>
			<method name="checkUrl"  hits="0"  signature="()V" >
				<lines><line number="8"  hits="0" /></lines>
			</method>
			<method name="(anonymous_2)"  hits="0"  signature="()V" >
				<lines><line number="31"  hits="0" /></lines>
			</method>
			<method name="(anonymous_3)"  hits="0"  signature="()V" >
				<lines><line number="38"  hits="0" /></lines>
			</method>
			<method name="(anonymous_4)"  hits="0"  signature="()V" >
				<lines><line number="49"  hits="0" /></lines>
			</method>
			<method name="copyResponseData"  hits="0"  signature="()V" >
				<lines><line number="63"  hits="0" /></lines>
			</method>
		</methods>
		<lines>
			<line number="2"  hits="1"  branch="false" />
			<line number="3"  hits="1"  branch="false" />
			<line number="4"  hits="1"  branch="false" />
			<line number="5"  hits="1"  branch="false" />
			<line number="6"  hits="1"  branch="false" />
			<line number="8"  hits="1"  branch="false" />
			<line number="10"  hits="0"  branch="false" />
			<line number="11"  hits="0"  branch="true"  condition-coverage="0% (0/2)" />
			<line number="12"  hits="0"  branch="true"  condition-coverage="0% (0/2)" />
			<line number="13"  hits="0"  branch="false" />
			<line number="14"  hits="0"  branch="false" />
			<line number="16"  hits="0"  branch="true"  condition-coverage="0% (0/2)" />
			<line number="17"  hits="0"  branch="false" />
			<line number="18"  hits="0"  branch="false" />
			<line number="19"  hits="0"  branch="false" />
			<line number="20"  hits="0"  branch="false" />
			<line number="24"  hits="0"  branch="false" />
			<line number="32"  hits="0"  branch="false" />
			<line number="33"  hits="0"  branch="true"  condition-coverage="0% (0/6)" />
			<line number="34"  hits="0"  branch="false" />
			<line number="36"  hits="0"  branch="false" />
			<line number="40"  hits="0"  branch="false" />
			<line number="43"  hits="0"  branch="true"  condition-coverage="0% (0/2)" />
			<line number="49"  hits="0"  branch="false" />
			<line number="50"  hits="0"  branch="false" />
			<line number="51"  hits="0"  branch="false" />
			<line number="52"  hits="0"  branch="false" />
			<line number="55"  hits="0"  branch="false" />
			<line number="63"  hits="1"  branch="false" />
			<line number="64"  hits="0"  branch="true"  condition-coverage="0% (0/2)" />
			<line number="65"  hits="0"  branch="true"  condition-coverage="0% (0/2)" />
			<line number="66"  hits="0"  branch="false" />
			<line number="67"  hits="0"  branch="false" />
			<line number="69"  hits="0"  branch="false" />
			<line number="72"  hits="0"  branch="false" />
			<line number="74"  hits="0"  branch="true"  condition-coverage="0% (0/2)" />
			<line number="75"  hits="0"  branch="false" />
			<line number="77"  hits="0"  branch="true"  condition-coverage="0% (0/2)" />
			<line number="79"  hits="0"  branch="false" />
			<line number="83"  hits="0"  branch="false" />
			<line number="84"  hits="0"  branch="true"  condition-coverage="0% (0/2)" />
			<line number="85"  hits="0"  branch="false" />
			<line number="87"  hits="0"  branch="false" />
			<line number="88"  hits="0"  branch="false" />
			<line number="91"  hits="0"  branch="false" />
			<line number="93"  hits="1"  branch="false" />
		</lines>
		</class>
		<class name="defaultOptions.js"  filename="app/actions/sniff/linkChecker/defaultOptions.js"  line-rate="1"  branch-rate="1" >
		<methods>
		</methods>
		<lines>
			<line number="2"  hits="1"  branch="false" />
			<line number="3"  hits="1"  branch="false" />
			<line number="5"  hits="1"  branch="false" />
			<line number="35"  hits="1"  branch="false" />
		</lines>
		</class>
		<class name="excludeLink.js"  filename="app/actions/sniff/linkChecker/excludeLink.js"  line-rate="1"  branch-rate="1" >
		<methods>
			<method name="excludeLink"  hits="16"  signature="()V" >
				<lines><line number="7"  hits="16" /></lines>
			</method>
		</methods>
		<lines>
			<line number="1"  hits="1"  branch="false" />
			<line number="4"  hits="1"  branch="false" />
			<line number="5"  hits="1"  branch="false" />
			<line number="7"  hits="1"  branch="false" />
			<line number="9"  hits="16"  branch="false" />
			<line number="10"  hits="16"  branch="false" />
			<line number="11"  hits="16"  branch="false" />
			<line number="12"  hits="16"  branch="false" />
			<line number="13"  hits="16"  branch="true"  condition-coverage="100% (2/2)" />
			<line number="14"  hits="15"  branch="false" />
			<line number="17"  hits="16"  branch="true"  condition-coverage="100% (2/2)" />
			<line number="18"  hits="1"  branch="false" />
			<line number="21"  hits="15"  branch="true"  condition-coverage="100% (4/4)" />
			<line number="22"  hits="1"  branch="false" />
			<line number="24"  hits="14"  branch="true"  condition-coverage="100% (4/4)" />
			<line number="25"  hits="1"  branch="false" />
			<line number="27"  hits="13"  branch="true"  condition-coverage="100% (4/4)" />
			<line number="28"  hits="1"  branch="false" />
			<line number="30"  hits="12"  branch="true"  condition-coverage="100% (4/4)" />
			<line number="31"  hits="1"  branch="false" />
			<line number="33"  hits="11"  branch="true"  condition-coverage="100% (2/2)" />
			<line number="34"  hits="10"  branch="true"  condition-coverage="100% (2/2)" />
			<line number="35"  hits="1"  branch="false" />
			<line number="37"  hits="9"  branch="true"  condition-coverage="100% (2/2)" />
			<line number="38"  hits="7"  branch="true"  condition-coverage="100% (2/2)" />
			<line number="44"  hits="4"  branch="false" />
			<line number="47"  hits="5"  branch="true"  condition-coverage="100% (7/7)" />
			<line number="48"  hits="1"  branch="false" />
			<line number="52"  hits="5"  branch="true"  condition-coverage="100% (2/2)" />
			<line number="53"  hits="1"  branch="false" />
			<line number="56"  hits="4"  branch="false" />
			<line number="58"  hits="1"  branch="false" />
		</lines>
		</class>
		<class name="getHostKey.js"  filename="app/actions/sniff/linkChecker/getHostKey.js"  line-rate="0.8974"  branch-rate="0.9286" >
		<methods>
			<method name="(anonymous_1)"  hits="0"  signature="()V" >
				<lines><line number="7"  hits="0" /></lines>
			</method>
			<method name="getHostKey"  hits="7"  signature="()V" >
				<lines><line number="16"  hits="7" /></lines>
			</method>
		</methods>
		<lines>
			<line number="2"  hits="1"  branch="false" />
			<line number="3"  hits="1"  branch="false" />
			<line number="4"  hits="1"  branch="false" />
			<line number="6"  hits="1"  branch="true"  condition-coverage="50% (1/2)" />
			<line number="7"  hits="0"  branch="false" />
			<line number="8"  hits="0"  branch="false" />
			<line number="10"  hits="0"  branch="false" />
			<line number="12"  hits="1"  branch="false" />
			<line number="13"  hits="1"  branch="false" />
			<line number="16"  hits="1"  branch="false" />
			<line number="17"  hits="7"  branch="false" />
			<line number="18"  hits="7"  branch="false" />
			<line number="20"  hits="7"  branch="true"  condition-coverage="100% (2/2)" />
			<line number="21"  hits="1"  branch="false" />
			<line number="23"  hits="6"  branch="false" />
			<line number="25"  hits="7"  branch="false" />
			<line number="27"  hits="7"  branch="true"  condition-coverage="100% (4/4)" />
			<line number="28"  hits="5"  branch="false" />
			<line number="29"  hits="5"  branch="false" />
			<line number="30"  hits="5"  branch="true"  condition-coverage="100% (4/4)" />
			<line number="31"  hits="2"  branch="false" />
			<line number="35"  hits="5"  branch="true"  condition-coverage="100% (2/2)" />
			<line number="36"  hits="2"  branch="false" />
[...]
			<line number="197"  hits="0"  branch="true"  condition-coverage="0% (0/6)" />
			<line number="198"  hits="0"  branch="false" />
			<line number="200"  hits="0"  branch="false" />
			<line number="201"  hits="0"  branch="false" />
			<line number="202"  hits="0"  branch="false" />
			<line number="204"  hits="0"  branch="false" />
			<line number="206"  hits="0"  branch="false" />
			<line number="225"  hits="0"  branch="true"  condition-coverage="0% (0/2)" />
			<line number="226"  hits="0"  branch="false" />
			<line number="228"  hits="0"  branch="false" />
			<line number="229"  hits="0"  branch="true"  condition-coverage="0% (0/2)" />
			<line number="230"  hits="0"  branch="false" />
			<line number="232"  hits="0"  branch="false" />
			<line number="233"  hits="0"  branch="false" />
			<line number="236"  hits="0"  branch="false" />
			<line number="237"  hits="0"  branch="true"  condition-coverage="0% (0/2)" />
			<line number="238"  hits="0"  branch="false" />
			<line number="241"  hits="0"  branch="false" />
			<line number="242"  hits="0"  branch="false" />
			<line number="252"  hits="0"  branch="false" />
			<line number="258"  hits="0"  branch="false" />
			<line number="260"  hits="0"  branch="false" />
			<line number="265"  hits="0"  branch="false" />
			<line number="266"  hits="0"  branch="false" />
			<line number="270"  hits="0"  branch="false" />
			<line number="275"  hits="0"  branch="false" />
			<line number="278"  hits="1"  branch="false" />
		</lines>
		</class>
	</classes>
	</package>
	<package name="app.settings.requests.resources.method"  line-rate="0.18600000000000003"  branch-rate="0" >
	<classes>
		<class name="minifyCheck.js"  filename="app/settings/requests/resources/method/minifyCheck.js"  line-rate="0.18600000000000003"  branch-rate="0" >
		<methods>
			<method name="minifiedCheck"  hits="0"  signature="()V" >
				<lines><line number="19"  hits="0" /></lines>
			</method>
			<method name="completeResource"  hits="0"  signature="()V" >
				<lines><line number="23"  hits="0" /></lines>
			</method>
			<method name="(anonymous_3)"  hits="0"  signature="()V" >
				<lines><line number="52"  hits="0" /></lines>
			</method>
			<method name="checkMin"  hits="0"  signature="()V" >
				<lines><line number="78"  hits="0" /></lines>
			</method>
			<method name="(anonymous_5)"  hits="0"  signature="()V" >
				<lines><line number="81"  hits="0" /></lines>
			</method>
			<method name="init"  hits="0"  signature="()V" >
				<lines><line number="93"  hits="0" /></lines>
			</method>
			<method name="(anonymous_7)"  hits="0"  signature="()V" >
				<lines><line number="111"  hits="0" /></lines>
			</method>
		</methods>
		<lines>
			<line number="1"  hits="1"  branch="false" />
			<line number="19"  hits="1"  branch="false" />
			<line number="20"  hits="0"  branch="false" />
			<line number="23"  hits="1"  branch="false" />
			<line number="24"  hits="0"  branch="false" />
			<line number="25"  hits="0"  branch="true"  condition-coverage="0% (0/2)" />
			<line number="26"  hits="0"  branch="false" />
			<line number="31"  hits="0"  branch="true"  condition-coverage="0% (0/2)" />
			<line number="32"  hits="0"  branch="false" />
			<line number="37"  hits="0"  branch="false" />
			<line number="38"  hits="0"  branch="false" />
			<line number="42"  hits="0"  branch="false" />
			<line number="48"  hits="0"  branch="false" />
			<line number="53"  hits="0"  branch="true"  condition-coverage="0% (0/2)" />
			<line number="54"  hits="0"  branch="false" />
			<line number="73"  hits="0"  branch="false" />
			<line number="78"  hits="1"  branch="false" />
			<line number="79"  hits="0"  branch="false" />
			<line number="80"  hits="0"  branch="false" />
			<line number="81"  hits="0"  branch="false" />
			<line number="82"  hits="0"  branch="false" />
			<line number="88"  hits="0"  branch="false" />
			<line number="90"  hits="0"  branch="false" />
			<line number="93"  hits="1"  branch="false" />
			<line number="94"  hits="0"  branch="false" />
			<line number="96"  hits="0"  branch="true"  condition-coverage="0% (0/2)" />
			<line number="97"  hits="0"  branch="false" />
			<line number="98"  hits="0"  branch="true"  condition-coverage="0% (0/4)" />
			<line number="99"  hits="0"  branch="false" />
			<line number="104"  hits="0"  branch="false" />
			<line number="112"  hits="0"  branch="true"  condition-coverage="0% (0/2)" />
			<line number="113"  hits="0"  branch="false" />
			<line number="139"  hits="0"  branch="false" />
			<line number="142"  hits="0"  branch="false" />
			<line number="143"  hits="0"  branch="true"  condition-coverage="0% (0/4)" />
			<line number="144"  hits="0"  branch="true"  condition-coverage="0% (0/2)" />
			<line number="145"  hits="0"  branch="true"  condition-coverage="0% (0/2)" />
			<line number="146"  hits="0"  branch="false" />
			<line number="152"  hits="0"  branch="false" />
			<line number="155"  hits="0"  branch="false" />
			<line number="157"  hits="1"  branch="false" />
			<line number="158"  hits="1"  branch="false" />
			<line number="159"  hits="1"  branch="false" />
		</lines>
		</class>
	</classes>
	</package>
	<package name="app.settings.requests.retry"  line-rate="0.2016"  branch-rate="0" >
	<classes>
		<class name="retryables.js"  filename="app/settings/requests/retry/retryables.js"  line-rate="0.2016"  branch-rate="0" >
		<methods>
			<method name="requiresDatabase"  hits="0"  signature="()V" >
				<lines><line number="3"  hits="0" /></lines>
			</method>
			<method name="saveAsActive"  hits="0"  signature="()V" >
				<lines><line number="9"  hits="0" /></lines>
			</method>
			<method name="processHar"  hits="0"  signature="()V" >
				<lines><line number="18"  hits="0" /></lines>
			</method>
			<method name="notify"  hits="0"  signature="()V" >
				<lines><line number="27"  hits="0" /></lines>
			</method>
			<method name="markedRequestAsFailed"  hits="0"  signature="()V" >
				<lines><line number="35"  hits="0" /></lines>
			</method>
			<method name="processUrl"  hits="0"  signature="()V" >
				<lines><line number="49"  hits="0" /></lines>
			</method>
			<method name="(anonymous_7)"  hits="0"  signature="()V" >
				<lines><line number="55"  hits="0" /></lines>
			</method>
			<method name="(anonymous_8)"  hits="0"  signature="()V" >
				<lines><line number="58"  hits="0" /></lines>
			</method>
			<method name="completeRequest"  hits="0"  signature="()V" >
				<lines><line number="65"  hits="0" /></lines>
			</method>
			<method name="completeResource"  hits="0"  signature="()V" >
				<lines><line number="71"  hits="0" /></lines>
			</method>
			<method name="retryUpdateRequest"  hits="0"  signature="()V" >
				<lines><line number="77"  hits="0" /></lines>
			</method>
			<method name="updateBy"  hits="0"  signature="()V" >
				<lines><line number="84"  hits="0" /></lines>
			</method>
			<method name="completeRequest"  hits="0"  signature="()V" >
				<lines><line number="160"  hits="0" /></lines>
			</method>
			<method name="completeLink"  hits="0"  signature="()V" >
				<lines><line number="166"  hits="0" /></lines>
			</method>
			<method name="publishLink"  hits="0"  signature="()V" >
				<lines><line number="175"  hits="0" /></lines>
			</method>
			<method name="(anonymous_16)"  hits="0"  signature="()V" >
				<lines><line number="180"  hits="0" /></lines>
			</method>
			<method name="(anonymous_17)"  hits="0"  signature="()V" >
				<lines><line number="182"  hits="0" /></lines>
			</method>
			<method name="updatePageCount"  hits="0"  signature="()V" >
				<lines><line number="188"  hits="0" /></lines>
			</method>
			<method name="(anonymous_19)"  hits="0"  signature="()V" >
				<lines><line number="191"  hits="0" /></lines>
			</method>
			<method name="(anonymous_20)"  hits="0"  signature="()V" >
				<lines><line number="193"  hits="0" /></lines>
			</method>
			<method name="updateCount"  hits="0"  signature="()V" >
				<lines><line number="199"  hits="0" /></lines>
			</method>
			<method name="processPingIp"  hits="0"  signature="()V" >
				<lines><line number="212"  hits="0" /></lines>
			</method>
			<method name="processCheckSSL"  hits="0"  signature="()V" >
				<lines><line number="218"  hits="0" /></lines>
			</method>
			<method name="processWhois"  hits="0"  signature="()V" >
				<lines><line number="224"  hits="0" /></lines>
			</method>
			<method name="processValidateW3C"  hits="0"  signature="()V" >
				<lines><line number="230"  hits="0" /></lines>
			</method>
			<method name="processTapTargetCheck"  hits="0"  signature="()V" >
				<lines><line number="236"  hits="0" /></lines>
			</method>
			<method name="processCheckSocial"  hits="0"  signature="()V" >
				<lines><line number="242"  hits="0" /></lines>
			</method>
			<method name="processServerInfo"  hits="0"  signature="()V" >
				<lines><line number="248"  hits="0" /></lines>
			</method>
		</methods>
		<lines>
			<line number="1"  hits="1"  branch="false" />
			<line number="3"  hits="1"  branch="false" />
			<line number="9"  hits="1"  branch="false" />
			<line number="10"  hits="0"  branch="false" />
			<line number="11"  hits="0"  branch="false" />
			<line number="12"  hits="0"  branch="false" />
			<line number="13"  hits="0"  branch="false" />
			<line number="14"  hits="0"  branch="false" />
			<line number="15"  hits="0"  branch="false" />
			<line number="18"  hits="1"  branch="false" />
			<line number="19"  hits="0"  branch="false" />
			<line number="20"  hits="0"  branch="false" />
			<line number="21"  hits="0"  branch="false" />
			<line number="22"  hits="0"  branch="false" />
			<line number="23"  hits="0"  branch="false" />
			<line number="24"  hits="0"  branch="false" />
			<line number="27"  hits="1"  branch="false" />
			<line number="29"  hits="0"  branch="false" />
			<line number="30"  hits="0"  branch="false" />
			<line number="31"  hits="0"  branch="false" />
			<line number="32"  hits="0"  branch="false" />
			<line number="35"  hits="1"  branch="false" />
			<line number="36"  hits="0"  branch="false" />
			<line number="37"  hits="0"  branch="false" />
			<line number="38"  hits="0"  branch="false" />
			<line number="46"  hits="0"  branch="false" />
			<line number="49"  hits="1"  branch="false" />
			<line number="50"  hits="0"  branch="false" />
			<line number="51"  hits="0"  branch="false" />
			<line number="52"  hits="0"  branch="false" />
			<line number="53"  hits="0"  branch="false" />
			<line number="54"  hits="0"  branch="false" />
			<line number="55"  hits="0"  branch="false" />
			<line number="56"  hits="0"  branch="false" />
			<line number="60"  hits="0"  branch="false" />
			<line number="62"  hits="0"  branch="false" />
			<line number="65"  hits="1"  branch="false" />
			<line number="66"  hits="0"  branch="false" />
			<line number="67"  hits="0"  branch="false" />
			<line number="68"  hits="0"  branch="false" />
			<line number="71"  hits="1"  branch="false" />
			<line number="72"  hits="0"  branch="false" />
			<line number="73"  hits="0"  branch="false" />
			<line number="74"  hits="0"  branch="false" />
			<line number="77"  hits="1"  branch="false" />
			<line number="78"  hits="0"  branch="false" />
			<line number="79"  hits="0"  branch="false" />
			<line number="80"  hits="0"  branch="false" />
			<line number="81"  hits="0"  branch="false" />
			<line number="84"  hits="1"  branch="false" />
			<line number="85"  hits="0"  branch="false" />
			<line number="87"  hits="0"  branch="true"  condition-coverage="0% (0/2)" />
			<line number="88"  hits="0"  branch="false" />
			<line number="90"  hits="0"  branch="false" />
			<line number="91"  hits="0"  branch="true"  condition-coverage="0% (0/2)" />
			<line number="92"  hits="0"  branch="false" />
			<line number="94"  hits="0"  branch="false" />
			<line number="97"  hits="0"  branch="true"  condition-coverage="0% (0/2)" />
			<line number="98"  hits="0"  branch="false" />
			<line number="99"  hits="0"  branch="false" />
			<line number="100"  hits="0"  branch="true"  condition-coverage="0% (0/2)" />
			<line number="101"  hits="0"  branch="false" />
			<line number="103"  hits="0"  branch="false" />
			<line number="106"  hits="0"  branch="true"  condition-coverage="0% (0/2)" />
			<line number="107"  hits="0"  branch="false" />
			<line number="108"  hits="0"  branch="false" />
			<line number="109"  hits="0"  branch="true"  condition-coverage="0% (0/2)" />
			<line number="110"  hits="0"  branch="false" />
			<line number="112"  hits="0"  branch="false" />
			<line number="117"  hits="0"  branch="false" />
			<line number="119"  hits="0"  branch="false" />
			<line number="160"  hits="1"  branch="false" />
			<line number="161"  hits="0"  branch="false" />
			<line number="162"  hits="0"  branch="false" />
			<line number="163"  hits="0"  branch="false" />
			<line number="166"  hits="1"  branch="false" />
			<line number="168"  hits="0"  branch="false" />
			<line number="171"  hits="0"  branch="false" />
			<line number="172"  hits="0"  branch="false" />
			<line number="175"  hits="1"  branch="false" />
			<line number="176"  hits="0"  branch="false" />
			<line number="181"  hits="0"  branch="false" />
			<line number="183"  hits="0"  branch="false" />
			<line number="185"  hits="0"  branch="false" />
			<line number="188"  hits="1"  branch="false" />
			<line number="190"  hits="0"  branch="false" />
			<line number="191"  hits="0"  branch="false" />
			<line number="192"  hits="0"  branch="false" />
			<line number="194"  hits="0"  branch="false" />
			<line number="196"  hits="0"  branch="false" />
			<line number="199"  hits="1"  branch="false" />
			<line number="201"  hits="0"  branch="false" />
			<line number="208"  hits="0"  branch="false" />
			<line number="209"  hits="0"  branch="false" />
			<line number="212"  hits="1"  branch="false" />
			<line number="213"  hits="0"  branch="false" />
			<line number="214"  hits="0"  branch="false" />
			<line number="215"  hits="0"  branch="false" />
			<line number="218"  hits="1"  branch="false" />
			<line number="219"  hits="0"  branch="false" />
			<line number="220"  hits="0"  branch="false" />
			<line number="221"  hits="0"  branch="false" />
			<line number="224"  hits="1"  branch="false" />
			<line number="225"  hits="0"  branch="false" />
			<line number="226"  hits="0"  branch="false" />
			<line number="227"  hits="0"  branch="false" />
			<line number="230"  hits="1"  branch="false" />
			<line number="231"  hits="0"  branch="false" />
			<line number="232"  hits="0"  branch="false" />
			<line number="233"  hits="0"  branch="false" />
			<line number="236"  hits="1"  branch="false" />
			<line number="237"  hits="0"  branch="false" />
			<line number="238"  hits="0"  branch="false" />
			<line number="239"  hits="0"  branch="false" />
			<line number="242"  hits="1"  branch="false" />
			<line number="243"  hits="0"  branch="false" />
			<line number="244"  hits="0"  branch="false" />
			<line number="245"  hits="0"  branch="false" />
			<line number="248"  hits="1"  branch="false" />
			<line number="249"  hits="0"  branch="false" />
			<line number="250"  hits="0"  branch="false" />
			<line number="251"  hits="0"  branch="false" />
			<line number="258"  hits="1"  branch="false" />
			<line number="288"  hits="1"  branch="false" />
		</lines>
		</class>
	</classes>
	</package>
	<package name="app.settings.requests.serverInfo"  line-rate="0.1481"  branch-rate="0" >
	<classes>
		<class name="process.js"  filename="app/settings/requests/serverInfo/process.js"  line-rate="0.1481"  branch-rate="0" >
		<methods>
			<method name="publish"  hits="0"  signature="()V" >
				<lines><line number="8"  hits="0" /></lines>
			</method>
			<method name="(anonymous_2)"  hits="0"  signature="()V" >
				<lines><line number="20"  hits="0" /></lines>
			</method>
			<method name="process"  hits="0"  signature="()V" >
				<lines><line number="28"  hits="0" /></lines>
			</method>
			<method name="(anonymous_4)"  hits="0"  signature="()V" >
				<lines><line number="33"  hits="0" /></lines>
			</method>
			<method name="(anonymous_5)"  hits="0"  signature="()V" >
				<lines><line number="39"  hits="0" /></lines>
			</method>
			<method name="(anonymous_6)"  hits="0"  signature="()V" >
				<lines><line number="74"  hits="0" /></lines>
			</method>
			<method name="(anonymous_7)"  hits="0"  signature="()V" >
				<lines><line number="81"  hits="0" /></lines>
			</method>
		</methods>
		<lines>
			<line number="1"  hits="1"  branch="false" />
			<line number="8"  hits="1"  branch="false" />
			<line number="9"  hits="0"  branch="false" />
			<line number="20"  hits="0"  branch="false" />
			<line number="21"  hits="0"  branch="false" />
			<line number="23"  hits="0"  branch="false" />
			<line number="24"  hits="0"  branch="false" />
			<line number="28"  hits="1"  branch="false" />
			<line number="29"  hits="0"  branch="false" />
			<line number="30"  hits="0"  branch="false" />
			<line number="31"  hits="0"  branch="false" />
			<line number="32"  hits="0"  branch="false" />
			<line number="33"  hits="0"  branch="false" />
			<line number="34"  hits="0"  branch="false" />
			<line number="37"  hits="0"  branch="false" />
			<line number="40"  hits="0"  branch="true"  condition-coverage="0% (0/2)" />
			<line number="41"  hits="0"  branch="false" />
			<line number="48"  hits="0"  branch="false" />
			<line number="50"  hits="0"  branch="false" />
			<line number="75"  hits="0"  branch="false" />
			<line number="76"  hits="0"  branch="false" />
			<line number="79"  hits="0"  branch="false" />
			<line number="82"  hits="0"  branch="true"  condition-coverage="0% (0/2)" />
			<line number="83"  hits="0"  branch="false" />
			<line number="84"  hits="0"  branch="false" />
			<line number="91"  hits="0"  branch="false" />
			<line number="121"  hits="1"  branch="false" />
		</lines>
		</class>
	</classes>
	</package>
	<package name="app.settings.requests.w3cValidate"  line-rate="0.25"  branch-rate="0" >
	<classes>
		<class name="process.js"  filename="app/settings/requests/w3cValidate/process.js"  line-rate="0.25"  branch-rate="0" >
		<methods>
			<method name="publish"  hits="0"  signature="()V" >
				<lines><line number="8"  hits="0" /></lines>
			</method>
			<method name="complete"  hits="0"  signature="()V" >
				<lines><line number="23"  hits="0" /></lines>
			</method>
			<method name="(anonymous_3)"  hits="0"  signature="()V" >
				<lines><line number="32"  hits="0" /></lines>
			</method>
			<method name="process"  hits="0"  signature="()V" >
				<lines><line number="44"  hits="0" /></lines>
			</method>
			<method name="(anonymous_5)"  hits="0"  signature="()V" >
				<lines><line number="55"  hits="0" /></lines>
			</method>
		</methods>
		<lines>
			<line number="1"  hits="1"  branch="false" />
			<line number="8"  hits="1"  branch="false" />
			<line number="9"  hits="0"  branch="false" />
			<line number="13"  hits="0"  branch="true"  condition-coverage="0% (0/6)" />
			<line number="14"  hits="0"  branch="false" />
			<line number="16"  hits="0"  branch="false" />
			<line number="23"  hits="1"  branch="false" />
			<line number="24"  hits="0"  branch="false" />
			<line number="28"  hits="0"  branch="false" />
			<line number="29"  hits="0"  branch="false" />
			<line number="32"  hits="0"  branch="false" />
			<line number="33"  hits="0"  branch="false" />
			<line number="35"  hits="0"  branch="false" />
			<line number="44"  hits="1"  branch="false" />
			<line number="45"  hits="0"  branch="false" />
			<line number="48"  hits="0"  branch="false" />
			<line number="56"  hits="0"  branch="true"  condition-coverage="0% (0/2)" />
			<line number="57"  hits="0"  branch="false" />
			<line number="63"  hits="0"  branch="false" />
			<line number="91"  hits="1"  branch="false" />
		</lines>
		</class>
	</classes>
	</package>
</packages>
</coverage>
