{"/Users/rebeccahu/Desktop/remote/seosite-queue/app/actions/logError.js":{"path":"/Users/rebeccahu/Desktop/remote/seosite-queue/app/actions/logError.js","s":{"1":1,"2":1},"b":{},"f":{"1":1},"fnMap":{"1":{"name":"log","line":1,"loc":{"start":{"line":1,"column":0},"end":{"line":1,"column":18}}}},"statementMap":{"1":{"start":{"line":1,"column":0},"end":{"line":3,"column":1}},"2":{"start":{"line":4,"column":0},"end":{"line":4,"column":21}}},"branchMap":{}},"/Users/rebeccahu/Desktop/remote/seosite-queue/app/actions/notify.js":{"path":"/Users/rebeccahu/Desktop/remote/seosite-queue/app/actions/notify.js","s":{"1":2,"2":2,"3":2,"4":2,"5":2,"6":2,"7":1},"b":{"1":[2,2],"2":[2,2],"3":[1,1]},"f":{"1":2,"2":2},"fnMap":{"1":{"name":"(anonymous_1)","line":17,"loc":{"start":{"line":17,"column":24},"end":{"line":17,"column":39}}},"2":{"name":"(anonymous_2)","line":29,"loc":{"start":{"line":29,"column":17},"end":{"line":29,"column":32}}}},"statementMap":{"1":{"start":{"line":1,"column":0},"end":{"line":6,"column":42}},"2":{"start":{"line":17,"column":0},"end":{"line":54,"column":1}},"3":{"start":{"line":18,"column":5},"end":{"line":27,"column":7}},"4":{"start":{"line":28,"column":5},"end":{"line":28,"column":33}},"5":{"start":{"line":29,"column":5},"end":{"line":53,"column":8}},"6":{"start":{"line":30,"column":10},"end":{"line":52,"column":11}},"7":{"start":{"line":45,"column":15},"end":{"line":51,"column":20}}},"branchMap":{"1":{"line":19,"type":"binary-expr","locations":[{"start":{"line":19,"column":48},"end":{"line":19,"column":56}},{"start":{"line":19,"column":60},"end":{"line":19,"column":73}}]},"2":{"line":21,"type":"binary-expr","locations":[{"start":{"line":21,"column":16},"end":{"line":21,"column":24}},{"start":{"line":21,"column":28},"end":{"line":21,"column":41}}]},"3":{"line":30,"type":"if","locations":[{"start":{"line":30,"column":10},"end":{"line":30,"column":10}},{"start":{"line":30,"column":10},"end":{"line":30,"column":10}}]}}},"/Users/rebeccahu/Desktop/remote/seosite-queue/app/amqp-connections/publisher.js":{"path":"/Users/rebeccahu/Desktop/remote/seosite-queue/app/amqp-connections/publisher.js","s":{"1":1,"2":1,"3":1,"4":1,"5":1,"6":1,"7":0,"8":0,"9":0,"10":0,"11":0,"12":0,"13":0,"14":0,"15":0,"16":0,"17":0,"18":1,"19":1,"20":1,"21":1,"22":1,"23":1,"24":0,"25":0,"26":0,"27":0,"28":0,"29":1,"30":1,"31":1,"32":1},"b":{"1":[0,0],"2":[0,0],"3":[0,1],"4":[0,0]},"f":{"1":0,"2":0,"3":0,"4":0,"5":1,"6":0},"fnMap":{"1":{"name":"(anonymous_1)","line":10,"loc":{"start":{"line":10,"column":23},"end":{"line":10,"column":43}}},"2":{"name":"(anonymous_2)","line":11,"loc":{"start":{"line":11,"column":35},"end":{"line":11,"column":54}}},"3":{"name":"(anonymous_3)","line":15,"loc":{"start":{"line":15,"column":25},"end":{"line":15,"column":40}}},"4":{"name":"(anonymous_4)","line":18,"loc":{"start":{"line":18,"column":25},"end":{"line":18,"column":37}}},"5":{"name":"publish","line":41,"loc":{"start":{"line":41,"column":0},"end":{"line":41,"column":57}}},"6":{"name":"(anonymous_6)","line":48,"loc":{"start":{"line":48,"column":66},"end":{"line":48,"column":85}}}},"statementMap":{"1":{"start":{"line":1,"column":0},"end":{"line":1,"column":22}},"2":{"start":{"line":2,"column":0},"end":{"line":2,"column":25}},"3":{"start":{"line":3,"column":0},"end":{"line":3,"column":53}},"4":{"start":{"line":4,"column":0},"end":{"line":4,"column":21}},"5":{"start":{"line":5,"column":0},"end":{"line":5,"column":30}},"6":{"start":{"line":10,"column":0},"end":{"line":31,"column":1}},"7":{"start":{"line":11,"column":5},"end":{"line":30,"column":8}},"8":{"start":{"line":12,"column":10},"end":{"line":14,"column":11}},"9":{"start":{"line":13,"column":15},"end":{"line":13,"column":22}},"10":{"start":{"line":15,"column":10},"end":{"line":17,"column":13}},"11":{"start":{"line":18,"column":10},"end":{"line":20,"column":13}},"12":{"start":{"line":22,"column":10},"end":{"line":22,"column":26}},"13":{"start":{"line":23,"column":10},"end":{"line":29,"column":11}},"14":{"start":{"line":24,"column":15},"end":{"line":24,"column":47}},"15":{"start":{"line":25,"column":15},"end":{"line":27,"column":16}},"16":{"start":{"line":26,"column":20},"end":{"line":26,"column":26}},"17":{"start":{"line":28,"column":15},"end":{"line":28,"column":41}},"18":{"start":{"line":41,"column":0},"end":{"line":62,"column":1}},"19":{"start":{"line":43,"column":5},"end":{"line":43,"column":29}},"20":{"start":{"line":44,"column":5},"end":{"line":44,"column":64}},"21":{"start":{"line":45,"column":5},"end":{"line":45,"column":28}},"22":{"start":{"line":46,"column":5},"end":{"line":60,"column":6}},"23":{"start":{"line":48,"column":10},"end":{"line":56,"column":13}},"24":{"start":{"line":49,"column":15},"end":{"line":55,"column":16}},"25":{"start":{"line":50,"column":20},"end":{"line":50,"column":74}},"26":{"start":{"line":51,"column":20},"end":{"line":51,"column":50}},"27":{"start":{"line":52,"column":20},"end":{"line":52,"column":58}},"28":{"start":{"line":54,"column":20},"end":{"line":54,"column":38}},"29":{"start":{"line":58,"column":10},"end":{"line":58,"column":64}},"30":{"start":{"line":59,"column":10},"end":{"line":59,"column":48}},"31":{"start":{"line":61,"column":5},"end":{"line":61,"column":28}},"32":{"start":{"line":64,"column":0},"end":{"line":64,"column":33}}},"branchMap":{"1":{"line":12,"type":"if","locations":[{"start":{"line":12,"column":10},"end":{"line":12,"column":10}},{"start":{"line":12,"column":10},"end":{"line":12,"column":10}}]},"2":{"line":25,"type":"if","locations":[{"start":{"line":25,"column":15},"end":{"line":25,"column":15}},{"start":{"line":25,"column":15},"end":{"line":25,"column":15}}]},"3":{"line":44,"type":"cond-expr","locations":[{"start":{"line":44,"column":51},"end":{"line":44,"column":58}},{"start":{"line":44,"column":61},"end":{"line":44,"column":63}}]},"4":{"line":49,"type":"if","locations":[{"start":{"line":49,"column":15},"end":{"line":49,"column":15}},{"start":{"line":49,"column":15},"end":{"line":49,"column":15}}]}}},"/Users/rebeccahu/Desktop/remote/seosite-queue/app/amqp-connections/helpers/errorHandler.js":{"path":"/Users/rebeccahu/Desktop/remote/seosite-queue/app/amqp-connections/helpers/errorHandler.js","s":{"1":1,"2":0,"3":0,"4":0,"5":0},"b":{"1":[0,0]},"f":{"1":0},"fnMap":{"1":{"name":"closeOnErr","line":1,"loc":{"start":{"line":1,"column":17},"end":{"line":1,"column":52}}}},"statementMap":{"1":{"start":{"line":1,"column":0},"end":{"line":7,"column":1}},"2":{"start":{"line":2,"column":5},"end":{"line":4,"column":6}},"3":{"start":{"line":3,"column":10},"end":{"line":3,"column":23}},"4":{"start":{"line":5,"column":5},"end":{"line":5,"column":22}},"5":{"start":{"line":6,"column":5},"end":{"line":6,"column":17}}},"branchMap":{"1":{"line":2,"type":"if","locations":[{"start":{"line":2,"column":5},"end":{"line":2,"column":5}},{"start":{"line":2,"column":5},"end":{"line":2,"column":5}}]}}},"/Users/rebeccahu/Desktop/remote/seosite-queue/app/models/update.js":{"path":"/Users/rebeccahu/Desktop/remote/seosite-queue/app/models/update.js","s":{"1":1,"2":1,"3":1},"b":{},"f":{},"fnMap":{},"statementMap":{"1":{"start":{"line":1,"column":0},"end":{"line":1,"column":37}},"2":{"start":{"line":3,"column":0},"end":{"line":30,"column":3}},"3":{"start":{"line":32,"column":0},"end":{"line":32,"column":57}}},"branchMap":{}},"/Users/rebeccahu/Desktop/remote/seosite-queue/app/actions/sniff/handleEntry.js":{"path":"/Users/rebeccahu/Desktop/remote/seosite-queue/app/actions/sniff/handleEntry.js","s":{"1":1,"2":1,"3":3,"4":3,"5":0,"6":3,"7":3,"8":3,"9":3,"10":3,"11":3,"12":1,"13":2,"14":2,"15":2,"16":2,"17":2,"18":2,"19":2,"20":0,"21":0,"22":0,"23":0,"24":0,"25":0,"26":0,"27":0,"28":0,"29":0,"30":0,"31":0,"32":0,"33":0,"34":0,"35":0,"36":2,"37":27,"38":27,"39":2,"40":2,"41":0,"42":0,"43":1,"44":2,"45":2,"46":4,"47":2,"48":1,"49":4,"50":19,"51":4,"52":1,"53":1,"54":1,"55":1,"56":1,"57":1,"58":0,"59":0,"60":1,"61":1,"62":1,"63":1,"64":1,"65":1,"66":1},"b":{"1":[0,3],"2":[3,0],"3":[0,0,2],"4":[1,1]},"f":{"1":3,"2":2,"3":0,"4":0,"5":0,"6":0,"7":0,"8":0,"9":27,"10":2,"11":2,"12":4,"13":4,"14":19,"15":1,"16":0,"17":1},"fnMap":{"1":{"name":"tally","line":7,"loc":{"start":{"line":7,"column":0},"end":{"line":7,"column":105}}},"2":{"name":"processRequest","line":27,"loc":{"start":{"line":27,"column":0},"end":{"line":27,"column":74}}},"3":{"name":"(anonymous_3)","line":40,"loc":{"start":{"line":40,"column":31},"end":{"line":40,"column":47}}},"4":{"name":"(anonymous_4)","line":43,"loc":{"start":{"line":43,"column":28},"end":{"line":43,"column":40}}},"5":{"name":"(anonymous_5)","line":47,"loc":{"start":{"line":47,"column":30},"end":{"line":47,"column":46}}},"6":{"name":"(anonymous_6)","line":55,"loc":{"start":{"line":55,"column":34},"end":{"line":55,"column":50}}},"7":{"name":"(anonymous_7)","line":58,"loc":{"start":{"line":58,"column":28},"end":{"line":58,"column":40}}},"8":{"name":"(anonymous_8)","line":62,"loc":{"start":{"line":62,"column":30},"end":{"line":62,"column":46}}},"9":{"name":"(anonymous_9)","line":68,"loc":{"start":{"line":68,"column":30},"end":{"line":68,"column":46}}},"10":{"name":"(anonymous_10)","line":71,"loc":{"start":{"line":71,"column":28},"end":{"line":71,"column":40}}},"11":{"name":"createHeaders","line":84,"loc":{"start":{"line":84,"column":0},"end":{"line":84,"column":30}}},"12":{"name":"(anonymous_12)","line":86,"loc":{"start":{"line":86,"column":35},"end":{"line":86,"column":53}}},"13":{"name":"handleHeaders","line":92,"loc":{"start":{"line":92,"column":0},"end":{"line":92,"column":34}}},"14":{"name":"(anonymous_14)","line":93,"loc":{"start":{"line":93,"column":26},"end":{"line":93,"column":47}}},"15":{"name":"entryHandler","line":99,"loc":{"start":{"line":99,"column":0},"end":{"line":99,"column":43}}},"16":{"name":"(anonymous_16)","line":113,"loc":{"start":{"line":113,"column":23},"end":{"line":113,"column":38}}},"17":{"name":"(anonymous_17)","line":123,"loc":{"start":{"line":123,"column":26},"end":{"line":123,"column":41}}}},"statementMap":{"1":{"start":{"line":1,"column":0},"end":{"line":5,"column":28}},"2":{"start":{"line":7,"column":0},"end":{"line":25,"column":1}},"3":{"start":{"line":8,"column":5},"end":{"line":8,"column":73}},"4":{"start":{"line":10,"column":5},"end":{"line":13,"column":6}},"5":{"start":{"line":12,"column":10},"end":{"line":12,"column":45}},"6":{"start":{"line":15,"column":5},"end":{"line":15,"column":40}},"7":{"start":{"line":16,"column":5},"end":{"line":16,"column":83}},"8":{"start":{"line":17,"column":5},"end":{"line":17,"column":52}},"9":{"start":{"line":18,"column":5},"end":{"line":18,"column":70}},"10":{"start":{"line":19,"column":5},"end":{"line":19,"column":85}},"11":{"start":{"line":21,"column":5},"end":{"line":24,"column":8}},"12":{"start":{"line":27,"column":0},"end":{"line":82,"column":1}},"13":{"start":{"line":28,"column":5},"end":{"line":81,"column":6}},"14":{"start":{"line":29,"column":10},"end":{"line":29,"column":132}},"15":{"start":{"line":30,"column":10},"end":{"line":30,"column":68}},"16":{"start":{"line":32,"column":10},"end":{"line":32,"column":35}},"17":{"start":{"line":33,"column":10},"end":{"line":33,"column":27}},"18":{"start":{"line":34,"column":10},"end":{"line":34,"column":24}},"19":{"start":{"line":36,"column":10},"end":{"line":76,"column":11}},"20":{"start":{"line":38,"column":15},"end":{"line":38,"column":46}},"21":{"start":{"line":40,"column":15},"end":{"line":45,"column":18}},"22":{"start":{"line":41,"column":20},"end":{"line":41,"column":33}},"23":{"start":{"line":42,"column":20},"end":{"line":42,"column":52}},"24":{"start":{"line":44,"column":20},"end":{"line":44,"column":116}},"25":{"start":{"line":47,"column":15},"end":{"line":49,"column":29}},"26":{"start":{"line":48,"column":20},"end":{"line":48,"column":44}},"27":{"start":{"line":51,"column":15},"end":{"line":51,"column":21}},"28":{"start":{"line":53,"column":15},"end":{"line":53,"column":50}},"29":{"start":{"line":55,"column":15},"end":{"line":60,"column":18}},"30":{"start":{"line":56,"column":20},"end":{"line":56,"column":33}},"31":{"start":{"line":57,"column":20},"end":{"line":57,"column":52}},"32":{"start":{"line":59,"column":20},"end":{"line":59,"column":116}},"33":{"start":{"line":62,"column":15},"end":{"line":64,"column":32}},"34":{"start":{"line":63,"column":20},"end":{"line":63,"column":44}},"35":{"start":{"line":66,"column":15},"end":{"line":66,"column":21}},"36":{"start":{"line":68,"column":15},"end":{"line":73,"column":18}},"37":{"start":{"line":69,"column":20},"end":{"line":69,"column":33}},"38":{"start":{"line":70,"column":20},"end":{"line":70,"column":64}},"39":{"start":{"line":72,"column":20},"end":{"line":72,"column":116}},"40":{"start":{"line":75,"column":15},"end":{"line":75,"column":21}},"41":{"start":{"line":78,"column":10},"end":{"line":78,"column":45}},"42":{"start":{"line":80,"column":10},"end":{"line":80,"column":30}},"43":{"start":{"line":84,"column":0},"end":{"line":90,"column":1}},"44":{"start":{"line":85,"column":5},"end":{"line":85,"column":22}},"45":{"start":{"line":86,"column":5},"end":{"line":88,"column":8}},"46":{"start":{"line":87,"column":10},"end":{"line":87,"column":46}},"47":{"start":{"line":89,"column":5},"end":{"line":89,"column":20}},"48":{"start":{"line":92,"column":0},"end":{"line":97,"column":1}},"49":{"start":{"line":93,"column":5},"end":{"line":95,"column":8}},"50":{"start":{"line":94,"column":10},"end":{"line":94,"column":61}},"51":{"start":{"line":96,"column":5},"end":{"line":96,"column":26}},"52":{"start":{"line":99,"column":0},"end":{"line":127,"column":1}},"53":{"start":{"line":101,"column":5},"end":{"line":101,"column":29}},"54":{"start":{"line":102,"column":5},"end":{"line":107,"column":7}},"55":{"start":{"line":109,"column":5},"end":{"line":109,"column":44}},"56":{"start":{"line":110,"column":5},"end":{"line":110,"column":111}},"57":{"start":{"line":112,"column":5},"end":{"line":125,"column":13}},"58":{"start":{"line":114,"column":15},"end":{"line":114,"column":47}},"59":{"start":{"line":115,"column":15},"end":{"line":121,"column":18}},"60":{"start":{"line":124,"column":15},"end":{"line":124,"column":80}},"61":{"start":{"line":126,"column":5},"end":{"line":126,"column":28}},"62":{"start":{"line":129,"column":0},"end":{"line":129,"column":43}},"63":{"start":{"line":130,"column":0},"end":{"line":130,"column":29}},"64":{"start":{"line":131,"column":0},"end":{"line":131,"column":47}},"65":{"start":{"line":132,"column":0},"end":{"line":132,"column":45}},"66":{"start":{"line":133,"column":0},"end":{"line":133,"column":45}}},"branchMap":{"1":{"line":10,"type":"if","locations":[{"start":{"line":10,"column":5},"end":{"line":10,"column":5}},{"start":{"line":10,"column":5},"end":{"line":10,"column":5}}]},"2":{"line":10,"type":"binary-expr","locations":[{"start":{"line":10,"column":9},"end":{"line":10,"column":23}},{"start":{"line":10,"column":27},"end":{"line":10,"column":93}}]},"3":{"line":36,"type":"switch","locations":[{"start":{"line":37,"column":10},"end":{"line":51,"column":21}},{"start":{"line":52,"column":10},"end":{"line":66,"column":21}},{"start":{"line":67,"column":10},"end":{"line":75,"column":21}}]},"4":{"line":106,"type":"binary-expr","locations":[{"start":{"line":106,"column":19},"end":{"line":106,"column":39}},{"start":{"line":106,"column":43},"end":{"line":106,"column":48}}]}}},"/Users/rebeccahu/Desktop/remote/seosite-queue/app/utils.js":{"path":"/Users/rebeccahu/Desktop/remote/seosite-queue/app/utils.js","s":{"1":2,"2":1,"3":1,"4":1,"5":1,"6":1,"7":3,"8":3,"9":3,"10":1,"11":3,"12":1,"13":6,"14":6,"15":6,"16":6,"17":6,"18":3,"19":2,"20":4,"21":2,"22":1,"23":9,"24":9,"25":3,"26":2,"27":7,"28":5,"29":1,"30":8,"31":1,"32":5,"33":5,"34":1,"35":4,"36":4,"37":1,"38":3,"39":3,"40":3,"41":3,"42":1,"43":7,"44":7,"45":5,"46":2,"47":1,"48":3,"49":2,"50":4,"51":3,"52":1,"53":6,"54":6,"55":4,"56":2,"57":1,"58":3,"59":1,"60":2,"61":1,"62":1,"63":6,"64":6,"65":4,"66":2,"67":1,"68":3,"69":1,"70":2,"71":1,"72":1,"73":6,"74":6,"75":6,"76":1,"77":1,"78":6,"79":6,"80":4,"81":2,"82":1,"83":3,"84":1,"85":2,"86":1,"87":1,"88":6,"89":6,"90":4,"91":2,"92":1,"93":3,"94":1,"95":2,"96":1,"97":1,"98":6,"99":6,"100":4,"101":2,"102":1,"103":2,"104":1,"105":2,"106":1,"107":1,"108":6,"109":6,"110":4,"111":4,"112":1,"113":1,"114":3,"115":3,"116":2,"117":1,"118":1,"119":1,"120":1,"121":1,"122":4,"123":4,"124":4,"125":4,"126":4,"127":1,"128":3,"129":4,"130":1,"131":2,"132":1,"133":2,"134":2,"135":2,"136":2,"137":2,"138":2,"139":2,"140":2,"141":2,"142":2,"143":2,"144":2,"145":2,"146":2,"147":2,"148":2,"149":2,"150":2,"151":2,"152":2},"b":{"1":[1,2],"2":[3,3],"3":[2,1],"4":[2,2],"5":[3,6],"6":[2,1],"7":[5,2],"8":[1,4],"9":[1,3],"10":[3,1],"11":[2,3],"12":[1,1],"13":[2,1],"14":[3,1],"15":[2,2],"16":[1,1],"17":[1,2],"18":[1,1],"19":[2,2],"20":[1,1],"21":[1,2],"22":[1,1],"23":[1,5],"24":[2,2],"25":[1,1],"26":[1,2],"27":[1,1],"28":[2,2],"29":[1,1],"30":[1,2],"31":[1,1],"32":[2,2],"33":[1,1],"34":[1,1],"35":[1,1],"36":[1,3],"37":[1,1],"38":[1,0],"39":[0,1],"40":[0,4],"41":[1,3],"42":[1,1],"43":[2,1]},"f":{"1":1,"2":1,"3":3,"4":3,"5":6,"6":6,"7":9,"8":9,"9":8,"10":5,"11":5,"12":4,"13":7,"14":5,"15":6,"16":4,"17":6,"18":4,"19":6,"20":6,"21":4,"22":6,"23":4,"24":6,"25":4,"26":6,"27":4,"28":3,"29":2,"30":4,"31":4,"32":2},"fnMap":{"1":{"name":"getNowUTC","line":14,"loc":{"start":{"line":14,"column":0},"end":{"line":14,"column":21}}},"2":{"name":"sendEmail","line":22,"loc":{"start":{"line":22,"column":0},"end":{"line":22,"column":21}}},"3":{"name":"checkRequirements","line":30,"loc":{"start":{"line":30,"column":0},"end":{"line":30,"column":41}}},"4":{"name":"(anonymous_4)","line":32,"loc":{"start":{"line":32,"column":19},"end":{"line":32,"column":35}}},"5":{"name":"updateActivity","line":46,"loc":{"start":{"line":46,"column":0},"end":{"line":46,"column":45}}},"6":{"name":"(anonymous_6)","line":54,"loc":{"start":{"line":54,"column":17},"end":{"line":54,"column":32}}},"7":{"name":"checkActivity","line":71,"loc":{"start":{"line":71,"column":0},"end":{"line":71,"column":38}}},"8":{"name":"(anonymous_8)","line":74,"loc":{"start":{"line":74,"column":8},"end":{"line":74,"column":33}}},"9":{"name":"checkPermissions","line":90,"loc":{"start":{"line":90,"column":0},"end":{"line":90,"column":42}}},"10":{"name":"checkAvailActivity","line":103,"loc":{"start":{"line":103,"column":0},"end":{"line":103,"column":55}}},"11":{"name":"(anonymous_11)","line":104,"loc":{"start":{"line":104,"column":24},"end":{"line":104,"column":49}}},"12":{"name":"(anonymous_12)","line":108,"loc":{"start":{"line":108,"column":33},"end":{"line":108,"column":60}}},"13":{"name":"findOneUser","line":124,"loc":{"start":{"line":124,"column":0},"end":{"line":124,"column":37}}},"14":{"name":"(anonymous_14)","line":126,"loc":{"start":{"line":126,"column":25},"end":{"line":126,"column":46}}},"15":{"name":"updateBy","line":152,"loc":{"start":{"line":152,"column":0},"end":{"line":152,"column":50}}},"16":{"name":"(anonymous_16)","line":154,"loc":{"start":{"line":154,"column":38},"end":{"line":154,"column":53}}},"17":{"name":"updateUser","line":179,"loc":{"start":{"line":179,"column":0},"end":{"line":179,"column":45}}},"18":{"name":"(anonymous_18)","line":181,"loc":{"start":{"line":181,"column":37},"end":{"line":181,"column":52}}},"19":{"name":"saveModel","line":205,"loc":{"start":{"line":205,"column":0},"end":{"line":205,"column":36}}},"20":{"name":"deleteUser","line":220,"loc":{"start":{"line":220,"column":0},"end":{"line":220,"column":35}}},"21":{"name":"(anonymous_21)","line":224,"loc":{"start":{"line":224,"column":13},"end":{"line":224,"column":28}}},"22":{"name":"saveScan","line":248,"loc":{"start":{"line":248,"column":0},"end":{"line":248,"column":34}}},"23":{"name":"(anonymous_23)","line":250,"loc":{"start":{"line":250,"column":20},"end":{"line":250,"column":35}}},"24":{"name":"findBy","line":275,"loc":{"start":{"line":275,"column":0},"end":{"line":275,"column":33}}},"25":{"name":"(anonymous_25)","line":277,"loc":{"start":{"line":277,"column":26},"end":{"line":277,"column":47}}},"26":{"name":"batchPut","line":303,"loc":{"start":{"line":303,"column":0},"end":{"line":303,"column":45}}},"27":{"name":"(anonymous_27)","line":305,"loc":{"start":{"line":305,"column":35},"end":{"line":305,"column":55}}},"28":{"name":"completeRequest","line":323,"loc":{"start":{"line":323,"column":0},"end":{"line":323,"column":58}}},"29":{"name":"(anonymous_29)","line":331,"loc":{"start":{"line":331,"column":13},"end":{"line":331,"column":31}}},"30":{"name":"retryUpdateRequest","line":388,"loc":{"start":{"line":388,"column":0},"end":{"line":388,"column":44}}},"31":{"name":"(anonymous_31)","line":400,"loc":{"start":{"line":400,"column":10},"end":{"line":400,"column":31}}},"32":{"name":"convertUrl","line":414,"loc":{"start":{"line":414,"column":0},"end":{"line":414,"column":25}}}},"statementMap":{"1":{"start":{"line":1,"column":0},"end":{"line":8,"column":31}},"2":{"start":{"line":14,"column":0},"end":{"line":17,"column":1}},"3":{"start":{"line":15,"column":5},"end":{"line":15,"column":25}},"4":{"start":{"line":16,"column":5},"end":{"line":16,"column":14}},"5":{"start":{"line":22,"column":0},"end":{"line":22,"column":23}},"6":{"start":{"line":30,"column":0},"end":{"line":38,"column":1}},"7":{"start":{"line":31,"column":5},"end":{"line":31,"column":24}},"8":{"start":{"line":32,"column":5},"end":{"line":36,"column":8}},"9":{"start":{"line":33,"column":10},"end":{"line":35,"column":11}},"10":{"start":{"line":34,"column":15},"end":{"line":34,"column":29}},"11":{"start":{"line":37,"column":5},"end":{"line":37,"column":19}},"12":{"start":{"line":46,"column":0},"end":{"line":64,"column":1}},"13":{"start":{"line":47,"column":5},"end":{"line":49,"column":7}},"14":{"start":{"line":50,"column":5},"end":{"line":50,"column":46}},"15":{"start":{"line":51,"column":5},"end":{"line":51,"column":48}},"16":{"start":{"line":52,"column":5},"end":{"line":63,"column":8}},"17":{"start":{"line":55,"column":10},"end":{"line":59,"column":11}},"18":{"start":{"line":56,"column":15},"end":{"line":58,"column":16}},"19":{"start":{"line":57,"column":20},"end":{"line":57,"column":41}},"20":{"start":{"line":60,"column":10},"end":{"line":62,"column":11}},"21":{"start":{"line":61,"column":15},"end":{"line":61,"column":37}},"22":{"start":{"line":71,"column":0},"end":{"line":84,"column":1}},"23":{"start":{"line":72,"column":5},"end":{"line":83,"column":8}},"24":{"start":{"line":75,"column":10},"end":{"line":79,"column":11}},"25":{"start":{"line":76,"column":15},"end":{"line":78,"column":16}},"26":{"start":{"line":77,"column":20},"end":{"line":77,"column":41}},"27":{"start":{"line":80,"column":10},"end":{"line":82,"column":11}},"28":{"start":{"line":81,"column":15},"end":{"line":81,"column":47}},"29":{"start":{"line":90,"column":0},"end":{"line":94,"column":1}},"30":{"start":{"line":91,"column":5},"end":{"line":93,"column":18}},"31":{"start":{"line":103,"column":0},"end":{"line":118,"column":1}},"32":{"start":{"line":104,"column":5},"end":{"line":117,"column":7}},"33":{"start":{"line":105,"column":10},"end":{"line":107,"column":11}},"34":{"start":{"line":106,"column":15},"end":{"line":106,"column":36}},"35":{"start":{"line":108,"column":10},"end":{"line":116,"column":12}},"36":{"start":{"line":109,"column":15},"end":{"line":111,"column":16}},"37":{"start":{"line":110,"column":20},"end":{"line":110,"column":41}},"38":{"start":{"line":112,"column":15},"end":{"line":112,"column":96}},"39":{"start":{"line":113,"column":15},"end":{"line":113,"column":102}},"40":{"start":{"line":114,"column":15},"end":{"line":114,"column":77}},"41":{"start":{"line":115,"column":15},"end":{"line":115,"column":40}},"42":{"start":{"line":124,"column":0},"end":{"line":144,"column":1}},"43":{"start":{"line":125,"column":5},"end":{"line":143,"column":6}},"44":{"start":{"line":126,"column":10},"end":{"line":136,"column":13}},"45":{"start":{"line":127,"column":15},"end":{"line":135,"column":16}},"46":{"start":{"line":128,"column":20},"end":{"line":130,"column":21}},"47":{"start":{"line":129,"column":25},"end":{"line":129,"column":46}},"48":{"start":{"line":132,"column":20},"end":{"line":134,"column":21}},"49":{"start":{"line":133,"column":25},"end":{"line":133,"column":53}},"50":{"start":{"line":138,"column":10},"end":{"line":142,"column":11}},"51":{"start":{"line":139,"column":15},"end":{"line":141,"column":18}},"52":{"start":{"line":152,"column":0},"end":{"line":171,"column":1}},"53":{"start":{"line":153,"column":5},"end":{"line":170,"column":6}},"54":{"start":{"line":154,"column":10},"end":{"line":163,"column":13}},"55":{"start":{"line":155,"column":15},"end":{"line":159,"column":16}},"56":{"start":{"line":156,"column":20},"end":{"line":158,"column":21}},"57":{"start":{"line":157,"column":25},"end":{"line":157,"column":46}},"58":{"start":{"line":160,"column":15},"end":{"line":162,"column":16}},"59":{"start":{"line":161,"column":20},"end":{"line":161,"column":42}},"60":{"start":{"line":165,"column":10},"end":{"line":169,"column":11}},"61":{"start":{"line":166,"column":15},"end":{"line":168,"column":18}},"62":{"start":{"line":179,"column":0},"end":{"line":198,"column":1}},"63":{"start":{"line":180,"column":5},"end":{"line":197,"column":6}},"64":{"start":{"line":181,"column":10},"end":{"line":190,"column":13}},"65":{"start":{"line":182,"column":15},"end":{"line":186,"column":16}},"66":{"start":{"line":183,"column":20},"end":{"line":185,"column":21}},"67":{"start":{"line":184,"column":25},"end":{"line":184,"column":46}},"68":{"start":{"line":187,"column":15},"end":{"line":189,"column":16}},"69":{"start":{"line":188,"column":20},"end":{"line":188,"column":42}},"70":{"start":{"line":192,"column":10},"end":{"line":196,"column":11}},"71":{"start":{"line":193,"column":15},"end":{"line":195,"column":18}},"72":{"start":{"line":205,"column":0},"end":{"line":213,"column":1}},"73":{"start":{"line":206,"column":5},"end":{"line":212,"column":6}},"74":{"start":{"line":207,"column":10},"end":{"line":207,"column":31}},"75":{"start":{"line":209,"column":10},"end":{"line":211,"column":11}},"76":{"start":{"line":210,"column":15},"end":{"line":210,"column":27}},"77":{"start":{"line":220,"column":0},"end":{"line":241,"column":1}},"78":{"start":{"line":221,"column":5},"end":{"line":240,"column":6}},"79":{"start":{"line":222,"column":10},"end":{"line":233,"column":13}},"80":{"start":{"line":225,"column":15},"end":{"line":229,"column":16}},"81":{"start":{"line":226,"column":20},"end":{"line":228,"column":21}},"82":{"start":{"line":227,"column":25},"end":{"line":227,"column":46}},"83":{"start":{"line":230,"column":15},"end":{"line":232,"column":16}},"84":{"start":{"line":231,"column":20},"end":{"line":231,"column":42}},"85":{"start":{"line":235,"column":10},"end":{"line":239,"column":11}},"86":{"start":{"line":236,"column":15},"end":{"line":238,"column":18}},"87":{"start":{"line":248,"column":0},"end":{"line":267,"column":1}},"88":{"start":{"line":249,"column":5},"end":{"line":266,"column":6}},"89":{"start":{"line":250,"column":10},"end":{"line":259,"column":13}},"90":{"start":{"line":251,"column":15},"end":{"line":255,"column":16}},"91":{"start":{"line":252,"column":20},"end":{"line":254,"column":21}},"92":{"start":{"line":253,"column":25},"end":{"line":253,"column":46}},"93":{"start":{"line":256,"column":15},"end":{"line":258,"column":16}},"94":{"start":{"line":257,"column":20},"end":{"line":257,"column":42}},"95":{"start":{"line":261,"column":10},"end":{"line":265,"column":11}},"96":{"start":{"line":262,"column":15},"end":{"line":264,"column":18}},"97":{"start":{"line":275,"column":0},"end":{"line":295,"column":1}},"98":{"start":{"line":276,"column":5},"end":{"line":294,"column":6}},"99":{"start":{"line":277,"column":10},"end":{"line":287,"column":13}},"100":{"start":{"line":278,"column":15},"end":{"line":286,"column":16}},"101":{"start":{"line":279,"column":20},"end":{"line":281,"column":21}},"102":{"start":{"line":280,"column":25},"end":{"line":280,"column":40}},"103":{"start":{"line":283,"column":20},"end":{"line":285,"column":21}},"104":{"start":{"line":284,"column":25},"end":{"line":284,"column":47}},"105":{"start":{"line":289,"column":10},"end":{"line":293,"column":11}},"106":{"start":{"line":290,"column":15},"end":{"line":292,"column":18}},"107":{"start":{"line":303,"column":0},"end":{"line":315,"column":1}},"108":{"start":{"line":304,"column":5},"end":{"line":314,"column":6}},"109":{"start":{"line":305,"column":10},"end":{"line":307,"column":13}},"110":{"start":{"line":306,"column":15},"end":{"line":306,"column":34}},"111":{"start":{"line":309,"column":10},"end":{"line":313,"column":11}},"112":{"start":{"line":310,"column":15},"end":{"line":312,"column":18}},"113":{"start":{"line":323,"column":0},"end":{"line":381,"column":1}},"114":{"start":{"line":324,"column":5},"end":{"line":380,"column":6}},"115":{"start":{"line":325,"column":10},"end":{"line":362,"column":13}},"116":{"start":{"line":332,"column":15},"end":{"line":361,"column":16}},"117":{"start":{"line":333,"column":20},"end":{"line":348,"column":23}},"118":{"start":{"line":350,"column":20},"end":{"line":359,"column":23}},"119":{"start":{"line":360,"column":20},"end":{"line":360,"column":42}},"120":{"start":{"line":364,"column":10},"end":{"line":379,"column":13}},"121":{"start":{"line":388,"column":0},"end":{"line":408,"column":1}},"122":{"start":{"line":389,"column":2},"end":{"line":389,"column":29}},"123":{"start":{"line":390,"column":5},"end":{"line":394,"column":7}},"124":{"start":{"line":395,"column":5},"end":{"line":397,"column":7}},"125":{"start":{"line":399,"column":5},"end":{"line":406,"column":13}},"126":{"start":{"line":401,"column":15},"end":{"line":405,"column":16}},"127":{"start":{"line":402,"column":20},"end":{"line":402,"column":37}},"128":{"start":{"line":404,"column":17},"end":{"line":404,"column":35}},"129":{"start":{"line":407,"column":10},"end":{"line":407,"column":33}},"130":{"start":{"line":414,"column":0},"end":{"line":419,"column":1}},"131":{"start":{"line":415,"column":5},"end":{"line":417,"column":6}},"132":{"start":{"line":416,"column":10},"end":{"line":416,"column":32}},"133":{"start":{"line":418,"column":5},"end":{"line":418,"column":15}},"134":{"start":{"line":421,"column":0},"end":{"line":421,"column":37}},"135":{"start":{"line":422,"column":0},"end":{"line":422,"column":39}},"136":{"start":{"line":423,"column":0},"end":{"line":423,"column":55}},"137":{"start":{"line":424,"column":0},"end":{"line":424,"column":59}},"138":{"start":{"line":425,"column":0},"end":{"line":425,"column":49}},"139":{"start":{"line":426,"column":0},"end":{"line":426,"column":31}},"140":{"start":{"line":427,"column":0},"end":{"line":427,"column":51}},"141":{"start":{"line":428,"column":0},"end":{"line":428,"column":35}},"142":{"start":{"line":429,"column":0},"end":{"line":429,"column":35}},"143":{"start":{"line":430,"column":0},"end":{"line":430,"column":37}},"144":{"start":{"line":431,"column":0},"end":{"line":431,"column":47}},"145":{"start":{"line":432,"column":0},"end":{"line":432,"column":45}},"146":{"start":{"line":433,"column":0},"end":{"line":433,"column":55}},"147":{"start":{"line":434,"column":0},"end":{"line":434,"column":41}},"148":{"start":{"line":435,"column":0},"end":{"line":435,"column":39}},"149":{"start":{"line":436,"column":0},"end":{"line":436,"column":39}},"150":{"start":{"line":437,"column":0},"end":{"line":437,"column":35}},"151":{"start":{"line":438,"column":0},"end":{"line":438,"column":37}},"152":{"start":{"line":439,"column":0},"end":{"line":439,"column":53}}},"branchMap":{"1":{"line":33,"type":"if","locations":[{"start":{"line":33,"column":10},"end":{"line":33,"column":10}},{"start":{"line":33,"column":10},"end":{"line":33,"column":10}}]},"2":{"line":55,"type":"if","locations":[{"start":{"line":55,"column":10},"end":{"line":55,"column":10}},{"start":{"line":55,"column":10},"end":{"line":55,"column":10}}]},"3":{"line":56,"type":"if","locations":[{"start":{"line":56,"column":15},"end":{"line":56,"column":15}},{"start":{"line":56,"column":15},"end":{"line":56,"column":15}}]},"4":{"line":60,"type":"if","locations":[{"start":{"line":60,"column":10},"end":{"line":60,"column":10}},{"start":{"line":60,"column":10},"end":{"line":60,"column":10}}]},"5":{"line":75,"type":"if","locations":[{"start":{"line":75,"column":10},"end":{"line":75,"column":10}},{"start":{"line":75,"column":10},"end":{"line":75,"column":10}}]},"6":{"line":76,"type":"if","locations":[{"start":{"line":76,"column":15},"end":{"line":76,"column":15}},{"start":{"line":76,"column":15},"end":{"line":76,"column":15}}]},"7":{"line":80,"type":"if","locations":[{"start":{"line":80,"column":10},"end":{"line":80,"column":10}},{"start":{"line":80,"column":10},"end":{"line":80,"column":10}}]},"8":{"line":105,"type":"if","locations":[{"start":{"line":105,"column":10},"end":{"line":105,"column":10}},{"start":{"line":105,"column":10},"end":{"line":105,"column":10}}]},"9":{"line":109,"type":"if","locations":[{"start":{"line":109,"column":15},"end":{"line":109,"column":15}},{"start":{"line":109,"column":15},"end":{"line":109,"column":15}}]},"10":{"line":114,"type":"binary-expr","locations":[{"start":{"line":114,"column":31},"end":{"line":114,"column":50}},{"start":{"line":114,"column":54},"end":{"line":114,"column":75}}]},"11":{"line":127,"type":"if","locations":[{"start":{"line":127,"column":15},"end":{"line":127,"column":15}},{"start":{"line":127,"column":15},"end":{"line":127,"column":15}}]},"12":{"line":128,"type":"if","locations":[{"start":{"line":128,"column":20},"end":{"line":128,"column":20}},{"start":{"line":128,"column":20},"end":{"line":128,"column":20}}]},"13":{"line":132,"type":"if","locations":[{"start":{"line":132,"column":20},"end":{"line":132,"column":20}},{"start":{"line":132,"column":20},"end":{"line":132,"column":20}}]},"14":{"line":138,"type":"if","locations":[{"start":{"line":138,"column":10},"end":{"line":138,"column":10}},{"start":{"line":138,"column":10},"end":{"line":138,"column":10}}]},"15":{"line":155,"type":"if","locations":[{"start":{"line":155,"column":15},"end":{"line":155,"column":15}},{"start":{"line":155,"column":15},"end":{"line":155,"column":15}}]},"16":{"line":156,"type":"if","locations":[{"start":{"line":156,"column":20},"end":{"line":156,"column":20}},{"start":{"line":156,"column":20},"end":{"line":156,"column":20}}]},"17":{"line":160,"type":"if","locations":[{"start":{"line":160,"column":15},"end":{"line":160,"column":15}},{"start":{"line":160,"column":15},"end":{"line":160,"column":15}}]},"18":{"line":165,"type":"if","locations":[{"start":{"line":165,"column":10},"end":{"line":165,"column":10}},{"start":{"line":165,"column":10},"end":{"line":165,"column":10}}]},"19":{"line":182,"type":"if","locations":[{"start":{"line":182,"column":15},"end":{"line":182,"column":15}},{"start":{"line":182,"column":15},"end":{"line":182,"column":15}}]},"20":{"line":183,"type":"if","locations":[{"start":{"line":183,"column":20},"end":{"line":183,"column":20}},{"start":{"line":183,"column":20},"end":{"line":183,"column":20}}]},"21":{"line":187,"type":"if","locations":[{"start":{"line":187,"column":15},"end":{"line":187,"column":15}},{"start":{"line":187,"column":15},"end":{"line":187,"column":15}}]},"22":{"line":192,"type":"if","locations":[{"start":{"line":192,"column":10},"end":{"line":192,"column":10}},{"start":{"line":192,"column":10},"end":{"line":192,"column":10}}]},"23":{"line":209,"type":"if","locations":[{"start":{"line":209,"column":10},"end":{"line":209,"column":10}},{"start":{"line":209,"column":10},"end":{"line":209,"column":10}}]},"24":{"line":225,"type":"if","locations":[{"start":{"line":225,"column":15},"end":{"line":225,"column":15}},{"start":{"line":225,"column":15},"end":{"line":225,"column":15}}]},"25":{"line":226,"type":"if","locations":[{"start":{"line":226,"column":20},"end":{"line":226,"column":20}},{"start":{"line":226,"column":20},"end":{"line":226,"column":20}}]},"26":{"line":230,"type":"if","locations":[{"start":{"line":230,"column":15},"end":{"line":230,"column":15}},{"start":{"line":230,"column":15},"end":{"line":230,"column":15}}]},"27":{"line":235,"type":"if","locations":[{"start":{"line":235,"column":10},"end":{"line":235,"column":10}},{"start":{"line":235,"column":10},"end":{"line":235,"column":10}}]},"28":{"line":251,"type":"if","locations":[{"start":{"line":251,"column":15},"end":{"line":251,"column":15}},{"start":{"line":251,"column":15},"end":{"line":251,"column":15}}]},"29":{"line":252,"type":"if","locations":[{"start":{"line":252,"column":20},"end":{"line":252,"column":20}},{"start":{"line":252,"column":20},"end":{"line":252,"column":20}}]},"30":{"line":256,"type":"if","locations":[{"start":{"line":256,"column":15},"end":{"line":256,"column":15}},{"start":{"line":256,"column":15},"end":{"line":256,"column":15}}]},"31":{"line":261,"type":"if","locations":[{"start":{"line":261,"column":10},"end":{"line":261,"column":10}},{"start":{"line":261,"column":10},"end":{"line":261,"column":10}}]},"32":{"line":278,"type":"if","locations":[{"start":{"line":278,"column":15},"end":{"line":278,"column":15}},{"start":{"line":278,"column":15},"end":{"line":278,"column":15}}]},"33":{"line":279,"type":"if","locations":[{"start":{"line":279,"column":20},"end":{"line":279,"column":20}},{"start":{"line":279,"column":20},"end":{"line":279,"column":20}}]},"34":{"line":283,"type":"if","locations":[{"start":{"line":283,"column":20},"end":{"line":283,"column":20}},{"start":{"line":283,"column":20},"end":{"line":283,"column":20}}]},"35":{"line":289,"type":"if","locations":[{"start":{"line":289,"column":10},"end":{"line":289,"column":10}},{"start":{"line":289,"column":10},"end":{"line":289,"column":10}}]},"36":{"line":309,"type":"if","locations":[{"start":{"line":309,"column":10},"end":{"line":309,"column":10}},{"start":{"line":309,"column":10},"end":{"line":309,"column":10}}]},"37":{"line":332,"type":"if","locations":[{"start":{"line":332,"column":15},"end":{"line":332,"column":15}},{"start":{"line":332,"column":15},"end":{"line":332,"column":15}}]},"38":{"line":351,"type":"cond-expr","locations":[{"start":{"line":351,"column":46},"end":{"line":351,"column":53}},{"start":{"line":351,"column":56},"end":{"line":351,"column":79}}]},"39":{"line":356,"type":"cond-expr","locations":[{"start":{"line":356,"column":42},"end":{"line":356,"column":48}},{"start":{"line":356,"column":49},"end":{"line":356,"column":58}}]},"40":{"line":392,"type":"cond-expr","locations":[{"start":{"line":392,"column":47},"end":{"line":392,"column":67}},{"start":{"line":392,"column":71},"end":{"line":392,"column":73}}]},"41":{"line":401,"type":"if","locations":[{"start":{"line":401,"column":15},"end":{"line":401,"column":15}},{"start":{"line":401,"column":15},"end":{"line":401,"column":15}}]},"42":{"line":415,"type":"if","locations":[{"start":{"line":415,"column":5},"end":{"line":415,"column":5}},{"start":{"line":415,"column":5},"end":{"line":415,"column":5}}]},"43":{"line":415,"type":"binary-expr","locations":[{"start":{"line":415,"column":9},"end":{"line":415,"column":32}},{"start":{"line":415,"column":36},"end":{"line":415,"column":69}}]}}},"/Users/rebeccahu/Desktop/remote/seosite-queue/app/models/user.js":{"path":"/Users/rebeccahu/Desktop/remote/seosite-queue/app/models/user.js","s":{"1":1,"2":1,"3":1},"b":{},"f":{},"fnMap":{},"statementMap":{"1":{"start":{"line":1,"column":0},"end":{"line":1,"column":37}},"2":{"start":{"line":2,"column":0},"end":{"line":58,"column":3}},"3":{"start":{"line":59,"column":0},"end":{"line":59,"column":53}}},"branchMap":{}},"/Users/rebeccahu/Desktop/remote/seosite-queue/app/models/activity.js":{"path":"/Users/rebeccahu/Desktop/remote/seosite-queue/app/models/activity.js","s":{"1":2,"2":2,"3":2},"b":{},"f":{},"fnMap":{},"statementMap":{"1":{"start":{"line":1,"column":0},"end":{"line":1,"column":37}},"2":{"start":{"line":3,"column":0},"end":{"line":43,"column":3}},"3":{"start":{"line":44,"column":0},"end":{"line":44,"column":61}}},"branchMap":{}},"/Users/rebeccahu/Desktop/remote/seosite-queue/app/models/request.js":{"path":"/Users/rebeccahu/Desktop/remote/seosite-queue/app/models/request.js","s":{"1":1,"2":1,"3":1},"b":{},"f":{},"fnMap":{},"statementMap":{"1":{"start":{"line":1,"column":0},"end":{"line":1,"column":37}},"2":{"start":{"line":3,"column":0},"end":{"line":55,"column":3}},"3":{"start":{"line":56,"column":0},"end":{"line":56,"column":31}}},"branchMap":{}},"/Users/rebeccahu/Desktop/remote/seosite-queue/app/models/permission.js":{"path":"/Users/rebeccahu/Desktop/remote/seosite-queue/app/models/permission.js","s":{"1":1,"2":1,"3":1},"b":{},"f":{},"fnMap":{},"statementMap":{"1":{"start":{"line":2,"column":0},"end":{"line":2,"column":37}},"2":{"start":{"line":3,"column":0},"end":{"line":46,"column":3}},"3":{"start":{"line":48,"column":0},"end":{"line":48,"column":65}}},"branchMap":{}},"/Users/rebeccahu/Desktop/remote/seosite-queue/app/actions/sniff/linkChecker/checkErrors.js":{"path":"/Users/rebeccahu/Desktop/remote/seosite-queue/app/actions/sniff/linkChecker/checkErrors.js","s":{"1":1,"2":1,"3":5,"4":5,"5":1,"6":5,"7":2,"8":2,"9":2,"10":3,"11":3,"12":2,"13":2,"14":2,"15":1},"b":{"1":[1,4],"2":[2,3],"3":[2,1],"4":[3,2]},"f":{"1":5},"fnMap":{"1":{"name":"checkErrors","line":4,"loc":{"start":{"line":4,"column":0},"end":{"line":4,"column":31}}}},"statementMap":{"1":{"start":{"line":2,"column":0},"end":{"line":2,"column":42}},"2":{"start":{"line":4,"column":0},"end":{"line":22,"column":1}},"3":{"start":{"line":5,"column":5},"end":{"line":5,"column":15}},"4":{"start":{"line":6,"column":5},"end":{"line":8,"column":6}},"5":{"start":{"line":7,"column":7},"end":{"line":7,"column":21}},"6":{"start":{"line":10,"column":5},"end":{"line":14,"column":6}},"7":{"start":{"line":11,"column":10},"end":{"line":11,"column":51}},"8":{"start":{"line":12,"column":10},"end":{"line":12,"column":43}},"9":{"start":{"line":13,"column":10},"end":{"line":13,"column":23}},"10":{"start":{"line":15,"column":5},"end":{"line":15,"column":49}},"11":{"start":{"line":17,"column":5},"end":{"line":21,"column":6}},"12":{"start":{"line":18,"column":10},"end":{"line":18,"column":56}},"13":{"start":{"line":19,"column":10},"end":{"line":19,"column":43}},"14":{"start":{"line":20,"column":10},"end":{"line":20,"column":23}},"15":{"start":{"line":24,"column":0},"end":{"line":24,"column":29}}},"branchMap":{"1":{"line":6,"type":"if","locations":[{"start":{"line":6,"column":5},"end":{"line":6,"column":5}},{"start":{"line":6,"column":5},"end":{"line":6,"column":5}}]},"2":{"line":10,"type":"if","locations":[{"start":{"line":10,"column":5},"end":{"line":10,"column":5}},{"start":{"line":10,"column":5},"end":{"line":10,"column":5}}]},"3":{"line":17,"type":"if","locations":[{"start":{"line":17,"column":5},"end":{"line":17,"column":5}},{"start":{"line":17,"column":5},"end":{"line":17,"column":5}}]},"4":{"line":17,"type":"binary-expr","locations":[{"start":{"line":17,"column":9},"end":{"line":17,"column":21}},{"start":{"line":17,"column":25},"end":{"line":17,"column":56}}]}}},"/Users/rebeccahu/Desktop/remote/seosite-queue/app/actions/sniff/linkChecker/messages.js":{"path":"/Users/rebeccahu/Desktop/remote/seosite-queue/app/actions/sniff/linkChecker/messages.js","s":{"1":1,"2":1,"3":1,"4":1,"5":2,"6":2,"7":1,"8":1,"9":59,"10":1,"11":62,"12":1},"b":{"1":[1,1]},"f":{"1":2},"fnMap":{"1":{"name":"(anonymous_1)","line":8,"loc":{"start":{"line":8,"column":20},"end":{"line":8,"column":36}}}},"statementMap":{"1":{"start":{"line":2,"column":0},"end":{"line":2,"column":34}},"2":{"start":{"line":3,"column":0},"end":{"line":3,"column":47}},"3":{"start":{"line":5,"column":0},"end":{"line":5,"column":6}},"4":{"start":{"line":7,"column":0},"end":{"line":13,"column":2}},"5":{"start":{"line":9,"column":10},"end":{"line":9,"column":56}},"6":{"start":{"line":10,"column":10},"end":{"line":10,"column":61}},"7":{"start":{"line":15,"column":0},"end":{"line":29,"column":2}},"8":{"start":{"line":31,"column":0},"end":{"line":33,"column":1}},"9":{"start":{"line":32,"column":5},"end":{"line":32,"column":67}},"10":{"start":{"line":35,"column":0},"end":{"line":37,"column":1}},"11":{"start":{"line":36,"column":5},"end":{"line":36,"column":60}},"12":{"start":{"line":39,"column":0},"end":{"line":42,"column":2}}},"branchMap":{"1":{"line":9,"type":"cond-expr","locations":[{"start":{"line":9,"column":32},"end":{"line":9,"column":36}},{"start":{"line":9,"column":39},"end":{"line":9,"column":55}}]}}},"/Users/rebeccahu/Desktop/remote/seosite-queue/app/actions/sniff/linkChecker/checkUrl.js":{"path":"/Users/rebeccahu/Desktop/remote/seosite-queue/app/actions/sniff/linkChecker/checkUrl.js","s":{"1":1,"2":1,"3":1,"4":1,"5":1,"6":1,"7":0,"8":0,"9":0,"10":0,"11":0,"12":0,"13":0,"14":0,"15":0,"16":0,"17":0,"18":0,"19":0,"20":0,"21":0,"22":0,"23":0,"24":0,"25":0,"26":0,"27":0,"28":0,"29":1,"30":0,"31":0,"32":0,"33":0,"34":0,"35":0,"36":0,"37":0,"38":0,"39":0,"40":0,"41":0,"42":0,"43":0,"44":0,"45":0,"46":1},"b":{"1":[0,0],"2":[0,0],"3":[0,0],"4":[0,0],"5":[0,0],"6":[0,0,0,0],"7":[0,0],"8":[0,0],"9":[0,0],"10":[0,0],"11":[0,0],"12":[0,0]},"f":{"1":0,"2":0,"3":0,"4":0,"5":0},"fnMap":{"1":{"name":"checkUrl","line":8,"loc":{"start":{"line":8,"column":0},"end":{"line":8,"column":56}}},"2":{"name":"(anonymous_2)","line":31,"loc":{"start":{"line":31,"column":23},"end":{"line":31,"column":43}}},"3":{"name":"(anonymous_3)","line":38,"loc":{"start":{"line":38,"column":17},"end":{"line":38,"column":34}}},"4":{"name":"(anonymous_4)","line":49,"loc":{"start":{"line":49,"column":30},"end":{"line":49,"column":50}}},"5":{"name":"copyResponseData","line":63,"loc":{"start":{"line":63,"column":0},"end":{"line":63,"column":51}}}},"statementMap":{"1":{"start":{"line":2,"column":0},"end":{"line":2,"column":35}},"2":{"start":{"line":3,"column":0},"end":{"line":3,"column":44}},"3":{"start":{"line":4,"column":0},"end":{"line":4,"column":49}},"4":{"start":{"line":5,"column":0},"end":{"line":5,"column":29}},"5":{"start":{"line":6,"column":0},"end":{"line":6,"column":31}},"6":{"start":{"line":8,"column":0},"end":{"line":57,"column":1}},"7":{"start":{"line":10,"column":5},"end":{"line":10,"column":16}},"8":{"start":{"line":11,"column":5},"end":{"line":22,"column":6}},"9":{"start":{"line":12,"column":10},"end":{"line":15,"column":11}},"10":{"start":{"line":13,"column":15},"end":{"line":13,"column":36}},"11":{"start":{"line":14,"column":15},"end":{"line":14,"column":55}},"12":{"start":{"line":16,"column":10},"end":{"line":21,"column":11}},"13":{"start":{"line":17,"column":15},"end":{"line":17,"column":34}},"14":{"start":{"line":18,"column":15},"end":{"line":18,"column":49}},"15":{"start":{"line":19,"column":15},"end":{"line":19,"column":35}},"16":{"start":{"line":20,"column":15},"end":{"line":20,"column":44}},"17":{"start":{"line":24,"column":5},"end":{"line":41,"column":13}},"18":{"start":{"line":32,"column":15},"end":{"line":32,"column":51}},"19":{"start":{"line":33,"column":15},"end":{"line":35,"column":16}},"20":{"start":{"line":34,"column":20},"end":{"line":34,"column":72}},"21":{"start":{"line":36,"column":15},"end":{"line":36,"column":31}},"22":{"start":{"line":40,"column":15},"end":{"line":40,"column":28}},"23":{"start":{"line":43,"column":5},"end":{"line":56,"column":6}},"24":{"start":{"line":49,"column":10},"end":{"line":53,"column":13}},"25":{"start":{"line":50,"column":15},"end":{"line":50,"column":57}},"26":{"start":{"line":51,"column":15},"end":{"line":51,"column":40}},"27":{"start":{"line":52,"column":15},"end":{"line":52,"column":27}},"28":{"start":{"line":55,"column":10},"end":{"line":55,"column":25}},"29":{"start":{"line":63,"column":0},"end":{"line":92,"column":1}},"30":{"start":{"line":64,"column":5},"end":{"line":90,"column":6}},"31":{"start":{"line":65,"column":10},"end":{"line":70,"column":11}},"32":{"start":{"line":66,"column":15},"end":{"line":66,"column":34}},"33":{"start":{"line":67,"column":15},"end":{"line":67,"column":65}},"34":{"start":{"line":69,"column":15},"end":{"line":69,"column":35}},"35":{"start":{"line":72,"column":10},"end":{"line":72,"column":40}},"36":{"start":{"line":74,"column":10},"end":{"line":81,"column":11}},"37":{"start":{"line":75,"column":15},"end":{"line":75,"column":50}},"38":{"start":{"line":77,"column":15},"end":{"line":80,"column":16}},"39":{"start":{"line":79,"column":20},"end":{"line":79,"column":64}},"40":{"start":{"line":83,"column":10},"end":{"line":83,"column":29}},"41":{"start":{"line":84,"column":10},"end":{"line":89,"column":11}},"42":{"start":{"line":85,"column":15},"end":{"line":85,"column":60}},"43":{"start":{"line":87,"column":15},"end":{"line":87,"column":49}},"44":{"start":{"line":88,"column":15},"end":{"line":88,"column":49}},"45":{"start":{"line":91,"column":5},"end":{"line":91,"column":25}},"46":{"start":{"line":93,"column":0},"end":{"line":93,"column":26}}},"branchMap":{"1":{"line":11,"type":"if","locations":[{"start":{"line":11,"column":5},"end":{"line":11,"column":5}},{"start":{"line":11,"column":5},"end":{"line":11,"column":5}}]},"2":{"line":12,"type":"if","locations":[{"start":{"line":12,"column":10},"end":{"line":12,"column":10}},{"start":{"line":12,"column":10},"end":{"line":12,"column":10}}]},"3":{"line":16,"type":"if","locations":[{"start":{"line":16,"column":10},"end":{"line":16,"column":10}},{"start":{"line":16,"column":10},"end":{"line":16,"column":10}}]},"4":{"line":30,"type":"cond-expr","locations":[{"start":{"line":30,"column":44},"end":{"line":30,"column":65}},{"start":{"line":30,"column":68},"end":{"line":30,"column":73}}]},"5":{"line":33,"type":"if","locations":[{"start":{"line":33,"column":15},"end":{"line":33,"column":15}},{"start":{"line":33,"column":15},"end":{"line":33,"column":15}}]},"6":{"line":33,"type":"binary-expr","locations":[{"start":{"line":33,"column":19},"end":{"line":33,"column":46}},{"start":{"line":33,"column":50},"end":{"line":33,"column":82}},{"start":{"line":33,"column":86},"end":{"line":33,"column":115}},{"start":{"line":33,"column":119},"end":{"line":33,"column":132}}]},"7":{"line":43,"type":"if","locations":[{"start":{"line":43,"column":5},"end":{"line":43,"column":5}},{"start":{"line":43,"column":5},"end":{"line":43,"column":5}}]},"8":{"line":64,"type":"if","locations":[{"start":{"line":64,"column":5},"end":{"line":64,"column":5}},{"start":{"line":64,"column":5},"end":{"line":64,"column":5}}]},"9":{"line":65,"type":"if","locations":[{"start":{"line":65,"column":10},"end":{"line":65,"column":10}},{"start":{"line":65,"column":10},"end":{"line":65,"column":10}}]},"10":{"line":74,"type":"if","locations":[{"start":{"line":74,"column":10},"end":{"line":74,"column":10}},{"start":{"line":74,"column":10},"end":{"line":74,"column":10}}]},"11":{"line":77,"type":"if","locations":[{"start":{"line":77,"column":15},"end":{"line":77,"column":15}},{"start":{"line":77,"column":15},"end":{"line":77,"column":15}}]},"12":{"line":84,"type":"if","locations":[{"start":{"line":84,"column":10},"end":{"line":84,"column":10}},{"start":{"line":84,"column":10},"end":{"line":84,"column":10}}]}}},"/Users/rebeccahu/Desktop/remote/seosite-queue/app/actions/sniff/linkChecker/linkObj.js":{"path":"/Users/rebeccahu/Desktop/remote/seosite-queue/app/actions/sniff/linkChecker/linkObj.js","s":{"1":1,"2":1,"3":0,"4":0,"5":0,"6":0,"7":1,"8":0,"9":0,"10":0,"11":0,"12":1,"13":0,"14":0,"15":0,"16":0,"17":0,"18":0,"19":0,"20":0,"21":0,"22":0,"23":0,"24":0,"25":1,"26":0,"27":0,"28":0,"29":0,"30":0,"31":0,"32":0,"33":0,"34":0,"35":0,"36":0,"37":0,"38":0,"39":0,"40":0,"41":0,"42":0,"43":0,"44":0,"45":0,"46":0,"47":0,"48":0,"49":0,"50":0,"51":0,"52":0,"53":0,"54":0,"55":0,"56":0,"57":0,"58":0,"59":0,"60":1,"61":0,"62":0,"63":0,"64":0,"65":0,"66":0,"67":0,"68":0,"69":0,"70":0,"71":0,"72":1,"73":0,"74":1},"b":{"1":[0,0],"2":[0,0],"3":[0,0],"4":[0,0],"5":[0,0],"6":[0,0],"7":[0,0],"8":[0,0],"9":[0,0],"10":[0,0],"11":[0,0],"12":[0,0],"13":[0,0],"14":[0,0],"15":[0,0],"16":[0,0],"17":[0,0],"18":[0,0],"19":[0,0],"20":[0,0],"21":[0,0],"22":[0,0],"23":[0,0],"24":[0,0],"25":[0,0]},"f":{"1":0,"2":0,"3":0,"4":0,"5":0,"6":0},"fnMap":{"1":{"name":"linkObj","line":7,"loc":{"start":{"line":7,"column":0},"end":{"line":7,"column":22}}},"2":{"name":"(anonymous_2)","line":56,"loc":{"start":{"line":56,"column":16},"end":{"line":56,"column":32}}},"3":{"name":"(anonymous_3)","line":68,"loc":{"start":{"line":68,"column":19},"end":{"line":68,"column":47}}},"4":{"name":"(anonymous_4)","line":94,"loc":{"start":{"line":94,"column":18},"end":{"line":94,"column":49}}},"5":{"name":"cloneObject","line":168,"loc":{"start":{"line":168,"column":0},"end":{"line":168,"column":29}}},"6":{"name":"parity","line":195,"loc":{"start":{"line":195,"column":0},"end":{"line":195,"column":21}}}},"statementMap":{"1":{"start":{"line":2,"column":0},"end":{"line":5,"column":54}},"2":{"start":{"line":7,"column":0},"end":{"line":51,"column":1}},"3":{"start":{"line":8,"column":5},"end":{"line":10,"column":6}},"4":{"start":{"line":9,"column":10},"end":{"line":9,"column":21}},"5":{"start":{"line":11,"column":5},"end":{"line":49,"column":7}},"6":{"start":{"line":50,"column":5},"end":{"line":50,"column":17}},"7":{"start":{"line":56,"column":0},"end":{"line":63,"column":2}},"8":{"start":{"line":58,"column":5},"end":{"line":60,"column":6}},"9":{"start":{"line":59,"column":10},"end":{"line":59,"column":32}},"10":{"start":{"line":61,"column":5},"end":{"line":61,"column":26}},"11":{"start":{"line":62,"column":5},"end":{"line":62,"column":17}},"12":{"start":{"line":68,"column":0},"end":{"line":87,"column":2}},"13":{"start":{"line":69,"column":5},"end":{"line":73,"column":6}},"14":{"start":{"line":70,"column":10},"end":{"line":70,"column":39}},"15":{"start":{"line":71,"column":12},"end":{"line":73,"column":6}},"16":{"start":{"line":72,"column":10},"end":{"line":72,"column":48}},"17":{"start":{"line":74,"column":5},"end":{"line":74,"column":18}},"18":{"start":{"line":76,"column":5},"end":{"line":85,"column":6}},"19":{"start":{"line":78,"column":10},"end":{"line":78,"column":31}},"20":{"start":{"line":79,"column":10},"end":{"line":79,"column":31}},"21":{"start":{"line":82,"column":10},"end":{"line":82,"column":67}},"22":{"start":{"line":83,"column":10},"end":{"line":83,"column":60}},"23":{"start":{"line":84,"column":10},"end":{"line":84,"column":86}},"24":{"start":{"line":86,"column":5},"end":{"line":86,"column":17}},"25":{"start":{"line":94,"column":0},"end":{"line":159,"column":2}},"26":{"start":{"line":95,"column":5},"end":{"line":97,"column":6}},"27":{"start":{"line":96,"column":10},"end":{"line":96,"column":17}},"28":{"start":{"line":100,"column":5},"end":{"line":102,"column":7}},"29":{"start":{"line":105,"column":5},"end":{"line":105,"column":48}},"30":{"start":{"line":106,"column":5},"end":{"line":106,"column":77}},"31":{"start":{"line":108,"column":5},"end":{"line":108,"column":72}},"32":{"start":{"line":109,"column":5},"end":{"line":109,"column":85}},"33":{"start":{"line":113,"column":5},"end":{"line":113,"column":76}},"34":{"start":{"line":114,"column":5},"end":{"line":118,"column":6}},"35":{"start":{"line":116,"column":10},"end":{"line":116,"column":42}},"36":{"start":{"line":117,"column":10},"end":{"line":117,"column":72}},"37":{"start":{"line":121,"column":5},"end":{"line":125,"column":6}},"38":{"start":{"line":123,"column":10},"end":{"line":123,"column":34}},"39":{"start":{"line":124,"column":10},"end":{"line":124,"column":56}},"40":{"start":{"line":127,"column":5},"end":{"line":127,"column":77}},"41":{"start":{"line":128,"column":5},"end":{"line":128,"column":65}},"42":{"start":{"line":129,"column":5},"end":{"line":129,"column":38}},"43":{"start":{"line":132,"column":5},"end":{"line":132,"column":95}},"44":{"start":{"line":133,"column":5},"end":{"line":135,"column":6}},"45":{"start":{"line":134,"column":10},"end":{"line":134,"column":36}},"46":{"start":{"line":137,"column":5},"end":{"line":139,"column":6}},"47":{"start":{"line":138,"column":10},"end":{"line":138,"column":64}},"48":{"start":{"line":141,"column":5},"end":{"line":141,"column":36}},"49":{"start":{"line":143,"column":5},"end":{"line":156,"column":6}},"50":{"start":{"line":144,"column":10},"end":{"line":144,"column":62}},"51":{"start":{"line":145,"column":10},"end":{"line":145,"column":47}},"52":{"start":{"line":146,"column":10},"end":{"line":146,"column":33}},"53":{"start":{"line":148,"column":10},"end":{"line":148,"column":43}},"54":{"start":{"line":149,"column":10},"end":{"line":155,"column":11}},"55":{"start":{"line":151,"column":15},"end":{"line":154,"column":16}},"56":{"start":{"line":152,"column":20},"end":{"line":152,"column":42}},"57":{"start":{"line":153,"column":20},"end":{"line":153,"column":42}},"58":{"start":{"line":157,"column":5},"end":{"line":157,"column":26}},"59":{"start":{"line":158,"column":5},"end":{"line":158,"column":17}},"60":{"start":{"line":168,"column":0},"end":{"line":192,"column":1}},"61":{"start":{"line":169,"column":5},"end":{"line":169,"column":27}},"62":{"start":{"line":171,"column":5},"end":{"line":176,"column":6}},"63":{"start":{"line":172,"column":10},"end":{"line":172,"column":21}},"64":{"start":{"line":175,"column":10},"end":{"line":175,"column":63}},"65":{"start":{"line":180,"column":5},"end":{"line":190,"column":6}},"66":{"start":{"line":181,"column":10},"end":{"line":189,"column":11}},"67":{"start":{"line":182,"column":15},"end":{"line":182,"column":35}},"68":{"start":{"line":184,"column":15},"end":{"line":188,"column":16}},"69":{"start":{"line":185,"column":20},"end":{"line":185,"column":52}},"70":{"start":{"line":187,"column":20},"end":{"line":187,"column":39}},"71":{"start":{"line":191,"column":5},"end":{"line":191,"column":18}},"72":{"start":{"line":195,"column":0},"end":{"line":200,"column":1}},"73":{"start":{"line":199,"column":5},"end":{"line":199,"column":51}},"74":{"start":{"line":202,"column":0},"end":{"line":202,"column":25}}},"branchMap":{"1":{"line":8,"type":"if","locations":[{"start":{"line":8,"column":5},"end":{"line":8,"column":5}},{"start":{"line":8,"column":5},"end":{"line":8,"column":5}}]},"2":{"line":8,"type":"binary-expr","locations":[{"start":{"line":8,"column":9},"end":{"line":8,"column":35}},{"start":{"line":8,"column":39},"end":{"line":8,"column":62}}]},"3":{"line":58,"type":"if","locations":[{"start":{"line":58,"column":5},"end":{"line":58,"column":5}},{"start":{"line":58,"column":5},"end":{"line":58,"column":5}}]},"4":{"line":58,"type":"binary-expr","locations":[{"start":{"line":58,"column":8},"end":{"line":58,"column":12}},{"start":{"line":58,"column":16},"end":{"line":58,"column":25}}]},"5":{"line":69,"type":"if","locations":[{"start":{"line":69,"column":5},"end":{"line":69,"column":5}},{"start":{"line":69,"column":5},"end":{"line":69,"column":5}}]},"6":{"line":71,"type":"if","locations":[{"start":{"line":71,"column":12},"end":{"line":71,"column":12}},{"start":{"line":71,"column":12},"end":{"line":71,"column":12}}]},"7":{"line":76,"type":"if","locations":[{"start":{"line":76,"column":5},"end":{"line":76,"column":5}},{"start":{"line":76,"column":5},"end":{"line":76,"column":5}}]},"8":{"line":76,"type":"binary-expr","locations":[{"start":{"line":76,"column":9},"end":{"line":76,"column":37}},{"start":{"line":76,"column":41},"end":{"line":76,"column":75}}]},"9":{"line":84,"type":"binary-expr","locations":[{"start":{"line":84,"column":26},"end":{"line":84,"column":48}},{"start":{"line":84,"column":52},"end":{"line":84,"column":85}}]},"10":{"line":95,"type":"if","locations":[{"start":{"line":95,"column":5},"end":{"line":95,"column":5}},{"start":{"line":95,"column":5},"end":{"line":95,"column":5}}]},"11":{"line":105,"type":"cond-expr","locations":[{"start":{"line":105,"column":38},"end":{"line":105,"column":40}},{"start":{"line":105,"column":43},"end":{"line":105,"column":47}}]},"12":{"line":108,"type":"cond-expr","locations":[{"start":{"line":108,"column":52},"end":{"line":108,"column":54}},{"start":{"line":108,"column":57},"end":{"line":108,"column":71}}]},"13":{"line":114,"type":"if","locations":[{"start":{"line":114,"column":5},"end":{"line":114,"column":5}},{"start":{"line":114,"column":5},"end":{"line":114,"column":5}}]},"14":{"line":121,"type":"if","locations":[{"start":{"line":121,"column":5},"end":{"line":121,"column":5}},{"start":{"line":121,"column":5},"end":{"line":121,"column":5}}]},"15":{"line":127,"type":"cond-expr","locations":[{"start":{"line":127,"column":54},"end":{"line":127,"column":56}},{"start":{"line":127,"column":59},"end":{"line":127,"column":76}}]},"16":{"line":133,"type":"if","locations":[{"start":{"line":133,"column":5},"end":{"line":133,"column":5}},{"start":{"line":133,"column":5},"end":{"line":133,"column":5}}]},"17":{"line":137,"type":"if","locations":[{"start":{"line":137,"column":5},"end":{"line":137,"column":5}},{"start":{"line":137,"column":5},"end":{"line":137,"column":5}}]},"18":{"line":143,"type":"if","locations":[{"start":{"line":143,"column":5},"end":{"line":143,"column":5}},{"start":{"line":143,"column":5},"end":{"line":143,"column":5}}]},"19":{"line":149,"type":"if","locations":[{"start":{"line":149,"column":10},"end":{"line":149,"column":10}},{"start":{"line":149,"column":10},"end":{"line":149,"column":10}}]},"20":{"line":151,"type":"if","locations":[{"start":{"line":151,"column":15},"end":{"line":151,"column":15}},{"start":{"line":151,"column":15},"end":{"line":151,"column":15}}]},"21":{"line":171,"type":"if","locations":[{"start":{"line":171,"column":5},"end":{"line":171,"column":5}},{"start":{"line":171,"column":5},"end":{"line":171,"column":5}}]},"22":{"line":181,"type":"if","locations":[{"start":{"line":181,"column":10},"end":{"line":181,"column":10}},{"start":{"line":181,"column":10},"end":{"line":181,"column":10}}]},"23":{"line":184,"type":"if","locations":[{"start":{"line":184,"column":15},"end":{"line":184,"column":15}},{"start":{"line":184,"column":15},"end":{"line":184,"column":15}}]},"24":{"line":184,"type":"binary-expr","locations":[{"start":{"line":184,"column":19},"end":{"line":184,"column":33}},{"start":{"line":184,"column":37},"end":{"line":184,"column":62}}]},"25":{"line":199,"type":"cond-expr","locations":[{"start":{"line":199,"column":34},"end":{"line":199,"column":37}},{"start":{"line":199,"column":40},"end":{"line":199,"column":50}}]}}},"/Users/rebeccahu/Desktop/remote/seosite-queue/app/actions/sniff/linkChecker/simpleResponse.js":{"path":"/Users/rebeccahu/Desktop/remote/seosite-queue/app/actions/sniff/linkChecker/simpleResponse.js","s":{"1":1,"2":0,"3":0,"4":0,"5":0,"6":0,"7":1,"8":0,"9":1},"b":{},"f":{"1":0,"2":0},"fnMap":{"1":{"name":"simpleResponse","line":3,"loc":{"start":{"line":3,"column":0},"end":{"line":3,"column":34}}},"2":{"name":"simplify","line":12,"loc":{"start":{"line":12,"column":0},"end":{"line":12,"column":28}}}},"statementMap":{"1":{"start":{"line":3,"column":0},"end":{"line":10,"column":1}},"2":{"start":{"line":4,"column":5},"end":{"line":4,"column":41}},"3":{"start":{"line":5,"column":5},"end":{"line":5,"column":31}},"4":{"start":{"line":6,"column":5},"end":{"line":8,"column":6}},"5":{"start":{"line":7,"column":10},"end":{"line":7,"column":75}},"6":{"start":{"line":9,"column":5},"end":{"line":9,"column":23}},"7":{"start":{"line":12,"column":0},"end":{"line":20,"column":1}},"8":{"start":{"line":13,"column":5},"end":{"line":19,"column":7}},"9":{"start":{"line":22,"column":0},"end":{"line":22,"column":32}}},"branchMap":{}},"/Users/rebeccahu/Desktop/remote/seosite-queue/app/actions/sniff/linkChecker/excludeLink.js":{"path":"/Users/rebeccahu/Desktop/remote/seosite-queue/app/actions/sniff/linkChecker/excludeLink.js","s":{"1":1,"2":1,"3":1,"4":1,"5":16,"6":16,"7":16,"8":16,"9":16,"10":15,"11":16,"12":1,"13":15,"14":1,"15":14,"16":1,"17":13,"18":1,"19":12,"20":1,"21":11,"22":10,"23":1,"24":9,"25":7,"26":4,"27":5,"28":1,"29":5,"30":1,"31":4,"32":1},"b":{"1":[15,1],"2":[1,15],"3":[1,14],"4":[15,15],"5":[1,13],"6":[14,1],"7":[1,12],"8":[13,2],"9":[1,11],"10":[12,12],"11":[10,1],"12":[1,9],"13":[7,2],"14":[4,3],"15":[7,1,6,1,5,1,4,1],"16":[1,4],"17":[5,5,5,5,1],"18":[1,4]},"f":{"1":16},"fnMap":{"1":{"name":"excludeLink","line":7,"loc":{"start":{"line":7,"column":0},"end":{"line":7,"column":37}}}},"statementMap":{"1":{"start":{"line":1,"column":0},"end":{"line":3,"column":51}},"2":{"start":{"line":4,"column":0},"end":{"line":4,"column":50}},"3":{"start":{"line":5,"column":0},"end":{"line":5,"column":36}},"4":{"start":{"line":7,"column":0},"end":{"line":57,"column":1}},"5":{"start":{"line":9,"column":5},"end":{"line":9,"column":23}},"6":{"start":{"line":10,"column":5},"end":{"line":10,"column":39}},"7":{"start":{"line":11,"column":5},"end":{"line":11,"column":37}},"8":{"start":{"line":12,"column":5},"end":{"line":12,"column":81}},"9":{"start":{"line":13,"column":5},"end":{"line":15,"column":6}},"10":{"start":{"line":14,"column":10},"end":{"line":14,"column":45}},"11":{"start":{"line":17,"column":5},"end":{"line":19,"column":6}},"12":{"start":{"line":18,"column":10},"end":{"line":18,"column":28}},"13":{"start":{"line":21,"column":5},"end":{"line":23,"column":6}},"14":{"start":{"line":22,"column":10},"end":{"line":22,"column":32}},"15":{"start":{"line":24,"column":5},"end":{"line":26,"column":6}},"16":{"start":{"line":25,"column":10},"end":{"line":25,"column":32}},"17":{"start":{"line":27,"column":5},"end":{"line":29,"column":6}},"18":{"start":{"line":28,"column":10},"end":{"line":28,"column":32}},"19":{"start":{"line":30,"column":5},"end":{"line":32,"column":6}},"20":{"start":{"line":31,"column":10},"end":{"line":31,"column":30}},"21":{"start":{"line":33,"column":5},"end":{"line":50,"column":6}},"22":{"start":{"line":34,"column":10},"end":{"line":36,"column":11}},"23":{"start":{"line":35,"column":15},"end":{"line":35,"column":35}},"24":{"start":{"line":37,"column":10},"end":{"line":46,"column":11}},"25":{"start":{"line":38,"column":15},"end":{"line":45,"column":16}},"26":{"start":{"line":44,"column":20},"end":{"line":44,"column":40}},"27":{"start":{"line":47,"column":10},"end":{"line":49,"column":11}},"28":{"start":{"line":48,"column":15},"end":{"line":48,"column":35}},"29":{"start":{"line":52,"column":5},"end":{"line":54,"column":6}},"30":{"start":{"line":53,"column":10},"end":{"line":53,"column":31}},"31":{"start":{"line":56,"column":5},"end":{"line":56,"column":18}},"32":{"start":{"line":58,"column":0},"end":{"line":58,"column":29}}},"branchMap":{"1":{"line":13,"type":"if","locations":[{"start":{"line":13,"column":5},"end":{"line":13,"column":5}},{"start":{"line":13,"column":5},"end":{"line":13,"column":5}}]},"2":{"line":17,"type":"if","locations":[{"start":{"line":17,"column":5},"end":{"line":17,"column":5}},{"start":{"line":17,"column":5},"end":{"line":17,"column":5}}]},"3":{"line":21,"type":"if","locations":[{"start":{"line":21,"column":5},"end":{"line":21,"column":5}},{"start":{"line":21,"column":5},"end":{"line":21,"column":5}}]},"4":{"line":21,"type":"binary-expr","locations":[{"start":{"line":21,"column":9},"end":{"line":21,"column":55}},{"start":{"line":21,"column":59},"end":{"line":21,"column":82}}]},"5":{"line":24,"type":"if","locations":[{"start":{"line":24,"column":5},"end":{"line":24,"column":5}},{"start":{"line":24,"column":5},"end":{"line":24,"column":5}}]},"6":{"line":24,"type":"binary-expr","locations":[{"start":{"line":24,"column":9},"end":{"line":24,"column":55}},{"start":{"line":24,"column":59},"end":{"line":24,"column":81}}]},"7":{"line":27,"type":"if","locations":[{"start":{"line":27,"column":5},"end":{"line":27,"column":5}},{"start":{"line":27,"column":5},"end":{"line":27,"column":5}}]},"8":{"line":27,"type":"binary-expr","locations":[{"start":{"line":27,"column":9},"end":{"line":27,"column":57}},{"start":{"line":27,"column":61},"end":{"line":27,"column":83}}]},"9":{"line":30,"type":"if","locations":[{"start":{"line":30,"column":5},"end":{"line":30,"column":5}},{"start":{"line":30,"column":5},"end":{"line":30,"column":5}}]},"10":{"line":30,"type":"binary-expr","locations":[{"start":{"line":30,"column":9},"end":{"line":30,"column":41}},{"start":{"line":30,"column":45},"end":{"line":30,"column":133}}]},"11":{"line":33,"type":"if","locations":[{"start":{"line":33,"column":5},"end":{"line":33,"column":5}},{"start":{"line":33,"column":5},"end":{"line":33,"column":5}}]},"12":{"line":34,"type":"if","locations":[{"start":{"line":34,"column":10},"end":{"line":34,"column":10}},{"start":{"line":34,"column":10},"end":{"line":34,"column":10}}]},"13":{"line":37,"type":"if","locations":[{"start":{"line":37,"column":10},"end":{"line":37,"column":10}},{"start":{"line":37,"column":10},"end":{"line":37,"column":10}}]},"14":{"line":38,"type":"if","locations":[{"start":{"line":38,"column":15},"end":{"line":38,"column":15}},{"start":{"line":38,"column":15},"end":{"line":38,"column":15}}]},"15":{"line":39,"type":"binary-expr","locations":[{"start":{"line":39,"column":21},"end":{"line":39,"column":38}},{"start":{"line":39,"column":42},"end":{"line":39,"column":60}},{"start":{"line":40,"column":21},"end":{"line":40,"column":40}},{"start":{"line":40,"column":44},"end":{"line":40,"column":62}},{"start":{"line":41,"column":21},"end":{"line":41,"column":43}},{"start":{"line":41,"column":47},"end":{"line":41,"column":66}},{"start":{"line":42,"column":21},"end":{"line":42,"column":40}},{"start":{"line":42,"column":44},"end":{"line":42,"column":65}}]},"16":{"line":47,"type":"if","locations":[{"start":{"line":47,"column":10},"end":{"line":47,"column":10}},{"start":{"line":47,"column":10},"end":{"line":47,"column":10}}]},"17":{"line":47,"type":"binary-expr","locations":[{"start":{"line":47,"column":14},"end":{"line":47,"column":19}},{"start":{"line":47,"column":23},"end":{"line":47,"column":33}},{"start":{"line":47,"column":37},"end":{"line":47,"column":60}},{"start":{"line":47,"column":64},"end":{"line":47,"column":91}},{"start":{"line":47,"column":95},"end":{"line":47,"column":143}}]},"18":{"line":52,"type":"if","locations":[{"start":{"line":52,"column":5},"end":{"line":52,"column":5}},{"start":{"line":52,"column":5},"end":{"line":52,"column":5}}]}}},"/Users/rebeccahu/Desktop/remote/seosite-queue/app/actions/sniff/linkChecker/matchUrl.js":{"path":"/Users/rebeccahu/Desktop/remote/seosite-queue/app/actions/sniff/linkChecker/matchUrl.js","s":{"1":1,"2":1,"3":5,"4":5,"5":2,"6":2,"7":1,"8":1,"9":0,"10":0,"11":4,"12":1},"b":{"1":[2,3],"2":[1,0],"3":[0,0]},"f":{"1":5},"fnMap":{"1":{"name":"matchUrl","line":4,"loc":{"start":{"line":4,"column":0},"end":{"line":4,"column":33}}}},"statementMap":{"1":{"start":{"line":2,"column":0},"end":{"line":2,"column":35}},"2":{"start":{"line":4,"column":0},"end":{"line":19,"column":1}},"3":{"start":{"line":5,"column":5},"end":{"line":5,"column":24}},"4":{"start":{"line":7,"column":5},"end":{"line":17,"column":6}},"5":{"start":{"line":8,"column":10},"end":{"line":8,"column":40}},"6":{"start":{"line":10,"column":10},"end":{"line":16,"column":11}},"7":{"start":{"line":11,"column":15},"end":{"line":15,"column":16}},"8":{"start":{"line":12,"column":20},"end":{"line":12,"column":32}},"9":{"start":{"line":13,"column":22},"end":{"line":15,"column":16}},"10":{"start":{"line":14,"column":20},"end":{"line":14,"column":32}},"11":{"start":{"line":18,"column":5},"end":{"line":18,"column":18}},"12":{"start":{"line":21,"column":0},"end":{"line":21,"column":26}}},"branchMap":{"1":{"line":7,"type":"if","locations":[{"start":{"line":7,"column":5},"end":{"line":7,"column":5}},{"start":{"line":7,"column":5},"end":{"line":7,"column":5}}]},"2":{"line":11,"type":"if","locations":[{"start":{"line":11,"column":15},"end":{"line":11,"column":15}},{"start":{"line":11,"column":15},"end":{"line":11,"column":15}}]},"3":{"line":13,"type":"if","locations":[{"start":{"line":13,"column":22},"end":{"line":13,"column":22}},{"start":{"line":13,"column":22},"end":{"line":13,"column":22}}]}}},"/Users/rebeccahu/Desktop/remote/seosite-queue/app/actions/sniff/linkChecker/defaultOptions.js":{"path":"/Users/rebeccahu/Desktop/remote/seosite-queue/app/actions/sniff/linkChecker/defaultOptions.js","s":{"1":1,"2":1,"3":1,"4":1},"b":{},"f":{},"fnMap":{},"statementMap":{"1":{"start":{"line":2,"column":0},"end":{"line":2,"column":27}},"2":{"start":{"line":3,"column":0},"end":{"line":3,"column":46}},"3":{"start":{"line":5,"column":0},"end":{"line":33,"column":2}},"4":{"start":{"line":35,"column":0},"end":{"line":35,"column":32}}},"branchMap":{}},"/Users/rebeccahu/Desktop/remote/seosite-queue/app/actions/sniff/linkChecker/tags.js":{"path":"/Users/rebeccahu/Desktop/remote/seosite-queue/app/actions/sniff/linkChecker/tags.js","s":{"1":1,"2":1,"3":1},"b":{},"f":{},"fnMap":{},"statementMap":{"1":{"start":{"line":3,"column":0},"end":{"line":178,"column":2}},"2":{"start":{"line":181,"column":0},"end":{"line":241,"column":2}},"3":{"start":{"line":243,"column":0},"end":{"line":243,"column":22}}},"branchMap":{}},"/Users/rebeccahu/Desktop/remote/seosite-queue/app/actions/sniff/linkChecker/getHostKey.js":{"path":"/Users/rebeccahu/Desktop/remote/seosite-queue/app/actions/sniff/linkChecker/getHostKey.js","s":{"1":1,"2":1,"3":1,"4":1,"5":0,"6":0,"7":0,"8":1,"9":1,"10":1,"11":7,"12":7,"13":7,"14":1,"15":6,"16":7,"17":7,"18":5,"19":5,"20":5,"21":2,"22":5,"23":2,"24":5,"25":5,"26":2,"27":5,"28":2,"29":5,"30":2,"31":3,"32":3,"33":0,"34":3,"35":5,"36":1,"37":5,"38":5,"39":1},"b":{"1":[0,1],"2":[1,6],"3":[5,2],"4":[7,7],"5":[2,3],"6":[5,4],"7":[2,3],"8":[2,3],"9":[5,5],"10":[2,3],"11":[2,3],"12":[0,3],"13":[1,4],"14":[5,1]},"f":{"1":0,"2":7},"fnMap":{"1":{"name":"(anonymous_1)","line":7,"loc":{"start":{"line":7,"column":19},"end":{"line":7,"column":31}}},"2":{"name":"getHostKey","line":16,"loc":{"start":{"line":16,"column":0},"end":{"line":16,"column":34}}}},"statementMap":{"1":{"start":{"line":2,"column":0},"end":{"line":2,"column":38}},"2":{"start":{"line":3,"column":0},"end":{"line":3,"column":30}},"3":{"start":{"line":4,"column":0},"end":{"line":4,"column":26}},"4":{"start":{"line":6,"column":0},"end":{"line":14,"column":1}},"5":{"start":{"line":7,"column":5},"end":{"line":9,"column":7}},"6":{"start":{"line":8,"column":10},"end":{"line":8,"column":21}},"7":{"start":{"line":10,"column":5},"end":{"line":10,"column":37}},"8":{"start":{"line":12,"column":5},"end":{"line":12,"column":43}},"9":{"start":{"line":13,"column":5},"end":{"line":13,"column":37}},"10":{"start":{"line":16,"column":0},"end":{"line":70,"column":1}},"11":{"start":{"line":17,"column":5},"end":{"line":17,"column":43}},"12":{"start":{"line":18,"column":5},"end":{"line":18,"column":18}},"13":{"start":{"line":20,"column":5},"end":{"line":24,"column":6}},"14":{"start":{"line":21,"column":10},"end":{"line":21,"column":33}},"15":{"start":{"line":23,"column":10},"end":{"line":23,"column":23}},"16":{"start":{"line":25,"column":5},"end":{"line":25,"column":32}},"17":{"start":{"line":27,"column":5},"end":{"line":33,"column":6}},"18":{"start":{"line":28,"column":10},"end":{"line":28,"column":33}},"19":{"start":{"line":29,"column":10},"end":{"line":29,"column":37}},"20":{"start":{"line":30,"column":10},"end":{"line":32,"column":11}},"21":{"start":{"line":31,"column":15},"end":{"line":31,"column":28}},"22":{"start":{"line":35,"column":5},"end":{"line":37,"column":6}},"23":{"start":{"line":36,"column":10},"end":{"line":36,"column":61}},"24":{"start":{"line":39,"column":5},"end":{"line":39,"column":24}},"25":{"start":{"line":42,"column":5},"end":{"line":44,"column":6}},"26":{"start":{"line":43,"column":10},"end":{"line":43,"column":48}},"27":{"start":{"line":46,"column":5},"end":{"line":48,"column":6}},"28":{"start":{"line":47,"column":10},"end":{"line":47,"column":34}},"29":{"start":{"line":50,"column":5},"end":{"line":61,"column":6}},"30":{"start":{"line":51,"column":10},"end":{"line":51,"column":33}},"31":{"start":{"line":53,"column":10},"end":{"line":53,"column":51}},"32":{"start":{"line":56,"column":10},"end":{"line":60,"column":11}},"33":{"start":{"line":57,"column":15},"end":{"line":57,"column":38}},"34":{"start":{"line":59,"column":15},"end":{"line":59,"column":61}},"35":{"start":{"line":63,"column":5},"end":{"line":65,"column":6}},"36":{"start":{"line":64,"column":10},"end":{"line":64,"column":28}},"37":{"start":{"line":67,"column":5},"end":{"line":67,"column":16}},"38":{"start":{"line":69,"column":5},"end":{"line":69,"column":16}},"39":{"start":{"line":72,"column":0},"end":{"line":72,"column":28}}},"branchMap":{"1":{"line":6,"type":"if","locations":[{"start":{"line":6,"column":0},"end":{"line":6,"column":0}},{"start":{"line":6,"column":0},"end":{"line":6,"column":0}}]},"2":{"line":20,"type":"if","locations":[{"start":{"line":20,"column":5},"end":{"line":20,"column":5}},{"start":{"line":20,"column":5},"end":{"line":20,"column":5}}]},"3":{"line":27,"type":"if","locations":[{"start":{"line":27,"column":5},"end":{"line":27,"column":5}},{"start":{"line":27,"column":5},"end":{"line":27,"column":5}}]},"4":{"line":27,"type":"binary-expr","locations":[{"start":{"line":27,"column":9},"end":{"line":27,"column":18}},{"start":{"line":27,"column":22},"end":{"line":27,"column":38}}]},"5":{"line":30,"type":"if","locations":[{"start":{"line":30,"column":10},"end":{"line":30,"column":10}},{"start":{"line":30,"column":10},"end":{"line":30,"column":10}}]},"6":{"line":30,"type":"binary-expr","locations":[{"start":{"line":30,"column":14},"end":{"line":30,"column":23}},{"start":{"line":30,"column":27},"end":{"line":30,"column":43}}]},"7":{"line":35,"type":"if","locations":[{"start":{"line":35,"column":5},"end":{"line":35,"column":5}},{"start":{"line":35,"column":5},"end":{"line":35,"column":5}}]},"8":{"line":42,"type":"if","locations":[{"start":{"line":42,"column":5},"end":{"line":42,"column":5}},{"start":{"line":42,"column":5},"end":{"line":42,"column":5}}]},"9":{"line":42,"type":"binary-expr","locations":[{"start":{"line":42,"column":9},"end":{"line":42,"column":21}},{"start":{"line":42,"column":25},"end":{"line":42,"column":69}}]},"10":{"line":46,"type":"if","locations":[{"start":{"line":46,"column":5},"end":{"line":46,"column":5}},{"start":{"line":46,"column":5},"end":{"line":46,"column":5}}]},"11":{"line":50,"type":"if","locations":[{"start":{"line":50,"column":5},"end":{"line":50,"column":5}},{"start":{"line":50,"column":5},"end":{"line":50,"column":5}}]},"12":{"line":56,"type":"if","locations":[{"start":{"line":56,"column":10},"end":{"line":56,"column":10}},{"start":{"line":56,"column":10},"end":{"line":56,"column":10}}]},"13":{"line":63,"type":"if","locations":[{"start":{"line":63,"column":5},"end":{"line":63,"column":5}},{"start":{"line":63,"column":5},"end":{"line":63,"column":5}}]},"14":{"line":63,"type":"binary-expr","locations":[{"start":{"line":63,"column":9},"end":{"line":63,"column":38}},{"start":{"line":63,"column":42},"end":{"line":63,"column":54}}]}}},"/Users/rebeccahu/Desktop/remote/seosite-queue/app/actions/sniff/utils.js":{"path":"/Users/rebeccahu/Desktop/remote/seosite-queue/app/actions/sniff/utils.js","s":{"1":1,"2":1,"3":3,"4":1,"5":2,"6":2,"7":2,"8":2,"9":2,"10":1,"11":1,"12":1,"13":14,"14":14,"15":1,"16":13,"17":1,"18":12,"19":1,"20":11,"21":1,"22":10,"23":1,"24":9,"25":1,"26":8,"27":1,"28":7,"29":1,"30":6,"31":1,"32":5,"33":1,"34":4,"35":1,"36":3,"37":2,"38":1,"39":1,"40":8,"41":1,"42":1,"43":1,"44":1,"45":1,"46":1,"47":1,"48":1},"b":{"1":[1,2],"2":[3,3],"3":[1,1],"4":[1,13],"5":[1,12],"6":[1,11],"7":[1,10],"8":[1,9],"9":[1,8],"10":[1,7],"11":[1,6],"12":[7,7,6,6],"13":[1,5],"14":[1,4],"15":[1,3],"16":[2,1],"17":[3,2],"18":[1,1,1,1,1,1,1,1]},"f":{"1":3,"2":2,"3":2,"4":2,"5":14,"6":8},"fnMap":{"1":{"name":"(anonymous_1)","line":3,"loc":{"start":{"line":3,"column":27},"end":{"line":3,"column":43}}},"2":{"name":"(anonymous_2)","line":9,"loc":{"start":{"line":9,"column":12},"end":{"line":9,"column":24}}},"3":{"name":"(anonymous_3)","line":12,"loc":{"start":{"line":12,"column":26},"end":{"line":12,"column":53}}},"4":{"name":"(anonymous_4)","line":13,"loc":{"start":{"line":13,"column":42},"end":{"line":13,"column":64}}},"5":{"name":"(anonymous_5)","line":24,"loc":{"start":{"line":24,"column":25},"end":{"line":24,"column":44}}},"6":{"name":"(anonymous_6)","line":68,"loc":{"start":{"line":68,"column":32},"end":{"line":68,"column":49}}}},"statementMap":{"1":{"start":{"line":1,"column":0},"end":{"line":1,"column":42}},"2":{"start":{"line":3,"column":0},"end":{"line":22,"column":2}},"3":{"start":{"line":5,"column":5},"end":{"line":7,"column":6}},"4":{"start":{"line":6,"column":10},"end":{"line":6,"column":22}},"5":{"start":{"line":9,"column":5},"end":{"line":21,"column":7}},"6":{"start":{"line":10,"column":10},"end":{"line":10,"column":60}},"7":{"start":{"line":12,"column":10},"end":{"line":20,"column":13}},"8":{"start":{"line":13,"column":15},"end":{"line":19,"column":19}},"9":{"start":{"line":14,"column":20},"end":{"line":18,"column":21}},"10":{"start":{"line":15,"column":25},"end":{"line":15,"column":37}},"11":{"start":{"line":17,"column":25},"end":{"line":17,"column":40}},"12":{"start":{"line":24,"column":0},"end":{"line":66,"column":2}},"13":{"start":{"line":25,"column":5},"end":{"line":25,"column":27}},"14":{"start":{"line":26,"column":5},"end":{"line":28,"column":6}},"15":{"start":{"line":27,"column":10},"end":{"line":27,"column":23}},"16":{"start":{"line":29,"column":5},"end":{"line":31,"column":6}},"17":{"start":{"line":30,"column":10},"end":{"line":30,"column":22}},"18":{"start":{"line":32,"column":5},"end":{"line":34,"column":6}},"19":{"start":{"line":33,"column":10},"end":{"line":33,"column":24}},"20":{"start":{"line":35,"column":5},"end":{"line":37,"column":6}},"21":{"start":{"line":36,"column":10},"end":{"line":36,"column":25}},"22":{"start":{"line":38,"column":5},"end":{"line":40,"column":6}},"23":{"start":{"line":39,"column":10},"end":{"line":39,"column":28}},"24":{"start":{"line":41,"column":5},"end":{"line":43,"column":6}},"25":{"start":{"line":42,"column":10},"end":{"line":42,"column":25}},"26":{"start":{"line":44,"column":5},"end":{"line":46,"column":6}},"27":{"start":{"line":45,"column":10},"end":{"line":45,"column":25}},"28":{"start":{"line":47,"column":5},"end":{"line":51,"column":6}},"29":{"start":{"line":50,"column":10},"end":{"line":50,"column":24}},"30":{"start":{"line":52,"column":5},"end":{"line":54,"column":6}},"31":{"start":{"line":53,"column":10},"end":{"line":53,"column":28}},"32":{"start":{"line":55,"column":5},"end":{"line":57,"column":6}},"33":{"start":{"line":56,"column":10},"end":{"line":56,"column":25}},"34":{"start":{"line":58,"column":5},"end":{"line":60,"column":6}},"35":{"start":{"line":59,"column":10},"end":{"line":59,"column":25}},"36":{"start":{"line":61,"column":5},"end":{"line":64,"column":6}},"37":{"start":{"line":63,"column":10},"end":{"line":63,"column":23}},"38":{"start":{"line":65,"column":5},"end":{"line":65,"column":17}},"39":{"start":{"line":68,"column":0},"end":{"line":88,"column":2}},"40":{"start":{"line":70,"column":5},"end":{"line":87,"column":6}},"41":{"start":{"line":72,"column":10},"end":{"line":72,"column":29}},"42":{"start":{"line":74,"column":10},"end":{"line":74,"column":28}},"43":{"start":{"line":76,"column":10},"end":{"line":76,"column":36}},"44":{"start":{"line":78,"column":10},"end":{"line":78,"column":29}},"45":{"start":{"line":80,"column":10},"end":{"line":80,"column":30}},"46":{"start":{"line":82,"column":10},"end":{"line":82,"column":33}},"47":{"start":{"line":84,"column":10},"end":{"line":84,"column":33}},"48":{"start":{"line":86,"column":10},"end":{"line":86,"column":35}}},"branchMap":{"1":{"line":5,"type":"if","locations":[{"start":{"line":5,"column":5},"end":{"line":5,"column":5}},{"start":{"line":5,"column":5},"end":{"line":5,"column":5}}]},"2":{"line":5,"type":"binary-expr","locations":[{"start":{"line":5,"column":9},"end":{"line":5,"column":13}},{"start":{"line":5,"column":17},"end":{"line":5,"column":48}}]},"3":{"line":14,"type":"if","locations":[{"start":{"line":14,"column":20},"end":{"line":14,"column":20}},{"start":{"line":14,"column":20},"end":{"line":14,"column":20}}]},"4":{"line":26,"type":"if","locations":[{"start":{"line":26,"column":5},"end":{"line":26,"column":5}},{"start":{"line":26,"column":5},"end":{"line":26,"column":5}}]},"5":{"line":29,"type":"if","locations":[{"start":{"line":29,"column":5},"end":{"line":29,"column":5}},{"start":{"line":29,"column":5},"end":{"line":29,"column":5}}]},"6":{"line":32,"type":"if","locations":[{"start":{"line":32,"column":5},"end":{"line":32,"column":5}},{"start":{"line":32,"column":5},"end":{"line":32,"column":5}}]},"7":{"line":35,"type":"if","locations":[{"start":{"line":35,"column":5},"end":{"line":35,"column":5}},{"start":{"line":35,"column":5},"end":{"line":35,"column":5}}]},"8":{"line":38,"type":"if","locations":[{"start":{"line":38,"column":5},"end":{"line":38,"column":5}},{"start":{"line":38,"column":5},"end":{"line":38,"column":5}}]},"9":{"line":41,"type":"if","locations":[{"start":{"line":41,"column":5},"end":{"line":41,"column":5}},{"start":{"line":41,"column":5},"end":{"line":41,"column":5}}]},"10":{"line":44,"type":"if","locations":[{"start":{"line":44,"column":5},"end":{"line":44,"column":5}},{"start":{"line":44,"column":5},"end":{"line":44,"column":5}}]},"11":{"line":47,"type":"if","locations":[{"start":{"line":47,"column":5},"end":{"line":47,"column":5}},{"start":{"line":47,"column":5},"end":{"line":47,"column":5}}]},"12":{"line":47,"type":"binary-expr","locations":[{"start":{"line":47,"column":9},"end":{"line":47,"column":31}},{"start":{"line":47,"column":35},"end":{"line":47,"column":52}},{"start":{"line":48,"column":10},"end":{"line":48,"column":37}},{"start":{"line":49,"column":10},"end":{"line":49,"column":57}}]},"13":{"line":52,"type":"if","locations":[{"start":{"line":52,"column":5},"end":{"line":52,"column":5}},{"start":{"line":52,"column":5},"end":{"line":52,"column":5}}]},"14":{"line":55,"type":"if","locations":[{"start":{"line":55,"column":5},"end":{"line":55,"column":5}},{"start":{"line":55,"column":5},"end":{"line":55,"column":5}}]},"15":{"line":58,"type":"if","locations":[{"start":{"line":58,"column":5},"end":{"line":58,"column":5}},{"start":{"line":58,"column":5},"end":{"line":58,"column":5}}]},"16":{"line":61,"type":"if","locations":[{"start":{"line":61,"column":5},"end":{"line":61,"column":5}},{"start":{"line":61,"column":5},"end":{"line":61,"column":5}}]},"17":{"line":61,"type":"binary-expr","locations":[{"start":{"line":61,"column":9},"end":{"line":61,"column":40}},{"start":{"line":62,"column":10},"end":{"line":62,"column":43}}]},"18":{"line":70,"type":"switch","locations":[{"start":{"line":71,"column":5},"end":{"line":72,"column":29}},{"start":{"line":73,"column":5},"end":{"line":74,"column":28}},{"start":{"line":75,"column":5},"end":{"line":76,"column":36}},{"start":{"line":77,"column":5},"end":{"line":78,"column":29}},{"start":{"line":79,"column":5},"end":{"line":80,"column":30}},{"start":{"line":81,"column":5},"end":{"line":82,"column":33}},{"start":{"line":83,"column":5},"end":{"line":84,"column":33}},{"start":{"line":85,"column":5},"end":{"line":86,"column":35}}]}}},"/Users/rebeccahu/Desktop/remote/seosite-queue/app/amqp-connections/helpers/preFlight.js":{"path":"/Users/rebeccahu/Desktop/remote/seosite-queue/app/amqp-connections/helpers/preFlight.js","s":{"1":1,"2":3,"3":3,"4":1,"5":1,"6":2,"7":2,"8":1,"9":1,"10":1,"11":1},"b":{"1":[1,2],"2":[3,2]},"f":{"1":3},"fnMap":{"1":{"name":"preFlight","line":8,"loc":{"start":{"line":8,"column":0},"end":{"line":8,"column":43}}}},"statementMap":{"1":{"start":{"line":8,"column":0},"end":{"line":29,"column":1}},"2":{"start":{"line":9,"column":5},"end":{"line":9,"column":20}},"3":{"start":{"line":10,"column":5},"end":{"line":17,"column":6}},"4":{"start":{"line":11,"column":10},"end":{"line":15,"column":13}},"5":{"start":{"line":16,"column":10},"end":{"line":16,"column":23}},"6":{"start":{"line":18,"column":5},"end":{"line":27,"column":6}},"7":{"start":{"line":19,"column":10},"end":{"line":19,"column":42}},"8":{"start":{"line":21,"column":10},"end":{"line":25,"column":13}},"9":{"start":{"line":26,"column":10},"end":{"line":26,"column":23}},"10":{"start":{"line":28,"column":5},"end":{"line":28,"column":18}},"11":{"start":{"line":31,"column":0},"end":{"line":31,"column":27}}},"branchMap":{"1":{"line":10,"type":"if","locations":[{"start":{"line":10,"column":5},"end":{"line":10,"column":5}},{"start":{"line":10,"column":5},"end":{"line":10,"column":5}}]},"2":{"line":10,"type":"binary-expr","locations":[{"start":{"line":10,"column":9},"end":{"line":10,"column":13}},{"start":{"line":10,"column":17},"end":{"line":10,"column":29}}]}}}}