TN:
SF:/Users/rebeccahu/Desktop/remote/seosite-queue/app/amqp-connections/helpers/preFlight.js
FN:8,preFlight
FNF:1
FNH:1
FNDA:25,preFlight
DA:8,1
DA:9,25
DA:10,25
DA:11,25
DA:12,7
DA:16,7
DA:18,18
DA:19,18
DA:21,2
DA:22,2
DA:26,2
DA:28,16
DA:29,16
DA:32,1
LF:14
LH:14
BRDA:11,1,0,7
BRDA:11,1,1,18
BRDA:11,2,0,25
BRDA:11,2,1,21
BRF:4
BRH:4
end_of_record
TN:
SF:/Users/rebeccahu/Desktop/remote/seosite-queue/app/settings/errorHandler.js
FN:1,closeOnErr
FNF:1
FNH:1
FNDA:2,closeOnErr
DA:1,1
DA:2,2
DA:3,1
DA:5,1
DA:6,1
LF:5
LH:5
BRDA:2,1,0,1
BRDA:2,1,1,1
BRF:2
BRH:2
end_of_record
TN:
SF:/Users/rebeccahu/Desktop/remote/seosite-queue/app/amqp-connections/publisher.js
FN:10,(anonymous_1)
FN:11,(anonymous_2)
FN:15,(anonymous_3)
FN:18,(anonymous_4)
FN:41,publish
FN:48,(anonymous_6)
FNF:6
FNH:0
FNDA:0,(anonymous_1)
FNDA:0,(anonymous_2)
FNDA:0,(anonymous_3)
FNDA:0,(anonymous_4)
FNDA:0,publish
FNDA:0,(anonymous_6)
DA:1,1
DA:2,1
DA:3,1
DA:4,1
DA:5,1
DA:10,1
DA:11,0
DA:12,0
DA:13,0
DA:15,0
DA:16,0
DA:18,0
DA:19,0
DA:22,0
DA:23,0
DA:24,0
DA:25,0
DA:26,0
DA:28,0
DA:41,1
DA:42,0
DA:43,0
DA:44,0
DA:45,0
DA:46,0
DA:47,0
DA:48,0
DA:49,0
DA:50,0
DA:51,0
DA:52,0
DA:53,0
DA:59,0
DA:60,0
DA:64,0
DA:65,0
DA:70,0
DA:72,0
DA:75,1
LF:39
LH:8
BRDA:12,1,0,0
BRDA:12,1,1,0
BRDA:25,2,0,0
BRDA:25,2,1,0
BRDA:44,3,0,0
BRDA:44,3,1,0
BRDA:49,4,0,0
BRDA:49,4,1,0
BRF:8
BRH:0
end_of_record
TN:
SF:/Users/rebeccahu/Desktop/remote/seosite-queue/app/settings/requests/retry.js
FN:14,originalIssueResolved
FN:28,publish
FN:58,(anonymous_3)
FN:61,(anonymous_4)
FN:71,init
FN:74,(anonymous_6)
FN:118,(anonymous_7)
FN:121,(anonymous_8)
FNF:8
FNH:8
FNDA:9,originalIssueResolved
FNDA:9,publish
FNDA:5,(anonymous_3)
FNDA:2,(anonymous_4)
FNDA:9,init
FNDA:3,(anonymous_6)
FNDA:1,(anonymous_7)
FNDA:2,(anonymous_8)
DA:1,1
DA:14,1
DA:15,9
DA:17,2
DA:18,7
DA:19,2
DA:21,5
DA:28,1
DA:29,9
DA:30,9
DA:31,9
DA:32,2
DA:33,2
DA:38,2
DA:39,2
DA:41,7
DA:50,7
DA:52,7
DA:53,7
DA:54,4
DA:56,7
DA:57,7
DA:58,7
DA:59,5
DA:60,5
DA:62,2
DA:64,7
DA:71,1
DA:72,9
DA:73,9
DA:74,9
DA:75,3
DA:76,3
DA:81,3
DA:82,3
DA:84,9
DA:85,9
DA:86,4
DA:87,4
DA:92,4
DA:93,4
DA:96,5
DA:97,1
DA:98,1
DA:103,1
DA:104,1
DA:107,4
DA:108,1
DA:109,1
DA:114,1
DA:115,1
DA:117,3
DA:118,3
DA:119,1
DA:120,1
DA:122,2
DA:123,2
DA:126,3
DA:129,1
DA:130,1
DA:131,1
LF:61
LH:61
BRDA:15,1,0,2
BRDA:15,1,1,7
BRDA:18,2,0,2
BRDA:18,2,1,5
BRDA:31,3,0,2
BRDA:31,3,1,7
BRDA:31,4,0,9
BRDA:31,4,1,7
BRDA:42,5,0,7
BRDA:42,5,1,5
BRDA:44,6,0,7
BRDA:44,6,1,7
BRDA:45,7,0,7
BRDA:45,7,1,7
BRDA:46,8,0,7
BRDA:46,8,1,7
BRDA:47,9,0,7
BRDA:47,9,1,5
BRDA:53,10,0,4
BRDA:53,10,1,3
BRDA:85,11,0,4
BRDA:85,11,1,5
BRDA:96,12,0,1
BRDA:96,12,1,4
BRDA:107,13,0,1
BRDA:107,13,1,3
BRF:26
BRH:26
end_of_record
TN:
SF:/Users/rebeccahu/Desktop/remote/seosite-queue/app/actions/logError.js
FN:1,log
FNF:1
FNH:1
FNDA:11,log
DA:1,1
DA:2,11
DA:4,1
LF:3
LH:3
BRF:0
BRH:0
end_of_record
TN:
SF:/Users/rebeccahu/Desktop/remote/seosite-queue/app/utils.js
FN:13,checkRequirements
FN:16,(anonymous_2)
FN:30,updateActivity
FN:38,(anonymous_4)
FN:55,checkActivity
FN:58,(anonymous_6)
FN:74,checkPermissions
FN:77,(anonymous_8)
FN:96,checkAvailActivity
FN:97,(anonymous_10)
FN:101,(anonymous_11)
FN:118,findUser
FN:121,(anonymous_13)
FN:146,findOneUser
FN:149,(anonymous_15)
FN:175,updateBy
FN:179,(anonymous_17)
FN:208,updateUser
FN:210,(anonymous_19)
FN:235,deleteUser
FN:239,(anonymous_21)
FN:263,saveScan
FN:267,(anonymous_23)
FN:289,findBy
FN:291,(anonymous_25)
FN:317,deleteBy
FN:319,(anonymous_27)
FN:338,batchPut
FN:341,(anonymous_29)
FNF:29
FNH:4
FNDA:26,checkRequirements
FNDA:88,(anonymous_2)
FNDA:2,updateActivity
FNDA:0,(anonymous_4)
FNDA:0,checkActivity
FNDA:0,(anonymous_6)
FNDA:0,checkPermissions
FNDA:0,(anonymous_8)
FNDA:0,checkAvailActivity
FNDA:0,(anonymous_10)
FNDA:0,(anonymous_11)
FNDA:0,findUser
FNDA:0,(anonymous_13)
FNDA:0,findOneUser
FNDA:0,(anonymous_15)
FNDA:3,updateBy
FNDA:0,(anonymous_17)
FNDA:0,updateUser
FNDA:0,(anonymous_19)
FNDA:0,deleteUser
FNDA:0,(anonymous_21)
FNDA:0,saveScan
FNDA:0,(anonymous_23)
FNDA:0,findBy
FNDA:0,(anonymous_25)
FNDA:0,deleteBy
FNDA:0,(anonymous_27)
FNDA:0,batchPut
FNDA:0,(anonymous_29)
DA:1,1
DA:13,1
DA:14,26
DA:15,26
DA:16,26
DA:17,88
DA:18,25
DA:21,26
DA:30,1
DA:31,2
DA:34,2
DA:35,2
DA:36,2
DA:39,0
DA:40,0
DA:41,0
DA:44,0
DA:45,0
DA:55,1
DA:56,0
DA:59,0
DA:60,0
DA:61,0
DA:64,0
DA:65,0
DA:74,1
DA:75,0
DA:78,0
DA:79,0
DA:80,0
DA:83,0
DA:84,0
DA:96,1
DA:97,0
DA:98,0
DA:99,0
DA:101,0
DA:102,0
DA:103,0
DA:105,0
DA:106,0
DA:107,0
DA:108,0
DA:118,1
DA:119,0
DA:120,0
DA:121,0
DA:122,0
DA:123,0
DA:124,0
DA:127,0
DA:128,0
DA:133,0
DA:134,0
DA:146,1
DA:147,0
DA:148,0
DA:149,0
DA:150,0
DA:151,0
DA:152,0
DA:155,0
DA:156,0
DA:161,0
DA:162,0
DA:175,1
DA:176,3
DA:177,3
DA:178,3
DA:179,3
DA:180,0
DA:181,0
DA:182,0
DA:183,0
DA:184,0
DA:187,0
DA:188,0
DA:189,0
DA:193,1
DA:194,1
DA:195,1
DA:208,1
DA:209,0
DA:210,0
DA:211,0
DA:212,0
DA:213,0
DA:214,0
DA:217,0
DA:218,0
DA:222,0
DA:223,0
DA:235,1
DA:236,0
DA:237,0
DA:240,0
DA:241,0
DA:242,0
DA:245,0
DA:246,0
DA:250,0
DA:251,0
DA:263,1
DA:264,0
DA:265,0
DA:267,0
DA:268,0
DA:269,0
DA:270,0
DA:271,0
DA:274,0
DA:275,0
DA:279,0
DA:289,1
DA:290,0
DA:291,0
DA:292,0
DA:293,0
DA:294,0
DA:297,0
DA:298,0
DA:303,0
DA:304,0
DA:317,1
DA:318,0
DA:319,0
DA:320,0
DA:321,0
DA:322,0
DA:326,0
DA:327,0
DA:332,0
DA:338,1
DA:339,0
DA:341,0
DA:342,0
DA:346,1
DA:347,1
DA:348,1
DA:349,1
DA:350,1
DA:351,1
DA:352,1
DA:353,1
DA:354,1
DA:355,1
DA:356,1
DA:357,1
LF:148
LH:44
BRDA:17,1,0,25
BRDA:17,1,1,63
BRDA:39,2,0,0
BRDA:39,2,1,0
BRDA:40,3,0,0
BRDA:40,3,1,0
BRDA:44,4,0,0
BRDA:44,4,1,0
BRDA:59,5,0,0
BRDA:59,5,1,0
BRDA:60,6,0,0
BRDA:60,6,1,0
BRDA:64,7,0,0
BRDA:64,7,1,0
BRDA:78,8,0,0
BRDA:78,8,1,0
BRDA:79,9,0,0
BRDA:79,9,1,0
BRDA:83,10,0,0
BRDA:83,10,1,0
BRDA:98,11,0,0
BRDA:98,11,1,0
BRDA:102,12,0,0
BRDA:102,12,1,0
BRDA:107,13,0,0
BRDA:107,13,1,0
BRDA:122,14,0,0
BRDA:122,14,1,0
BRDA:123,15,0,0
BRDA:123,15,1,0
BRDA:127,16,0,0
BRDA:127,16,1,0
BRDA:133,17,0,0
BRDA:133,17,1,0
BRDA:150,18,0,0
BRDA:150,18,1,0
BRDA:151,19,0,0
BRDA:151,19,1,0
BRDA:155,20,0,0
BRDA:155,20,1,0
BRDA:161,21,0,0
BRDA:161,21,1,0
BRDA:181,22,0,0
BRDA:181,22,1,0
BRDA:183,23,0,0
BRDA:183,23,1,0
BRDA:188,24,0,0
BRDA:188,24,1,0
BRDA:194,25,0,1
BRDA:194,25,1,0
BRDA:212,26,0,0
BRDA:212,26,1,0
BRDA:213,27,0,0
BRDA:213,27,1,0
BRDA:217,28,0,0
BRDA:217,28,1,0
BRDA:222,29,0,0
BRDA:222,29,1,0
BRDA:240,30,0,0
BRDA:240,30,1,0
BRDA:241,31,0,0
BRDA:241,31,1,0
BRDA:245,32,0,0
BRDA:245,32,1,0
BRDA:250,33,0,0
BRDA:250,33,1,0
BRDA:269,34,0,0
BRDA:269,34,1,0
BRDA:270,35,0,0
BRDA:270,35,1,0
BRDA:274,36,0,0
BRDA:274,36,1,0
BRDA:292,37,0,0
BRDA:292,37,1,0
BRDA:293,38,0,0
BRDA:293,38,1,0
BRDA:297,39,0,0
BRDA:297,39,1,0
BRDA:303,40,0,0
BRDA:303,40,1,0
BRDA:320,41,0,0
BRDA:320,41,1,0
BRDA:321,42,0,0
BRDA:321,42,1,0
BRDA:326,43,0,0
BRDA:326,43,1,0
BRF:86
BRH:3
end_of_record
TN:
SF:/Users/rebeccahu/Desktop/remote/seosite-queue/app/models/user.js
FNF:0
FNH:0
DA:1,1
DA:3,1
DA:69,1
LF:3
LH:3
BRF:0
BRH:0
end_of_record
TN:
SF:/Users/rebeccahu/Desktop/remote/seosite-queue/app/models/activity.js
FNF:0
FNH:0
DA:1,1
DA:3,1
DA:138,1
LF:3
LH:3
BRF:0
BRH:0
end_of_record
TN:
SF:/Users/rebeccahu/Desktop/remote/seosite-queue/app/models/permission.js
FNF:0
FNH:0
DA:1,1
DA:3,1
DA:161,1
LF:3
LH:3
BRF:0
BRH:0
end_of_record
TN:
SF:/Users/rebeccahu/Desktop/remote/seosite-queue/app/settings/requests/retry/retryables.js
FN:1,requiresDatabase
FN:7,saveAsActive
FN:16,processHar
FN:25,notify
FN:32,markedRequstAsFailed
FN:41,processUrl
FN:50,completeRequest
FN:56,updateBy
FN:63,(anonymous_9)
FN:78,processLinks
FN:85,(anonymous_11)
FN:89,(anonymous_12)
FN:97,processLinksInit
FN:104,(anonymous_14)
FN:108,(anonymous_15)
FN:116,completeLink
FN:126,publishLink
FN:131,(anonymous_18)
FN:133,(anonymous_19)
FN:139,updateCount
FNF:20
FNH:3
FNDA:0,requiresDatabase
FNDA:0,saveAsActive
FNDA:0,processHar
FNDA:0,notify
FNDA:0,markedRequstAsFailed
FNDA:0,processUrl
FNDA:0,completeRequest
FNDA:2,updateBy
FNDA:2,(anonymous_9)
FNDA:0,processLinks
FNDA:0,(anonymous_11)
FNDA:0,(anonymous_12)
FNDA:0,processLinksInit
FNDA:0,(anonymous_14)
FNDA:0,(anonymous_15)
FNDA:1,completeLink
FNDA:0,publishLink
FNDA:0,(anonymous_18)
FNDA:0,(anonymous_19)
FNDA:0,updateCount
DA:1,1
DA:7,1
DA:8,0
DA:9,0
DA:10,0
DA:11,0
DA:12,0
DA:13,0
DA:16,1
DA:17,0
DA:18,0
DA:19,0
DA:20,0
DA:21,0
DA:22,0
DA:25,1
DA:26,0
DA:27,0
DA:28,0
DA:29,0
DA:32,1
DA:33,0
DA:34,0
DA:35,0
DA:36,0
DA:37,0
DA:38,0
DA:41,1
DA:42,0
DA:43,0
DA:44,0
DA:45,0
DA:46,0
DA:47,0
DA:50,1
DA:51,0
DA:52,0
DA:53,0
DA:56,1
DA:57,2
DA:58,2
DA:59,2
DA:60,2
DA:61,2
DA:63,2
DA:64,2
DA:65,1
DA:67,1
DA:71,0
DA:72,0
DA:74,2
DA:78,1
DA:79,0
DA:80,0
DA:85,0
DA:86,0
DA:87,0
DA:88,0
DA:90,0
DA:91,0
DA:92,0
DA:94,0
DA:97,1
DA:98,0
DA:99,0
DA:104,0
DA:105,0
DA:106,0
DA:107,0
DA:109,0
DA:110,0
DA:111,0
DA:113,0
DA:116,1
DA:117,1
DA:118,1
DA:121,1
DA:122,1
DA:126,1
DA:127,0
DA:132,0
DA:134,0
DA:136,0
DA:139,1
DA:140,0
DA:141,0
DA:148,0
DA:149,0
DA:156,1
DA:171,1
LF:90
LH:29
BRDA:60,1,0,2
BRDA:60,1,1,0
BRDA:64,2,0,1
BRDA:64,2,1,1
BRF:4
BRH:3
end_of_record
TN:
SF:/Users/rebeccahu/Desktop/remote/seosite-queue/app/actions/notify.js
FN:15,notify
FN:31,(anonymous_2)
FN:58,(anonymous_3)
FN:61,(anonymous_4)
FNF:4
FNH:1
FNDA:6,notify
FNDA:0,(anonymous_2)
FNDA:0,(anonymous_3)
FNDA:0,(anonymous_4)
DA:1,1
DA:15,1
DA:16,6
DA:17,6
DA:28,6
DA:29,6
DA:31,6
DA:32,0
DA:33,0
DA:34,0
DA:35,0
DA:36,0
DA:50,0
DA:54,0
DA:56,0
DA:59,0
DA:62,0
DA:65,0
DA:71,1
LF:19
LH:8
BRDA:18,1,0,6
BRDA:18,1,1,4
BRDA:20,2,0,6
BRDA:20,2,1,4
BRDA:32,3,0,0
BRDA:32,3,1,0
BRF:6
BRH:4
end_of_record
TN:
SF:/Users/rebeccahu/Desktop/remote/seosite-queue/app/models/update.js
FNF:0
FNH:0
DA:1,1
DA:3,1
DA:32,1
LF:3
LH:3
BRF:0
BRH:0
end_of_record
TN:
SF:/Users/rebeccahu/Desktop/remote/seosite-queue/app/models/link.js
FNF:0
FNH:0
DA:1,1
DA:3,1
DA:44,1
LF:3
LH:3
BRF:0
BRH:0
end_of_record
TN:
SF:/Users/rebeccahu/Desktop/remote/seosite-queue/app/amqp-connections/consumers/retry.js
FN:10,processRequest
FN:12,(anonymous_2)
FN:19,(anonymous_3)
FN:29,(anonymous_4)
FN:31,(anonymous_5)
FNF:5
FNH:3
FNDA:1,processRequest
FNDA:0,(anonymous_2)
FNDA:1,(anonymous_3)
FNDA:1,(anonymous_4)
FNDA:0,(anonymous_5)
DA:1,1
DA:10,1
DA:11,1
DA:12,1
DA:13,0
DA:14,0
DA:15,0
DA:16,0
DA:18,0
DA:20,1
DA:21,1
DA:22,1
DA:24,1
DA:25,0
DA:26,1
DA:27,1
DA:28,1
DA:29,1
DA:30,1
DA:32,0
DA:33,0
DA:35,0
DA:41,1
LF:23
LH:14
BRDA:15,1,0,0
BRDA:15,1,1,0
BRDA:15,2,0,0
BRDA:15,2,1,0
BRDA:21,3,0,1
BRDA:21,3,1,0
BRDA:21,4,0,1
BRDA:21,4,1,1
BRDA:24,5,0,0
BRDA:24,5,1,1
BRDA:24,6,0,1
BRDA:24,6,1,1
BRDA:26,7,0,1
BRDA:26,7,1,0
BRDA:26,8,0,1
BRDA:26,8,1,1
BRDA:32,9,0,0
BRDA:32,9,1,0
BRDA:32,10,0,0
BRDA:32,10,1,0
BRF:20
BRH:9
end_of_record
TN:
SF:/Users/rebeccahu/Desktop/remote/seosite-queue/app/settings/requests.js
FN:5,_authorize
FN:10,(anonymous_2)
FN:43,checkOptions
FN:66,checkRequirements
FN:70,(anonymous_5)
FN:80,(anonymous_6)
FN:97,checkApiCall
FN:99,(anonymous_8)
FN:101,(anonymous_9)
FN:103,(anonymous_10)
FN:106,(anonymous_11)
FN:109,(anonymous_12)
FN:113,(anonymous_13)
FN:117,(anonymous_14)
FN:121,(anonymous_15)
FN:128,_preFlight
FN:129,(anonymous_17)
FN:131,(anonymous_18)
FN:145,validate
FN:162,siteRequestValidate
FN:166,linkRequestValidate
FN:170,captureRequestValidate
FN:176,pageRequestValidate
FN:280,(anonymous_24)
FNF:24
FNH:0
FNDA:0,_authorize
FNDA:0,(anonymous_2)
FNDA:0,checkOptions
FNDA:0,checkRequirements
FNDA:0,(anonymous_5)
FNDA:0,(anonymous_6)
FNDA:0,checkApiCall
FNDA:0,(anonymous_8)
FNDA:0,(anonymous_9)
FNDA:0,(anonymous_10)
FNDA:0,(anonymous_11)
FNDA:0,(anonymous_12)
FNDA:0,(anonymous_13)
FNDA:0,(anonymous_14)
FNDA:0,(anonymous_15)
FNDA:0,_preFlight
FNDA:0,(anonymous_17)
FNDA:0,(anonymous_18)
FNDA:0,validate
FNDA:0,siteRequestValidate
FNDA:0,linkRequestValidate
FNDA:0,captureRequestValidate
FNDA:0,pageRequestValidate
FNDA:0,(anonymous_24)
DA:2,1
DA:3,1
DA:5,1
DA:6,0
DA:7,0
DA:11,0
DA:12,0
DA:14,0
DA:15,0
DA:25,0
DA:26,0
DA:36,0
DA:40,0
DA:43,1
DA:44,0
DA:45,0
DA:46,0
DA:47,0
DA:61,0
DA:63,0
DA:66,1
DA:67,0
DA:68,0
DA:69,0
DA:70,0
DA:71,0
DA:72,0
DA:73,0
DA:76,0
DA:77,0
DA:79,0
DA:80,0
DA:81,0
DA:88,0
DA:94,0
DA:97,1
DA:98,0
DA:99,0
DA:100,0
DA:101,0
DA:102,0
DA:103,0
DA:104,0
DA:105,0
DA:106,0
DA:107,0
DA:108,0
DA:110,0
DA:111,0
DA:114,0
DA:115,0
DA:118,0
DA:119,0
DA:122,0
DA:123,0
DA:125,0
DA:128,1
DA:129,0
DA:130,0
DA:132,0
DA:145,1
DA:146,0
DA:147,0
DA:149,0
DA:150,0
DA:158,0
DA:162,1
DA:166,1
DA:170,1
DA:171,0
DA:172,0
DA:173,0
DA:176,1
DA:177,0
DA:178,0
DA:179,0
DA:180,0
DA:181,0
DA:182,0
DA:189,0
DA:190,0
DA:197,0
DA:198,0
DA:205,0
DA:206,0
DA:213,0
DA:214,0
DA:276,0
DA:277,0
DA:279,0
DA:280,0
DA:281,0
DA:297,0
DA:303,0
DA:305,0
DA:308,1
DA:318,1
LF:97
LH:14
BRDA:11,1,0,0
BRDA:11,1,1,0
BRDA:14,2,0,0
BRDA:14,2,1,0
BRDA:25,3,0,0
BRDA:25,3,1,0
BRDA:25,4,0,0
BRDA:25,4,1,0
BRDA:46,5,0,0
BRDA:46,5,1,0
BRDA:46,6,0,0
BRDA:46,6,1,0
BRDA:71,7,0,0
BRDA:71,7,1,0
BRDA:71,8,0,0
BRDA:71,8,1,0
BRDA:76,9,0,0
BRDA:76,9,1,0
BRDA:146,10,0,0
BRDA:146,10,1,0
BRDA:181,11,0,0
BRDA:181,11,1,0
BRDA:189,12,0,0
BRDA:189,12,1,0
BRDA:197,13,0,0
BRDA:197,13,1,0
BRDA:205,14,0,0
BRDA:205,14,1,0
BRDA:213,15,0,0
BRDA:213,15,1,0
BRDA:276,16,0,0
BRDA:276,16,1,0
BRF:32
BRH:0
end_of_record
TN:
SF:/Users/rebeccahu/Desktop/remote/seosite-queue/app/settings/requests/page.js
FNF:0
FNH:0
LF:0
LH:0
BRF:0
BRH:0
end_of_record
TN:
SF:/Users/rebeccahu/Desktop/remote/seosite-queue/app/settings/requests/link.js
FN:12,completeRequest
FN:22,(anonymous_2)
FN:67,completeLink
FN:79,(anonymous_4)
FN:119,(anonymous_5)
FN:168,(anonymous_6)
FN:189,init
FN:197,(anonymous_8)
FNF:8
FNH:4
FNDA:0,completeRequest
FNDA:0,(anonymous_2)
FNDA:3,completeLink
FNDA:3,(anonymous_4)
FNDA:0,(anonymous_5)
FNDA:0,(anonymous_6)
FNDA:2,init
FNDA:2,(anonymous_8)
DA:1,1
DA:12,1
DA:13,0
DA:16,0
DA:23,0
DA:27,0
DA:51,0
DA:52,0
DA:53,0
DA:67,1
DA:68,3
DA:80,3
DA:81,3
DA:82,3
DA:83,3
DA:90,3
DA:103,0
DA:111,0
DA:120,0
DA:121,0
DA:153,0
DA:165,0
DA:166,0
DA:169,0
DA:170,0
DA:171,0
DA:172,0
DA:173,0
DA:175,0
DA:176,0
DA:189,1
DA:190,2
DA:191,2
DA:192,2
DA:193,2
DA:198,2
DA:199,2
DA:210,2
DA:211,2
DA:212,2
DA:213,2
DA:214,2
DA:215,2
DA:216,2
DA:217,2
DA:220,2
DA:221,2
DA:224,2
DA:225,0
DA:226,0
DA:227,0
DA:228,0
DA:231,2
DA:232,2
DA:235,2
DA:237,1
DA:238,1
LF:57
LH:32
BRDA:23,1,0,0
BRDA:23,1,1,0
BRDA:81,2,0,3
BRDA:81,2,1,0
BRDA:120,3,0,0
BRDA:120,3,1,0
BRDA:171,4,0,0
BRDA:171,4,1,0
BRDA:171,5,0,0
BRDA:171,5,1,0
BRDA:171,5,2,0
BRDA:210,6,0,2
BRDA:210,6,1,0
BRDA:212,7,0,2
BRDA:212,7,1,0
BRDA:220,8,0,2
BRDA:220,8,1,0
BRDA:220,9,0,2
BRDA:220,9,1,2
BRDA:220,9,2,2
BRDA:224,10,0,0
BRDA:224,10,1,2
BRDA:224,11,0,2
BRDA:224,11,1,2
BRDA:224,11,2,0
BRF:25
BRH:10
end_of_record
TN:
SF:/Users/rebeccahu/Desktop/remote/seosite-queue/app/actions/scanPage/linkScanner.js
FN:14,(anonymous_1)
FN:55,(anonymous_2)
FN:61,enqueueLink
FN:90,copyResponseData
FN:120,checkUrl
FN:145,(anonymous_6)
FN:154,(anonymous_7)
FN:159,(anonymous_8)
FN:169,(anonymous_9)
FN:187,(anonymous_10)
FN:190,(anonymous_11)
FN:207,(anonymous_12)
FNF:12
FNH:9
FNDA:0,(anonymous_1)
FNDA:4,(anonymous_2)
FNDA:2,enqueueLink
FNDA:2,copyResponseData
FNDA:2,checkUrl
FNDA:0,(anonymous_6)
FNDA:2,(anonymous_7)
FNDA:2,(anonymous_8)
FNDA:2,(anonymous_9)
FNDA:2,(anonymous_10)
FNDA:0,(anonymous_11)
FNDA:2,(anonymous_12)
DA:1,1
DA:14,1
DA:16,0
DA:22,0
DA:23,0
DA:29,0
DA:30,0
DA:32,0
DA:55,1
DA:56,4
DA:57,4
DA:58,4
DA:61,1
DA:66,2
DA:67,2
DA:68,2
DA:70,2
DA:71,2
DA:72,2
DA:73,2
DA:74,2
DA:78,0
DA:80,0
DA:81,0
DA:82,0
DA:83,0
DA:84,0
DA:85,0
DA:86,0
DA:90,1
DA:91,2
DA:92,0
DA:93,0
DA:94,0
DA:96,0
DA:99,0
DA:101,0
DA:102,0
DA:103,0
DA:104,0
DA:109,2
DA:110,2
DA:111,2
DA:113,0
DA:114,0
DA:117,2
DA:120,1
DA:121,2
DA:122,2
DA:123,2
DA:124,0
DA:126,2
DA:127,2
DA:128,2
DA:130,2
DA:131,0
DA:132,0
DA:133,0
DA:134,0
DA:138,2
DA:146,0
DA:147,0
DA:148,0
DA:150,0
DA:151,0
DA:153,0
DA:155,2
DA:158,2
DA:159,2
DA:160,2
DA:161,2
DA:162,2
DA:165,0
DA:169,1
DA:170,2
DA:171,2
DA:196,2
DA:198,2
DA:200,2
DA:204,2
DA:205,2
DA:207,2
DA:208,2
DA:211,2
LF:84
LH:47
BRDA:29,1,0,0
BRDA:29,1,1,0
BRDA:68,2,0,2
BRDA:68,2,1,0
BRDA:81,3,0,0
BRDA:81,3,1,0
BRDA:83,4,0,0
BRDA:83,4,1,0
BRDA:91,5,0,0
BRDA:91,5,1,2
BRDA:92,6,0,0
BRDA:92,6,1,0
BRDA:101,7,0,0
BRDA:101,7,1,0
BRDA:103,8,0,0
BRDA:103,8,1,0
BRDA:110,9,0,2
BRDA:110,9,1,0
BRDA:122,10,0,2
BRDA:122,10,1,0
BRDA:123,11,0,0
BRDA:123,11,1,2
BRDA:126,12,0,2
BRDA:126,12,1,0
BRDA:130,13,0,0
BRDA:130,13,1,2
BRDA:130,14,0,2
BRDA:130,14,1,2
BRDA:130,14,2,2
BRDA:144,15,0,2
BRDA:144,15,1,0
BRDA:147,16,0,0
BRDA:147,16,1,0
BRDA:147,17,0,0
BRDA:147,17,1,0
BRDA:147,17,2,0
BRDA:147,17,3,0
BRDA:147,17,4,0
BRDA:150,18,0,0
BRDA:150,18,1,0
BRDA:150,19,0,0
BRDA:150,19,1,0
BRDA:158,20,0,2
BRDA:158,20,1,0
BRF:44
BRH:12
end_of_record
TN:
SF:/Users/rebeccahu/Desktop/remote/seosite-queue/app/actions/scanPage/internal/defaultOptions.js
FNF:0
FNH:0
DA:2,1
DA:3,1
DA:5,1
DA:33,1
LF:4
LH:4
BRF:0
BRH:0
end_of_record
TN:
SF:/Users/rebeccahu/Desktop/remote/seosite-queue/app/actions/scanPage/internal/tags.js
FNF:0
FNH:0
DA:3,1
DA:179,1
DA:241,1
LF:3
LH:3
BRF:0
BRH:0
end_of_record
TN:
SF:/Users/rebeccahu/Desktop/remote/seosite-queue/app/actions/scanPage/internal/linkObj.js
FN:7,linkObj
FN:56,(anonymous_2)
FN:70,(anonymous_3)
FN:99,(anonymous_4)
FN:172,cloneObject
FN:199,parity
FNF:6
FNH:5
FNDA:2,linkObj
FNDA:0,(anonymous_2)
FNDA:4,(anonymous_3)
FNDA:4,(anonymous_4)
FNDA:16,cloneObject
FNDA:8,parity
DA:2,1
DA:7,1
DA:8,2
DA:9,0
DA:11,2
DA:50,2
DA:56,1
DA:57,0
DA:58,0
DA:59,0
DA:61,0
DA:62,0
DA:64,0
DA:70,1
DA:71,4
DA:72,4
DA:73,0
DA:74,0
DA:76,4
DA:79,4
DA:81,4
DA:83,0
DA:84,0
DA:87,4
DA:88,4
DA:89,4
DA:91,4
DA:99,1
DA:100,4
DA:101,0
DA:104,4
DA:109,4
DA:110,4
DA:111,4
DA:112,4
DA:113,4
DA:117,4
DA:118,4
DA:120,0
DA:121,0
DA:125,4
DA:127,0
DA:128,0
DA:131,4
DA:132,4
DA:133,4
DA:136,4
DA:137,4
DA:138,4
DA:141,4
DA:142,4
DA:145,4
DA:147,4
DA:148,4
DA:149,4
DA:150,4
DA:152,0
DA:153,0
DA:155,0
DA:156,0
DA:157,0
DA:161,4
DA:162,4
DA:172,1
DA:173,16
DA:175,16
DA:176,4
DA:179,12
DA:184,16
DA:185,104
DA:186,84
DA:188,84
DA:189,12
DA:191,72
DA:195,16
DA:199,1
DA:203,8
DA:206,1
LF:78
LH:57
BRDA:8,1,0,0
BRDA:8,1,1,2
BRDA:8,2,0,2
BRDA:8,2,1,2
BRDA:58,3,0,0
BRDA:58,3,1,0
BRDA:58,4,0,0
BRDA:58,4,1,0
BRDA:58,4,2,0
BRDA:61,5,0,0
BRDA:61,5,1,0
BRDA:61,6,0,0
BRDA:61,6,1,0
BRDA:71,7,0,4
BRDA:71,7,1,0
BRDA:73,8,0,0
BRDA:73,8,1,0
BRDA:81,9,0,0
BRDA:81,9,1,4
BRDA:81,10,0,4
BRDA:81,10,1,4
BRDA:89,11,0,4
BRDA:89,11,1,0
BRDA:100,12,0,0
BRDA:100,12,1,4
BRDA:109,13,0,0
BRDA:109,13,1,4
BRDA:112,14,0,4
BRDA:112,14,1,0
BRDA:118,15,0,0
BRDA:118,15,1,4
BRDA:125,16,0,0
BRDA:125,16,1,4
BRDA:131,17,0,0
BRDA:131,17,1,4
BRDA:137,18,0,4
BRDA:137,18,1,0
BRDA:141,19,0,4
BRDA:141,19,1,0
BRDA:147,20,0,4
BRDA:147,20,1,0
BRDA:153,21,0,0
BRDA:153,21,1,0
BRDA:155,22,0,0
BRDA:155,22,1,0
BRDA:175,23,0,4
BRDA:175,23,1,12
BRDA:185,24,0,84
BRDA:185,24,1,20
BRDA:188,25,0,12
BRDA:188,25,1,72
BRDA:188,26,0,84
BRDA:188,26,1,52
BRDA:203,27,0,8
BRDA:203,27,1,0
BRF:55
BRH:26
end_of_record
TN:
SF:/Users/rebeccahu/Desktop/remote/seosite-queue/app/actions/scanPage/internal/simpleResponse.js
FN:3,simpleResponse
FN:12,simplify
FNF:2
FNH:0
FNDA:0,simpleResponse
FNDA:0,simplify
DA:3,1
DA:4,0
DA:5,0
DA:6,0
DA:7,0
DA:9,0
DA:12,1
DA:13,0
DA:22,1
LF:9
LH:3
BRF:0
BRH:0
end_of_record
TN:
SF:/Users/rebeccahu/Desktop/remote/seosite-queue/app/actions/scanPage/internal/excludeLink.js
FN:7,excludeLink
FNF:1
FNH:1
FNDA:2,excludeLink
DA:1,1
DA:4,1
DA:5,1
DA:7,1
DA:9,2
DA:10,2
DA:11,2
DA:12,2
DA:13,2
DA:14,2
DA:15,0
DA:18,2
DA:19,2
DA:21,0
DA:22,0
DA:24,0
DA:25,0
DA:27,0
DA:28,0
DA:30,0
DA:31,0
DA:32,0
DA:35,0
DA:36,0
DA:37,0
DA:39,0
DA:40,0
DA:46,0
DA:49,0
DA:50,0
DA:54,0
DA:55,0
DA:59,0
DA:61,0
DA:62,0
DA:64,0
DA:66,1
LF:37
LH:13
BRDA:14,1,0,0
BRDA:14,1,1,2
BRDA:18,2,0,2
BRDA:18,2,1,0
BRDA:21,3,0,0
BRDA:21,3,1,0
BRDA:21,4,0,0
BRDA:21,4,1,0
BRDA:24,5,0,0
BRDA:24,5,1,0
BRDA:24,6,0,0
BRDA:24,6,1,0
BRDA:27,7,0,0
BRDA:27,7,1,0
BRDA:27,8,0,0
BRDA:27,8,1,0
BRDA:31,9,0,0
BRDA:31,9,1,0
BRDA:35,10,0,0
BRDA:35,10,1,0
BRDA:36,11,0,0
BRDA:36,11,1,0
BRDA:39,12,0,0
BRDA:39,12,1,0
BRDA:40,13,0,0
BRDA:40,13,1,0
BRDA:41,14,0,0
BRDA:41,14,1,0
BRDA:41,14,2,0
BRDA:41,14,3,0
BRDA:41,14,4,0
BRDA:41,14,5,0
BRDA:41,14,6,0
BRDA:41,14,7,0
BRDA:49,15,0,0
BRDA:49,15,1,0
BRDA:49,16,0,0
BRDA:49,16,1,0
BRDA:49,16,2,0
BRDA:49,16,3,0
BRDA:49,16,4,0
BRDA:54,17,0,0
BRDA:54,17,1,0
BRDA:61,18,0,0
BRDA:61,18,1,0
BRF:45
BRH:2
end_of_record
TN:
SF:/Users/rebeccahu/Desktop/remote/seosite-queue/app/actions/scanPage/internal/matchUrl.js
FN:4,matchUrl
FNF:1
FNH:0
FNDA:0,matchUrl
DA:2,1
DA:4,1
DA:5,0
DA:7,0
DA:8,0
DA:10,0
DA:12,0
DA:13,0
DA:16,0
DA:17,0
DA:22,0
DA:25,1
LF:12
LH:3
BRDA:7,1,0,0
BRDA:7,1,1,0
BRDA:12,2,0,0
BRDA:12,2,1,0
BRDA:16,3,0,0
BRDA:16,3,1,0
BRF:6
BRH:0
end_of_record
TN:
SF:/Users/rebeccahu/Desktop/remote/seosite-queue/app/actions/scanPage/internal/messages.js
FN:8,(anonymous_1)
FNF:1
FNH:0
FNDA:0,(anonymous_1)
DA:2,1
DA:3,1
DA:5,1
DA:7,1
DA:9,0
DA:10,0
DA:15,1
DA:31,1
DA:32,59
DA:35,1
DA:36,62
DA:39,1
LF:12
LH:10
BRDA:9,1,0,0
BRDA:9,1,1,0
BRF:2
BRH:0
end_of_record
TN:
SF:/Users/rebeccahu/Desktop/remote/seosite-queue/app/actions/scanPage/internal/getHostKey.js
FN:7,(anonymous_1)
FN:16,getHostKey
FNF:2
FNH:0
FNDA:0,(anonymous_1)
FNDA:0,getHostKey
DA:2,1
DA:3,1
DA:4,1
DA:6,1
DA:7,0
DA:8,0
DA:10,0
DA:12,1
DA:13,1
DA:16,1
DA:17,0
DA:18,0
DA:20,0
DA:21,0
DA:23,0
DA:25,0
DA:28,0
DA:29,0
DA:30,0
DA:31,0
DA:32,0
DA:37,0
DA:38,0
DA:41,0
DA:44,0
DA:45,0
DA:48,0
DA:49,0
DA:52,0
DA:53,0
DA:55,0
DA:59,0
DA:60,0
DA:62,0
DA:66,0
DA:67,0
DA:70,0
DA:72,0
DA:75,1
LF:39
LH:8
BRDA:6,1,0,0
BRDA:6,1,1,1
BRDA:20,2,0,0
BRDA:20,2,1,0
BRDA:20,3,0,0
BRDA:20,3,1,0
BRDA:28,4,0,0
BRDA:28,4,1,0
BRDA:28,5,0,0
BRDA:28,5,1,0
BRDA:31,6,0,0
BRDA:31,6,1,0
BRDA:31,7,0,0
BRDA:31,7,1,0
BRDA:37,8,0,0
BRDA:37,8,1,0
BRDA:44,9,0,0
BRDA:44,9,1,0
BRDA:44,10,0,0
BRDA:44,10,1,0
BRDA:48,11,0,0
BRDA:48,11,1,0
BRDA:52,12,0,0
BRDA:52,12,1,0
BRDA:59,13,0,0
BRDA:59,13,1,0
BRDA:66,14,0,0
BRDA:66,14,1,0
BRDA:66,15,0,0
BRDA:66,15,1,0
BRF:30
BRH:1
end_of_record
TN:
SF:/Users/rebeccahu/Desktop/remote/seosite-queue/app/models/request.js
FNF:0
FNH:0
DA:1,1
DA:3,1
DA:46,1
LF:3
LH:3
BRF:0
BRH:0
end_of_record
TN:
SF:/Users/rebeccahu/Desktop/remote/seosite-queue/app/settings/requests/summary.js
FN:26,notify
FN:45,reject
FN:86,resolve
FN:111,markedRequstAsFailed
FN:120,(anonymous_5)
FN:149,_saveAsActive
FN:158,(anonymous_7)
FN:184,saveAsActive
FN:186,(anonymous_9)
FN:189,(anonymous_10)
FN:199,savingAsActiveError
FN:220,processHar
FN:283,(anonymous_13)
FN:307,(anonymous_14)
FN:333,(anonymous_15)
FN:370,(anonymous_16)
FN:430,shouldRetry
FN:442,processUrl
FN:450,(anonymous_19)
FN:454,(anonymous_20)
FN:481,init
FNF:21
FNH:21
FNDA:4,notify
FNDA:20,reject
FNDA:5,resolve
FNDA:3,markedRequstAsFailed
FNDA:3,(anonymous_5)
FNDA:5,_saveAsActive
FNDA:5,(anonymous_7)
FNDA:5,saveAsActive
FNDA:4,(anonymous_9)
FNDA:1,(anonymous_10)
FNDA:1,savingAsActiveError
FNDA:6,processHar
FNDA:6,(anonymous_13)
FNDA:2,(anonymous_14)
FNDA:1,(anonymous_15)
FNDA:2,(anonymous_16)
FNDA:2,shouldRetry
FNDA:4,processUrl
FNDA:2,(anonymous_19)
FNDA:2,(anonymous_20)
FNDA:14,init
DA:1,1
DA:26,1
DA:27,4
DA:28,4
DA:37,4
DA:45,1
DA:46,20
DA:47,20
DA:48,1
DA:50,20
DA:59,20
DA:60,9
DA:61,9
DA:62,1
DA:63,8
DA:64,7
DA:65,7
DA:66,7
DA:69,11
DA:71,20
DA:72,13
DA:73,13
DA:74,13
DA:75,12
DA:78,20
DA:86,1
DA:87,5
DA:88,1
DA:90,5
DA:100,5
DA:101,4
DA:103,5
DA:104,5
DA:111,1
DA:112,3
DA:113,3
DA:121,3
DA:122,1
DA:123,1
DA:130,2
DA:131,2
DA:149,1
DA:150,5
DA:151,5
DA:152,5
DA:159,5
DA:160,1
DA:161,1
DA:163,4
DA:168,4
DA:174,4
DA:177,5
DA:184,1
DA:185,5
DA:186,5
DA:187,4
DA:188,4
DA:190,1
DA:191,1
DA:199,1
DA:200,1
DA:201,1
DA:202,1
DA:203,1
DA:220,1
DA:221,6
DA:222,6
DA:230,6
DA:231,6
DA:241,6
DA:243,6
DA:245,6
DA:246,6
DA:253,6
DA:254,2
DA:257,6
DA:258,2
DA:260,6
DA:267,6
DA:273,6
DA:279,6
DA:280,6
DA:282,6
DA:283,6
DA:284,6
DA:285,6
DA:286,1
DA:290,1
DA:303,5
DA:304,5
DA:305,3
DA:306,3
DA:307,3
DA:308,2
DA:317,2
DA:334,1
DA:335,1
DA:347,1
DA:363,2
DA:364,2
DA:371,2
DA:372,2
DA:382,1
DA:402,1
DA:403,1
DA:421,6
DA:430,1
DA:431,2
DA:432,2
DA:433,1
DA:435,1
DA:442,1
DA:443,4
DA:444,4
DA:445,4
DA:451,2
DA:452,2
DA:453,2
DA:455,2
DA:456,2
DA:457,1
DA:467,1
DA:468,1
DA:471,1
DA:473,4
DA:481,1
DA:482,14
DA:483,14
DA:484,14
DA:485,14
DA:486,4
DA:488,10
DA:489,10
DA:490,5
DA:491,5
DA:499,5
DA:500,5
DA:501,5
DA:502,5
DA:504,10
DA:507,1
DA:508,1
DA:509,1
DA:510,1
DA:511,1
DA:512,1
DA:513,1
LF:147
LH:147
BRDA:47,1,0,1
BRDA:47,1,1,19
BRDA:51,2,0,20
BRDA:51,2,1,12
BRDA:52,3,0,20
BRDA:52,3,1,10
BRDA:53,4,0,20
BRDA:53,4,1,11
BRDA:54,5,0,20
BRDA:54,5,1,15
BRDA:55,6,0,20
BRDA:55,6,1,20
BRDA:57,7,0,20
BRDA:57,7,1,3
BRDA:59,8,0,9
BRDA:59,8,1,11
BRDA:61,9,0,1
BRDA:61,9,1,8
BRDA:63,10,0,7
BRDA:63,10,1,1
BRDA:63,11,0,8
BRDA:63,11,1,7
BRDA:71,12,0,13
BRDA:71,12,1,7
BRDA:74,13,0,12
BRDA:74,13,1,1
BRDA:87,14,0,1
BRDA:87,14,1,4
BRDA:91,15,0,5
BRDA:91,15,1,2
BRDA:92,16,0,5
BRDA:92,16,1,2
BRDA:93,17,0,5
BRDA:93,17,1,5
BRDA:94,18,0,5
BRDA:94,18,1,3
BRDA:95,19,0,5
BRDA:95,19,1,2
BRDA:97,20,0,5
BRDA:97,20,1,2
BRDA:98,21,0,5
BRDA:98,21,1,2
BRDA:100,22,0,4
BRDA:100,22,1,1
BRDA:121,23,0,1
BRDA:121,23,1,2
BRDA:159,24,0,1
BRDA:159,24,1,4
BRDA:253,25,0,2
BRDA:253,25,1,4
BRDA:253,26,0,6
BRDA:253,26,1,6
BRDA:253,26,2,5
BRDA:257,27,0,2
BRDA:257,27,1,4
BRDA:257,28,0,6
BRDA:257,28,1,6
BRDA:257,28,2,5
BRDA:285,29,0,1
BRDA:285,29,1,5
BRDA:304,30,0,3
BRDA:304,30,1,2
BRDA:304,31,0,5
BRDA:304,31,1,5
BRDA:304,31,2,5
BRDA:304,31,3,3
BRDA:304,31,4,3
BRDA:372,32,0,1
BRDA:372,32,1,1
BRDA:432,33,0,1
BRDA:432,33,1,1
BRDA:456,34,0,1
BRDA:456,34,1,1
BRDA:485,35,0,4
BRDA:485,35,1,10
BRDA:489,36,0,5
BRDA:489,36,1,5
BRF:77
BRH:77
end_of_record
TN:
SF:/Users/rebeccahu/Desktop/remote/seosite-queue/app/models/scan.js
FNF:0
FNH:0
DA:1,1
DA:3,1
DA:48,1
LF:3
LH:3
BRF:0
BRH:0
end_of_record
TN:
SF:/Users/rebeccahu/Desktop/remote/seosite-queue/app/actions/scanPage/index.js
FN:18,enqueueLink
FN:44,complete
FN:51,HtmlChecker
FN:58,(anonymous_4)
FN:61,(anonymous_5)
FN:74,(anonymous_6)
FN:78,(anonymous_7)
FN:82,(anonymous_8)
FN:86,(anonymous_9)
FN:90,(anonymous_10)
FN:94,(anonymous_11)
FN:100,complete
FN:105,reset
FN:114,processDocument
FN:123,(anonymous_15)
FN:127,(anonymous_16)
FN:132,(anonymous_17)
FN:141,(anonymous_18)
FN:145,(anonymous_19)
FN:149,(anonymous_20)
FN:156,(anonymous_21)
FN:160,(anonymous_22)
FN:171,(anonymous_23)
FN:176,robotHeaders
FN:182,scan
FN:191,(anonymous_26)
FN:194,(anonymous_27)
FN:203,(anonymous_28)
FN:210,(anonymous_29)
FN:220,processPageRequest
FN:225,(anonymous_31)
FN:230,(anonymous_32)
FN:237,(anonymous_33)
FN:240,(anonymous_34)
FN:244,(anonymous_35)
FNF:35
FNH:2
FNDA:0,enqueueLink
FNDA:0,complete
FNDA:1,HtmlChecker
FNDA:0,(anonymous_4)
FNDA:0,(anonymous_5)
FNDA:0,(anonymous_6)
FNDA:0,(anonymous_7)
FNDA:0,(anonymous_8)
FNDA:0,(anonymous_9)
FNDA:0,(anonymous_10)
FNDA:0,(anonymous_11)
FNDA:0,complete
FNDA:1,reset
FNDA:0,processDocument
FNDA:0,(anonymous_15)
FNDA:0,(anonymous_16)
FNDA:0,(anonymous_17)
FNDA:0,(anonymous_18)
FNDA:0,(anonymous_19)
FNDA:0,(anonymous_20)
FNDA:0,(anonymous_21)
FNDA:0,(anonymous_22)
FNDA:0,(anonymous_23)
FNDA:0,robotHeaders
FNDA:0,scan
FNDA:0,(anonymous_26)
FNDA:0,(anonymous_27)
FNDA:0,(anonymous_28)
FNDA:0,(anonymous_29)
FNDA:0,processPageRequest
FNDA:0,(anonymous_31)
FNDA:0,(anonymous_32)
FNDA:0,(anonymous_33)
FNDA:0,(anonymous_34)
FNDA:0,(anonymous_35)
DA:1,1
DA:18,1
DA:20,0
DA:22,0
DA:24,0
DA:25,0
DA:26,0
DA:27,0
DA:28,0
DA:29,0
DA:32,0
DA:33,0
DA:35,0
DA:37,0
DA:38,0
DA:39,0
DA:40,0
DA:44,1
DA:45,0
DA:46,0
DA:51,1
DA:52,1
DA:53,1
DA:55,1
DA:56,1
DA:57,1
DA:59,0
DA:62,0
DA:64,0
DA:65,0
DA:67,0
DA:74,1
DA:75,0
DA:78,1
DA:79,0
DA:82,1
DA:83,0
DA:86,1
DA:87,0
DA:90,1
DA:91,0
DA:94,1
DA:95,0
DA:100,1
DA:101,0
DA:102,0
DA:105,1
DA:106,1
DA:107,1
DA:108,1
DA:109,1
DA:110,1
DA:111,1
DA:114,1
DA:115,0
DA:116,0
DA:119,1
DA:121,1
DA:124,0
DA:125,0
DA:128,0
DA:129,0
DA:133,0
DA:142,0
DA:146,0
DA:150,0
DA:151,0
DA:155,1
DA:157,0
DA:161,0
DA:163,0
DA:170,1
DA:172,0
DA:176,1
DA:177,0
DA:178,0
DA:182,1
DA:184,0
DA:185,0
DA:186,0
DA:188,0
DA:189,0
DA:191,0
DA:192,0
DA:193,0
DA:196,0
DA:197,0
DA:199,0
DA:200,0
DA:203,0
DA:204,0
DA:207,0
DA:208,0
DA:211,0
DA:217,0
DA:220,1
DA:221,0
DA:222,0
DA:223,0
DA:224,0
DA:229,0
DA:230,0
DA:231,0
DA:232,0
DA:233,0
DA:236,0
DA:237,0
DA:238,0
DA:239,0
DA:241,0
DA:242,0
DA:245,0
DA:246,0
DA:248,0
LF:114
LH:31
BRDA:24,1,0,0
BRDA:24,1,1,0
BRDA:37,2,0,0
BRDA:37,2,1,0
BRDA:39,3,0,0
BRDA:39,3,1,0
BRDA:55,4,0,1
BRDA:55,4,1,0
BRDA:64,5,0,0
BRDA:64,5,1,0
BRDA:163,6,0,0
BRDA:163,6,1,0
BRDA:177,7,0,0
BRDA:177,7,1,0
BRDA:199,8,0,0
BRDA:199,8,1,0
BRDA:199,9,0,0
BRDA:199,9,1,0
BRDA:199,9,2,0
BRDA:199,9,3,0
BRF:20
BRH:1
end_of_record
TN:
SF:/Users/rebeccahu/Desktop/remote/seosite-queue/app/actions/scanPage/UrlChecker.js
FN:26,RequestQueue
FN:38,(anonymous_2)
FN:51,(anonymous_3)
FN:73,enqueue
FN:98,(anonymous_5)
FN:102,(anonymous_6)
FN:106,(anonymous_7)
FN:110,(anonymous_8)
FN:114,(anonymous_9)
FN:124,callHandler
FN:127,(anonymous_11)
FN:140,dequeue
FN:153,enqueue
FN:182,getDoneCallback
FN:183,(anonymous_15)
FN:195,remove
FN:214,startNext
FN:256,UrlChecker
FN:266,(anonymous_19)
FN:267,d
FN:277,(anonymous_21)
FN:283,(anonymous_22)
FN:287,(anonymous_23)
FN:291,(anonymous_24)
FN:309,(anonymous_25)
FN:313,(anonymous_26)
FN:317,(anonymous_27)
FN:321,(anonymous_28)
FN:325,(anonymous_29)
FNF:29
FNH:2
FNDA:2,RequestQueue
FNDA:0,(anonymous_2)
FNDA:0,(anonymous_3)
FNDA:0,enqueue
FNDA:0,(anonymous_5)
FNDA:0,(anonymous_6)
FNDA:0,(anonymous_7)
FNDA:0,(anonymous_8)
FNDA:0,(anonymous_9)
FNDA:0,callHandler
FNDA:0,(anonymous_11)
FNDA:0,dequeue
FNDA:0,enqueue
FNDA:0,getDoneCallback
FNDA:0,(anonymous_15)
FNDA:0,remove
FNDA:0,startNext
FNDA:2,UrlChecker
FNDA:0,(anonymous_19)
FNDA:0,d
FNDA:0,(anonymous_21)
FNDA:0,(anonymous_22)
FNDA:0,(anonymous_23)
FNDA:0,(anonymous_24)
FNDA:0,(anonymous_25)
FNDA:0,(anonymous_26)
FNDA:0,(anonymous_27)
FNDA:0,(anonymous_28)
FNDA:0,(anonymous_29)
DA:3,1
DA:4,1
DA:5,1
DA:6,1
DA:7,1
DA:9,1
DA:10,1
DA:12,1
DA:26,1
DA:27,2
DA:28,2
DA:29,2
DA:31,2
DA:32,2
DA:33,2
DA:34,2
DA:35,2
DA:38,1
DA:39,0
DA:40,0
DA:42,0
DA:43,0
DA:46,0
DA:47,0
DA:48,0
DA:51,1
DA:52,0
DA:55,0
DA:56,0
DA:61,0
DA:63,0
DA:64,0
DA:67,0
DA:73,1
DA:74,0
DA:75,0
DA:77,0
DA:78,0
DA:81,0
DA:83,0
DA:84,0
DA:87,0
DA:93,0
DA:95,0
DA:98,1
DA:99,0
DA:102,1
DA:103,0
DA:106,1
DA:107,0
DA:110,1
DA:111,0
DA:114,1
DA:115,0
DA:116,0
DA:124,1
DA:125,0
DA:126,0
DA:127,0
DA:128,0
DA:132,0
DA:140,1
DA:141,0
DA:143,0
DA:145,0
DA:147,0
DA:153,1
DA:154,0
DA:155,0
DA:157,0
DA:158,0
DA:161,0
DA:163,0
DA:164,0
DA:167,0
DA:173,0
DA:175,0
DA:182,1
DA:183,0
DA:184,0
DA:186,0
DA:188,0
DA:195,1
DA:196,0
DA:198,0
DA:199,0
DA:202,0
DA:204,0
DA:205,0
DA:207,0
DA:214,1
DA:215,0
DA:216,0
DA:217,0
DA:219,0
DA:220,0
DA:222,0
DA:223,0
DA:224,0
DA:227,0
DA:228,0
DA:230,0
DA:231,0
DA:232,0
DA:233,0
DA:234,0
DA:238,0
DA:239,0
DA:240,0
DA:242,0
DA:244,0
DA:246,0
DA:248,0
DA:251,0
DA:256,1
DA:257,2
DA:258,2
DA:259,2
DA:260,2
DA:261,2
DA:267,1
DA:268,0
DA:269,0
DA:271,0
DA:272,0
DA:274,0
DA:278,0
DA:283,1
DA:287,1
DA:288,0
DA:291,1
DA:292,0
DA:299,0
DA:309,1
DA:310,0
DA:313,1
DA:314,0
DA:317,1
DA:318,0
DA:321,1
DA:322,0
DA:325,1
DA:326,0
DA:329,1
LF:144
LH:47
BRDA:33,1,0,2
BRDA:33,1,1,0
BRDA:42,2,0,0
BRDA:42,2,1,0
BRDA:42,3,0,0
BRDA:42,3,1,0
BRDA:55,4,0,0
BRDA:55,4,1,0
BRDA:55,5,0,0
BRDA:55,5,1,0
BRDA:63,6,0,0
BRDA:63,6,1,0
BRDA:77,7,0,0
BRDA:77,7,1,0
BRDA:81,8,0,0
BRDA:81,8,1,0
BRDA:83,9,0,0
BRDA:83,9,1,0
BRDA:125,10,0,0
BRDA:125,10,1,0
BRDA:126,11,0,0
BRDA:126,11,1,0
BRDA:143,12,0,0
BRDA:143,12,1,0
BRDA:157,13,0,0
BRDA:157,13,1,0
BRDA:161,14,0,0
BRDA:161,14,1,0
BRDA:163,15,0,0
BRDA:163,15,1,0
BRDA:198,16,0,0
BRDA:198,16,1,0
BRDA:204,17,0,0
BRDA:204,17,1,0
BRDA:204,18,0,0
BRDA:204,18,1,0
BRDA:219,19,0,0
BRDA:219,19,1,0
BRDA:220,20,0,0
BRDA:220,20,1,0
BRDA:227,21,0,0
BRDA:227,21,1,0
BRDA:228,22,0,0
BRDA:228,22,1,0
BRDA:232,23,0,0
BRDA:232,23,1,0
BRDA:238,24,0,0
BRDA:238,24,1,0
BRDA:248,25,0,0
BRDA:248,25,1,0
BRDA:258,26,0,2
BRDA:258,26,1,0
BRDA:271,27,0,0
BRDA:271,27,1,0
BRDA:292,28,0,0
BRDA:292,28,1,0
BRDA:292,29,0,0
BRDA:292,29,1,0
BRDA:300,30,0,0
BRDA:300,30,1,0
BRF:60
BRH:2
end_of_record
TN:
SF:/Users/rebeccahu/Desktop/remote/seosite-queue/app/actions/scanPage/internal/checkUrl.js
FN:12,checkUrl
FN:50,(anonymous_2)
FN:62,(anonymous_3)
FN:73,(anonymous_4)
FN:87,copyResponseData
FNF:5
FNH:0
FNDA:0,checkUrl
FNDA:0,(anonymous_2)
FNDA:0,(anonymous_3)
FNDA:0,(anonymous_4)
FNDA:0,copyResponseData
DA:2,1
DA:3,1
DA:4,1
DA:5,1
DA:6,1
DA:7,1
DA:12,1
DA:13,0
DA:15,0
DA:16,0
DA:17,0
DA:18,0
DA:19,0
DA:23,0
DA:24,0
DA:25,0
DA:26,0
DA:27,0
DA:43,0
DA:51,0
DA:52,0
DA:54,0
DA:60,0
DA:64,0
DA:67,0
DA:73,0
DA:74,0
DA:75,0
DA:76,0
DA:79,0
DA:87,1
DA:88,0
DA:89,0
DA:90,0
DA:91,0
DA:93,0
DA:96,0
DA:98,0
DA:99,0
DA:101,0
DA:103,0
DA:107,0
DA:109,0
DA:110,0
DA:117,0
DA:118,0
DA:121,0
DA:124,1
LF:48
LH:9
BRDA:15,1,0,0
BRDA:15,1,1,0
BRDA:17,2,0,0
BRDA:17,2,1,0
BRDA:23,3,0,0
BRDA:23,3,1,0
BRDA:49,4,0,0
BRDA:49,4,1,0
BRDA:52,5,0,0
BRDA:52,5,1,0
BRDA:52,6,0,0
BRDA:52,6,1,0
BRDA:52,6,2,0
BRDA:52,6,3,0
BRDA:67,7,0,0
BRDA:67,7,1,0
BRDA:88,8,0,0
BRDA:88,8,1,0
BRDA:89,9,0,0
BRDA:89,9,1,0
BRDA:98,10,0,0
BRDA:98,10,1,0
BRDA:101,11,0,0
BRDA:101,11,1,0
BRDA:109,12,0,0
BRDA:109,12,1,0
BRF:26
BRH:0
end_of_record
TN:
SF:/Users/rebeccahu/Desktop/remote/seosite-queue/app/actions/scanPage/internal/parseOptions.js
FN:4,array2booleanMap
FN:17,parseOptions
FNF:2
FNH:2
FNDA:4,array2booleanMap
FNDA:4,parseOptions
DA:2,1
DA:4,1
DA:5,4
DA:6,4
DA:7,2
DA:8,2
DA:9,2
DA:10,12
DA:12,2
DA:14,2
DA:17,1
DA:18,4
DA:19,2
DA:20,2
DA:21,2
DA:22,2
DA:24,4
DA:27,1
LF:18
LH:18
BRDA:6,1,0,2
BRDA:6,1,1,2
BRDA:18,2,0,2
BRDA:18,2,1,2
BRDA:18,3,0,4
BRDA:18,3,1,2
BRF:6
BRH:6
end_of_record
TN:
SF:/Users/rebeccahu/Desktop/remote/seosite-queue/app/actions/scanPage/internal/parseHtml.js
FN:8,(anonymous_1)
FN:29,getAttrMap
FN:44,parseHtml
FN:45,(anonymous_4)
FN:49,(anonymous_5)
FNF:5
FNH:0
FNDA:0,(anonymous_1)
FNDA:0,getAttrMap
FNDA:0,parseHtml
FNDA:0,(anonymous_4)
FNDA:0,(anonymous_5)
DA:2,1
DA:3,1
DA:4,1
DA:6,1
DA:7,1
DA:8,1
DA:9,0
DA:11,0
DA:12,0
DA:15,0
DA:18,1
DA:29,1
DA:30,0
DA:31,0
DA:32,0
DA:34,0
DA:35,0
DA:38,0
DA:44,1
DA:45,0
DA:46,0
DA:47,0
DA:49,0
DA:50,0
DA:53,0
DA:54,0
DA:55,0
DA:57,0
DA:62,1
LF:29
LH:10
BRDA:11,1,0,0
BRDA:11,1,1,0
BRDA:11,2,0,0
BRDA:11,2,1,0
BRDA:46,3,0,0
BRDA:46,3,1,0
BRDA:54,4,0,0
BRDA:54,4,1,0
BRF:8
BRH:0
end_of_record
TN:
SF:/Users/rebeccahu/Desktop/remote/seosite-queue/app/actions/scanPage/internal/streamHtml.js
FN:12,stream
FN:22,(anonymous_2)
FN:43,(anonymous_3)
FNF:3
FNH:0
FNDA:0,stream
FNDA:0,(anonymous_2)
FNDA:0,(anonymous_3)
DA:2,1
DA:12,1
DA:13,0
DA:14,0
DA:15,0
DA:16,0
DA:23,0
DA:24,0
DA:26,0
DA:27,0
DA:31,0
DA:32,0
DA:35,0
DA:36,0
DA:37,0
DA:39,0
DA:40,0
DA:42,0
DA:44,0
DA:45,0
DA:47,0
DA:49,0
DA:51,0
DA:53,0
DA:55,0
DA:57,0
DA:62,0
DA:67,0
DA:70,1
LF:29
LH:3
BRDA:26,1,0,0
BRDA:26,1,1,0
BRDA:31,2,0,0
BRDA:31,2,1,0
BRDA:31,3,0,0
BRDA:31,3,1,0
BRDA:36,4,0,0
BRDA:36,4,1,0
BRDA:39,5,0,0
BRDA:39,5,1,0
BRDA:45,6,0,0
BRDA:45,6,1,0
BRDA:47,7,0,0
BRDA:47,7,1,0
BRDA:49,8,0,0
BRDA:49,8,1,0
BRDA:51,9,0,0
BRDA:51,9,1,0
BRDA:53,10,0,0
BRDA:53,10,1,0
BRDA:55,11,0,0
BRDA:55,11,1,0
BRDA:57,12,0,0
BRDA:57,12,1,0
BRF:24
BRH:0
end_of_record
TN:
SF:/Users/rebeccahu/Desktop/remote/seosite-queue/app/actions/scanPage/internal/checkErrors.js
FN:1,checkErrors
FNF:1
FNH:0
FNDA:0,checkErrors
DA:1,1
DA:2,0
DA:3,0
DA:4,0
DA:5,0
DA:6,0
DA:9,0
DA:11,0
DA:12,0
DA:13,0
DA:14,0
DA:18,1
LF:12
LH:2
BRDA:3,1,0,0
BRDA:3,1,1,0
BRDA:11,2,0,0
BRDA:11,2,1,0
BRDA:11,3,0,0
BRDA:11,3,1,0
BRF:6
BRH:0
end_of_record
TN:
SF:/Users/rebeccahu/Desktop/remote/seosite-queue/app/actions/scanPage/internal/scrapeHtml.js
FN:14,scrapeHtml
FN:24,(anonymous_2)
FN:52,findLinks
FN:56,(anonymous_4)
FN:105,findPreliminaries
FN:118,(anonymous_6)
FN:168,findRootNode
FN:183,getNthIndex
FN:209,getSelector
FN:230,getText
FN:236,(anonymous_11)
FN:252,stringifyNode
FN:271,walk
FNF:13
FNH:0
FNDA:0,scrapeHtml
FNDA:0,(anonymous_2)
FNDA:0,findLinks
FNDA:0,(anonymous_4)
FNDA:0,findPreliminaries
FNDA:0,(anonymous_6)
FNDA:0,findRootNode
FNDA:0,getNthIndex
FNDA:0,getSelector
FNDA:0,getText
FNDA:0,(anonymous_11)
FNDA:0,stringifyNode
FNDA:0,walk
DA:2,1
DA:3,1
DA:5,1
DA:6,1
DA:7,1
DA:9,1
DA:14,1
DA:15,0
DA:16,0
DA:18,0
DA:20,0
DA:21,0
DA:22,0
DA:24,0
DA:25,0
DA:26,0
DA:27,0
DA:28,0
DA:29,0
DA:30,0
DA:31,0
DA:32,0
DA:34,0
DA:35,0
DA:36,0
DA:37,0
DA:40,0
DA:44,0
DA:52,1
DA:53,0
DA:56,0
DA:57,0
DA:60,0
DA:61,0
DA:62,0
DA:66,0
DA:67,0
DA:68,0
DA:70,0
DA:73,0
DA:75,0
DA:76,0
DA:77,0
DA:81,0
DA:84,0
DA:85,0
DA:105,1
DA:106,0
DA:107,0
DA:111,0
DA:114,0
DA:118,0
DA:119,0
DA:123,0
DA:125,0
DA:126,0
DA:129,0
DA:134,0
DA:135,0
DA:137,0
DA:141,0
DA:146,0
DA:147,0
DA:152,0
DA:156,0
DA:158,0
DA:162,0
DA:168,1
DA:169,0
DA:170,0
DA:172,0
DA:174,0
DA:175,0
DA:183,1
DA:184,0
DA:185,0
DA:186,0
DA:187,0
DA:189,0
DA:190,0
DA:192,0
DA:194,0
DA:195,0
DA:198,0
DA:203,0
DA:209,1
DA:210,0
DA:211,0
DA:213,0
DA:214,0
DA:217,0
DA:218,0
DA:222,0
DA:224,0
DA:227,0
DA:230,1
DA:231,0
DA:233,0
DA:234,0
DA:236,0
DA:237,0
DA:238,0
DA:243,0
DA:246,0
DA:252,1
DA:253,0
DA:254,0
DA:255,0
DA:256,0
DA:259,0
DA:260,0
DA:261,0
DA:265,0
DA:267,0
DA:271,1
DA:272,0
DA:274,0
DA:276,0
DA:277,0
DA:278,0
DA:281,0
DA:282,0
DA:284,0
DA:288,1
LF:124
LH:16
BRDA:20,1,0,0
BRDA:20,1,1,0
BRDA:26,2,0,0
BRDA:26,2,1,0
BRDA:26,3,0,0
BRDA:26,3,1,0
BRDA:31,4,0,0
BRDA:31,4,1,0
BRDA:31,5,0,0
BRDA:31,5,1,0
BRDA:31,5,2,0
BRDA:60,6,0,0
BRDA:60,6,1,0
BRDA:61,7,0,0
BRDA:61,7,1,0
BRDA:61,8,0,0
BRDA:61,8,1,0
BRDA:67,9,0,0
BRDA:67,9,1,0
BRDA:67,10,0,0
BRDA:67,10,1,0
BRDA:67,10,2,0
BRDA:73,11,0,0
BRDA:73,11,1,0
BRDA:75,12,0,0
BRDA:75,12,1,0
BRDA:75,13,0,0
BRDA:75,13,1,0
BRDA:76,14,0,0
BRDA:76,14,1,0
BRDA:76,15,0,0
BRDA:76,15,1,0
BRDA:84,16,0,0
BRDA:84,16,1,0
BRDA:119,17,0,0
BRDA:119,17,1,0
BRDA:123,18,0,0
BRDA:123,18,1,0
BRDA:123,19,0,0
BRDA:123,19,1,0
BRDA:123,19,2,0
BRDA:134,20,0,0
BRDA:134,20,1,0
BRDA:134,21,0,0
BRDA:134,21,1,0
BRDA:134,21,2,0
BRDA:137,22,0,0
BRDA:137,22,1,0
BRDA:137,22,2,0
BRDA:146,23,0,0
BRDA:146,23,1,0
BRDA:146,24,0,0
BRDA:146,24,1,0
BRDA:156,25,0,0
BRDA:156,25,1,0
BRDA:156,26,0,0
BRDA:156,26,1,0
BRDA:174,27,0,0
BRDA:174,27,1,0
BRDA:192,28,0,0
BRDA:192,28,1,0
BRDA:194,29,0,0
BRDA:194,29,1,0
BRDA:217,30,0,0
BRDA:217,30,1,0
BRDA:217,31,0,0
BRDA:217,31,1,0
BRDA:233,32,0,0
BRDA:233,32,1,0
BRDA:237,33,0,0
BRDA:237,33,1,0
BRDA:255,34,0,0
BRDA:255,34,1,0
BRDA:255,35,0,0
BRDA:255,35,1,0
BRDA:260,36,0,0
BRDA:260,36,1,0
BRDA:260,37,0,0
BRDA:260,37,1,0
BRDA:274,38,0,0
BRDA:274,38,1,0
BRDA:276,39,0,0
BRDA:276,39,1,0
BRDA:282,40,0,0
BRDA:282,40,1,0
BRF:85
BRH:0
end_of_record
TN:
SF:/Users/rebeccahu/Desktop/remote/seosite-queue/app/settings/requests/resources/process.js
FN:23,Resource
FN:34,(anonymous_2)
FN:64,postProcess
FN:67,(anonymous_4)
FN:79,processResources
FNF:5
FNH:5
FNDA:6,Resource
FNDA:12,(anonymous_2)
FNDA:2,postProcess
FNDA:6,(anonymous_4)
FNDA:6,processResources
DA:1,1
DA:2,1
DA:23,1
DA:24,6
DA:25,6
DA:26,6
DA:27,6
DA:28,6
DA:29,6
DA:30,2
DA:34,4
DA:35,12
DA:36,12
DA:37,4
DA:38,4
DA:39,8
DA:40,4
DA:41,4
DA:42,4
DA:46,4
DA:64,1
DA:65,2
DA:66,2
DA:67,2
DA:68,6
DA:71,2
DA:79,1
DA:80,6
DA:83,2
DA:85,4
DA:87,1
DA:88,1
DA:89,1
LF:33
LH:33
BRDA:29,1,0,2
BRDA:29,1,1,4
BRDA:29,2,0,6
BRDA:29,2,1,6
BRDA:29,2,2,4
BRDA:35,3,0,12
BRDA:35,3,1,0
BRDA:36,4,0,4
BRDA:36,4,1,8
BRDA:39,5,0,4
BRDA:39,5,1,4
BRDA:40,6,0,2
BRDA:40,6,1,2
BRDA:41,7,0,4
BRDA:41,7,1,0
BRDA:52,8,0,4
BRDA:52,8,1,0
BRDA:66,9,0,2
BRDA:66,9,1,0
BRDA:66,10,0,2
BRDA:66,10,1,2
BRDA:66,10,2,2
BRDA:80,11,0,2
BRDA:80,11,1,4
BRDA:80,12,0,6
BRDA:80,12,1,6
BRDA:80,12,2,5
BRF:27
BRH:23
end_of_record
TN:
SF:/Users/rebeccahu/Desktop/remote/seosite-queue/app/settings/requests/meta/process.js
FN:7,processMetaData
FN:36,(anonymous_2)
FN:86,(anonymous_3)
FNF:3
FNH:3
FNDA:10,processMetaData
FNDA:137,(anonymous_2)
FNDA:4,(anonymous_3)
DA:1,1
DA:7,1
DA:8,10
DA:9,10
DA:10,4
DA:36,4
DA:37,137
DA:38,20
DA:39,3
DA:40,3
DA:41,3
DA:42,17
DA:43,3
DA:44,3
DA:45,3
DA:46,3
DA:47,14
DA:48,3
DA:49,3
DA:50,3
DA:51,3
DA:52,11
DA:53,3
DA:54,3
DA:55,3
DA:56,3
DA:58,20
DA:59,117
DA:60,3
DA:61,114
DA:62,1
DA:63,113
DA:64,1
DA:66,112
DA:69,4
DA:71,4
DA:72,1
DA:74,4
DA:75,1
DA:77,4
DA:78,1
DA:80,4
DA:81,1
DA:84,4
DA:85,4
DA:86,4
DA:87,4
DA:88,2
DA:90,4
DA:91,2
DA:93,4
DA:94,2
DA:96,4
DA:97,2
DA:101,4
DA:102,4
DA:104,4
DA:105,4
DA:106,1
DA:108,4
DA:113,1
DA:117,3
DA:125,4
DA:130,10
DA:132,1
LF:65
LH:65
BRDA:9,1,0,4
BRDA:9,1,1,6
BRDA:9,2,0,10
BRDA:9,2,1,10
BRDA:9,2,2,9
BRDA:37,3,0,20
BRDA:37,3,1,117
BRDA:38,4,0,3
BRDA:38,4,1,17
BRDA:42,5,0,3
BRDA:42,5,1,14
BRDA:47,6,0,3
BRDA:47,6,1,11
BRDA:52,7,0,3
BRDA:52,7,1,8
BRDA:59,8,0,3
BRDA:59,8,1,114
BRDA:61,9,0,1
BRDA:61,9,1,113
BRDA:63,10,0,1
BRDA:63,10,1,112
BRDA:71,11,0,1
BRDA:71,11,1,3
BRDA:74,12,0,1
BRDA:74,12,1,3
BRDA:77,13,0,1
BRDA:77,13,1,3
BRDA:80,14,0,1
BRDA:80,14,1,3
BRDA:87,15,0,2
BRDA:87,15,1,2
BRDA:90,16,0,2
BRDA:90,16,1,2
BRDA:93,17,0,2
BRDA:93,17,1,2
BRDA:96,18,0,2
BRDA:96,18,1,2
BRDA:96,19,0,4
BRDA:96,19,1,2
BRDA:104,20,0,1
BRDA:104,20,1,3
BRDA:104,21,0,4
BRDA:104,21,1,4
BRDA:105,22,0,1
BRDA:105,22,1,3
BRDA:108,23,0,1
BRDA:108,23,1,3
BRDA:108,24,0,4
BRDA:108,24,1,3
BRDA:108,24,2,3
BRDA:108,24,3,2
BRDA:108,24,4,1
BRDA:108,24,5,1
BRDA:108,24,6,1
BRDA:121,25,0,1
BRDA:121,25,1,2
BRF:56
BRH:56
end_of_record
TN:
SF:/Users/rebeccahu/Desktop/remote/seosite-queue/app/settings/requests/links/process.js
FN:18,updateCount
FN:32,saveUpdatedCount
FN:34,(anonymous_3)
FN:36,(anonymous_4)
FN:46,(anonymous_5)
FN:81,(anonymous_6)
FN:114,init
FN:126,(anonymous_8)
FN:151,(anonymous_9)
FNF:9
FNH:9
FNDA:6,updateCount
FNDA:6,saveUpdatedCount
FNDA:4,(anonymous_3)
FNDA:4,(anonymous_4)
FNDA:4,(anonymous_5)
FNDA:2,(anonymous_6)
FNDA:4,init
FNDA:4,(anonymous_8)
FNDA:4,(anonymous_9)
DA:1,1
DA:18,1
DA:19,6
DA:29,6
DA:32,1
DA:33,6
DA:34,6
DA:35,4
DA:36,4
DA:37,4
DA:38,4
DA:46,4
DA:47,4
DA:48,1
DA:49,1
DA:67,3
DA:68,3
DA:82,2
DA:114,1
DA:115,4
DA:116,4
DA:117,4
DA:118,4
DA:119,4
DA:121,4
DA:122,4
DA:123,4
DA:125,4
DA:126,4
DA:127,4
DA:128,4
DA:129,4
DA:130,4
DA:144,4
DA:145,4
DA:149,4
DA:150,4
DA:151,4
DA:152,4
DA:153,1
DA:176,1
DA:192,4
DA:196,4
DA:197,4
DA:199,4
DA:202,1
DA:203,1
LF:47
LH:47
BRDA:47,1,0,1
BRDA:47,1,1,3
BRDA:127,2,0,4
BRDA:127,2,1,0
BRDA:129,3,0,4
BRDA:129,3,1,0
BRDA:152,4,0,1
BRDA:152,4,1,3
BRF:8
BRH:6
end_of_record
TN:
SF:/Users/rebeccahu/Desktop/remote/seosite-queue/app/settings/requests/page/updateCount.js
FN:14,handleError
FN:41,updateCount
FN:48,(anonymous_3)
FNF:3
FNH:3
FNDA:3,handleError
FNDA:8,updateCount
FNDA:8,(anonymous_3)
DA:1,1
DA:14,1
DA:15,3
DA:41,1
DA:42,8
DA:43,8
DA:44,8
DA:49,8
DA:50,3
DA:51,3
DA:53,5
DA:54,5
DA:60,8
DA:63,1
LF:14
LH:14
BRDA:49,1,0,3
BRDA:49,1,1,5
BRF:2
BRH:2
end_of_record
TN:
SF:/Users/rebeccahu/Desktop/remote/seosite-queue/app/settings/requests/capture/publish.js
FN:7,publishCaptures
FN:18,(anonymous_2)
FN:20,(anonymous_3)
FNF:3
FNH:1
FNDA:6,publishCaptures
FNDA:0,(anonymous_2)
FNDA:0,(anonymous_3)
DA:1,1
DA:7,1
DA:8,6
DA:9,0
DA:19,0
DA:21,0
DA:24,6
DA:27,1
LF:8
LH:5
BRDA:8,1,0,0
BRDA:8,1,1,6
BRDA:8,2,0,6
BRDA:8,2,1,6
BRDA:8,2,2,5
BRF:5
BRH:4
end_of_record
TN:
SF:/Users/rebeccahu/Desktop/remote/seosite-queue/app/models/capture.js
FNF:0
FNH:0
DA:1,1
DA:3,1
DA:41,1
LF:3
LH:3
BRF:0
BRH:0
end_of_record
TN:
SF:/Users/rebeccahu/Desktop/remote/seosite-queue/app/actions/sniff/index.js
FN:10,(anonymous_1)
FN:11,pad
FN:15,ms
FN:30,openPage
FN:34,(anonymous_5)
FN:45,(anonymous_6)
FN:55,(anonymous_7)
FN:58,(anonymous_8)
FN:71,har
FN:74,(anonymous_10)
FN:80,(anonymous_11)
FN:83,(anonymous_12)
FN:87,(anonymous_13)
FNF:13
FNH:0
FNDA:0,(anonymous_1)
FNDA:0,pad
FNDA:0,ms
FNDA:0,openPage
FNDA:0,(anonymous_5)
FNDA:0,(anonymous_6)
FNDA:0,(anonymous_7)
FNDA:0,(anonymous_8)
FNDA:0,har
FNDA:0,(anonymous_10)
FNDA:0,(anonymous_11)
FNDA:0,(anonymous_12)
FNDA:0,(anonymous_13)
DA:3,1
DA:4,1
DA:5,1
DA:6,1
DA:7,1
DA:9,1
DA:10,0
DA:11,1
DA:12,0
DA:15,1
DA:16,0
DA:18,0
DA:30,1
DA:31,0
DA:32,0
DA:33,0
DA:34,0
DA:35,0
DA:36,0
DA:37,0
DA:38,0
DA:39,0
DA:40,0
DA:43,0
DA:44,0
DA:45,0
DA:46,0
DA:47,0
DA:48,0
DA:50,0
DA:51,0
DA:56,0
DA:57,0
DA:59,0
DA:60,0
DA:61,0
DA:62,0
DA:68,0
DA:71,1
DA:72,0
DA:73,0
DA:74,0
DA:75,0
DA:76,0
DA:77,0
DA:81,0
DA:82,0
DA:84,0
DA:85,0
DA:88,0
DA:89,0
DA:91,0
DA:94,1
LF:53
LH:11
BRDA:9,1,0,0
BRDA:9,1,1,1
BRDA:12,2,0,0
BRDA:12,2,1,0
BRDA:16,3,0,0
BRDA:16,3,1,0
BRDA:16,4,0,0
BRDA:16,4,1,0
BRDA:35,5,0,0
BRDA:35,5,1,0
BRDA:39,6,0,0
BRDA:39,6,1,0
BRDA:39,7,0,0
BRDA:39,7,1,0
BRDA:46,8,0,0
BRDA:46,8,1,0
BRDA:61,9,0,0
BRDA:61,9,1,0
BRDA:61,10,0,0
BRDA:61,10,1,0
BRF:20
BRH:1
end_of_record
TN:
SF:/Users/rebeccahu/Desktop/remote/seosite-queue/app/actions/sniff/process/processResponses.js
FN:4,processResponses
FN:14,(anonymous_2)
FN:22,(anonymous_3)
FN:23,(anonymous_4)
FN:28,(anonymous_5)
FNF:5
FNH:0
FNDA:0,processResponses
FNDA:0,(anonymous_2)
FNDA:0,(anonymous_3)
FNDA:0,(anonymous_4)
FNDA:0,(anonymous_5)
DA:1,1
DA:2,1
DA:3,1
DA:4,1
DA:5,0
DA:6,0
DA:7,0
DA:8,0
DA:9,0
DA:10,0
DA:11,0
DA:13,0
DA:14,0
DA:15,0
DA:16,0
DA:17,0
DA:19,0
DA:22,0
DA:23,0
DA:24,0
DA:25,0
DA:27,0
DA:29,0
DA:30,0
DA:32,0
DA:35,1
LF:26
LH:5
BRDA:6,1,0,0
BRDA:6,1,1,0
BRDA:8,2,0,0
BRDA:8,2,1,0
BRDA:10,3,0,0
BRDA:10,3,1,0
BRF:6
BRH:0
end_of_record
TN:
SF:/Users/rebeccahu/Desktop/remote/seosite-queue/app/actions/sniff/handleEntry.js
FN:7,handleHeaders
FN:8,(anonymous_2)
FN:14,entryHandler
FN:24,(anonymous_4)
FN:33,(anonymous_5)
FN:43,(anonymous_6)
FN:53,tally
FN:78,(anonymous_8)
FN:81,(anonymous_9)
FN:85,(anonymous_10)
FN:93,(anonymous_11)
FN:96,(anonymous_12)
FN:100,(anonymous_13)
FN:106,(anonymous_14)
FN:109,(anonymous_15)
FNF:15
FNH:0
FNDA:0,handleHeaders
FNDA:0,(anonymous_2)
FNDA:0,entryHandler
FNDA:0,(anonymous_4)
FNDA:0,(anonymous_5)
FNDA:0,(anonymous_6)
FNDA:0,tally
FNDA:0,(anonymous_8)
FNDA:0,(anonymous_9)
FNDA:0,(anonymous_10)
FNDA:0,(anonymous_11)
FNDA:0,(anonymous_12)
FNDA:0,(anonymous_13)
FNDA:0,(anonymous_14)
FNDA:0,(anonymous_15)
DA:1,1
DA:2,1
DA:3,1
DA:4,1
DA:5,1
DA:7,1
DA:8,0
DA:9,0
DA:11,0
DA:14,1
DA:15,0
DA:17,0
DA:24,0
DA:25,0
DA:28,0
DA:30,0
DA:32,0
DA:34,0
DA:35,0
DA:44,0
DA:45,0
DA:46,0
DA:47,0
DA:49,0
DA:50,0
DA:51,0
DA:53,1
DA:54,0
DA:56,0
DA:59,0
DA:62,0
DA:63,0
DA:64,0
DA:65,0
DA:66,0
DA:68,0
DA:74,0
DA:76,0
DA:78,0
DA:79,0
DA:80,0
DA:82,0
DA:85,0
DA:86,0
DA:89,0
DA:91,0
DA:93,0
DA:94,0
DA:95,0
DA:97,0
DA:100,0
DA:101,0
DA:104,0
DA:106,0
DA:107,0
DA:108,0
DA:110,0
DA:113,0
DA:116,0
DA:119,0
LF:60
LH:8
BRDA:21,1,0,0
BRDA:21,1,1,0
BRDA:56,2,0,0
BRDA:56,2,1,0
BRDA:56,3,0,0
BRDA:56,3,1,0
BRDA:74,4,0,0
BRDA:74,4,1,0
BRDA:74,4,2,0
BRF:9
BRH:0
end_of_record
TN:
SF:/Users/rebeccahu/Desktop/remote/seosite-queue/app/actions/sniff/process/createPage.js
FN:8,extractEmails
FN:12,findMime
FN:21,saveThumb
FN:23,(anonymous_4)
FN:25,(anonymous_5)
FN:31,run
FN:49,(anonymous_7)
FN:51,(anonymous_8)
FN:53,(anonymous_9)
FN:62,(anonymous_10)
FN:77,(anonymous_11)
FN:79,(anonymous_12)
FN:83,(anonymous_13)
FN:91,(anonymous_14)
FN:110,(anonymous_15)
FN:125,(anonymous_16)
FN:143,createPage
FN:154,(anonymous_18)
FN:157,(anonymous_19)
FN:166,(anonymous_20)
FN:184,(anonymous_21)
FN:189,(anonymous_22)
FN:194,(anonymous_23)
FN:197,(anonymous_24)
FN:201,(anonymous_25)
FNF:25
FNH:0
FNDA:0,extractEmails
FNDA:0,findMime
FNDA:0,saveThumb
FNDA:0,(anonymous_4)
FNDA:0,(anonymous_5)
FNDA:0,run
FNDA:0,(anonymous_7)
FNDA:0,(anonymous_8)
FNDA:0,(anonymous_9)
FNDA:0,(anonymous_10)
FNDA:0,(anonymous_11)
FNDA:0,(anonymous_12)
FNDA:0,(anonymous_13)
FNDA:0,(anonymous_14)
FNDA:0,(anonymous_15)
FNDA:0,(anonymous_16)
FNDA:0,createPage
FNDA:0,(anonymous_18)
FNDA:0,(anonymous_19)
FNDA:0,(anonymous_20)
FNDA:0,(anonymous_21)
FNDA:0,(anonymous_22)
FNDA:0,(anonymous_23)
FNDA:0,(anonymous_24)
FNDA:0,(anonymous_25)
DA:1,1
DA:2,1
DA:3,1
DA:4,1
DA:5,1
DA:6,1
DA:8,1
DA:9,0
DA:12,1
DA:13,0
DA:14,0
DA:15,0
DA:18,0
DA:21,1
DA:22,0
DA:23,0
DA:24,0
DA:26,0
DA:28,0
DA:31,1
DA:32,0
DA:33,0
DA:34,0
DA:38,0
DA:39,0
DA:40,0
DA:48,0
DA:49,0
DA:50,0
DA:51,0
DA:52,0
DA:54,0
DA:57,0
DA:58,0
DA:62,0
DA:63,0
DA:68,0
DA:69,0
DA:70,0
DA:71,0
DA:72,0
DA:74,0
DA:77,0
DA:78,0
DA:79,0
DA:80,0
DA:81,0
DA:83,0
DA:84,0
DA:85,0
DA:86,0
DA:87,0
DA:88,0
DA:91,0
DA:92,0
DA:93,0
DA:94,0
DA:96,0
DA:101,0
DA:105,0
DA:106,0
DA:108,0
DA:110,0
DA:111,0
DA:112,0
DA:113,0
DA:114,0
DA:118,0
DA:119,0
DA:122,0
DA:123,0
DA:126,0
DA:127,0
DA:133,0
DA:136,0
DA:137,0
DA:138,0
DA:143,1
DA:144,0
DA:145,0
DA:146,0
DA:148,0
DA:149,0
DA:151,0
DA:152,0
DA:154,0
DA:155,0
DA:157,0
DA:158,0
DA:159,0
DA:166,0
DA:167,0
DA:168,0
DA:169,0
DA:175,0
DA:176,0
DA:178,0
DA:179,0
DA:182,0
DA:183,0
DA:184,0
DA:185,0
DA:186,0
DA:189,0
DA:190,0
DA:191,0
DA:194,0
DA:195,0
DA:197,0
DA:198,0
DA:201,0
DA:202,0
DA:206,0
DA:210,0
DA:211,0
DA:213,0
DA:214,0
DA:216,0
DA:219,1
LF:119
LH:12
BRDA:13,1,0,0
BRDA:13,1,1,0
BRDA:13,2,0,0
BRDA:13,2,1,0
BRDA:13,2,2,0
BRDA:13,2,3,0
BRDA:14,3,0,0
BRDA:14,3,1,0
BRDA:69,4,0,0
BRDA:69,4,1,0
BRDA:71,5,0,0
BRDA:71,5,1,0
BRDA:80,6,0,0
BRDA:80,6,1,0
BRDA:87,7,0,0
BRDA:87,7,1,0
BRDA:91,8,0,0
BRDA:91,8,1,0
BRDA:92,9,0,0
BRDA:92,9,1,0
BRDA:146,10,0,0
BRDA:146,10,1,0
BRDA:148,11,0,0
BRDA:148,11,1,0
BRDA:149,12,0,0
BRDA:149,12,1,0
BRDA:168,13,0,0
BRDA:168,13,1,0
BRDA:175,14,0,0
BRDA:175,14,1,0
BRDA:178,15,0,0
BRDA:178,15,1,0
BRF:32
BRH:0
end_of_record
TN:
SF:/Users/rebeccahu/Desktop/remote/seosite-queue/app/actions/sniff/linkChecker/initScrapeHtml.js
FN:8,enqueueLink
FN:34,scan
FN:43,(anonymous_3)
FN:46,(anonymous_4)
FN:55,(anonymous_5)
FN:62,(anonymous_6)
FN:72,_scan
FN:73,Instance
FNF:8
FNH:0
FNDA:0,enqueueLink
FNDA:0,scan
FNDA:0,(anonymous_3)
FNDA:0,(anonymous_4)
FNDA:0,(anonymous_5)
FNDA:0,(anonymous_6)
FNDA:0,_scan
FNDA:0,Instance
DA:1,1
DA:2,1
DA:3,1
DA:4,1
DA:5,1
DA:6,1
DA:8,1
DA:10,0
DA:12,0
DA:14,0
DA:15,0
DA:16,0
DA:17,0
DA:18,0
DA:19,0
DA:22,0
DA:23,0
DA:25,0
DA:26,0
DA:27,0
DA:28,0
DA:32,1
DA:34,1
DA:36,0
DA:37,0
DA:38,0
DA:40,0
DA:41,0
DA:43,0
DA:44,0
DA:45,0
DA:48,0
DA:49,0
DA:51,0
DA:52,0
DA:55,0
DA:56,0
DA:59,0
DA:60,0
DA:63,0
DA:69,0
DA:72,1
DA:73,1
DA:74,0
DA:75,0
DA:76,0
DA:77,0
DA:78,0
DA:79,0
DA:80,0
DA:81,0
DA:83,0
DA:84,0
DA:85,0
DA:86,0
DA:89,0
DA:92,1
LF:57
LH:12
BRDA:14,1,0,0
BRDA:14,1,1,0
BRDA:25,2,0,0
BRDA:25,2,1,0
BRDA:27,3,0,0
BRDA:27,3,1,0
BRDA:51,4,0,0
BRDA:51,4,1,0
BRDA:51,5,0,0
BRDA:51,5,1,0
BRDA:51,5,2,0
BRDA:51,5,3,0
BRF:12
BRH:0
end_of_record
TN:
SF:/Users/rebeccahu/Desktop/remote/seosite-queue/app/actions/sniff/linkChecker/scrapeHtml.js
FN:14,scrapeHtml
FN:25,(anonymous_2)
FN:56,findLinks
FN:60,(anonymous_4)
FN:119,findPreliminaries
FN:132,(anonymous_6)
FN:182,findRootNode
FN:197,getNthIndex
FN:223,getSelector
FN:244,getText
FN:250,(anonymous_11)
FN:266,stringifyNode
FN:285,walk
FNF:13
FNH:0
FNDA:0,scrapeHtml
FNDA:0,(anonymous_2)
FNDA:0,findLinks
FNDA:0,(anonymous_4)
FNDA:0,findPreliminaries
FNDA:0,(anonymous_6)
FNDA:0,findRootNode
FNDA:0,getNthIndex
FNDA:0,getSelector
FNDA:0,getText
FNDA:0,(anonymous_11)
FNDA:0,stringifyNode
FNDA:0,walk
DA:2,1
DA:3,1
DA:5,1
DA:6,1
DA:7,1
DA:9,1
DA:14,1
DA:15,0
DA:16,0
DA:17,0
DA:18,0
DA:19,0
DA:21,0
DA:22,0
DA:23,0
DA:25,0
DA:26,0
DA:27,0
DA:28,0
DA:29,0
DA:30,0
DA:31,0
DA:32,0
DA:33,0
DA:35,0
DA:36,0
DA:37,0
DA:38,0
DA:39,0
DA:40,0
DA:44,0
DA:48,0
DA:56,1
DA:57,0
DA:60,0
DA:61,0
DA:62,0
DA:64,0
DA:65,0
DA:66,0
DA:70,0
DA:71,0
DA:72,0
DA:74,0
DA:77,0
DA:79,0
DA:80,0
DA:81,0
DA:83,0
DA:84,0
DA:86,0
DA:89,0
DA:92,0
DA:93,0
DA:97,0
DA:98,0
DA:99,0
DA:100,0
DA:101,0
DA:102,0
DA:119,1
DA:120,0
DA:121,0
DA:125,0
DA:128,0
DA:132,0
DA:133,0
DA:137,0
DA:139,0
DA:140,0
DA:143,0
DA:148,0
DA:149,0
DA:151,0
DA:155,0
DA:160,0
DA:161,0
DA:166,0
DA:170,0
DA:172,0
DA:176,0
DA:182,1
DA:183,0
DA:184,0
DA:186,0
DA:188,0
DA:189,0
DA:197,1
DA:198,0
DA:199,0
DA:200,0
DA:201,0
DA:203,0
DA:204,0
DA:206,0
DA:208,0
DA:209,0
DA:212,0
DA:217,0
DA:223,1
DA:224,0
DA:225,0
DA:227,0
DA:228,0
DA:231,0
DA:232,0
DA:236,0
DA:238,0
DA:241,0
DA:244,1
DA:245,0
DA:247,0
DA:248,0
DA:250,0
DA:251,0
DA:252,0
DA:257,0
DA:260,0
DA:266,1
DA:267,0
DA:268,0
DA:269,0
DA:270,0
DA:273,0
DA:274,0
DA:275,0
DA:279,0
DA:281,0
DA:285,1
DA:286,0
DA:288,0
DA:290,0
DA:291,0
DA:292,0
DA:295,0
DA:296,0
DA:298,0
DA:302,1
LF:138
LH:16
BRDA:21,1,0,0
BRDA:21,1,1,0
BRDA:27,2,0,0
BRDA:27,2,1,0
BRDA:27,3,0,0
BRDA:27,3,1,0
BRDA:32,4,0,0
BRDA:32,4,1,0
BRDA:32,5,0,0
BRDA:32,5,1,0
BRDA:32,5,2,0
BRDA:39,6,0,0
BRDA:39,6,1,0
BRDA:64,7,0,0
BRDA:64,7,1,0
BRDA:65,8,0,0
BRDA:65,8,1,0
BRDA:65,9,0,0
BRDA:65,9,1,0
BRDA:71,10,0,0
BRDA:71,10,1,0
BRDA:71,11,0,0
BRDA:71,11,1,0
BRDA:71,11,2,0
BRDA:77,12,0,0
BRDA:77,12,1,0
BRDA:79,13,0,0
BRDA:79,13,1,0
BRDA:79,14,0,0
BRDA:79,14,1,0
BRDA:80,15,0,0
BRDA:80,15,1,0
BRDA:80,16,0,0
BRDA:80,16,1,0
BRDA:83,17,0,0
BRDA:83,17,1,0
BRDA:83,18,0,0
BRDA:83,18,1,0
BRDA:83,18,2,0
BRDA:92,19,0,0
BRDA:92,19,1,0
BRDA:97,20,0,0
BRDA:97,20,1,0
BRDA:99,21,0,0
BRDA:99,21,1,0
BRDA:101,22,0,0
BRDA:101,22,1,0
BRDA:133,23,0,0
BRDA:133,23,1,0
BRDA:137,24,0,0
BRDA:137,24,1,0
BRDA:137,25,0,0
BRDA:137,25,1,0
BRDA:137,25,2,0
BRDA:148,26,0,0
BRDA:148,26,1,0
BRDA:148,27,0,0
BRDA:148,27,1,0
BRDA:148,27,2,0
BRDA:151,28,0,0
BRDA:151,28,1,0
BRDA:151,28,2,0
BRDA:160,29,0,0
BRDA:160,29,1,0
BRDA:160,30,0,0
BRDA:160,30,1,0
BRDA:170,31,0,0
BRDA:170,31,1,0
BRDA:170,32,0,0
BRDA:170,32,1,0
BRDA:188,33,0,0
BRDA:188,33,1,0
BRDA:206,34,0,0
BRDA:206,34,1,0
BRDA:208,35,0,0
BRDA:208,35,1,0
BRDA:231,36,0,0
BRDA:231,36,1,0
BRDA:231,37,0,0
BRDA:231,37,1,0
BRDA:247,38,0,0
BRDA:247,38,1,0
BRDA:251,39,0,0
BRDA:251,39,1,0
BRDA:269,40,0,0
BRDA:269,40,1,0
BRDA:269,41,0,0
BRDA:269,41,1,0
BRDA:274,42,0,0
BRDA:274,42,1,0
BRDA:274,43,0,0
BRDA:274,43,1,0
BRDA:288,44,0,0
BRDA:288,44,1,0
BRDA:290,45,0,0
BRDA:290,45,1,0
BRDA:296,46,0,0
BRDA:296,46,1,0
BRF:98
BRH:0
end_of_record
TN:
SF:/Users/rebeccahu/Desktop/remote/seosite-queue/app/actions/sniff/linkChecker/linkObj.js
FN:7,linkObj
FN:56,(anonymous_2)
FN:65,(anonymous_3)
FN:91,(anonymous_4)
FN:165,cloneObject
FN:192,parity
FNF:6
FNH:0
FNDA:0,linkObj
FNDA:0,(anonymous_2)
FNDA:0,(anonymous_3)
FNDA:0,(anonymous_4)
FNDA:0,cloneObject
FNDA:0,parity
DA:2,1
DA:7,1
DA:8,0
DA:9,0
DA:11,0
DA:50,0
DA:56,1
DA:57,0
DA:58,0
DA:59,0
DA:65,1
DA:66,0
DA:67,0
DA:68,0
DA:69,0
DA:71,0
DA:73,0
DA:75,0
DA:76,0
DA:79,0
DA:80,0
DA:81,0
DA:83,0
DA:91,1
DA:92,0
DA:93,0
DA:97,0
DA:102,0
DA:103,0
DA:105,0
DA:106,0
DA:110,0
DA:111,0
DA:113,0
DA:114,0
DA:118,0
DA:120,0
DA:121,0
DA:124,0
DA:125,0
DA:126,0
DA:129,0
DA:130,0
DA:131,0
DA:134,0
DA:135,0
DA:138,0
DA:140,0
DA:141,0
DA:142,0
DA:143,0
DA:145,0
DA:146,0
DA:148,0
DA:149,0
DA:150,0
DA:154,0
DA:155,0
DA:165,1
DA:166,0
DA:168,0
DA:169,0
DA:172,0
DA:177,0
DA:178,0
DA:179,0
DA:181,0
DA:182,0
DA:184,0
DA:188,0
DA:192,1
DA:196,0
DA:199,1
LF:73
LH:8
BRDA:8,1,0,0
BRDA:8,1,1,0
BRDA:8,2,0,0
BRDA:8,2,1,0
BRDA:66,3,0,0
BRDA:66,3,1,0
BRDA:68,4,0,0
BRDA:68,4,1,0
BRDA:73,5,0,0
BRDA:73,5,1,0
BRDA:73,6,0,0
BRDA:73,6,1,0
BRDA:81,7,0,0
BRDA:81,7,1,0
BRDA:92,8,0,0
BRDA:92,8,1,0
BRDA:102,9,0,0
BRDA:102,9,1,0
BRDA:105,10,0,0
BRDA:105,10,1,0
BRDA:111,11,0,0
BRDA:111,11,1,0
BRDA:118,12,0,0
BRDA:118,12,1,0
BRDA:124,13,0,0
BRDA:124,13,1,0
BRDA:130,14,0,0
BRDA:130,14,1,0
BRDA:134,15,0,0
BRDA:134,15,1,0
BRDA:140,16,0,0
BRDA:140,16,1,0
BRDA:146,17,0,0
BRDA:146,17,1,0
BRDA:148,18,0,0
BRDA:148,18,1,0
BRDA:168,19,0,0
BRDA:168,19,1,0
BRDA:178,20,0,0
BRDA:178,20,1,0
BRDA:181,21,0,0
BRDA:181,21,1,0
BRDA:181,22,0,0
BRDA:181,22,1,0
BRDA:196,23,0,0
BRDA:196,23,1,0
BRF:46
BRH:0
end_of_record
TN:
SF:/Users/rebeccahu/Desktop/remote/seosite-queue/app/actions/sniff/linkChecker/tags.js
FNF:0
FNH:0
DA:3,1
DA:181,1
DA:243,1
LF:3
LH:3
BRF:0
BRH:0
end_of_record
TN:
SF:/Users/rebeccahu/Desktop/remote/seosite-queue/app/actions/sniff/linkChecker/parseHtml.js
FN:8,(anonymous_1)
FN:29,getAttrMap
FN:44,parseHtml
FN:45,(anonymous_4)
FN:49,(anonymous_5)
FNF:5
FNH:0
FNDA:0,(anonymous_1)
FNDA:0,getAttrMap
FNDA:0,parseHtml
FNDA:0,(anonymous_4)
FNDA:0,(anonymous_5)
DA:2,1
DA:3,1
DA:4,1
DA:6,1
DA:7,1
DA:8,1
DA:9,0
DA:11,0
DA:12,0
DA:15,0
DA:18,1
DA:29,1
DA:30,0
DA:31,0
DA:32,0
DA:34,0
DA:35,0
DA:38,0
DA:44,1
DA:45,0
DA:46,0
DA:47,0
DA:49,0
DA:50,0
DA:53,0
DA:54,0
DA:55,0
DA:57,0
DA:62,1
LF:29
LH:10
BRDA:11,1,0,0
BRDA:11,1,1,0
BRDA:11,2,0,0
BRDA:11,2,1,0
BRDA:46,3,0,0
BRDA:46,3,1,0
BRDA:54,4,0,0
BRDA:54,4,1,0
BRF:8
BRH:0
end_of_record
TN:
SF:/Users/rebeccahu/Desktop/remote/seosite-queue/app/actions/sniff/linkChecker/excludeLink.js
FN:6,excludeLink
FNF:1
FNH:0
FNDA:0,excludeLink
DA:1,1
DA:2,1
DA:3,1
DA:4,1
DA:6,1
DA:8,0
DA:9,0
DA:10,0
DA:11,0
DA:13,0
DA:14,0
DA:17,0
DA:18,0
DA:20,0
DA:21,0
DA:23,0
DA:24,0
DA:26,0
DA:27,0
DA:29,0
DA:30,0
DA:33,0
DA:34,0
DA:35,0
DA:37,0
DA:38,0
DA:44,0
DA:47,0
DA:48,0
DA:52,0
DA:53,0
DA:56,0
DA:58,1
LF:33
LH:6
BRDA:13,1,0,0
BRDA:13,1,1,0
BRDA:17,2,0,0
BRDA:17,2,1,0
BRDA:20,3,0,0
BRDA:20,3,1,0
BRDA:20,4,0,0
BRDA:20,4,1,0
BRDA:23,5,0,0
BRDA:23,5,1,0
BRDA:23,6,0,0
BRDA:23,6,1,0
BRDA:26,7,0,0
BRDA:26,7,1,0
BRDA:26,8,0,0
BRDA:26,8,1,0
BRDA:29,9,0,0
BRDA:29,9,1,0
BRDA:33,10,0,0
BRDA:33,10,1,0
BRDA:34,11,0,0
BRDA:34,11,1,0
BRDA:37,12,0,0
BRDA:37,12,1,0
BRDA:38,13,0,0
BRDA:38,13,1,0
BRDA:39,14,0,0
BRDA:39,14,1,0
BRDA:39,14,2,0
BRDA:39,14,3,0
BRDA:39,14,4,0
BRDA:39,14,5,0
BRDA:39,14,6,0
BRDA:39,14,7,0
BRDA:47,15,0,0
BRDA:47,15,1,0
BRDA:47,16,0,0
BRDA:47,16,1,0
BRDA:47,16,2,0
BRDA:47,16,3,0
BRDA:47,16,4,0
BRDA:52,17,0,0
BRDA:52,17,1,0
BRF:43
BRH:0
end_of_record
TN:
SF:/Users/rebeccahu/Desktop/remote/seosite-queue/app/actions/sniff/linkChecker/matchUrl.js
FN:4,matchUrl
FNF:1
FNH:0
FNDA:0,matchUrl
DA:2,1
DA:4,1
DA:5,0
DA:7,0
DA:8,0
DA:10,0
DA:11,0
DA:12,0
DA:13,0
DA:14,0
DA:18,0
DA:21,1
LF:12
LH:3
BRDA:7,1,0,0
BRDA:7,1,1,0
BRDA:11,2,0,0
BRDA:11,2,1,0
BRDA:13,3,0,0
BRDA:13,3,1,0
BRF:6
BRH:0
end_of_record
TN:
SF:/Users/rebeccahu/Desktop/remote/seosite-queue/app/actions/sniff/linkChecker/parseOptions.js
FN:4,array2booleanMap
FN:17,parseOptions
FNF:2
FNH:0
FNDA:0,array2booleanMap
FNDA:0,parseOptions
DA:2,1
DA:4,1
DA:5,0
DA:6,0
DA:7,0
DA:8,0
DA:9,0
DA:10,0
DA:12,0
DA:14,0
DA:17,1
DA:18,0
DA:19,0
DA:20,0
DA:21,0
DA:22,0
DA:24,0
DA:27,1
LF:18
LH:4
BRDA:6,1,0,0
BRDA:6,1,1,0
BRDA:18,2,0,0
BRDA:18,2,1,0
BRDA:18,3,0,0
BRDA:18,3,1,0
BRF:6
BRH:0
end_of_record
TN:
SF:/Users/rebeccahu/Desktop/remote/seosite-queue/app/actions/sniff/linkChecker/defaultOptions.js
FNF:0
FNH:0
DA:2,1
DA:3,1
DA:5,1
DA:34,1
LF:4
LH:4
BRF:0
BRH:0
end_of_record
TN:
SF:/Users/rebeccahu/Desktop/remote/seosite-queue/app/actions/mobileCaptures/index.js
FN:19,saveImage
FN:23,(anonymous_2)
FN:26,(anonymous_3)
FN:27,(anonymous_4)
FN:39,doit
FN:51,scrot
FN:53,(anonymous_7)
FN:54,(anonymous_8)
FN:60,(anonymous_9)
FN:63,(anonymous_10)
FN:70,(anonymous_11)
FN:78,(anonymous_12)
FN:81,(anonymous_13)
FN:87,(anonymous_14)
FNF:14
FNH:0
FNDA:0,saveImage
FNDA:0,(anonymous_2)
FNDA:0,(anonymous_3)
FNDA:0,(anonymous_4)
FNDA:0,doit
FNDA:0,scrot
FNDA:0,(anonymous_7)
FNDA:0,(anonymous_8)
FNDA:0,(anonymous_9)
FNDA:0,(anonymous_10)
FNDA:0,(anonymous_11)
FNDA:0,(anonymous_12)
FNDA:0,(anonymous_13)
FNDA:0,(anonymous_14)
DA:1,1
DA:3,1
DA:4,1
DA:5,1
DA:7,1
DA:8,1
DA:19,1
DA:20,0
DA:21,0
DA:22,0
DA:23,0
DA:24,0
DA:27,0
DA:28,0
DA:29,0
DA:31,0
DA:33,0
DA:39,1
DA:40,0
DA:41,0
DA:42,0
DA:43,0
DA:44,0
DA:46,0
DA:47,0
DA:48,0
DA:49,0
DA:51,1
DA:52,0
DA:53,0
DA:54,0
DA:55,0
DA:59,0
DA:60,0
DA:61,0
DA:62,0
DA:63,0
DA:64,0
DA:71,0
DA:79,0
DA:82,0
DA:87,0
DA:88,0
DA:89,0
DA:90,0
DA:95,0
DA:97,0
DA:104,0
DA:105,0
DA:108,0
DA:111,1
LF:51
LH:10
BRDA:28,1,0,0
BRDA:28,1,1,0
BRDA:43,2,0,0
BRDA:43,2,1,0
BRDA:89,3,0,0
BRDA:89,3,1,0
BRDA:89,4,0,0
BRDA:89,4,1,0
BRDA:104,5,0,0
BRDA:104,5,1,0
BRDA:104,6,0,0
BRDA:104,6,1,0
BRF:12
BRH:0
end_of_record
TN:
SF:/Users/rebeccahu/Desktop/remote/seosite-queue/app/actions/sniff/utils.js
FN:3,(anonymous_1)
FN:9,(anonymous_2)
FN:12,(anonymous_3)
FN:13,(anonymous_4)
FN:24,(anonymous_5)
FN:68,(anonymous_6)
FNF:6
FNH:0
FNDA:0,(anonymous_1)
FNDA:0,(anonymous_2)
FNDA:0,(anonymous_3)
FNDA:0,(anonymous_4)
FNDA:0,(anonymous_5)
FNDA:0,(anonymous_6)
DA:1,1
DA:3,1
DA:5,0
DA:6,0
DA:9,0
DA:10,0
DA:12,0
DA:13,0
DA:14,0
DA:15,0
DA:17,0
DA:24,1
DA:25,0
DA:26,0
DA:27,0
DA:29,0
DA:30,0
DA:32,0
DA:33,0
DA:35,0
DA:36,0
DA:38,0
DA:39,0
DA:41,0
DA:42,0
DA:44,0
DA:45,0
DA:47,0
DA:50,0
DA:52,0
DA:53,0
DA:55,0
DA:56,0
DA:58,0
DA:59,0
DA:61,0
DA:63,0
DA:65,0
DA:68,1
DA:70,0
DA:72,0
DA:74,0
DA:76,0
DA:78,0
DA:80,0
DA:82,0
DA:84,0
DA:86,0
LF:48
LH:4
BRDA:5,1,0,0
BRDA:5,1,1,0
BRDA:5,2,0,0
BRDA:5,2,1,0
BRDA:14,3,0,0
BRDA:14,3,1,0
BRDA:26,4,0,0
BRDA:26,4,1,0
BRDA:29,5,0,0
BRDA:29,5,1,0
BRDA:32,6,0,0
BRDA:32,6,1,0
BRDA:35,7,0,0
BRDA:35,7,1,0
BRDA:38,8,0,0
BRDA:38,8,1,0
BRDA:41,9,0,0
BRDA:41,9,1,0
BRDA:44,10,0,0
BRDA:44,10,1,0
BRDA:47,11,0,0
BRDA:47,11,1,0
BRDA:47,12,0,0
BRDA:47,12,1,0
BRDA:47,12,2,0
BRDA:47,12,3,0
BRDA:52,13,0,0
BRDA:52,13,1,0
BRDA:55,14,0,0
BRDA:55,14,1,0
BRDA:58,15,0,0
BRDA:58,15,1,0
BRDA:61,16,0,0
BRDA:61,16,1,0
BRDA:61,17,0,0
BRDA:61,17,1,0
BRDA:70,18,0,0
BRDA:70,18,1,0
BRDA:70,18,2,0
BRDA:70,18,3,0
BRDA:70,18,4,0
BRDA:70,18,5,0
BRDA:70,18,6,0
BRDA:70,18,7,0
BRF:44
BRH:0
end_of_record
TN:
SF:/Users/rebeccahu/Desktop/remote/seosite-queue/app/actions/mobileCaptures/saveCapture.js
FN:8,doit
FN:10,(anonymous_2)
FN:22,(anonymous_3)
FN:29,(anonymous_4)
FNF:4
FNH:0
FNDA:0,doit
FNDA:0,(anonymous_2)
FNDA:0,(anonymous_3)
FNDA:0,(anonymous_4)
DA:1,1
DA:2,1
DA:3,1
DA:4,1
DA:8,1
DA:10,0
DA:11,0
DA:12,0
DA:13,0
DA:15,0
DA:22,0
DA:23,0
DA:24,0
DA:25,0
DA:29,0
DA:30,0
DA:31,0
DA:33,0
DA:40,1
LF:19
LH:6
BRDA:11,1,0,0
BRDA:11,1,1,0
BRDA:23,2,0,0
BRDA:23,2,1,0
BRDA:30,3,0,0
BRDA:30,3,1,0
BRF:6
BRH:0
end_of_record
TN:
SF:/Users/rebeccahu/Desktop/remote/seosite-queue/app/actions/sniff/process/createHAR.js
FN:10,createHAR
FN:18,(anonymous_2)
FNF:2
FNH:0
FNDA:0,createHAR
FNDA:0,(anonymous_2)
DA:1,1
DA:3,1
DA:10,1
DA:11,0
DA:12,0
DA:13,0
DA:14,0
DA:16,0
DA:18,0
DA:19,0
DA:20,0
DA:21,0
DA:22,0
DA:23,0
DA:24,0
DA:26,0
DA:27,0
DA:32,0
DA:33,0
DA:36,0
DA:37,0
DA:39,0
DA:42,0
DA:43,0
DA:44,0
DA:47,0
DA:48,0
DA:49,0
DA:50,0
DA:51,0
DA:52,0
DA:53,0
DA:54,0
DA:55,0
DA:56,0
DA:59,0
DA:110,0
DA:126,1
LF:38
LH:4
BRDA:26,1,0,0
BRDA:26,1,1,0
BRDA:26,2,0,0
BRDA:26,2,1,0
BRDA:26,2,2,0
BRDA:32,3,0,0
BRDA:32,3,1,0
BRDA:37,4,0,0
BRDA:37,4,1,0
BRDA:37,5,0,0
BRDA:37,5,1,0
BRDA:37,5,2,0
BRDA:42,6,0,0
BRDA:42,6,1,0
BRDA:47,7,0,0
BRDA:47,7,1,0
BRDA:93,8,0,0
BRDA:93,8,1,0
BRDA:93,9,0,0
BRDA:93,9,1,0
BRF:20
BRH:0
end_of_record
TN:
SF:/Users/rebeccahu/Desktop/remote/seosite-queue/app/actions/sniff/errors.js
FN:3,Exception
FN:4,(anonymous_2)
FN:10,(anonymous_3)
FN:11,(anonymous_4)
FNF:4
FNH:2
FNDA:1,Exception
FNDA:0,(anonymous_2)
FNDA:1,(anonymous_3)
FNDA:0,(anonymous_4)
DA:1,1
DA:3,1
DA:4,1
DA:5,0
DA:8,1
DA:11,1
DA:12,0
DA:13,0
DA:15,1
DA:18,1
LF:10
LH:7
BRDA:5,1,0,0
BRDA:5,1,1,0
BRDA:5,2,0,0
BRDA:5,2,1,0
BRF:4
BRH:0
end_of_record
TN:
SF:/Users/rebeccahu/Desktop/remote/seosite-queue/app/settings/requests/capture.js
FN:4,_capture
FN:11,(anonymous_2)
FN:20,(anonymous_3)
FNF:3
FNH:0
FNDA:0,_capture
FNDA:0,(anonymous_2)
FNDA:0,(anonymous_3)
DA:1,1
DA:2,1
DA:4,1
DA:5,0
DA:6,0
DA:7,0
DA:8,0
DA:9,0
DA:10,0
DA:11,0
DA:12,0
DA:13,0
DA:21,0
DA:22,0
DA:24,0
DA:27,1
LF:16
LH:4
BRF:0
BRH:0
end_of_record
TN:
SF:/Users/rebeccahu/Desktop/remote/seosite-queue/app/amqp-connections/consumers/summary.js
FN:9,processSummary
FN:12,(anonymous_2)
FN:19,(anonymous_3)
FNF:3
FNH:0
FNDA:0,processSummary
FNDA:0,(anonymous_2)
FNDA:0,(anonymous_3)
DA:1,1
DA:9,1
DA:10,0
DA:11,0
DA:12,0
DA:13,0
DA:14,0
DA:15,0
DA:16,0
DA:18,0
DA:20,0
DA:21,0
DA:22,0
DA:24,0
DA:25,0
DA:26,0
DA:27,0
DA:28,0
DA:29,0
DA:31,0
DA:34,1
LF:21
LH:3
BRDA:15,1,0,0
BRDA:15,1,1,0
BRDA:21,2,0,0
BRDA:21,2,1,0
BRDA:24,3,0,0
BRDA:24,3,1,0
BRDA:26,4,0,0
BRDA:26,4,1,0
BRF:8
BRH:0
end_of_record
TN:
SF:/Users/rebeccahu/Desktop/remote/seosite-queue/app/amqp-connections/consumers/link.js
FN:13,processLink
FN:17,(anonymous_2)
FN:36,(anonymous_3)
FNF:3
FNH:2
FNDA:1,processLink
FNDA:0,(anonymous_2)
FNDA:1,(anonymous_3)
DA:1,1
DA:13,1
DA:14,1
DA:15,1
DA:16,1
DA:17,1
DA:18,0
DA:30,0
DA:31,0
DA:33,0
DA:34,0
DA:37,1
DA:38,1
DA:39,1
DA:41,1
DA:42,0
DA:43,0
DA:44,0
DA:45,1
DA:46,1
DA:47,1
DA:48,1
DA:49,1
DA:50,1
DA:52,1
DA:53,1
DA:54,1
DA:55,1
DA:57,1
DA:59,1
LF:30
LH:22
BRDA:30,1,0,0
BRDA:30,1,1,0
BRDA:38,2,0,1
BRDA:38,2,1,0
BRDA:41,3,0,0
BRDA:41,3,1,1
BRDA:45,4,0,1
BRDA:45,4,1,0
BRF:8
BRH:3
end_of_record
