TN:
SF:/Users/rebeccahu/Desktop/remote/seosite-queue/app/actions/sniff/handleEntry.js
FN:7,tally
FN:27,processRequest
FN:40,(anonymous_3)
FN:43,(anonymous_4)
FN:47,(anonymous_5)
FN:55,(anonymous_6)
FN:58,(anonymous_7)
FN:62,(anonymous_8)
FN:68,(anonymous_9)
FN:71,(anonymous_10)
FN:84,createHeaders
FN:86,(anonymous_12)
FN:92,handleHeaders
FN:93,(anonymous_14)
FN:99,entryHandler
FN:113,(anonymous_16)
FN:123,(anonymous_17)
FNF:17
FNH:10
FNDA:3,tally
FNDA:2,processRequest
FNDA:0,(anonymous_3)
FNDA:0,(anonymous_4)
FNDA:0,(anonymous_5)
FNDA:0,(anonymous_6)
FNDA:0,(anonymous_7)
FNDA:0,(anonymous_8)
FNDA:15,(anonymous_9)
FNDA:2,(anonymous_10)
FNDA:2,createHeaders
FNDA:4,(anonymous_12)
FNDA:4,handleHeaders
FNDA:19,(anonymous_14)
FNDA:1,entryHandler
FNDA:0,(anonymous_16)
FNDA:1,(anonymous_17)
DA:1,1
DA:7,1
DA:8,3
DA:10,3
DA:12,0
DA:15,3
DA:16,3
DA:17,3
DA:18,3
DA:19,3
DA:21,3
DA:27,1
DA:28,2
DA:29,2
DA:30,2
DA:32,2
DA:33,2
DA:34,2
DA:36,2
DA:38,0
DA:40,0
DA:41,0
DA:42,0
DA:44,0
DA:47,0
DA:48,0
DA:51,0
DA:53,0
DA:55,0
DA:56,0
DA:57,0
DA:59,0
DA:62,0
DA:63,0
DA:66,0
DA:68,2
DA:69,15
DA:70,15
DA:72,2
DA:75,2
DA:78,0
DA:80,0
DA:84,1
DA:85,2
DA:86,2
DA:87,4
DA:89,2
DA:92,1
DA:93,4
DA:94,19
DA:96,4
DA:99,1
DA:101,1
DA:102,1
DA:109,1
DA:110,1
DA:112,1
DA:114,0
DA:115,0
DA:124,1
DA:126,1
DA:129,1
DA:130,1
DA:131,1
DA:132,1
DA:133,1
LF:66
LH:45
BRDA:10,1,0,0
BRDA:10,1,1,3
BRDA:10,2,0,3
BRDA:10,2,1,0
BRDA:36,3,0,0
BRDA:36,3,1,0
BRDA:36,3,2,2
BRDA:106,4,0,1
BRDA:106,4,1,1
BRF:9
BRH:5
end_of_record
TN:
SF:/Users/rebeccahu/Desktop/remote/seosite-queue/app/utils.js
FN:7,getNowUTC
FN:15,sendEmail
FN:25,checkRequirements
FN:28,(anonymous_4)
FN:42,updateActivity
FN:50,(anonymous_6)
FN:67,checkActivity
FN:70,(anonymous_8)
FN:87,checkPermissions
FN:122,checkAvailActivity
FN:123,(anonymous_11)
FN:128,(anonymous_12)
FN:146,findOneUser
FN:149,(anonymous_14)
FN:176,updateBy
FN:180,(anonymous_16)
FN:209,updateUser
FN:211,(anonymous_18)
FN:238,saveModel
FN:248,deleteUser
FN:252,(anonymous_21)
FN:276,saveScan
FN:279,(anonymous_23)
FN:301,findBy
FN:303,(anonymous_25)
FN:323,batchPut
FN:325,(anonymous_27)
FNF:27
FNH:4
FNDA:0,getNowUTC
FNDA:0,sendEmail
FNDA:18,checkRequirements
FNDA:54,(anonymous_4)
FNDA:0,updateActivity
FNDA:0,(anonymous_6)
FNDA:0,checkActivity
FNDA:0,(anonymous_8)
FNDA:0,checkPermissions
FNDA:0,checkAvailActivity
FNDA:0,(anonymous_11)
FNDA:0,(anonymous_12)
FNDA:0,findOneUser
FNDA:0,(anonymous_14)
FNDA:0,updateBy
FNDA:0,(anonymous_16)
FNDA:0,updateUser
FNDA:0,(anonymous_18)
FNDA:6,saveModel
FNDA:0,deleteUser
FNDA:0,(anonymous_21)
FNDA:0,saveScan
FNDA:0,(anonymous_23)
FNDA:0,findBy
FNDA:0,(anonymous_25)
FNDA:8,batchPut
FNDA:0,(anonymous_27)
DA:1,1
DA:7,1
DA:8,0
DA:12,0
DA:15,1
DA:16,0
DA:25,1
DA:27,18
DA:28,18
DA:29,54
DA:30,12
DA:33,18
DA:42,1
DA:43,0
DA:46,0
DA:47,0
DA:48,0
DA:51,0
DA:52,0
DA:53,0
DA:56,0
DA:57,0
DA:67,1
DA:68,0
DA:71,0
DA:72,0
DA:73,0
DA:74,0
DA:77,0
DA:78,0
DA:87,1
DA:92,0
DA:93,0
DA:96,0
DA:98,0
DA:110,0
DA:122,1
DA:123,0
DA:124,0
DA:125,0
DA:126,0
DA:128,0
DA:129,0
DA:130,0
DA:132,0
DA:133,0
DA:135,0
DA:136,0
DA:137,0
DA:146,1
DA:147,0
DA:149,0
DA:150,0
DA:151,0
DA:152,0
DA:155,0
DA:156,0
DA:161,0
DA:162,0
DA:163,0
DA:176,1
DA:177,0
DA:178,0
DA:179,0
DA:180,0
DA:181,0
DA:182,0
DA:183,0
DA:184,0
DA:185,0
DA:188,0
DA:189,0
DA:190,0
DA:195,0
DA:196,0
DA:209,1
DA:210,0
DA:211,0
DA:213,0
DA:214,0
DA:215,0
DA:218,0
DA:219,0
DA:223,0
DA:225,0
DA:226,0
DA:238,1
DA:240,6
DA:248,1
DA:249,0
DA:250,0
DA:253,0
DA:254,0
DA:255,0
DA:258,0
DA:259,0
DA:263,0
DA:264,0
DA:276,1
DA:278,0
DA:279,0
DA:281,0
DA:282,0
DA:283,0
DA:286,0
DA:287,0
DA:301,1
DA:302,0
DA:303,0
DA:304,0
DA:305,0
DA:306,0
DA:309,0
DA:310,0
DA:315,0
DA:316,0
DA:323,1
DA:324,8
DA:325,8
DA:326,0
DA:327,0
DA:330,1
DA:331,1
DA:332,1
DA:333,1
DA:334,1
DA:335,1
DA:336,1
DA:337,1
DA:338,1
DA:339,1
DA:340,1
DA:341,1
DA:342,1
DA:343,1
DA:344,1
LF:136
LH:39
BRDA:29,1,0,12
BRDA:29,1,1,42
BRDA:51,2,0,0
BRDA:51,2,1,0
BRDA:52,3,0,0
BRDA:52,3,1,0
BRDA:56,4,0,0
BRDA:56,4,1,0
BRDA:72,5,0,0
BRDA:72,5,1,0
BRDA:73,6,0,0
BRDA:73,6,1,0
BRDA:77,7,0,0
BRDA:77,7,1,0
BRDA:92,8,0,0
BRDA:92,8,1,0
BRDA:96,9,0,0
BRDA:96,9,1,0
BRDA:125,10,0,0
BRDA:125,10,1,0
BRDA:129,11,0,0
BRDA:129,11,1,0
BRDA:136,12,0,0
BRDA:136,12,1,0
BRDA:150,13,0,0
BRDA:150,13,1,0
BRDA:151,14,0,0
BRDA:151,14,1,0
BRDA:155,15,0,0
BRDA:155,15,1,0
BRDA:162,16,0,0
BRDA:162,16,1,0
BRDA:182,17,0,0
BRDA:182,17,1,0
BRDA:184,18,0,0
BRDA:184,18,1,0
BRDA:189,19,0,0
BRDA:189,19,1,0
BRDA:195,20,0,0
BRDA:195,20,1,0
BRDA:213,21,0,0
BRDA:213,21,1,0
BRDA:214,22,0,0
BRDA:214,22,1,0
BRDA:218,23,0,0
BRDA:218,23,1,0
BRDA:225,24,0,0
BRDA:225,24,1,0
BRDA:253,25,0,0
BRDA:253,25,1,0
BRDA:254,26,0,0
BRDA:254,26,1,0
BRDA:258,27,0,0
BRDA:258,27,1,0
BRDA:263,28,0,0
BRDA:263,28,1,0
BRDA:281,29,0,0
BRDA:281,29,1,0
BRDA:282,30,0,0
BRDA:282,30,1,0
BRDA:286,31,0,0
BRDA:286,31,1,0
BRDA:304,32,0,0
BRDA:304,32,1,0
BRDA:305,33,0,0
BRDA:305,33,1,0
BRDA:309,34,0,0
BRDA:309,34,1,0
BRDA:315,35,0,0
BRDA:315,35,1,0
BRF:70
BRH:2
end_of_record
TN:
SF:/Users/rebeccahu/Desktop/remote/seosite-queue/app/models/user.js
FNF:0
FNH:0
DA:1,1
DA:3,1
DA:73,1
LF:3
LH:3
BRF:0
BRH:0
end_of_record
TN:
SF:/Users/rebeccahu/Desktop/remote/seosite-queue/app/models/activity.js
FNF:0
FNH:0
DA:1,1
DA:3,1
DA:44,1
LF:3
LH:3
BRF:0
BRH:0
end_of_record
TN:
SF:/Users/rebeccahu/Desktop/remote/seosite-queue/app/models/permission.js
FNF:0
FNH:0
DA:2,1
DA:3,1
DA:48,1
LF:3
LH:3
BRF:0
BRH:0
end_of_record
TN:
SF:/Users/rebeccahu/Desktop/remote/seosite-queue/app/actions/sniff/linkChecker/checkErrors.js
FN:4,checkErrors
FNF:1
FNH:1
FNDA:5,checkErrors
DA:2,1
DA:4,1
DA:5,5
DA:6,5
DA:7,1
DA:10,5
DA:11,2
DA:12,2
DA:13,2
DA:15,3
DA:17,3
DA:18,2
DA:19,2
DA:20,2
DA:24,1
LF:15
LH:15
BRDA:6,1,0,1
BRDA:6,1,1,4
BRDA:10,2,0,2
BRDA:10,2,1,3
BRDA:17,3,0,2
BRDA:17,3,1,1
BRDA:17,4,0,3
BRDA:17,4,1,2
BRF:8
BRH:8
end_of_record
TN:
SF:/Users/rebeccahu/Desktop/remote/seosite-queue/app/actions/sniff/linkChecker/messages.js
FN:8,(anonymous_1)
FNF:1
FNH:1
FNDA:2,(anonymous_1)
DA:2,1
DA:3,1
DA:5,1
DA:7,1
DA:9,2
DA:10,2
DA:15,1
DA:31,1
DA:32,59
DA:35,1
DA:36,62
DA:39,1
LF:12
LH:12
BRDA:9,1,0,1
BRDA:9,1,1,1
BRF:2
BRH:2
end_of_record
TN:
SF:/Users/rebeccahu/Desktop/remote/seosite-queue/app/actions/sniff/linkChecker/checkUrl.js
FN:8,checkUrl
FN:31,(anonymous_2)
FN:38,(anonymous_3)
FN:49,(anonymous_4)
FN:63,copyResponseData
FNF:5
FNH:0
FNDA:0,checkUrl
FNDA:0,(anonymous_2)
FNDA:0,(anonymous_3)
FNDA:0,(anonymous_4)
FNDA:0,copyResponseData
DA:2,1
DA:3,1
DA:4,1
DA:5,1
DA:6,1
DA:8,1
DA:10,0
DA:11,0
DA:12,0
DA:13,0
DA:14,0
DA:16,0
DA:17,0
DA:18,0
DA:19,0
DA:20,0
DA:24,0
DA:32,0
DA:33,0
DA:34,0
DA:36,0
DA:40,0
DA:43,0
DA:49,0
DA:50,0
DA:51,0
DA:52,0
DA:55,0
DA:63,1
DA:64,0
DA:65,0
DA:66,0
DA:67,0
DA:69,0
DA:72,0
DA:74,0
DA:75,0
DA:77,0
DA:79,0
DA:83,0
DA:84,0
DA:85,0
DA:87,0
DA:88,0
DA:91,0
DA:93,1
LF:46
LH:8
BRDA:11,1,0,0
BRDA:11,1,1,0
BRDA:12,2,0,0
BRDA:12,2,1,0
BRDA:16,3,0,0
BRDA:16,3,1,0
BRDA:30,4,0,0
BRDA:30,4,1,0
BRDA:33,5,0,0
BRDA:33,5,1,0
BRDA:33,6,0,0
BRDA:33,6,1,0
BRDA:33,6,2,0
BRDA:33,6,3,0
BRDA:43,7,0,0
BRDA:43,7,1,0
BRDA:64,8,0,0
BRDA:64,8,1,0
BRDA:65,9,0,0
BRDA:65,9,1,0
BRDA:74,10,0,0
BRDA:74,10,1,0
BRDA:77,11,0,0
BRDA:77,11,1,0
BRDA:84,12,0,0
BRDA:84,12,1,0
BRF:26
BRH:0
end_of_record
TN:
SF:/Users/rebeccahu/Desktop/remote/seosite-queue/app/actions/sniff/linkChecker/linkObj.js
FN:7,linkObj
FN:56,(anonymous_2)
FN:68,(anonymous_3)
FN:94,(anonymous_4)
FN:168,cloneObject
FN:195,parity
FNF:6
FNH:5
FNDA:47,linkObj
FNDA:0,(anonymous_2)
FNDA:6,(anonymous_3)
FNDA:6,(anonymous_4)
FNDA:24,cloneObject
FNDA:12,parity
DA:2,1
DA:7,1
DA:8,47
DA:9,1
DA:11,47
DA:50,47
DA:56,1
DA:58,0
DA:59,0
DA:61,0
DA:62,0
DA:68,1
DA:69,6
DA:70,6
DA:71,0
DA:72,0
DA:74,6
DA:76,6
DA:78,0
DA:79,0
DA:82,6
DA:83,6
DA:84,6
DA:86,6
DA:94,1
DA:95,6
DA:96,0
DA:100,6
DA:105,6
DA:106,6
DA:108,6
DA:109,6
DA:113,6
DA:114,6
DA:116,0
DA:117,0
DA:121,6
DA:123,0
DA:124,0
DA:127,6
DA:128,6
DA:129,6
DA:132,6
DA:133,6
DA:134,6
DA:137,6
DA:138,6
DA:141,6
DA:143,6
DA:144,6
DA:145,6
DA:146,6
DA:148,0
DA:149,0
DA:151,0
DA:152,0
DA:153,0
DA:157,6
DA:158,6
DA:168,1
DA:169,24
DA:171,24
DA:172,6
DA:175,18
DA:180,24
DA:181,160
DA:182,130
DA:184,130
DA:185,18
DA:187,112
DA:191,24
DA:195,1
DA:199,12
DA:202,1
LF:74
LH:56
BRDA:8,1,0,1
BRDA:8,1,1,46
BRDA:8,2,0,47
BRDA:8,2,1,47
BRDA:58,3,0,0
BRDA:58,3,1,0
BRDA:58,4,0,0
BRDA:58,4,1,0
BRDA:69,5,0,6
BRDA:69,5,1,0
BRDA:71,6,0,0
BRDA:71,6,1,0
BRDA:76,7,0,0
BRDA:76,7,1,6
BRDA:76,8,0,6
BRDA:76,8,1,6
BRDA:84,9,0,6
BRDA:84,9,1,0
BRDA:95,10,0,0
BRDA:95,10,1,6
BRDA:105,11,0,0
BRDA:105,11,1,6
BRDA:108,12,0,6
BRDA:108,12,1,0
BRDA:114,13,0,0
BRDA:114,13,1,6
BRDA:121,14,0,0
BRDA:121,14,1,6
BRDA:127,15,0,0
BRDA:127,15,1,6
BRDA:133,16,0,6
BRDA:133,16,1,0
BRDA:137,17,0,6
BRDA:137,17,1,0
BRDA:143,18,0,6
BRDA:143,18,1,0
BRDA:149,19,0,0
BRDA:149,19,1,0
BRDA:151,20,0,0
BRDA:151,20,1,0
BRDA:171,21,0,6
BRDA:171,21,1,18
BRDA:181,22,0,130
BRDA:181,22,1,30
BRDA:184,23,0,18
BRDA:184,23,1,112
BRDA:184,24,0,130
BRDA:184,24,1,92
BRDA:199,25,0,12
BRDA:199,25,1,0
BRF:50
BRH:27
end_of_record
TN:
SF:/Users/rebeccahu/Desktop/remote/seosite-queue/app/actions/sniff/linkChecker/simpleResponse.js
FN:3,simpleResponse
FN:12,simplify
FNF:2
FNH:0
FNDA:0,simpleResponse
FNDA:0,simplify
DA:3,1
DA:4,0
DA:5,0
DA:6,0
DA:7,0
DA:9,0
DA:12,1
DA:13,0
DA:22,1
LF:9
LH:3
BRF:0
BRH:0
end_of_record
TN:
SF:/Users/rebeccahu/Desktop/remote/seosite-queue/app/actions/sniff/linkChecker/excludeLink.js
FN:7,excludeLink
FNF:1
FNH:1
FNDA:19,excludeLink
DA:1,1
DA:4,1
DA:5,1
DA:7,1
DA:9,19
DA:10,19
DA:11,19
DA:12,19
DA:13,19
DA:14,16
DA:17,19
DA:18,3
DA:21,16
DA:22,2
DA:24,14
DA:25,1
DA:27,13
DA:28,1
DA:30,12
DA:31,1
DA:33,11
DA:34,10
DA:35,1
DA:37,9
DA:38,7
DA:44,4
DA:47,5
DA:48,1
DA:52,5
DA:53,1
DA:56,4
DA:58,1
LF:32
LH:32
BRDA:13,1,0,16
BRDA:13,1,1,3
BRDA:17,2,0,3
BRDA:17,2,1,16
BRDA:21,3,0,2
BRDA:21,3,1,14
BRDA:21,4,0,16
BRDA:21,4,1,16
BRDA:24,5,0,1
BRDA:24,5,1,13
BRDA:24,6,0,14
BRDA:24,6,1,1
BRDA:27,7,0,1
BRDA:27,7,1,12
BRDA:27,8,0,13
BRDA:27,8,1,2
BRDA:30,9,0,1
BRDA:30,9,1,11
BRDA:30,10,0,12
BRDA:30,10,1,12
BRDA:33,11,0,10
BRDA:33,11,1,1
BRDA:34,12,0,1
BRDA:34,12,1,9
BRDA:37,13,0,7
BRDA:37,13,1,2
BRDA:38,14,0,4
BRDA:38,14,1,3
BRDA:39,15,0,7
BRDA:39,15,1,1
BRDA:39,15,2,6
BRDA:39,15,3,1
BRDA:39,15,4,5
BRDA:39,15,5,1
BRDA:39,15,6,4
BRDA:39,15,7,1
BRDA:47,16,0,1
BRDA:47,16,1,4
BRDA:47,17,0,5
BRDA:47,17,1,5
BRDA:47,17,2,5
BRDA:47,17,3,5
BRDA:47,17,4,1
BRDA:52,18,0,1
BRDA:52,18,1,4
BRF:45
BRH:45
end_of_record
TN:
SF:/Users/rebeccahu/Desktop/remote/seosite-queue/app/actions/sniff/linkChecker/matchUrl.js
FN:4,matchUrl
FNF:1
FNH:1
FNDA:5,matchUrl
DA:2,1
DA:4,1
DA:5,5
DA:7,5
DA:8,2
DA:10,2
DA:11,1
DA:12,1
DA:13,0
DA:14,0
DA:18,4
DA:21,1
LF:12
LH:10
BRDA:7,1,0,2
BRDA:7,1,1,3
BRDA:11,2,0,1
BRDA:11,2,1,0
BRDA:13,3,0,0
BRDA:13,3,1,0
BRF:6
BRH:3
end_of_record
TN:
SF:/Users/rebeccahu/Desktop/remote/seosite-queue/app/actions/sniff/linkChecker/defaultOptions.js
FNF:0
FNH:0
DA:2,1
DA:3,1
DA:5,1
DA:35,1
LF:4
LH:4
BRF:0
BRH:0
end_of_record
TN:
SF:/Users/rebeccahu/Desktop/remote/seosite-queue/app/actions/sniff/linkChecker/tags.js
FNF:0
FNH:0
DA:3,1
DA:181,1
DA:243,1
LF:3
LH:3
BRF:0
BRH:0
end_of_record
TN:
SF:/Users/rebeccahu/Desktop/remote/seosite-queue/app/actions/sniff/linkChecker/getHostKey.js
FN:7,(anonymous_1)
FN:16,getHostKey
FNF:2
FNH:1
FNDA:0,(anonymous_1)
FNDA:7,getHostKey
DA:2,1
DA:3,1
DA:4,1
DA:6,1
DA:7,0
DA:8,0
DA:10,0
DA:12,1
DA:13,1
DA:16,1
DA:17,7
DA:18,7
DA:20,7
DA:21,1
DA:23,6
DA:25,7
DA:27,7
DA:28,5
DA:29,5
DA:30,5
DA:31,2
DA:35,5
DA:36,2
DA:39,5
DA:42,5
DA:43,2
DA:46,5
DA:47,2
DA:50,5
DA:51,2
DA:53,3
DA:56,3
DA:57,0
DA:59,3
DA:63,5
DA:64,1
DA:67,5
DA:69,5
DA:72,1
LF:39
LH:35
BRDA:6,1,0,0
BRDA:6,1,1,1
BRDA:20,2,0,1
BRDA:20,2,1,6
BRDA:27,3,0,5
BRDA:27,3,1,2
BRDA:27,4,0,7
BRDA:27,4,1,7
BRDA:30,5,0,2
BRDA:30,5,1,3
BRDA:30,6,0,5
BRDA:30,6,1,4
BRDA:35,7,0,2
BRDA:35,7,1,3
BRDA:42,8,0,2
BRDA:42,8,1,3
BRDA:42,9,0,5
BRDA:42,9,1,5
BRDA:46,10,0,2
BRDA:46,10,1,3
BRDA:50,11,0,2
BRDA:50,11,1,3
BRDA:56,12,0,0
BRDA:56,12,1,3
BRDA:63,13,0,1
BRDA:63,13,1,4
BRDA:63,14,0,5
BRDA:63,14,1,1
BRF:28
BRH:26
end_of_record
TN:
SF:/Users/rebeccahu/Desktop/remote/seosite-queue/app/actions/sniff/process/createHAR.js
FN:6,processResource
FN:111,createHAR
FN:123,(anonymous_3)
FNF:3
FNH:3
FNDA:7,processResource
FNDA:3,createHAR
FNDA:7,(anonymous_3)
DA:1,1
DA:4,1
DA:6,1
DA:7,7
DA:14,7
DA:15,2
DA:19,5
DA:20,2
DA:22,3
DA:23,3
DA:24,2
DA:27,3
DA:28,2
DA:31,3
DA:32,1
DA:33,1
DA:34,1
DA:35,1
DA:36,1
DA:37,1
DA:38,1
DA:39,1
DA:40,1
DA:43,3
DA:44,3
DA:45,3
DA:47,3
DA:48,3
DA:50,3
DA:51,3
DA:54,3
DA:111,1
DA:112,3
DA:121,3
DA:123,3
DA:124,7
DA:127,3
DA:143,1
LF:38
LH:38
BRDA:14,1,0,2
BRDA:14,1,1,5
BRDA:14,2,0,7
BRDA:14,2,1,7
BRDA:14,2,2,5
BRDA:19,3,0,2
BRDA:19,3,1,3
BRDA:23,4,0,2
BRDA:23,4,1,1
BRDA:23,5,0,3
BRDA:23,5,1,3
BRDA:23,5,2,2
BRDA:27,6,0,2
BRDA:27,6,1,1
BRDA:31,7,0,1
BRDA:31,7,1,2
BRDA:88,8,0,0
BRDA:88,8,1,3
BRDA:88,9,0,3
BRDA:88,9,1,2
BRF:20
BRH:19
end_of_record
TN:
SF:/Users/rebeccahu/Desktop/remote/seosite-queue/app/actions/sniff/utils.js
FN:3,(anonymous_1)
FN:9,(anonymous_2)
FN:12,(anonymous_3)
FN:13,(anonymous_4)
FN:24,(anonymous_5)
FN:68,(anonymous_6)
FNF:6
FNH:6
FNDA:3,(anonymous_1)
FNDA:2,(anonymous_2)
FNDA:2,(anonymous_3)
FNDA:2,(anonymous_4)
FNDA:16,(anonymous_5)
FNDA:9,(anonymous_6)
DA:1,1
DA:3,1
DA:5,3
DA:6,1
DA:9,2
DA:10,2
DA:12,2
DA:13,2
DA:14,2
DA:15,1
DA:17,1
DA:24,1
DA:25,16
DA:26,16
DA:27,2
DA:29,14
DA:30,1
DA:32,13
DA:33,1
DA:35,12
DA:36,1
DA:38,11
DA:39,1
DA:41,10
DA:42,1
DA:44,9
DA:45,1
DA:47,8
DA:50,1
DA:52,7
DA:53,1
DA:55,6
DA:56,1
DA:58,5
DA:59,1
DA:61,4
DA:63,3
DA:65,1
DA:68,1
DA:70,9
DA:72,1
DA:74,1
DA:76,1
DA:78,1
DA:80,1
DA:82,1
DA:84,1
DA:86,2
LF:48
LH:48
BRDA:5,1,0,1
BRDA:5,1,1,2
BRDA:5,2,0,3
BRDA:5,2,1,3
BRDA:14,3,0,1
BRDA:14,3,1,1
BRDA:26,4,0,2
BRDA:26,4,1,14
BRDA:29,5,0,1
BRDA:29,5,1,13
BRDA:32,6,0,1
BRDA:32,6,1,12
BRDA:35,7,0,1
BRDA:35,7,1,11
BRDA:38,8,0,1
BRDA:38,8,1,10
BRDA:41,9,0,1
BRDA:41,9,1,9
BRDA:44,10,0,1
BRDA:44,10,1,8
BRDA:47,11,0,1
BRDA:47,11,1,7
BRDA:47,12,0,8
BRDA:47,12,1,8
BRDA:47,12,2,7
BRDA:47,12,3,7
BRDA:52,13,0,1
BRDA:52,13,1,6
BRDA:55,14,0,1
BRDA:55,14,1,5
BRDA:58,15,0,1
BRDA:58,15,1,4
BRDA:61,16,0,3
BRDA:61,16,1,1
BRDA:61,17,0,4
BRDA:61,17,1,2
BRDA:70,18,0,1
BRDA:70,18,1,1
BRDA:70,18,2,1
BRDA:70,18,3,1
BRDA:70,18,4,1
BRDA:70,18,5,1
BRDA:70,18,6,1
BRDA:70,18,7,2
BRF:44
BRH:44
end_of_record
TN:
SF:/Users/rebeccahu/Desktop/remote/seosite-queue/app/actions/sniff/process/createPage.js
FN:8,extractEmails
FN:12,findMime
FN:22,saveThumb
FN:24,(anonymous_4)
FN:26,(anonymous_5)
FN:32,run
FN:42,(anonymous_7)
FN:55,(anonymous_8)
FN:71,(anonymous_9)
FN:73,(anonymous_10)
FN:78,(anonymous_11)
FN:88,(anonymous_12)
FN:108,(anonymous_13)
FN:126,(anonymous_14)
FN:144,createPage
FN:156,(anonymous_16)
FN:159,(anonymous_17)
FN:168,(anonymous_18)
FN:186,(anonymous_19)
FN:191,(anonymous_20)
FN:196,(anonymous_21)
FN:199,(anonymous_22)
FN:203,(anonymous_23)
FNF:23
FNH:17
FNDA:1,extractEmails
FNDA:1,findMime
FNDA:0,saveThumb
FNDA:0,(anonymous_4)
FNDA:0,(anonymous_5)
FNDA:2,run
FNDA:0,(anonymous_7)
FNDA:2,(anonymous_8)
FNDA:1,(anonymous_9)
FNDA:1,(anonymous_10)
FNDA:1,(anonymous_11)
FNDA:0,(anonymous_12)
FNDA:1,(anonymous_13)
FNDA:0,(anonymous_14)
FNDA:2,createPage
FNDA:2,(anonymous_16)
FNDA:2,(anonymous_17)
FNDA:4,(anonymous_18)
FNDA:2,(anonymous_19)
FNDA:2,(anonymous_20)
FNDA:2,(anonymous_21)
FNDA:2,(anonymous_22)
FNDA:2,(anonymous_23)
DA:1,1
DA:2,1
DA:3,1
DA:4,1
DA:5,1
DA:6,1
DA:8,1
DA:9,1
DA:12,1
DA:14,1
DA:15,0
DA:16,0
DA:19,1
DA:22,1
DA:23,0
DA:24,0
DA:25,0
DA:27,0
DA:29,0
DA:32,1
DA:33,2
DA:34,2
DA:35,2
DA:39,2
DA:40,2
DA:41,2
DA:42,2
DA:49,2
DA:50,2
DA:54,2
DA:55,2
DA:60,2
DA:61,2
DA:62,1
DA:63,1
DA:64,1
DA:66,1
DA:67,1
DA:68,1
DA:71,1
DA:73,1
DA:74,1
DA:75,1
DA:78,1
DA:79,1
DA:80,1
DA:81,1
DA:82,1
DA:83,0
DA:84,0
DA:88,1
DA:89,0
DA:90,0
DA:91,0
DA:93,0
DA:99,1
DA:103,1
DA:104,1
DA:107,1
DA:108,1
DA:109,1
DA:110,1
DA:111,1
DA:112,1
DA:113,1
DA:117,1
DA:118,1
DA:121,1
DA:122,1
DA:123,1
DA:124,1
DA:128,0
DA:137,0
DA:138,0
DA:144,1
DA:146,2
DA:147,2
DA:148,2
DA:150,2
DA:151,2
DA:153,2
DA:154,2
DA:156,2
DA:157,2
DA:159,2
DA:160,2
DA:161,2
DA:168,2
DA:169,4
DA:170,4
DA:171,1
DA:177,4
DA:178,2
DA:180,4
DA:181,2
DA:184,2
DA:185,2
DA:186,2
DA:187,2
DA:188,2
DA:191,2
DA:196,2
DA:199,2
DA:203,2
DA:204,2
DA:213,2
DA:216,0
DA:218,2
DA:221,1
LF:109
LH:92
BRDA:14,1,0,0
BRDA:14,1,1,1
BRDA:14,2,0,1
BRDA:14,2,1,1
BRDA:14,2,2,0
BRDA:14,2,3,0
BRDA:15,3,0,0
BRDA:15,3,1,0
BRDA:61,4,0,1
BRDA:61,4,1,1
BRDA:63,5,0,1
BRDA:63,5,1,0
BRDA:75,6,0,0
BRDA:75,6,1,1
BRDA:82,7,0,0
BRDA:82,7,1,1
BRDA:88,8,0,1
BRDA:88,8,1,1
BRDA:89,9,0,0
BRDA:89,9,1,0
BRDA:148,10,0,2
BRDA:148,10,1,0
BRDA:150,11,0,2
BRDA:150,11,1,0
BRDA:151,12,0,2
BRDA:151,12,1,2
BRDA:170,13,0,1
BRDA:170,13,1,3
BRDA:177,14,0,2
BRDA:177,14,1,2
BRDA:180,15,0,2
BRDA:180,15,1,2
BRF:32
BRH:20
end_of_record
TN:
SF:/Users/rebeccahu/Desktop/remote/seosite-queue/app/actions/sniff/linkChecker/initScrapeHtml.js
FN:8,enqueueLink
FN:34,scan
FN:44,(anonymous_3)
FN:47,(anonymous_4)
FN:56,(anonymous_5)
FN:63,(anonymous_6)
FN:73,_scan
FN:74,Instance
FNF:8
FNH:5
FNDA:0,enqueueLink
FNDA:1,scan
FNDA:1,(anonymous_3)
FNDA:1,(anonymous_4)
FNDA:0,(anonymous_5)
FNDA:0,(anonymous_6)
FNDA:1,_scan
FNDA:1,Instance
DA:1,1
DA:2,1
DA:3,1
DA:4,1
DA:5,1
DA:6,1
DA:8,1
DA:10,0
DA:12,0
DA:14,0
DA:15,0
DA:16,0
DA:17,0
DA:18,0
DA:19,0
DA:22,0
DA:23,0
DA:25,0
DA:26,0
DA:27,0
DA:28,0
DA:32,1
DA:34,1
DA:37,1
DA:38,1
DA:39,1
DA:41,1
DA:42,1
DA:44,1
DA:45,1
DA:46,1
DA:49,1
DA:50,1
DA:52,1
DA:53,1
DA:56,0
DA:57,0
DA:60,0
DA:61,0
DA:64,0
DA:70,1
DA:73,1
DA:74,1
DA:75,1
DA:76,1
DA:77,1
DA:78,1
DA:79,1
DA:80,1
DA:81,1
DA:82,1
DA:84,1
DA:85,1
DA:86,1
DA:87,1
DA:90,1
DA:93,1
LF:57
LH:38
BRDA:14,1,0,0
BRDA:14,1,1,0
BRDA:25,2,0,0
BRDA:25,2,1,0
BRDA:27,3,0,0
BRDA:27,3,1,0
BRDA:52,4,0,1
BRDA:52,4,1,0
BRDA:52,5,0,1
BRDA:52,5,1,0
BRDA:52,5,2,0
BRDA:52,5,3,0
BRF:12
BRH:2
end_of_record
TN:
SF:/Users/rebeccahu/Desktop/remote/seosite-queue/app/actions/sniff/linkChecker/scrapeHtml.js
FN:14,scrapeHtml
FN:25,(anonymous_2)
FN:56,findLinks
FN:60,(anonymous_4)
FN:119,findPreliminaries
FN:132,(anonymous_6)
FN:182,findRootNode
FN:197,getNthIndex
FN:223,getSelector
FN:244,getText
FN:250,(anonymous_11)
FN:266,stringifyNode
FN:285,walk
FNF:13
FNH:13
FNDA:1,scrapeHtml
FNDA:44,(anonymous_2)
FNDA:1,findLinks
FNDA:463,(anonymous_4)
FNDA:1,findPreliminaries
FNDA:463,(anonymous_6)
FNDA:1,findRootNode
FNDA:207,getNthIndex
FNDA:44,getSelector
FNDA:44,getText
FNDA:102,(anonymous_11)
FNDA:44,stringifyNode
FNDA:1028,walk
DA:2,1
DA:3,1
DA:5,1
DA:6,1
DA:7,1
DA:9,1
DA:14,1
DA:16,1
DA:17,1
DA:18,1
DA:19,1
DA:21,1
DA:22,1
DA:23,1
DA:25,1
DA:26,44
DA:27,44
DA:28,44
DA:29,44
DA:30,44
DA:31,44
DA:32,44
DA:33,43
DA:35,44
DA:36,44
DA:37,44
DA:38,44
DA:39,44
DA:40,2
DA:44,44
DA:48,1
DA:56,1
DA:57,1
DA:60,1
DA:61,463
DA:64,463
DA:65,57
DA:66,57
DA:70,57
DA:71,142
DA:72,142
DA:74,142
DA:77,142
DA:79,50
DA:80,7
DA:81,0
DA:83,43
DA:86,1
DA:89,42
DA:92,50
DA:93,42
DA:97,406
DA:98,1
DA:99,405
DA:100,0
DA:101,405
DA:102,0
DA:119,1
DA:120,1
DA:121,1
DA:125,1
DA:128,1
DA:132,1
DA:133,463
DA:137,0
DA:139,0
DA:140,0
DA:143,0
DA:148,8
DA:149,3
DA:151,3
DA:155,1
DA:160,2
DA:161,0
DA:166,8
DA:170,463
DA:172,0
DA:176,1
DA:182,1
DA:183,1
DA:184,1
DA:186,1
DA:188,2
DA:189,1
DA:197,1
DA:198,207
DA:199,207
DA:200,207
DA:201,207
DA:203,207
DA:204,1302
DA:206,1302
DA:208,1095
DA:209,520
DA:212,207
DA:217,207
DA:223,1
DA:224,44
DA:225,44
DA:227,44
DA:228,295
DA:231,295
DA:232,207
DA:236,295
DA:238,295
DA:241,44
DA:244,1
DA:245,44
DA:247,44
DA:248,19
DA:250,19
DA:251,102
DA:252,53
DA:257,19
DA:260,44
DA:266,1
DA:267,44
DA:268,44
DA:269,44
DA:270,44
DA:273,44
DA:274,117
DA:275,117
DA:279,44
DA:281,44
DA:285,1
DA:286,1028
DA:288,1028
DA:290,1028
DA:291,511
DA:292,511
DA:295,1028
DA:296,1007
DA:298,1007
DA:302,1
LF:135
LH:126
BRDA:21,1,0,1
BRDA:21,1,1,0
BRDA:27,2,0,44
BRDA:27,2,1,0
BRDA:27,3,0,44
BRDA:27,3,1,44
BRDA:32,4,0,43
BRDA:32,4,1,1
BRDA:32,5,0,44
BRDA:32,5,1,44
BRDA:32,5,2,44
BRDA:39,6,0,2
BRDA:39,6,1,42
BRDA:64,7,0,57
BRDA:64,7,1,406
BRDA:65,8,0,57
BRDA:65,8,1,0
BRDA:65,9,0,57
BRDA:65,9,1,57
BRDA:71,10,0,142
BRDA:71,10,1,0
BRDA:71,11,0,142
BRDA:71,11,1,142
BRDA:71,11,2,142
BRDA:77,12,0,50
BRDA:77,12,1,92
BRDA:79,13,0,7
BRDA:79,13,1,43
BRDA:79,14,0,50
BRDA:79,14,1,10
BRDA:80,15,0,0
BRDA:80,15,1,7
BRDA:80,16,0,7
BRDA:80,16,1,0
BRDA:83,17,0,1
BRDA:83,17,1,42
BRDA:83,18,0,43
BRDA:83,18,1,3
BRDA:83,18,2,3
BRDA:92,19,0,42
BRDA:92,19,1,8
BRDA:97,20,0,1
BRDA:97,20,1,405
BRDA:99,21,0,0
BRDA:99,21,1,405
BRDA:101,22,0,0
BRDA:101,22,1,405
BRDA:133,23,0,0
BRDA:133,23,1,8
BRDA:137,24,0,0
BRDA:137,24,1,0
BRDA:137,25,0,0
BRDA:137,25,1,0
BRDA:137,25,2,0
BRDA:148,26,0,3
BRDA:148,26,1,5
BRDA:148,27,0,8
BRDA:148,27,1,8
BRDA:148,27,2,3
BRDA:151,28,0,1
BRDA:151,28,1,1
BRDA:151,28,2,2
BRDA:160,29,0,0
BRDA:160,29,1,2
BRDA:160,30,0,2
BRDA:160,30,1,2
BRDA:170,31,0,0
BRDA:170,31,1,463
BRDA:170,32,0,463
BRDA:170,32,1,0
BRDA:188,33,0,1
BRDA:188,33,1,1
BRDA:206,34,0,1095
BRDA:206,34,1,207
BRDA:208,35,0,520
BRDA:208,35,1,575
BRDA:231,36,0,207
BRDA:231,36,1,88
BRDA:231,37,0,295
BRDA:231,37,1,251
BRDA:247,38,0,19
BRDA:247,38,1,25
BRDA:251,39,0,53
BRDA:251,39,1,49
BRDA:269,40,0,44
BRDA:269,40,1,0
BRDA:269,41,0,44
BRDA:269,41,1,44
BRDA:274,42,0,117
BRDA:274,42,1,0
BRDA:274,43,0,117
BRDA:274,43,1,117
BRDA:288,44,0,0
BRDA:288,44,1,1028
BRDA:290,45,0,511
BRDA:290,45,1,517
BRDA:296,46,0,0
BRDA:296,46,1,1007
BRF:98
BRH:77
end_of_record
TN:
SF:/Users/rebeccahu/Desktop/remote/seosite-queue/app/actions/sniff/linkChecker/parseHtml.js
FN:8,(anonymous_1)
FN:29,getAttrMap
FN:44,parseHtml
FN:45,(anonymous_4)
FN:49,(anonymous_5)
FNF:5
FNH:4
FNDA:231,(anonymous_1)
FNDA:231,getAttrMap
FNDA:1,parseHtml
FNDA:1,(anonymous_4)
FNDA:0,(anonymous_5)
DA:2,1
DA:3,1
DA:4,1
DA:6,1
DA:7,1
DA:8,1
DA:9,231
DA:11,231
DA:12,231
DA:15,231
DA:18,1
DA:29,1
DA:30,231
DA:31,231
DA:32,231
DA:34,231
DA:35,479
DA:38,231
DA:44,1
DA:45,1
DA:46,1
DA:47,0
DA:49,0
DA:50,0
DA:53,0
DA:54,1
DA:55,1
DA:57,0
DA:62,1
LF:29
LH:24
BRDA:11,1,0,231
BRDA:11,1,1,0
BRDA:11,2,0,231
BRDA:11,2,1,231
BRDA:46,3,0,0
BRDA:46,3,1,1
BRDA:54,4,0,1
BRDA:54,4,1,0
BRF:8
BRH:5
end_of_record
TN:
SF:/Users/rebeccahu/Desktop/remote/seosite-queue/app/actions/sniff/linkChecker/parseOptions.js
FN:4,array2booleanMap
FN:17,parseOptions
FNF:2
FNH:2
FNDA:2,array2booleanMap
FNDA:1,parseOptions
DA:2,1
DA:4,1
DA:5,2
DA:6,2
DA:7,1
DA:8,1
DA:9,1
DA:10,6
DA:12,1
DA:14,1
DA:17,1
DA:18,1
DA:19,1
DA:20,1
DA:21,1
DA:22,1
DA:24,1
DA:27,1
LF:18
LH:18
BRDA:6,1,0,1
BRDA:6,1,1,1
BRDA:18,2,0,1
BRDA:18,2,1,0
BRDA:18,3,0,1
BRDA:18,3,1,1
BRF:6
BRH:5
end_of_record
TN:
SF:/Users/rebeccahu/Desktop/remote/seosite-queue/app/actions/mobileCaptures/index.js
FN:19,saveImage
FN:23,(anonymous_2)
FN:26,(anonymous_3)
FN:27,(anonymous_4)
FN:39,doit
FN:51,scrot
FN:53,(anonymous_7)
FN:54,(anonymous_8)
FN:60,(anonymous_9)
FN:63,(anonymous_10)
FN:70,(anonymous_11)
FN:82,(anonymous_12)
FNF:12
FNH:0
FNDA:0,saveImage
FNDA:0,(anonymous_2)
FNDA:0,(anonymous_3)
FNDA:0,(anonymous_4)
FNDA:0,doit
FNDA:0,scrot
FNDA:0,(anonymous_7)
FNDA:0,(anonymous_8)
FNDA:0,(anonymous_9)
FNDA:0,(anonymous_10)
FNDA:0,(anonymous_11)
FNDA:0,(anonymous_12)
DA:1,1
DA:3,1
DA:4,1
DA:5,1
DA:7,1
DA:8,1
DA:19,1
DA:20,0
DA:21,0
DA:22,0
DA:23,0
DA:24,0
DA:27,0
DA:28,0
DA:29,0
DA:31,0
DA:33,0
DA:39,1
DA:40,0
DA:42,0
DA:43,0
DA:44,0
DA:46,0
DA:47,0
DA:48,0
DA:49,0
DA:51,1
DA:52,0
DA:53,0
DA:54,0
DA:55,0
DA:59,0
DA:60,0
DA:62,0
DA:63,0
DA:64,0
DA:71,0
DA:82,0
DA:84,0
DA:85,0
DA:92,0
DA:99,0
DA:100,0
DA:103,0
DA:106,1
LF:45
LH:10
BRDA:28,1,0,0
BRDA:28,1,1,0
BRDA:43,2,0,0
BRDA:43,2,1,0
BRDA:84,3,0,0
BRDA:84,3,1,0
BRDA:84,4,0,0
BRDA:84,4,1,0
BRDA:99,5,0,0
BRDA:99,5,1,0
BRDA:99,6,0,0
BRDA:99,6,1,0
BRF:12
BRH:0
end_of_record
TN:
SF:/Users/rebeccahu/Desktop/remote/seosite-queue/app/actions/mobileCaptures/saveCapture.js
FN:8,doit
FN:10,(anonymous_2)
FN:22,(anonymous_3)
FN:29,(anonymous_4)
FNF:4
FNH:0
FNDA:0,doit
FNDA:0,(anonymous_2)
FNDA:0,(anonymous_3)
FNDA:0,(anonymous_4)
DA:1,1
DA:2,1
DA:3,1
DA:4,1
DA:8,1
DA:10,0
DA:11,0
DA:13,0
DA:15,0
DA:22,0
DA:23,0
DA:25,0
DA:29,0
DA:30,0
DA:31,0
DA:33,0
DA:40,1
LF:17
LH:6
BRDA:11,1,0,0
BRDA:11,1,1,0
BRDA:23,2,0,0
BRDA:23,2,1,0
BRDA:30,3,0,0
BRDA:30,3,1,0
BRF:6
BRH:0
end_of_record
TN:
SF:/Users/rebeccahu/Desktop/remote/seosite-queue/app/actions/sniff/errors.js
FN:3,Exception
FN:4,(anonymous_2)
FN:10,(anonymous_3)
FN:11,(anonymous_4)
FNF:4
FNH:4
FNDA:1,Exception
FNDA:1,(anonymous_2)
FNDA:1,(anonymous_3)
FNDA:1,(anonymous_4)
DA:1,1
DA:3,1
DA:4,1
DA:5,1
DA:8,1
DA:11,1
DA:12,1
DA:13,1
DA:15,1
DA:18,1
LF:10
LH:10
BRDA:5,1,0,1
BRDA:5,1,1,0
BRDA:5,2,0,1
BRDA:5,2,1,0
BRF:4
BRH:2
end_of_record
TN:
SF:/Users/rebeccahu/Desktop/remote/seosite-queue/app/amqp-connections/helpers/preFlight.js
FN:8,preFlight
FNF:1
FNH:1
FNDA:12,preFlight
DA:8,1
DA:10,12
DA:11,12
DA:12,4
DA:16,4
DA:18,8
DA:19,8
DA:22,1
DA:26,1
DA:29,7
DA:32,1
LF:11
LH:11
BRDA:11,1,0,4
BRDA:11,1,1,8
BRDA:11,2,0,12
BRDA:11,2,1,9
BRF:4
BRH:4
end_of_record
TN:
SF:/Users/rebeccahu/Desktop/remote/seosite-queue/app/settings/errorHandler.js
FN:1,closeOnErr
FNF:1
FNH:1
FNDA:2,closeOnErr
DA:1,1
DA:2,2
DA:3,1
DA:5,1
DA:6,1
LF:5
LH:5
BRDA:2,1,0,1
BRDA:2,1,1,1
BRF:2
BRH:2
end_of_record
TN:
SF:/Users/rebeccahu/Desktop/remote/seosite-queue/app/amqp-connections/publisher.js
FN:10,(anonymous_1)
FN:11,(anonymous_2)
FN:15,(anonymous_3)
FN:18,(anonymous_4)
FN:41,publish
FN:48,(anonymous_6)
FNF:6
FNH:0
FNDA:0,(anonymous_1)
FNDA:0,(anonymous_2)
FNDA:0,(anonymous_3)
FNDA:0,(anonymous_4)
FNDA:0,publish
FNDA:0,(anonymous_6)
DA:1,1
DA:2,1
DA:3,1
DA:4,1
DA:5,1
DA:10,1
DA:11,0
DA:12,0
DA:13,0
DA:15,0
DA:18,0
DA:22,0
DA:23,0
DA:24,0
DA:25,0
DA:26,0
DA:28,0
DA:41,1
DA:43,0
DA:44,0
DA:45,0
DA:46,0
DA:48,0
DA:49,0
DA:51,0
DA:52,0
DA:53,0
DA:60,0
DA:65,0
DA:70,0
DA:72,0
DA:75,1
LF:32
LH:8
BRDA:12,1,0,0
BRDA:12,1,1,0
BRDA:25,2,0,0
BRDA:25,2,1,0
BRDA:44,3,0,0
BRDA:44,3,1,0
BRDA:49,4,0,0
BRDA:49,4,1,0
BRF:8
BRH:0
end_of_record
TN:
SF:/Users/rebeccahu/Desktop/remote/seosite-queue/app/settings/requests/retry.js
FN:14,originalIssueResolved
FN:28,publish
FN:57,(anonymous_3)
FN:60,(anonymous_4)
FN:70,init
FN:73,(anonymous_6)
FN:117,(anonymous_7)
FN:119,(anonymous_8)
FNF:8
FNH:8
FNDA:10,originalIssueResolved
FNDA:10,publish
FNDA:6,(anonymous_3)
FNDA:2,(anonymous_4)
FNDA:10,init
FNDA:3,(anonymous_6)
FNDA:1,(anonymous_7)
FNDA:3,(anonymous_8)
DA:1,1
DA:14,1
DA:15,10
DA:17,1
DA:18,9
DA:19,2
DA:21,7
DA:28,1
DA:29,10
DA:30,10
DA:31,10
DA:32,2
DA:33,2
DA:38,2
DA:39,2
DA:41,8
DA:50,8
DA:51,8
DA:52,8
DA:53,4
DA:55,8
DA:56,8
DA:57,8
DA:58,6
DA:59,6
DA:61,2
DA:63,8
DA:70,1
DA:71,10
DA:72,10
DA:73,10
DA:74,3
DA:75,3
DA:80,3
DA:81,3
DA:83,10
DA:84,10
DA:85,4
DA:86,4
DA:91,4
DA:92,4
DA:95,6
DA:96,1
DA:97,1
DA:102,1
DA:103,1
DA:106,5
DA:107,1
DA:108,1
DA:113,1
DA:114,1
DA:116,4
DA:117,4
DA:118,1
DA:120,3
DA:123,4
DA:126,1
DA:127,1
DA:128,1
LF:59
LH:59
BRDA:15,1,0,1
BRDA:15,1,1,9
BRDA:18,2,0,2
BRDA:18,2,1,7
BRDA:31,3,0,2
BRDA:31,3,1,8
BRDA:31,4,0,10
BRDA:31,4,1,8
BRDA:42,5,0,8
BRDA:42,5,1,6
BRDA:44,6,0,8
BRDA:44,6,1,6
BRDA:45,7,0,8
BRDA:45,7,1,6
BRDA:46,8,0,8
BRDA:46,8,1,5
BRDA:47,9,0,8
BRDA:47,9,1,6
BRDA:52,10,0,4
BRDA:52,10,1,4
BRDA:84,11,0,4
BRDA:84,11,1,6
BRDA:95,12,0,1
BRDA:95,12,1,5
BRDA:106,13,0,1
BRDA:106,13,1,4
BRF:26
BRH:26
end_of_record
TN:
SF:/Users/rebeccahu/Desktop/remote/seosite-queue/app/actions/logError.js
FN:1,log
FNF:1
FNH:1
FNDA:11,log
DA:1,1
DA:4,1
LF:2
LH:2
BRF:0
BRH:0
end_of_record
TN:
SF:/Users/rebeccahu/Desktop/remote/seosite-queue/app/settings/requests/retry/retryables.js
FN:1,requiresDatabase
FN:7,saveAsActive
FN:16,processHar
FN:25,notify
FN:33,markedRequstAsFailed
FN:42,processUrl
FN:48,(anonymous_7)
FN:51,(anonymous_8)
FN:58,completeRequest
FN:64,updateBy
FN:71,(anonymous_11)
FN:86,processLinks
FN:93,(anonymous_13)
FN:97,(anonymous_14)
FN:105,processLinksInit
FN:112,(anonymous_16)
FN:116,(anonymous_17)
FN:124,updateRequest
FN:128,completeLink
FN:138,publishLink
FN:143,(anonymous_21)
FN:145,(anonymous_22)
FN:153,updatePageCount
FN:156,(anonymous_24)
FN:158,(anonymous_25)
FN:166,updateCount
FNF:26
FNH:4
FNDA:0,requiresDatabase
FNDA:0,saveAsActive
FNDA:0,processHar
FNDA:0,notify
FNDA:0,markedRequstAsFailed
FNDA:0,processUrl
FNDA:0,(anonymous_7)
FNDA:0,(anonymous_8)
FNDA:1,completeRequest
FNDA:2,updateBy
FNDA:2,(anonymous_11)
FNDA:0,processLinks
FNDA:0,(anonymous_13)
FNDA:0,(anonymous_14)
FNDA:0,processLinksInit
FNDA:0,(anonymous_16)
FNDA:0,(anonymous_17)
FNDA:0,updateRequest
FNDA:1,completeLink
FNDA:0,publishLink
FNDA:0,(anonymous_21)
FNDA:0,(anonymous_22)
FNDA:0,updatePageCount
FNDA:0,(anonymous_24)
FNDA:0,(anonymous_25)
FNDA:0,updateCount
DA:1,1
DA:7,1
DA:8,0
DA:9,0
DA:10,0
DA:11,0
DA:12,0
DA:13,0
DA:16,1
DA:17,0
DA:18,0
DA:19,0
DA:20,0
DA:21,0
DA:22,0
DA:25,1
DA:27,0
DA:28,0
DA:29,0
DA:30,0
DA:33,1
DA:35,0
DA:36,0
DA:39,0
DA:42,1
DA:44,0
DA:45,0
DA:46,0
DA:47,0
DA:48,0
DA:49,0
DA:53,0
DA:55,0
DA:58,1
DA:59,1
DA:60,1
DA:61,1
DA:64,1
DA:66,2
DA:67,2
DA:68,2
DA:69,2
DA:71,2
DA:72,2
DA:73,1
DA:75,1
DA:80,0
DA:82,2
DA:86,1
DA:88,0
DA:93,0
DA:95,0
DA:96,0
DA:99,0
DA:100,0
DA:102,0
DA:105,1
DA:107,0
DA:112,0
DA:114,0
DA:115,0
DA:118,0
DA:119,0
DA:121,0
DA:124,1
DA:128,1
DA:130,1
DA:133,1
DA:134,1
DA:138,1
DA:139,0
DA:144,0
DA:146,0
DA:148,0
DA:153,1
DA:155,0
DA:156,0
DA:157,0
DA:159,0
DA:161,0
DA:166,1
DA:168,0
DA:175,0
DA:176,0
DA:183,1
DA:200,1
LF:86
LH:32
BRDA:68,1,0,2
BRDA:68,1,1,0
BRDA:72,2,0,1
BRDA:72,2,1,1
BRF:4
BRH:3
end_of_record
TN:
SF:/Users/rebeccahu/Desktop/remote/seosite-queue/app/actions/notify.js
FN:17,notify
FN:32,(anonymous_2)
FN:55,(anonymous_3)
FN:57,(anonymous_4)
FNF:4
FNH:1
FNDA:2,notify
FNDA:0,(anonymous_2)
FNDA:0,(anonymous_3)
FNDA:0,(anonymous_4)
DA:1,1
DA:17,1
DA:18,2
DA:19,2
DA:30,2
DA:31,2
DA:32,2
DA:33,0
DA:34,0
DA:36,0
DA:49,0
DA:53,0
DA:56,0
DA:63,1
LF:14
LH:8
BRDA:20,1,0,2
BRDA:20,1,1,0
BRDA:22,2,0,2
BRDA:22,2,1,0
BRDA:33,3,0,0
BRDA:33,3,1,0
BRF:6
BRH:2
end_of_record
TN:
SF:/Users/rebeccahu/Desktop/remote/seosite-queue/app/models/update.js
FNF:0
FNH:0
DA:1,1
DA:3,1
DA:32,1
LF:3
LH:3
BRF:0
BRH:0
end_of_record
TN:
SF:/Users/rebeccahu/Desktop/remote/seosite-queue/app/models/link.js
FNF:0
FNH:0
DA:1,1
DA:3,1
DA:51,1
LF:3
LH:3
BRF:0
BRH:0
end_of_record
TN:
SF:/Users/rebeccahu/Desktop/remote/seosite-queue/app/amqp-connections/consumers/retry.js
FN:10,processRequest
FN:12,(anonymous_2)
FN:19,(anonymous_3)
FN:29,(anonymous_4)
FN:31,(anonymous_5)
FNF:5
FNH:3
FNDA:2,processRequest
FNDA:0,(anonymous_2)
FNDA:2,(anonymous_3)
FNDA:2,(anonymous_4)
FNDA:0,(anonymous_5)
DA:1,1
DA:10,1
DA:12,2
DA:14,0
DA:15,0
DA:18,0
DA:21,2
DA:22,1
DA:24,2
DA:25,0
DA:26,2
DA:28,2
DA:29,2
DA:30,2
DA:32,0
DA:33,0
DA:35,0
DA:39,0
DA:43,1
LF:19
LH:11
BRDA:14,1,0,0
BRDA:14,1,1,0
BRDA:14,2,0,0
BRDA:14,2,1,0
BRDA:21,3,0,1
BRDA:21,3,1,1
BRDA:21,4,0,2
BRDA:21,4,1,2
BRDA:24,5,0,0
BRDA:24,5,1,2
BRDA:24,6,0,2
BRDA:24,6,1,2
BRDA:26,7,0,2
BRDA:26,7,1,0
BRDA:26,8,0,2
BRDA:26,8,1,2
BRDA:32,9,0,0
BRDA:32,9,1,0
BRDA:32,10,0,0
BRDA:32,10,1,0
BRF:20
BRH:10
end_of_record
TN:
SF:/Users/rebeccahu/Desktop/remote/seosite-queue/app/settings/requests.js
FNF:0
FNH:0
DA:2,1
DA:3,1
DA:312,1
LF:3
LH:3
BRF:0
BRH:0
end_of_record
TN:
SF:/Users/rebeccahu/Desktop/remote/seosite-queue/app/settings/requests/link.js
FN:12,completeRequest
FN:22,(anonymous_2)
FN:58,completeLink
FN:72,(anonymous_4)
FN:106,(anonymous_5)
FN:157,(anonymous_6)
FN:178,init
FN:187,(anonymous_8)
FNF:8
FNH:6
FNDA:2,completeRequest
FNDA:2,(anonymous_2)
FNDA:3,completeLink
FNDA:3,(anonymous_4)
FNDA:0,(anonymous_5)
FNDA:0,(anonymous_6)
FNDA:3,init
FNDA:2,(anonymous_8)
DA:1,1
DA:12,1
DA:13,2
DA:16,2
DA:23,2
DA:24,2
DA:26,2
DA:44,0
DA:53,0
DA:58,1
DA:59,3
DA:60,3
DA:74,3
DA:76,3
DA:77,3
DA:96,0
DA:101,0
DA:105,0
DA:107,0
DA:108,0
DA:134,0
DA:154,0
DA:155,0
DA:158,0
DA:160,0
DA:161,0
DA:162,0
DA:164,0
DA:165,0
DA:178,1
DA:180,3
DA:181,3
DA:183,3
DA:189,2
DA:200,2
DA:202,2
DA:203,2
DA:204,2
DA:205,2
DA:206,2
DA:207,2
DA:210,2
DA:211,2
DA:214,2
DA:215,0
DA:216,0
DA:217,0
DA:218,0
DA:222,2
DA:225,3
DA:227,1
DA:228,1
DA:229,1
LF:53
LH:33
BRDA:24,1,0,2
BRDA:24,1,1,0
BRDA:74,2,0,3
BRDA:74,2,1,0
BRDA:107,3,0,0
BRDA:107,3,1,0
BRDA:160,4,0,0
BRDA:160,4,1,0
BRDA:160,5,0,0
BRDA:160,5,1,0
BRDA:160,5,2,0
BRDA:200,6,0,2
BRDA:200,6,1,0
BRDA:202,7,0,2
BRDA:202,7,1,0
BRDA:210,8,0,2
BRDA:210,8,1,0
BRDA:210,9,0,2
BRDA:210,9,1,2
BRDA:210,9,2,2
BRDA:214,10,0,0
BRDA:214,10,1,2
BRDA:214,11,0,2
BRDA:214,11,1,2
BRDA:214,11,2,0
BRF:25
BRH:11
end_of_record
TN:
SF:/Users/rebeccahu/Desktop/remote/seosite-queue/app/actions/sniff/linkScanner.js
FN:14,(anonymous_1)
FN:56,(anonymous_2)
FN:62,enqueueLink
FN:91,copyResponseData
FN:121,checkUrl
FN:146,(anonymous_6)
FN:155,(anonymous_7)
FN:160,(anonymous_8)
FN:170,(anonymous_9)
FN:187,(anonymous_10)
FN:190,(anonymous_11)
FN:208,(anonymous_12)
FNF:12
FNH:9
FNDA:0,(anonymous_1)
FNDA:5,(anonymous_2)
FNDA:3,enqueueLink
FNDA:2,copyResponseData
FNDA:3,checkUrl
FNDA:0,(anonymous_6)
FNDA:2,(anonymous_7)
FNDA:2,(anonymous_8)
FNDA:3,(anonymous_9)
FNDA:3,(anonymous_10)
FNDA:0,(anonymous_11)
FNDA:2,(anonymous_12)
DA:1,1
DA:14,1
DA:16,0
DA:22,0
DA:24,0
DA:30,0
DA:31,0
DA:33,0
DA:56,1
DA:57,5
DA:58,5
DA:59,5
DA:62,1
DA:67,3
DA:68,3
DA:69,3
DA:71,3
DA:72,3
DA:73,3
DA:74,3
DA:75,3
DA:79,0
DA:81,0
DA:82,0
DA:83,0
DA:84,0
DA:85,0
DA:86,0
DA:87,0
DA:91,1
DA:92,2
DA:93,0
DA:94,0
DA:95,0
DA:97,0
DA:100,0
DA:102,0
DA:103,0
DA:104,0
DA:105,0
DA:110,2
DA:111,2
DA:112,2
DA:114,0
DA:115,0
DA:118,2
DA:121,1
DA:122,3
DA:123,3
DA:124,3
DA:125,0
DA:127,3
DA:128,3
DA:129,3
DA:131,3
DA:132,0
DA:133,0
DA:134,0
DA:135,0
DA:139,3
DA:147,0
DA:148,0
DA:149,0
DA:151,0
DA:152,0
DA:154,0
DA:156,2
DA:159,3
DA:160,3
DA:161,2
DA:162,2
DA:163,2
DA:166,0
DA:170,1
DA:172,3
DA:173,3
DA:196,3
DA:198,3
DA:200,3
DA:204,3
DA:206,3
DA:208,3
DA:209,2
DA:212,3
LF:84
LH:47
BRDA:30,1,0,0
BRDA:30,1,1,0
BRDA:69,2,0,3
BRDA:69,2,1,0
BRDA:82,3,0,0
BRDA:82,3,1,0
BRDA:84,4,0,0
BRDA:84,4,1,0
BRDA:92,5,0,0
BRDA:92,5,1,2
BRDA:93,6,0,0
BRDA:93,6,1,0
BRDA:102,7,0,0
BRDA:102,7,1,0
BRDA:104,8,0,0
BRDA:104,8,1,0
BRDA:111,9,0,2
BRDA:111,9,1,0
BRDA:123,10,0,3
BRDA:123,10,1,0
BRDA:124,11,0,0
BRDA:124,11,1,3
BRDA:127,12,0,3
BRDA:127,12,1,0
BRDA:131,13,0,0
BRDA:131,13,1,3
BRDA:131,14,0,3
BRDA:131,14,1,3
BRDA:131,14,2,3
BRDA:145,15,0,3
BRDA:145,15,1,0
BRDA:148,16,0,0
BRDA:148,16,1,0
BRDA:148,17,0,0
BRDA:148,17,1,0
BRDA:148,17,2,0
BRDA:148,17,3,0
BRDA:148,17,4,0
BRDA:151,18,0,0
BRDA:151,18,1,0
BRDA:151,19,0,0
BRDA:151,19,1,0
BRDA:159,20,0,3
BRDA:159,20,1,0
BRF:44
BRH:12
end_of_record
TN:
SF:/Users/rebeccahu/Desktop/remote/seosite-queue/app/models/request.js
FNF:0
FNH:0
DA:1,1
DA:3,1
DA:50,1
LF:3
LH:3
BRF:0
BRH:0
end_of_record
TN:
SF:/Users/rebeccahu/Desktop/remote/seosite-queue/app/settings/requests/summary.js
FN:24,notify
FN:43,reject
FN:94,resolve
FN:119,markedRequstAsFailed
FN:128,(anonymous_5)
FN:163,_saveAsActive
FN:172,(anonymous_7)
FN:198,saveAsActive
FN:200,(anonymous_9)
FN:203,(anonymous_10)
FN:213,savingAsActiveError
FN:236,processHar
FN:287,(anonymous_13)
FN:313,(anonymous_14)
FN:339,(anonymous_15)
FN:376,(anonymous_16)
FN:423,shouldRetry
FN:435,processUrl
FN:443,(anonymous_19)
FN:447,(anonymous_20)
FN:475,init
FNF:21
FNH:0
FNDA:0,notify
FNDA:0,reject
FNDA:0,resolve
FNDA:0,markedRequstAsFailed
FNDA:0,(anonymous_5)
FNDA:0,_saveAsActive
FNDA:0,(anonymous_7)
FNDA:0,saveAsActive
FNDA:0,(anonymous_9)
FNDA:0,(anonymous_10)
FNDA:0,savingAsActiveError
FNDA:0,processHar
FNDA:0,(anonymous_13)
FNDA:0,(anonymous_14)
FNDA:0,(anonymous_15)
FNDA:0,(anonymous_16)
FNDA:0,shouldRetry
FNDA:0,processUrl
FNDA:0,(anonymous_19)
FNDA:0,(anonymous_20)
FNDA:0,init
DA:1,1
DA:24,1
DA:26,0
DA:35,0
DA:43,1
DA:44,0
DA:45,0
DA:46,0
DA:48,0
DA:60,0
DA:61,0
DA:62,0
DA:63,0
DA:64,0
DA:65,0
DA:66,0
DA:67,0
DA:68,0
DA:70,0
DA:71,0
DA:72,0
DA:77,0
DA:79,0
DA:80,0
DA:81,0
DA:82,0
DA:83,0
DA:86,0
DA:94,1
DA:95,0
DA:96,0
DA:98,0
DA:108,0
DA:109,0
DA:111,0
DA:112,0
DA:119,1
DA:121,0
DA:129,0
DA:131,0
DA:139,0
DA:163,1
DA:165,0
DA:166,0
DA:173,0
DA:175,0
DA:182,0
DA:188,0
DA:191,0
DA:198,1
DA:199,0
DA:200,0
DA:201,0
DA:202,0
DA:205,0
DA:213,1
DA:215,0
DA:216,0
DA:217,0
DA:236,1
DA:237,0
DA:238,0
DA:246,0
DA:249,0
DA:252,0
DA:253,0
DA:255,0
DA:256,0
DA:259,0
DA:260,0
DA:262,0
DA:269,0
DA:270,0
DA:271,0
DA:277,0
DA:283,0
DA:284,0
DA:287,0
DA:289,0
DA:290,0
DA:294,0
DA:309,0
DA:310,0
DA:311,0
DA:312,0
DA:313,0
DA:314,0
DA:323,0
DA:353,0
DA:369,0
DA:370,0
DA:378,0
DA:379,0
DA:402,0
DA:414,0
DA:423,1
DA:424,0
DA:425,0
DA:426,0
DA:428,0
DA:435,1
DA:436,0
DA:437,0
DA:438,0
DA:444,0
DA:445,0
DA:446,0
DA:448,0
DA:449,0
DA:450,0
DA:451,0
DA:461,0
DA:462,0
DA:465,0
DA:467,0
DA:475,1
DA:476,0
DA:477,0
DA:478,0
DA:479,0
DA:480,0
DA:482,0
DA:483,0
DA:484,0
DA:486,0
DA:495,0
DA:496,0
DA:497,0
DA:499,0
DA:502,1
DA:503,1
DA:504,1
DA:505,1
DA:506,1
DA:507,1
DA:508,1
LF:136
LH:19
BRDA:45,1,0,0
BRDA:45,1,1,0
BRDA:49,2,0,0
BRDA:49,2,1,0
BRDA:50,3,0,0
BRDA:50,3,1,0
BRDA:51,4,0,0
BRDA:51,4,1,0
BRDA:51,4,2,0
BRDA:52,5,0,0
BRDA:52,5,1,0
BRDA:53,6,0,0
BRDA:53,6,1,0
BRDA:54,7,0,0
BRDA:54,7,1,0
BRDA:56,8,0,0
BRDA:56,8,1,0
BRDA:57,9,0,0
BRDA:57,9,1,0
BRDA:58,10,0,0
BRDA:58,10,1,0
BRDA:60,11,0,0
BRDA:60,11,1,0
BRDA:62,12,0,0
BRDA:62,12,1,0
BRDA:64,13,0,0
BRDA:64,13,1,0
BRDA:64,14,0,0
BRDA:64,14,1,0
BRDA:67,15,0,0
BRDA:67,15,1,0
BRDA:71,16,0,0
BRDA:71,16,1,0
BRDA:79,17,0,0
BRDA:79,17,1,0
BRDA:82,18,0,0
BRDA:82,18,1,0
BRDA:95,19,0,0
BRDA:95,19,1,0
BRDA:99,20,0,0
BRDA:99,20,1,0
BRDA:100,21,0,0
BRDA:100,21,1,0
BRDA:101,22,0,0
BRDA:101,22,1,0
BRDA:102,23,0,0
BRDA:102,23,1,0
BRDA:103,24,0,0
BRDA:103,24,1,0
BRDA:104,25,0,0
BRDA:104,25,1,0
BRDA:106,26,0,0
BRDA:106,26,1,0
BRDA:108,27,0,0
BRDA:108,27,1,0
BRDA:129,28,0,0
BRDA:129,28,1,0
BRDA:173,29,0,0
BRDA:173,29,1,0
BRDA:255,30,0,0
BRDA:255,30,1,0
BRDA:255,31,0,0
BRDA:255,31,1,0
BRDA:255,31,2,0
BRDA:259,32,0,0
BRDA:259,32,1,0
BRDA:259,33,0,0
BRDA:259,33,1,0
BRDA:259,33,2,0
BRDA:289,34,0,0
BRDA:289,34,1,0
BRDA:310,35,0,0
BRDA:310,35,1,0
BRDA:310,36,0,0
BRDA:310,36,1,0
BRDA:310,36,2,0
BRDA:310,36,3,0
BRDA:310,36,4,0
BRDA:378,37,0,0
BRDA:378,37,1,0
BRDA:425,38,0,0
BRDA:425,38,1,0
BRDA:449,39,0,0
BRDA:449,39,1,0
BRDA:479,40,0,0
BRDA:479,40,1,0
BRDA:484,41,0,0
BRDA:484,41,1,0
BRF:88
BRH:0
end_of_record
TN:
SF:/Users/rebeccahu/Desktop/remote/seosite-queue/app/models/scan.js
FNF:0
FNH:0
DA:1,1
DA:3,1
DA:49,1
LF:3
LH:3
BRF:0
BRH:0
end_of_record
TN:
SF:/Users/rebeccahu/Desktop/remote/seosite-queue/app/settings/requests/resources/process.js
FN:26,Resource
FN:37,(anonymous_2)
FN:67,postProcess
FN:70,(anonymous_4)
FN:82,processResources
FN:88,(anonymous_6)
FN:104,(anonymous_7)
FNF:7
FNH:0
FNDA:0,Resource
FNDA:0,(anonymous_2)
FNDA:0,postProcess
FNDA:0,(anonymous_4)
FNDA:0,processResources
FNDA:0,(anonymous_6)
FNDA:0,(anonymous_7)
DA:1,1
DA:26,1
DA:27,0
DA:28,0
DA:29,0
DA:30,0
DA:32,0
DA:33,0
DA:37,0
DA:38,0
DA:39,0
DA:40,0
DA:41,0
DA:42,0
DA:43,0
DA:44,0
DA:45,0
DA:49,0
DA:67,1
DA:68,0
DA:69,0
DA:70,0
DA:71,0
DA:74,0
DA:82,1
DA:83,0
DA:86,0
DA:87,0
DA:88,0
DA:89,0
DA:104,0
DA:105,0
DA:106,0
DA:110,0
DA:112,0
DA:114,1
DA:115,1
DA:116,1
LF:38
LH:7
BRDA:32,1,0,0
BRDA:32,1,1,0
BRDA:32,2,0,0
BRDA:32,2,1,0
BRDA:32,2,2,0
BRDA:38,3,0,0
BRDA:38,3,1,0
BRDA:39,4,0,0
BRDA:39,4,1,0
BRDA:42,5,0,0
BRDA:42,5,1,0
BRDA:43,6,0,0
BRDA:43,6,1,0
BRDA:44,7,0,0
BRDA:44,7,1,0
BRDA:55,8,0,0
BRDA:55,8,1,0
BRDA:69,9,0,0
BRDA:69,9,1,0
BRDA:69,10,0,0
BRDA:69,10,1,0
BRDA:69,10,2,0
BRDA:83,11,0,0
BRDA:83,11,1,0
BRDA:83,12,0,0
BRDA:83,12,1,0
BRDA:83,12,2,0
BRDA:106,13,0,0
BRDA:106,13,1,0
BRF:29
BRH:0
end_of_record
TN:
SF:/Users/rebeccahu/Desktop/remote/seosite-queue/app/models/resource.js
FNF:0
FNH:0
DA:1,1
DA:3,1
DA:46,1
LF:3
LH:3
BRF:0
BRH:0
end_of_record
TN:
SF:/Users/rebeccahu/Desktop/remote/seosite-queue/app/settings/requests/meta/process.js
FN:13,processMetaData
FN:42,(anonymous_2)
FN:92,(anonymous_3)
FN:108,(anonymous_4)
FN:121,(anonymous_5)
FN:158,(anonymous_6)
FN:163,(anonymous_7)
FN:173,(anonymous_8)
FNF:8
FNH:5
FNDA:4,processMetaData
FNDA:137,(anonymous_2)
FNDA:4,(anonymous_3)
FNDA:16,(anonymous_4)
FNDA:0,(anonymous_5)
FNDA:0,(anonymous_6)
FNDA:1,(anonymous_7)
FNDA:0,(anonymous_8)
DA:1,1
DA:13,1
DA:15,4
DA:16,4
DA:42,4
DA:43,137
DA:44,20
DA:45,3
DA:46,3
DA:47,3
DA:48,17
DA:49,3
DA:50,3
DA:51,3
DA:52,3
DA:53,14
DA:54,3
DA:55,3
DA:56,3
DA:57,3
DA:58,11
DA:59,3
DA:60,3
DA:61,3
DA:62,3
DA:64,20
DA:65,117
DA:66,3
DA:67,114
DA:68,1
DA:69,113
DA:70,1
DA:72,112
DA:75,4
DA:77,4
DA:78,1
DA:80,4
DA:81,1
DA:83,4
DA:84,1
DA:86,4
DA:87,1
DA:90,4
DA:92,4
DA:93,4
DA:94,2
DA:96,4
DA:97,2
DA:99,4
DA:100,2
DA:102,4
DA:103,2
DA:107,4
DA:108,4
DA:109,16
DA:110,16
DA:121,4
DA:122,0
DA:123,0
DA:129,4
DA:131,4
DA:132,4
DA:133,1
DA:136,4
DA:141,1
DA:146,3
DA:156,4
DA:157,4
DA:158,4
DA:159,0
DA:162,4
DA:163,4
DA:164,1
DA:173,4
DA:174,0
DA:175,0
DA:180,4
DA:185,4
DA:188,1
LF:79
LH:74
BRDA:15,1,0,4
BRDA:15,1,1,0
BRDA:15,2,0,4
BRDA:15,2,1,4
BRDA:15,2,2,4
BRDA:43,3,0,20
BRDA:43,3,1,117
BRDA:44,4,0,3
BRDA:44,4,1,17
BRDA:48,5,0,3
BRDA:48,5,1,14
BRDA:53,6,0,3
BRDA:53,6,1,11
BRDA:58,7,0,3
BRDA:58,7,1,8
BRDA:65,8,0,3
BRDA:65,8,1,114
BRDA:67,9,0,1
BRDA:67,9,1,113
BRDA:69,10,0,1
BRDA:69,10,1,112
BRDA:77,11,0,1
BRDA:77,11,1,3
BRDA:80,12,0,1
BRDA:80,12,1,3
BRDA:83,13,0,1
BRDA:83,13,1,3
BRDA:86,14,0,1
BRDA:86,14,1,3
BRDA:93,15,0,2
BRDA:93,15,1,2
BRDA:96,16,0,2
BRDA:96,16,1,2
BRDA:99,17,0,2
BRDA:99,17,1,2
BRDA:102,18,0,2
BRDA:102,18,1,2
BRDA:102,19,0,4
BRDA:102,19,1,2
BRDA:123,20,0,0
BRDA:123,20,1,0
BRDA:131,21,0,1
BRDA:131,21,1,3
BRDA:131,22,0,4
BRDA:131,22,1,4
BRDA:132,23,0,1
BRDA:132,23,1,3
BRDA:136,24,0,1
BRDA:136,24,1,3
BRDA:136,25,0,4
BRDA:136,25,1,3
BRDA:136,25,2,3
BRDA:136,25,3,2
BRDA:136,25,4,1
BRDA:136,25,5,1
BRDA:136,25,6,1
BRDA:151,26,0,1
BRDA:151,26,1,2
BRDA:175,27,0,0
BRDA:175,27,1,0
BRF:60
BRH:55
end_of_record
TN:
SF:/Users/rebeccahu/Desktop/remote/seosite-queue/app/models/metaData.js
FNF:0
FNH:0
DA:1,1
DA:3,1
DA:30,1
LF:3
LH:3
BRF:0
BRH:0
end_of_record
TN:
SF:/Users/rebeccahu/Desktop/remote/seosite-queue/app/models/issues.js
FNF:0
FNH:0
DA:1,1
DA:3,1
DA:34,1
LF:3
LH:3
BRF:0
BRH:0
end_of_record
TN:
SF:/Users/rebeccahu/Desktop/remote/seosite-queue/app/models/security.js
FNF:0
FNH:0
DA:1,1
DA:3,1
DA:19,1
LF:3
LH:3
BRF:0
BRH:0
end_of_record
TN:
SF:/Users/rebeccahu/Desktop/remote/seosite-queue/app/settings/requests/links/process.js
FN:18,updateCount
FN:32,saveUpdatedCount
FN:34,(anonymous_3)
FN:37,(anonymous_4)
FN:48,(anonymous_5)
FN:85,(anonymous_6)
FN:121,init
FN:133,(anonymous_8)
FN:158,(anonymous_9)
FNF:9
FNH:9
FNDA:3,updateCount
FNDA:3,saveUpdatedCount
FNDA:1,(anonymous_3)
FNDA:1,(anonymous_4)
FNDA:1,(anonymous_5)
FNDA:2,(anonymous_6)
FNDA:1,init
FNDA:1,(anonymous_8)
FNDA:1,(anonymous_9)
DA:1,1
DA:18,1
DA:19,3
DA:29,3
DA:32,1
DA:33,3
DA:34,3
DA:35,1
DA:37,1
DA:38,1
DA:40,1
DA:48,1
DA:49,1
DA:51,0
DA:72,1
DA:87,2
DA:121,1
DA:123,1
DA:124,1
DA:125,1
DA:126,1
DA:128,1
DA:129,1
DA:130,1
DA:132,1
DA:133,1
DA:134,1
DA:135,1
DA:136,1
DA:137,1
DA:151,1
DA:152,1
DA:156,1
DA:157,1
DA:158,1
DA:159,1
DA:160,1
DA:161,1
DA:204,1
DA:205,1
DA:207,1
DA:210,1
DA:211,1
LF:43
LH:42
BRDA:49,1,0,0
BRDA:49,1,1,1
BRDA:134,2,0,1
BRDA:134,2,1,0
BRDA:136,3,0,1
BRDA:136,3,1,0
BRDA:160,4,0,1
BRDA:160,4,1,0
BRF:8
BRH:4
end_of_record
TN:
SF:/Users/rebeccahu/Desktop/remote/seosite-queue/app/settings/requests/page/updateCount.js
FN:14,handleError
FN:44,updateCount
FN:51,(anonymous_3)
FNF:3
FNH:3
FNDA:3,handleError
FNDA:5,updateCount
FNDA:5,(anonymous_3)
DA:1,1
DA:14,1
DA:15,3
DA:44,1
DA:45,5
DA:46,5
DA:47,5
DA:52,5
DA:54,3
DA:56,2
DA:57,2
DA:63,5
DA:66,1
LF:13
LH:13
BRDA:52,1,0,3
BRDA:52,1,1,2
BRF:2
BRH:2
end_of_record
TN:
SF:/Users/rebeccahu/Desktop/remote/seosite-queue/app/settings/requests/capture/publish.js
FN:7,publishCaptures
FN:18,(anonymous_2)
FN:20,(anonymous_3)
FNF:3
FNH:0
FNDA:0,publishCaptures
FNDA:0,(anonymous_2)
FNDA:0,(anonymous_3)
DA:1,1
DA:7,1
DA:8,0
DA:9,0
DA:24,0
DA:27,1
LF:6
LH:3
BRDA:8,1,0,0
BRDA:8,1,1,0
BRDA:8,2,0,0
BRDA:8,2,1,0
BRDA:8,2,2,0
BRF:5
BRH:0
end_of_record
TN:
SF:/Users/rebeccahu/Desktop/remote/seosite-queue/app/models/capture.js
FNF:0
FNH:0
DA:1,1
DA:3,1
DA:44,1
LF:3
LH:3
BRF:0
BRH:0
end_of_record
TN:
SF:/Users/rebeccahu/Desktop/remote/seosite-queue/app/actions/sniff/index.js
FN:8,(anonymous_1)
FN:9,pad
FN:13,ms
FN:26,openPage
FN:30,(anonymous_5)
FN:41,(anonymous_6)
FN:51,(anonymous_7)
FN:54,(anonymous_8)
FN:67,har
FN:70,(anonymous_10)
FN:75,(anonymous_11)
FN:78,(anonymous_12)
FN:82,(anonymous_13)
FNF:13
FNH:0
FNDA:0,(anonymous_1)
FNDA:0,pad
FNDA:0,ms
FNDA:0,openPage
FNDA:0,(anonymous_5)
FNDA:0,(anonymous_6)
FNDA:0,(anonymous_7)
FNDA:0,(anonymous_8)
FNDA:0,har
FNDA:0,(anonymous_10)
FNDA:0,(anonymous_11)
FNDA:0,(anonymous_12)
FNDA:0,(anonymous_13)
DA:1,1
DA:2,1
DA:7,1
DA:8,0
DA:9,1
DA:10,0
DA:13,1
DA:14,0
DA:16,0
DA:26,1
DA:28,0
DA:29,0
DA:30,0
DA:31,0
DA:34,0
DA:35,0
DA:36,0
DA:40,0
DA:41,0
DA:42,0
DA:44,0
DA:47,0
DA:52,0
DA:53,0
DA:55,0
DA:56,0
DA:57,0
DA:58,0
DA:64,0
DA:67,1
DA:69,0
DA:70,0
DA:71,0
DA:72,0
DA:76,0
DA:77,0
DA:80,0
DA:84,0
DA:86,0
DA:89,1
LF:40
LH:8
BRDA:7,1,0,0
BRDA:7,1,1,1
BRDA:10,2,0,0
BRDA:10,2,1,0
BRDA:14,3,0,0
BRDA:14,3,1,0
BRDA:14,4,0,0
BRDA:14,4,1,0
BRDA:31,5,0,0
BRDA:31,5,1,0
BRDA:35,6,0,0
BRDA:35,6,1,0
BRDA:35,7,0,0
BRDA:35,7,1,0
BRDA:42,8,0,0
BRDA:42,8,1,0
BRDA:57,9,0,0
BRDA:57,9,1,0
BRDA:57,10,0,0
BRDA:57,10,1,0
BRF:20
BRH:1
end_of_record
TN:
SF:/Users/rebeccahu/Desktop/remote/seosite-queue/app/actions/sniff/process/processResponses.js
FN:4,processResponses
FN:14,(anonymous_2)
FN:22,(anonymous_3)
FN:23,(anonymous_4)
FN:28,(anonymous_5)
FNF:5
FNH:0
FNDA:0,processResponses
FNDA:0,(anonymous_2)
FNDA:0,(anonymous_3)
FNDA:0,(anonymous_4)
FNDA:0,(anonymous_5)
DA:1,1
DA:2,1
DA:3,1
DA:4,1
DA:5,0
DA:6,0
DA:7,0
DA:8,0
DA:9,0
DA:10,0
DA:11,0
DA:14,0
DA:15,0
DA:16,0
DA:17,0
DA:19,0
DA:22,0
DA:23,0
DA:24,0
DA:25,0
DA:27,0
DA:30,0
DA:32,0
DA:35,1
LF:24
LH:5
BRDA:6,1,0,0
BRDA:6,1,1,0
BRDA:8,2,0,0
BRDA:8,2,1,0
BRDA:10,3,0,0
BRDA:10,3,1,0
BRF:6
BRH:0
end_of_record
TN:
SF:/Users/rebeccahu/Desktop/remote/seosite-queue/app/settings/requests/capture.js
FN:4,_capture
FN:11,(anonymous_2)
FN:20,(anonymous_3)
FNF:3
FNH:0
FNDA:0,_capture
FNDA:0,(anonymous_2)
FNDA:0,(anonymous_3)
DA:1,1
DA:2,1
DA:4,1
DA:5,0
DA:6,0
DA:7,0
DA:8,0
DA:9,0
DA:11,0
DA:13,0
DA:22,0
DA:24,0
DA:27,1
LF:13
LH:4
BRF:0
BRH:0
end_of_record
TN:
SF:/Users/rebeccahu/Desktop/remote/seosite-queue/app/settings/requests/customerUpdates.js
FN:3,_customerUpdates
FNF:1
FNH:0
FNDA:0,_customerUpdates
DA:1,1
DA:3,1
DA:4,0
DA:5,0
DA:6,0
DA:7,0
DA:10,0
DA:13,1
LF:8
LH:3
BRF:0
BRH:0
end_of_record
TN:
SF:/Users/rebeccahu/Desktop/remote/seosite-queue/app/amqp-connections/consumers/summary.js
FN:9,processSummary
FN:12,(anonymous_2)
FN:18,(anonymous_3)
FNF:3
FNH:0
FNDA:0,processSummary
FNDA:0,(anonymous_2)
FNDA:0,(anonymous_3)
DA:1,1
DA:9,1
DA:11,0
DA:12,0
DA:13,0
DA:14,0
DA:15,0
DA:17,0
DA:19,0
DA:20,0
DA:21,0
DA:22,0
DA:24,0
DA:25,0
DA:26,0
DA:27,0
DA:28,0
DA:29,0
DA:30,0
DA:32,0
DA:35,1
LF:21
LH:3
BRDA:14,1,0,0
BRDA:14,1,1,0
BRDA:20,2,0,0
BRDA:20,2,1,0
BRDA:24,3,0,0
BRDA:24,3,1,0
BRDA:27,4,0,0
BRDA:27,4,1,0
BRF:8
BRH:0
end_of_record
TN:
SF:/Users/rebeccahu/Desktop/remote/seosite-queue/app/amqp-connections/consumers/link.js
FN:11,processLink
FN:15,(anonymous_2)
FN:23,(anonymous_3)
FNF:3
FNH:2
FNDA:1,processLink
FNDA:0,(anonymous_2)
FNDA:1,(anonymous_3)
DA:1,1
DA:11,1
DA:12,1
DA:13,1
DA:14,1
DA:15,1
DA:16,0
DA:17,0
DA:18,0
DA:20,0
DA:21,0
DA:24,1
DA:25,1
DA:26,1
DA:28,1
DA:30,0
DA:32,1
DA:34,1
DA:36,1
DA:40,1
DA:41,1
DA:44,1
DA:46,1
LF:23
LH:17
BRDA:17,1,0,0
BRDA:17,1,1,0
BRDA:25,2,0,1
BRDA:25,2,1,0
BRDA:28,3,0,0
BRDA:28,3,1,1
BRDA:32,4,0,1
BRDA:32,4,1,0
BRF:8
BRH:3
end_of_record
